--------------- Build Started: 04/15/2017 13:47:46 Project: ADC_DAC, Configuration: ARM GCC 4.9-2015-q1-update Release ---------------
The code generation step is up to date.
arm-none-eabi-gcc.exe -mcpu=cortex-m3 -mthumb -I. -IGenerated_Source\PSoC5 -Wa,-alh=.\ARM_GCC_493\Release/main.lst -g -D NDEBUG -Wall -ffunction-sections -O0 -ffat-lto-objects -c main.c -o .\ARM_GCC_493\Release\main.o
main.c: In function 'main':
main.c:81:16: warning: unused variable 'FINAL_OUT' [-Wunused-variable]
         uint16 FINAL_OUT = (((DAC_IN_MSB_Read()<<8) | DAC_IN_LSB_Read()));
                ^
main.c:37:12: warning: unused variable 'Filt_ADC' [-Wunused-variable]
     uint32 Filt_ADC;
            ^
main.c:36:12: warning: unused variable 'CTR' [-Wunused-variable]
     uint16 CTR = 0;
            ^
main.c:35:12: warning: unused variable 'DIV_DEPTH' [-Wunused-variable]
     uint16 DIV_DEPTH = 0;
            ^
arm-none-eabi-ar.exe -rs .\ARM_GCC_493\Release\ADC_DAC.a .\ARM_GCC_493\Release\cyfitter_cfg.o .\ARM_GCC_493\Release\LCD_Char_1.o .\ARM_GCC_493\Release\LCD_Char_1_PM.o .\ARM_GCC_493\Release\LCD_Char_1_CustChars.o .\ARM_GCC_493\Release\LCD_Char_1_LCDPort.o .\ARM_GCC_493\Release\CyDmac.o .\ARM_GCC_493\Release\CyFlash.o .\ARM_GCC_493\Release\CyLib.o .\ARM_GCC_493\Release\cyPm.o .\ARM_GCC_493\Release\CySpc.o .\ARM_GCC_493\Release\cyutils.o .\ARM_GCC_493\Release\ADC_SAR_1.o .\ARM_GCC_493\Release\ADC_SAR_1_INT.o .\ARM_GCC_493\Release\ADC_SAR_1_PM.o .\ARM_GCC_493\Release\Opamp_1.o .\ARM_GCC_493\Release\Opamp_1_PM.o .\ARM_GCC_493\Release\Opamp_2.o .\ARM_GCC_493\Release\Opamp_2_PM.o .\ARM_GCC_493\Release\ADC_SAR_1_IRQ.o .\ARM_GCC_493\Release\AUDIO_IN.o .\ARM_GCC_493\Release\Filter.o .\ARM_GCC_493\Release\Filter_PM.o .\ARM_GCC_493\Release\Filter_PVT.o .\ARM_GCC_493\Release\Filter_RAM_Data.o .\ARM_GCC_493\Release\Filter_Coefficients.o .\ARM_GCC_493\Release\MISO_IN.o .\ARM_GCC_493\Release\MOSI_OUT.o .\ARM_GCC_493\Release\SCLK_OUT.o .\ARM_GCC_493\Release\SS_OUT.o .\ARM_GCC_493\Release\VREF_BUFF.o .\ARM_GCC_493\Release\SPI_DAC.o .\ARM_GCC_493\Release\SPI_DAC_PM.o .\ARM_GCC_493\Release\SPI_DAC_INT.o .\ARM_GCC_493\Release\SPI_DAC_IntClock.o .\ARM_GCC_493\Release\ADC_1_OUT_LSB.o .\ARM_GCC_493\Release\ADC_1_OUT_LSB_PM.o .\ARM_GCC_493\Release\ADC_1_OUT_MSB.o .\ARM_GCC_493\Release\ADC_1_OUT_MSB_PM.o .\ARM_GCC_493\Release\DAC_IN_MSB.o .\ARM_GCC_493\Release\DAC_IN_LSB.o .\ARM_GCC_493\Release\ADC_REG_CLOCK.o .\ARM_GCC_493\Release\PWM_ADC_CK.o .\ARM_GCC_493\Release\PWM_ADC_CK_PM.o .\ARM_GCC_493\Release\PWM_11.o .\ARM_GCC_493\Release\PWM_11_PM.o .\ARM_GCC_493\Release\PWM_7.o .\ARM_GCC_493\Release\PWM_7_PM.o .\ARM_GCC_493\Release\PWM_9.o .\ARM_GCC_493\Release\PWM_9_PM.o .\ARM_GCC_493\Release\PWM_8.o .\ARM_GCC_493\Release\PWM_8_PM.o .\ARM_GCC_493\Release\PWM_6.o .\ARM_GCC_493\Release\PWM_6_PM.o .\ARM_GCC_493\Release\PWM_10.o .\ARM_GCC_493\Release\PWM_10_PM.o .\ARM_GCC_493\Release\PWM_4.o .\ARM_GCC_493\Release\PWM_4_PM.o .\ARM_GCC_493\Release\PWM_5.o .\ARM_GCC_493\Release\PWM_5_PM.o .\ARM_GCC_493\Release\DIV_MUX_CONTROL.o .\ARM_GCC_493\Release\MASK_OFF_CONTROL.o .\ARM_GCC_493\Release\SAMPLE_RATE_CONTROL.o .\ARM_GCC_493\Release\ADC_SAR_Seq.o .\ARM_GCC_493\Release\ADC_SAR_Seq_PM.o .\ARM_GCC_493\Release\ADC_SAR_Seq_INT.o .\ARM_GCC_493\Release\ADC_SAR_Seq_SAR.o .\ARM_GCC_493\Release\ADC_SAR_Seq_SAR_INT.o .\ARM_GCC_493\Release\ADC_SAR_Seq_SAR_PM.o .\ARM_GCC_493\Release\ADC_SAR_Seq_TempBuf_dma.o .\ARM_GCC_493\Release\ADC_SAR_Seq_FinalBuf_dma.o .\ARM_GCC_493\Release\ADC_SAR_Seq_IRQ.o .\ARM_GCC_493\Release\DIV_MASK_MSB.o .\ARM_GCC_493\Release\DIV_MASK_MSB_PM.o .\ARM_GCC_493\Release\DIV_MASK_LSB.o .\ARM_GCC_493\Release\DIV_MASK_LSB_PM.o .\ARM_GCC_493\Release\PWM_1_CONTROL.o .\ARM_GCC_493\Release\CyBootAsmGnu.o
arm-none-eabi-ar.exe: creating .\ARM_GCC_493\Release\ADC_DAC.a
arm-none-eabi-gcc.exe -Wl,--start-group -o .\ARM_GCC_493\Release\ADC_DAC.elf .\ARM_GCC_493\Release\main.o .\ARM_GCC_493\Release\cymetadata.o .\ARM_GCC_493\Release\Cm3Start.o .\ARM_GCC_493\Release\ADC_DAC.a "C:\Program Files (x86)\Cypress\PSoC Creator\4.0\PSoC Creator\psoc\content\cycomponentlibrary\CyComponentLibrary.cylib\CortexM3\ARM_GCC_493\Release\CyComponentLibrary.a" -mcpu=cortex-m3 -mthumb -g -ffunction-sections -O0 -ffat-lto-objects -L Generated_Source\PSoC5 -Wl,-Map,.\ARM_GCC_493\Release/ADC_DAC.map -T "C:\Users\ben\Documents\PSoC Creator\New Pedal Thingz\PSOC_BIT_MANGLER\BIT-MANGLER\ADC_DAC.cydsn\Generated_Source\PSoC5\cm3gcc.ld" -specs=nano.specs -Wl,--gc-sections -Wl,--end-group
cyelftool.exe -C "C:\Users\ben\Documents\PSoC Creator\New Pedal Thingz\PSOC_BIT_MANGLER\BIT-MANGLER\ADC_DAC.cydsn\ARM_GCC_493\Release\ADC_DAC.elf" --flash_row_size 256 --flash_size 262144
cyelftool.exe -S "C:\Users\ben\Documents\PSoC Creator\New Pedal Thingz\PSOC_BIT_MANGLER\BIT-MANGLER\ADC_DAC.cydsn\ARM_GCC_493\Release\ADC_DAC.elf"
Flash used: 14030 of 262144 bytes (5,4 %).
SRAM used: 2693 of 65536 bytes (4,1 %). Stack: 2048 bytes. Heap: 128 bytes.
--------------- Build Succeeded: 04/15/2017 13:47:48 ---------------
