ARM GAS  C:\Users\ben\AppData\Local\Temp\cc3lws8q.s 			page 1


   1              		.syntax unified
   2              		.cpu cortex-m3
   3              		.fpu softvfp
   4              		.eabi_attribute 20, 1
   5              		.eabi_attribute 21, 1
   6              		.eabi_attribute 23, 3
   7              		.eabi_attribute 24, 1
   8              		.eabi_attribute 25, 1
   9              		.eabi_attribute 26, 1
  10              		.eabi_attribute 30, 6
  11              		.eabi_attribute 34, 1
  12              		.eabi_attribute 18, 4
  13              		.thumb
  14              		.file	"Filter_RAM_Data.c"
  15              		.text
  16              	.Ltext0:
  17              		.cfi_sections	.debug_frame
  18              		.global	Filter_control
  19              		.section	.rodata
  20              		.align	2
  21              		.type	Filter_control, %object
  22              		.size	Filter_control, 256
  23              	Filter_control:
  24 0000 20       		.byte	32
  25 0001 13       		.byte	19
  26 0002 00       		.byte	0
  27 0003 25       		.byte	37
  28 0004 61       		.byte	97
  29 0005 17       		.byte	23
  30 0006 80       		.byte	-128
  31 0007 26       		.byte	38
  32 0008 01       		.byte	1
  33 0009 00       		.byte	0
  34 000a 80       		.byte	-128
  35 000b 26       		.byte	38
  36 000c 01       		.byte	1
  37 000d 00       		.byte	0
  38 000e 80       		.byte	-128
  39 000f 26       		.byte	38
  40 0010 01       		.byte	1
  41 0011 00       		.byte	0
  42 0012 80       		.byte	-128
  43 0013 26       		.byte	38
  44 0014 E0       		.byte	-32
  45 0015 0E       		.byte	14
  46 0016 80       		.byte	-128
  47 0017 26       		.byte	38
  48 0018 C2       		.byte	-62
  49 0019 0C       		.byte	12
  50 001a 80       		.byte	-128
  51 001b 26       		.byte	38
  52 001c 02       		.byte	2
  53 001d 00       		.byte	0
  54 001e 80       		.byte	-128
  55 001f 06       		.byte	6
  56 0020 65       		.byte	101
  57 0021 87       		.byte	-121
ARM GAS  C:\Users\ben\AppData\Local\Temp\cc3lws8q.s 			page 2


  58 0022 18       		.byte	24
  59 0023 6D       		.byte	109
  60 0024 21       		.byte	33
  61 0025 02       		.byte	2
  62 0026 18       		.byte	24
  63 0027 7F       		.byte	127
  64 0028 64       		.byte	100
  65 0029 09       		.byte	9
  66 002a 18       		.byte	24
  67 002b 3E       		.byte	62
  68 002c 00       		.byte	0
  69 002d 00       		.byte	0
  70 002e 80       		.byte	-128
  71 002f 26       		.byte	38
  72 0030 03       		.byte	3
  73 0031 00       		.byte	0
  74 0032 80       		.byte	-128
  75 0033 26       		.byte	38
  76 0034 20       		.byte	32
  77 0035 13       		.byte	19
  78 0036 80       		.byte	-128
  79 0037 26       		.byte	38
  80 0038 C8       		.byte	-56
  81 0039 0C       		.byte	12
  82 003a 80       		.byte	-128
  83 003b 26       		.byte	38
  84 003c E6       		.byte	-26
  85 003d 0E       		.byte	14
  86 003e 80       		.byte	-128
  87 003f 26       		.byte	38
  88 0040 AA       		.byte	-86
  89 0041 0A       		.byte	10
  90 0042 80       		.byte	-128
  91 0043 26       		.byte	38
  92 0044 61       		.byte	97
  93 0045 17       		.byte	23
  94 0046 80       		.byte	-128
  95 0047 26       		.byte	38
  96 0048 92       		.byte	-110
  97 0049 08       		.byte	8
  98 004a 80       		.byte	-128
  99 004b 26       		.byte	38
 100 004c 74       		.byte	116
 101 004d 06       		.byte	6
 102 004e 80       		.byte	-128
 103 004f 6D       		.byte	109
 104 0050 72       		.byte	114
 105 0051 06       		.byte	6
 106 0052 80       		.byte	-128
 107 0053 2F       		.byte	47
 108 0054 20       		.byte	32
 109 0055 02       		.byte	2
 110 0056 10       		.byte	16
 111 0057 6F       		.byte	111
 112 0058 00       		.byte	0
 113 0059 80       		.byte	-128
 114 005a 80       		.byte	-128
ARM GAS  C:\Users\ben\AppData\Local\Temp\cc3lws8q.s 			page 3


 115 005b 26       		.byte	38
 116 005c 20       		.byte	32
 117 005d 02       		.byte	2
 118 005e 80       		.byte	-128
 119 005f 6F       		.byte	111
 120 0060 00       		.byte	0
 121 0061 80       		.byte	-128
 122 0062 80       		.byte	-128
 123 0063 26       		.byte	38
 124 0064 20       		.byte	32
 125 0065 02       		.byte	2
 126 0066 80       		.byte	-128
 127 0067 6F       		.byte	111
 128 0068 20       		.byte	32
 129 0069 02       		.byte	2
 130 006a 80       		.byte	-128
 131 006b 6F       		.byte	111
 132 006c 21       		.byte	33
 133 006d 1A       		.byte	26
 134 006e 40       		.byte	64
 135 006f FE       		.byte	-2
 136 0070 00       		.byte	0
 137 0071 00       		.byte	0
 138 0072 86       		.byte	-122
 139 0073 26       		.byte	38
 140 0074 02       		.byte	2
 141 0075 22       		.byte	34
 142 0076 10       		.byte	16
 143 0077 66       		.byte	102
 144 0078 00       		.byte	0
 145 0079 80       		.byte	-128
 146 007a 10       		.byte	16
 147 007b 6E       		.byte	110
 148 007c 01       		.byte	1
 149 007d 82       		.byte	-126
 150 007e 80       		.byte	-128
 151 007f 26       		.byte	38
 152 0080 EC       		.byte	-20
 153 0081 0E       		.byte	14
 154 0082 80       		.byte	-128
 155 0083 26       		.byte	38
 156 0084 CE       		.byte	-50
 157 0085 0C       		.byte	12
 158 0086 80       		.byte	-128
 159 0087 26       		.byte	38
 160 0088 00       		.byte	0
 161 0089 00       		.byte	0
 162 008a 80       		.byte	-128
 163 008b 06       		.byte	6
 164 008c 71       		.byte	113
 165 008d 87       		.byte	-121
 166 008e 18       		.byte	24
 167 008f 6D       		.byte	109
 168 0090 70       		.byte	112
 169 0091 09       		.byte	9
 170 0092 18       		.byte	24
 171 0093 3E       		.byte	62
ARM GAS  C:\Users\ben\AppData\Local\Temp\cc3lws8q.s 			page 4


 172 0094 00       		.byte	0
 173 0095 00       		.byte	0
 174 0096 80       		.byte	-128
 175 0097 26       		.byte	38
 176 0098 01       		.byte	1
 177 0099 20       		.byte	32
 178 009a 80       		.byte	-128
 179 009b 26       		.byte	38
 180 009c 21       		.byte	33
 181 009d 02       		.byte	2
 182 009e 18       		.byte	24
 183 009f 7F       		.byte	127
 184 00a0 00       		.byte	0
 185 00a1 00       		.byte	0
 186 00a2 00       		.byte	0
 187 00a3 00       		.byte	0
 188 00a4 00       		.byte	0
 189 00a5 00       		.byte	0
 190 00a6 00       		.byte	0
 191 00a7 00       		.byte	0
 192 00a8 00       		.byte	0
 193 00a9 00       		.byte	0
 194 00aa 00       		.byte	0
 195 00ab 00       		.byte	0
 196 00ac 00       		.byte	0
 197 00ad 00       		.byte	0
 198 00ae 00       		.byte	0
 199 00af 00       		.byte	0
 200 00b0 00       		.byte	0
 201 00b1 00       		.byte	0
 202 00b2 00       		.byte	0
 203 00b3 00       		.byte	0
 204 00b4 00       		.byte	0
 205 00b5 00       		.byte	0
 206 00b6 00       		.byte	0
 207 00b7 00       		.byte	0
 208 00b8 00       		.byte	0
 209 00b9 00       		.byte	0
 210 00ba 00       		.byte	0
 211 00bb 00       		.byte	0
 212 00bc 00       		.byte	0
 213 00bd 00       		.byte	0
 214 00be 00       		.byte	0
 215 00bf 00       		.byte	0
 216 00c0 00       		.byte	0
 217 00c1 00       		.byte	0
 218 00c2 00       		.byte	0
 219 00c3 00       		.byte	0
 220 00c4 00       		.byte	0
 221 00c5 00       		.byte	0
 222 00c6 00       		.byte	0
 223 00c7 00       		.byte	0
 224 00c8 00       		.byte	0
 225 00c9 00       		.byte	0
 226 00ca 00       		.byte	0
 227 00cb 00       		.byte	0
 228 00cc 00       		.byte	0
ARM GAS  C:\Users\ben\AppData\Local\Temp\cc3lws8q.s 			page 5


 229 00cd 00       		.byte	0
 230 00ce 00       		.byte	0
 231 00cf 00       		.byte	0
 232 00d0 00       		.byte	0
 233 00d1 00       		.byte	0
 234 00d2 00       		.byte	0
 235 00d3 00       		.byte	0
 236 00d4 00       		.byte	0
 237 00d5 00       		.byte	0
 238 00d6 00       		.byte	0
 239 00d7 00       		.byte	0
 240 00d8 00       		.byte	0
 241 00d9 00       		.byte	0
 242 00da 00       		.byte	0
 243 00db 00       		.byte	0
 244 00dc 00       		.byte	0
 245 00dd 00       		.byte	0
 246 00de 00       		.byte	0
 247 00df 00       		.byte	0
 248 00e0 00       		.byte	0
 249 00e1 00       		.byte	0
 250 00e2 00       		.byte	0
 251 00e3 00       		.byte	0
 252 00e4 00       		.byte	0
 253 00e5 00       		.byte	0
 254 00e6 00       		.byte	0
 255 00e7 00       		.byte	0
 256 00e8 00       		.byte	0
 257 00e9 00       		.byte	0
 258 00ea 00       		.byte	0
 259 00eb 00       		.byte	0
 260 00ec 00       		.byte	0
 261 00ed 00       		.byte	0
 262 00ee 00       		.byte	0
 263 00ef 00       		.byte	0
 264 00f0 00       		.byte	0
 265 00f1 00       		.byte	0
 266 00f2 00       		.byte	0
 267 00f3 00       		.byte	0
 268 00f4 00       		.byte	0
 269 00f5 00       		.byte	0
 270 00f6 00       		.byte	0
 271 00f7 00       		.byte	0
 272 00f8 00       		.byte	0
 273 00f9 00       		.byte	0
 274 00fa 00       		.byte	0
 275 00fb 00       		.byte	0
 276 00fc 00       		.byte	0
 277 00fd 00       		.byte	0
 278 00fe 00       		.byte	0
 279 00ff 00       		.byte	0
 280              		.global	Filter_data_a
 281              		.align	2
 282              		.type	Filter_data_a, %object
 283              		.size	Filter_data_a, 512
 284              	Filter_data_a:
 285 0100 00       		.byte	0
ARM GAS  C:\Users\ben\AppData\Local\Temp\cc3lws8q.s 			page 6


 286 0101 00       		.byte	0
 287 0102 00       		.byte	0
 288 0103 00       		.byte	0
 289 0104 00       		.byte	0
 290 0105 00       		.byte	0
 291 0106 00       		.byte	0
 292 0107 00       		.byte	0
 293 0108 00       		.byte	0
 294 0109 00       		.byte	0
 295 010a 00       		.byte	0
 296 010b 00       		.byte	0
 297 010c 00       		.byte	0
 298 010d 00       		.byte	0
 299 010e 00       		.byte	0
 300 010f 00       		.byte	0
 301 0110 00       		.byte	0
 302 0111 00       		.byte	0
 303 0112 00       		.byte	0
 304 0113 00       		.byte	0
 305 0114 00       		.byte	0
 306 0115 00       		.byte	0
 307 0116 00       		.byte	0
 308 0117 00       		.byte	0
 309 0118 00       		.byte	0
 310 0119 00       		.byte	0
 311 011a 00       		.byte	0
 312 011b 00       		.byte	0
 313 011c 00       		.byte	0
 314 011d 00       		.byte	0
 315 011e 00       		.byte	0
 316 011f 00       		.byte	0
 317 0120 00       		.byte	0
 318 0121 00       		.byte	0
 319 0122 00       		.byte	0
 320 0123 00       		.byte	0
 321 0124 00       		.byte	0
 322 0125 00       		.byte	0
 323 0126 00       		.byte	0
 324 0127 00       		.byte	0
 325 0128 00       		.byte	0
 326 0129 00       		.byte	0
 327 012a 00       		.byte	0
 328 012b 00       		.byte	0
 329 012c 00       		.byte	0
 330 012d 00       		.byte	0
 331 012e 00       		.byte	0
 332 012f 00       		.byte	0
 333 0130 00       		.byte	0
 334 0131 00       		.byte	0
 335 0132 00       		.byte	0
 336 0133 00       		.byte	0
 337 0134 00       		.byte	0
 338 0135 00       		.byte	0
 339 0136 00       		.byte	0
 340 0137 00       		.byte	0
 341 0138 00       		.byte	0
 342 0139 00       		.byte	0
ARM GAS  C:\Users\ben\AppData\Local\Temp\cc3lws8q.s 			page 7


 343 013a 00       		.byte	0
 344 013b 00       		.byte	0
 345 013c 00       		.byte	0
 346 013d 00       		.byte	0
 347 013e 00       		.byte	0
 348 013f 00       		.byte	0
 349 0140 00       		.byte	0
 350 0141 00       		.byte	0
 351 0142 00       		.byte	0
 352 0143 00       		.byte	0
 353 0144 00       		.byte	0
 354 0145 00       		.byte	0
 355 0146 00       		.byte	0
 356 0147 00       		.byte	0
 357 0148 00       		.byte	0
 358 0149 00       		.byte	0
 359 014a 00       		.byte	0
 360 014b 00       		.byte	0
 361 014c 00       		.byte	0
 362 014d 00       		.byte	0
 363 014e 00       		.byte	0
 364 014f 00       		.byte	0
 365 0150 00       		.byte	0
 366 0151 00       		.byte	0
 367 0152 00       		.byte	0
 368 0153 00       		.byte	0
 369 0154 00       		.byte	0
 370 0155 00       		.byte	0
 371 0156 00       		.byte	0
 372 0157 00       		.byte	0
 373 0158 00       		.byte	0
 374 0159 00       		.byte	0
 375 015a 00       		.byte	0
 376 015b 00       		.byte	0
 377 015c 00       		.byte	0
 378 015d 00       		.byte	0
 379 015e 00       		.byte	0
 380 015f 00       		.byte	0
 381 0160 00       		.byte	0
 382 0161 00       		.byte	0
 383 0162 00       		.byte	0
 384 0163 00       		.byte	0
 385 0164 00       		.byte	0
 386 0165 00       		.byte	0
 387 0166 00       		.byte	0
 388 0167 00       		.byte	0
 389 0168 00       		.byte	0
 390 0169 00       		.byte	0
 391 016a 00       		.byte	0
 392 016b 00       		.byte	0
 393 016c 00       		.byte	0
 394 016d 00       		.byte	0
 395 016e 00       		.byte	0
 396 016f 00       		.byte	0
 397 0170 00       		.byte	0
 398 0171 00       		.byte	0
 399 0172 00       		.byte	0
ARM GAS  C:\Users\ben\AppData\Local\Temp\cc3lws8q.s 			page 8


 400 0173 00       		.byte	0
 401 0174 00       		.byte	0
 402 0175 00       		.byte	0
 403 0176 00       		.byte	0
 404 0177 00       		.byte	0
 405 0178 00       		.byte	0
 406 0179 00       		.byte	0
 407 017a 00       		.byte	0
 408 017b 00       		.byte	0
 409 017c 00       		.byte	0
 410 017d 00       		.byte	0
 411 017e 00       		.byte	0
 412 017f 00       		.byte	0
 413 0180 00       		.byte	0
 414 0181 00       		.byte	0
 415 0182 00       		.byte	0
 416 0183 00       		.byte	0
 417 0184 00       		.byte	0
 418 0185 00       		.byte	0
 419 0186 00       		.byte	0
 420 0187 00       		.byte	0
 421 0188 00       		.byte	0
 422 0189 00       		.byte	0
 423 018a 00       		.byte	0
 424 018b 00       		.byte	0
 425 018c 00       		.byte	0
 426 018d 00       		.byte	0
 427 018e 00       		.byte	0
 428 018f 00       		.byte	0
 429 0190 00       		.byte	0
 430 0191 00       		.byte	0
 431 0192 00       		.byte	0
 432 0193 00       		.byte	0
 433 0194 00       		.byte	0
 434 0195 00       		.byte	0
 435 0196 00       		.byte	0
 436 0197 00       		.byte	0
 437 0198 00       		.byte	0
 438 0199 00       		.byte	0
 439 019a 00       		.byte	0
 440 019b 00       		.byte	0
 441 019c 00       		.byte	0
 442 019d 00       		.byte	0
 443 019e 00       		.byte	0
 444 019f 00       		.byte	0
 445 01a0 00       		.byte	0
 446 01a1 00       		.byte	0
 447 01a2 00       		.byte	0
 448 01a3 00       		.byte	0
 449 01a4 00       		.byte	0
 450 01a5 00       		.byte	0
 451 01a6 00       		.byte	0
 452 01a7 00       		.byte	0
 453 01a8 00       		.byte	0
 454 01a9 00       		.byte	0
 455 01aa 00       		.byte	0
 456 01ab 00       		.byte	0
ARM GAS  C:\Users\ben\AppData\Local\Temp\cc3lws8q.s 			page 9


 457 01ac 00       		.byte	0
 458 01ad 00       		.byte	0
 459 01ae 00       		.byte	0
 460 01af 00       		.byte	0
 461 01b0 00       		.byte	0
 462 01b1 00       		.byte	0
 463 01b2 00       		.byte	0
 464 01b3 00       		.byte	0
 465 01b4 00       		.byte	0
 466 01b5 00       		.byte	0
 467 01b6 00       		.byte	0
 468 01b7 00       		.byte	0
 469 01b8 00       		.byte	0
 470 01b9 00       		.byte	0
 471 01ba 00       		.byte	0
 472 01bb 00       		.byte	0
 473 01bc 00       		.byte	0
 474 01bd 00       		.byte	0
 475 01be 00       		.byte	0
 476 01bf 00       		.byte	0
 477 01c0 00       		.byte	0
 478 01c1 00       		.byte	0
 479 01c2 00       		.byte	0
 480 01c3 00       		.byte	0
 481 01c4 00       		.byte	0
 482 01c5 00       		.byte	0
 483 01c6 00       		.byte	0
 484 01c7 00       		.byte	0
 485 01c8 00       		.byte	0
 486 01c9 00       		.byte	0
 487 01ca 00       		.byte	0
 488 01cb 00       		.byte	0
 489 01cc 00       		.byte	0
 490 01cd 00       		.byte	0
 491 01ce 00       		.byte	0
 492 01cf 00       		.byte	0
 493 01d0 00       		.byte	0
 494 01d1 00       		.byte	0
 495 01d2 00       		.byte	0
 496 01d3 00       		.byte	0
 497 01d4 00       		.byte	0
 498 01d5 00       		.byte	0
 499 01d6 00       		.byte	0
 500 01d7 00       		.byte	0
 501 01d8 00       		.byte	0
 502 01d9 00       		.byte	0
 503 01da 00       		.byte	0
 504 01db 00       		.byte	0
 505 01dc 00       		.byte	0
 506 01dd 00       		.byte	0
 507 01de 00       		.byte	0
 508 01df 00       		.byte	0
 509 01e0 00       		.byte	0
 510 01e1 00       		.byte	0
 511 01e2 00       		.byte	0
 512 01e3 00       		.byte	0
 513 01e4 00       		.byte	0
ARM GAS  C:\Users\ben\AppData\Local\Temp\cc3lws8q.s 			page 10


 514 01e5 00       		.byte	0
 515 01e6 00       		.byte	0
 516 01e7 00       		.byte	0
 517 01e8 00       		.byte	0
 518 01e9 00       		.byte	0
 519 01ea 00       		.byte	0
 520 01eb 00       		.byte	0
 521 01ec 00       		.byte	0
 522 01ed 00       		.byte	0
 523 01ee 00       		.byte	0
 524 01ef 00       		.byte	0
 525 01f0 00       		.byte	0
 526 01f1 00       		.byte	0
 527 01f2 00       		.byte	0
 528 01f3 00       		.byte	0
 529 01f4 00       		.byte	0
 530 01f5 00       		.byte	0
 531 01f6 00       		.byte	0
 532 01f7 00       		.byte	0
 533 01f8 00       		.byte	0
 534 01f9 00       		.byte	0
 535 01fa 00       		.byte	0
 536 01fb 00       		.byte	0
 537 01fc 00       		.byte	0
 538 01fd 00       		.byte	0
 539 01fe 00       		.byte	0
 540 01ff 00       		.byte	0
 541 0200 00       		.byte	0
 542 0201 00       		.byte	0
 543 0202 00       		.byte	0
 544 0203 00       		.byte	0
 545 0204 00       		.byte	0
 546 0205 00       		.byte	0
 547 0206 00       		.byte	0
 548 0207 00       		.byte	0
 549 0208 00       		.byte	0
 550 0209 00       		.byte	0
 551 020a 00       		.byte	0
 552 020b 00       		.byte	0
 553 020c 00       		.byte	0
 554 020d 00       		.byte	0
 555 020e 00       		.byte	0
 556 020f 00       		.byte	0
 557 0210 00       		.byte	0
 558 0211 00       		.byte	0
 559 0212 00       		.byte	0
 560 0213 00       		.byte	0
 561 0214 00       		.byte	0
 562 0215 00       		.byte	0
 563 0216 00       		.byte	0
 564 0217 00       		.byte	0
 565 0218 00       		.byte	0
 566 0219 00       		.byte	0
 567 021a 00       		.byte	0
 568 021b 00       		.byte	0
 569 021c 00       		.byte	0
 570 021d 00       		.byte	0
ARM GAS  C:\Users\ben\AppData\Local\Temp\cc3lws8q.s 			page 11


 571 021e 00       		.byte	0
 572 021f 00       		.byte	0
 573 0220 00       		.byte	0
 574 0221 00       		.byte	0
 575 0222 00       		.byte	0
 576 0223 00       		.byte	0
 577 0224 00       		.byte	0
 578 0225 00       		.byte	0
 579 0226 00       		.byte	0
 580 0227 00       		.byte	0
 581 0228 00       		.byte	0
 582 0229 00       		.byte	0
 583 022a 00       		.byte	0
 584 022b 00       		.byte	0
 585 022c 00       		.byte	0
 586 022d 00       		.byte	0
 587 022e 00       		.byte	0
 588 022f 00       		.byte	0
 589 0230 00       		.byte	0
 590 0231 00       		.byte	0
 591 0232 00       		.byte	0
 592 0233 00       		.byte	0
 593 0234 00       		.byte	0
 594 0235 00       		.byte	0
 595 0236 00       		.byte	0
 596 0237 00       		.byte	0
 597 0238 00       		.byte	0
 598 0239 00       		.byte	0
 599 023a 00       		.byte	0
 600 023b 00       		.byte	0
 601 023c 00       		.byte	0
 602 023d 00       		.byte	0
 603 023e 00       		.byte	0
 604 023f 00       		.byte	0
 605 0240 00       		.byte	0
 606 0241 00       		.byte	0
 607 0242 00       		.byte	0
 608 0243 00       		.byte	0
 609 0244 00       		.byte	0
 610 0245 00       		.byte	0
 611 0246 00       		.byte	0
 612 0247 00       		.byte	0
 613 0248 00       		.byte	0
 614 0249 00       		.byte	0
 615 024a 00       		.byte	0
 616 024b 00       		.byte	0
 617 024c 00       		.byte	0
 618 024d 00       		.byte	0
 619 024e 00       		.byte	0
 620 024f 00       		.byte	0
 621 0250 00       		.byte	0
 622 0251 00       		.byte	0
 623 0252 00       		.byte	0
 624 0253 00       		.byte	0
 625 0254 00       		.byte	0
 626 0255 00       		.byte	0
 627 0256 00       		.byte	0
ARM GAS  C:\Users\ben\AppData\Local\Temp\cc3lws8q.s 			page 12


 628 0257 00       		.byte	0
 629 0258 00       		.byte	0
 630 0259 00       		.byte	0
 631 025a 00       		.byte	0
 632 025b 00       		.byte	0
 633 025c 00       		.byte	0
 634 025d 00       		.byte	0
 635 025e 00       		.byte	0
 636 025f 00       		.byte	0
 637 0260 00       		.byte	0
 638 0261 00       		.byte	0
 639 0262 00       		.byte	0
 640 0263 00       		.byte	0
 641 0264 00       		.byte	0
 642 0265 00       		.byte	0
 643 0266 00       		.byte	0
 644 0267 00       		.byte	0
 645 0268 00       		.byte	0
 646 0269 00       		.byte	0
 647 026a 00       		.byte	0
 648 026b 00       		.byte	0
 649 026c 00       		.byte	0
 650 026d 00       		.byte	0
 651 026e 00       		.byte	0
 652 026f 00       		.byte	0
 653 0270 00       		.byte	0
 654 0271 00       		.byte	0
 655 0272 00       		.byte	0
 656 0273 00       		.byte	0
 657 0274 00       		.byte	0
 658 0275 00       		.byte	0
 659 0276 00       		.byte	0
 660 0277 00       		.byte	0
 661 0278 00       		.byte	0
 662 0279 00       		.byte	0
 663 027a 00       		.byte	0
 664 027b 00       		.byte	0
 665 027c 00       		.byte	0
 666 027d 00       		.byte	0
 667 027e 00       		.byte	0
 668 027f 00       		.byte	0
 669 0280 00       		.byte	0
 670 0281 00       		.byte	0
 671 0282 00       		.byte	0
 672 0283 00       		.byte	0
 673 0284 00       		.byte	0
 674 0285 00       		.byte	0
 675 0286 00       		.byte	0
 676 0287 00       		.byte	0
 677 0288 00       		.byte	0
 678 0289 00       		.byte	0
 679 028a 00       		.byte	0
 680 028b 00       		.byte	0
 681 028c 00       		.byte	0
 682 028d 00       		.byte	0
 683 028e 00       		.byte	0
 684 028f 00       		.byte	0
ARM GAS  C:\Users\ben\AppData\Local\Temp\cc3lws8q.s 			page 13


 685 0290 00       		.byte	0
 686 0291 00       		.byte	0
 687 0292 00       		.byte	0
 688 0293 00       		.byte	0
 689 0294 00       		.byte	0
 690 0295 00       		.byte	0
 691 0296 00       		.byte	0
 692 0297 00       		.byte	0
 693 0298 00       		.byte	0
 694 0299 00       		.byte	0
 695 029a 00       		.byte	0
 696 029b 00       		.byte	0
 697 029c 00       		.byte	0
 698 029d 00       		.byte	0
 699 029e 00       		.byte	0
 700 029f 00       		.byte	0
 701 02a0 00       		.byte	0
 702 02a1 00       		.byte	0
 703 02a2 00       		.byte	0
 704 02a3 00       		.byte	0
 705 02a4 00       		.byte	0
 706 02a5 00       		.byte	0
 707 02a6 00       		.byte	0
 708 02a7 00       		.byte	0
 709 02a8 00       		.byte	0
 710 02a9 00       		.byte	0
 711 02aa 00       		.byte	0
 712 02ab 00       		.byte	0
 713 02ac 00       		.byte	0
 714 02ad 00       		.byte	0
 715 02ae 00       		.byte	0
 716 02af 00       		.byte	0
 717 02b0 00       		.byte	0
 718 02b1 00       		.byte	0
 719 02b2 00       		.byte	0
 720 02b3 00       		.byte	0
 721 02b4 00       		.byte	0
 722 02b5 00       		.byte	0
 723 02b6 00       		.byte	0
 724 02b7 00       		.byte	0
 725 02b8 00       		.byte	0
 726 02b9 00       		.byte	0
 727 02ba 00       		.byte	0
 728 02bb 00       		.byte	0
 729 02bc 00       		.byte	0
 730 02bd 00       		.byte	0
 731 02be 00       		.byte	0
 732 02bf 00       		.byte	0
 733 02c0 00       		.byte	0
 734 02c1 00       		.byte	0
 735 02c2 00       		.byte	0
 736 02c3 00       		.byte	0
 737 02c4 00       		.byte	0
 738 02c5 00       		.byte	0
 739 02c6 00       		.byte	0
 740 02c7 00       		.byte	0
 741 02c8 00       		.byte	0
ARM GAS  C:\Users\ben\AppData\Local\Temp\cc3lws8q.s 			page 14


 742 02c9 00       		.byte	0
 743 02ca 00       		.byte	0
 744 02cb 00       		.byte	0
 745 02cc 00       		.byte	0
 746 02cd 00       		.byte	0
 747 02ce 00       		.byte	0
 748 02cf 00       		.byte	0
 749 02d0 00       		.byte	0
 750 02d1 00       		.byte	0
 751 02d2 00       		.byte	0
 752 02d3 00       		.byte	0
 753 02d4 00       		.byte	0
 754 02d5 00       		.byte	0
 755 02d6 00       		.byte	0
 756 02d7 00       		.byte	0
 757 02d8 00       		.byte	0
 758 02d9 00       		.byte	0
 759 02da 00       		.byte	0
 760 02db 00       		.byte	0
 761 02dc 00       		.byte	0
 762 02dd 00       		.byte	0
 763 02de 00       		.byte	0
 764 02df 00       		.byte	0
 765 02e0 00       		.byte	0
 766 02e1 00       		.byte	0
 767 02e2 00       		.byte	0
 768 02e3 00       		.byte	0
 769 02e4 00       		.byte	0
 770 02e5 00       		.byte	0
 771 02e6 00       		.byte	0
 772 02e7 00       		.byte	0
 773 02e8 00       		.byte	0
 774 02e9 00       		.byte	0
 775 02ea 00       		.byte	0
 776 02eb 00       		.byte	0
 777 02ec 00       		.byte	0
 778 02ed 00       		.byte	0
 779 02ee 00       		.byte	0
 780 02ef 00       		.byte	0
 781 02f0 00       		.byte	0
 782 02f1 00       		.byte	0
 783 02f2 00       		.byte	0
 784 02f3 00       		.byte	0
 785 02f4 00       		.byte	0
 786 02f5 00       		.byte	0
 787 02f6 00       		.byte	0
 788 02f7 00       		.byte	0
 789 02f8 00       		.byte	0
 790 02f9 00       		.byte	0
 791 02fa 00       		.byte	0
 792 02fb 00       		.byte	0
 793 02fc 00       		.byte	0
 794 02fd 08       		.byte	8
 795 02fe 00       		.byte	0
 796 02ff 00       		.byte	0
 797              		.global	Filter_data_b
 798              		.align	2
ARM GAS  C:\Users\ben\AppData\Local\Temp\cc3lws8q.s 			page 15


 799              		.type	Filter_data_b, %object
 800              		.size	Filter_data_b, 512
 801              	Filter_data_b:
 802 0300 4F       		.byte	79
 803 0301 FE       		.byte	-2
 804 0302 FF       		.byte	-1
 805 0303 00       		.byte	0
 806 0304 FB       		.byte	-5
 807 0305 00       		.byte	0
 808 0306 00       		.byte	0
 809 0307 00       		.byte	0
 810 0308 A5       		.byte	-91
 811 0309 06       		.byte	6
 812 030a 00       		.byte	0
 813 030b 00       		.byte	0
 814 030c C4       		.byte	-60
 815 030d FE       		.byte	-2
 816 030e FF       		.byte	-1
 817 030f 00       		.byte	0
 818 0310 45       		.byte	69
 819 0311 EA       		.byte	-22
 820 0312 FF       		.byte	-1
 821 0313 00       		.byte	0
 822 0314 8C       		.byte	-116
 823 0315 FC       		.byte	-4
 824 0316 FF       		.byte	-1
 825 0317 00       		.byte	0
 826 0318 76       		.byte	118
 827 0319 35       		.byte	53
 828 031a 00       		.byte	0
 829 031b 00       		.byte	0
 830 031c 95       		.byte	-107
 831 031d 17       		.byte	23
 832 031e 00       		.byte	0
 833 031f 00       		.byte	0
 834 0320 83       		.byte	-125
 835 0321 93       		.byte	-109
 836 0322 FF       		.byte	-1
 837 0323 00       		.byte	0
 838 0324 F9       		.byte	-7
 839 0325 B1       		.byte	-79
 840 0326 FF       		.byte	-1
 841 0327 00       		.byte	0
 842 0328 01       		.byte	1
 843 0329 BE       		.byte	-66
 844 032a 00       		.byte	0
 845 032b 00       		.byte	0
 846 032c D2       		.byte	-46
 847 032d C4       		.byte	-60
 848 032e 00       		.byte	0
 849 032f 00       		.byte	0
 850 0330 DC       		.byte	-36
 851 0331 D9       		.byte	-39
 852 0332 FE       		.byte	-2
 853 0333 00       		.byte	0
 854 0334 33       		.byte	51
 855 0335 54       		.byte	84
ARM GAS  C:\Users\ben\AppData\Local\Temp\cc3lws8q.s 			page 16


 856 0336 FE       		.byte	-2
 857 0337 00       		.byte	0
 858 0338 59       		.byte	89
 859 0339 98       		.byte	-104
 860 033a 01       		.byte	1
 861 033b 00       		.byte	0
 862 033c C2       		.byte	-62
 863 033d 62       		.byte	98
 864 033e 03       		.byte	3
 865 033f 00       		.byte	0
 866 0340 D9       		.byte	-39
 867 0341 FE       		.byte	-2
 868 0342 FD       		.byte	-3
 869 0343 00       		.byte	0
 870 0344 91       		.byte	-111
 871 0345 D9       		.byte	-39
 872 0346 F8       		.byte	-8
 873 0347 00       		.byte	0
 874 0348 3A       		.byte	58
 875 0349 4B       		.byte	75
 876 034a 02       		.byte	2
 877 034b 00       		.byte	0
 878 034c 0A       		.byte	10
 879 034d 15       		.byte	21
 880 034e 18       		.byte	24
 881 034f 00       		.byte	0
 882 0350 FA       		.byte	-6
 883 0351 F9       		.byte	-7
 884 0352 23       		.byte	35
 885 0353 00       		.byte	0
 886 0354 0A       		.byte	10
 887 0355 15       		.byte	21
 888 0356 18       		.byte	24
 889 0357 00       		.byte	0
 890 0358 3A       		.byte	58
 891 0359 4B       		.byte	75
 892 035a 02       		.byte	2
 893 035b 00       		.byte	0
 894 035c 91       		.byte	-111
 895 035d D9       		.byte	-39
 896 035e F8       		.byte	-8
 897 035f 00       		.byte	0
 898 0360 D9       		.byte	-39
 899 0361 FE       		.byte	-2
 900 0362 FD       		.byte	-3
 901 0363 00       		.byte	0
 902 0364 C2       		.byte	-62
 903 0365 62       		.byte	98
 904 0366 03       		.byte	3
 905 0367 00       		.byte	0
 906 0368 59       		.byte	89
 907 0369 98       		.byte	-104
 908 036a 01       		.byte	1
 909 036b 00       		.byte	0
 910 036c 33       		.byte	51
 911 036d 54       		.byte	84
 912 036e FE       		.byte	-2
ARM GAS  C:\Users\ben\AppData\Local\Temp\cc3lws8q.s 			page 17


 913 036f 00       		.byte	0
 914 0370 DC       		.byte	-36
 915 0371 D9       		.byte	-39
 916 0372 FE       		.byte	-2
 917 0373 00       		.byte	0
 918 0374 D2       		.byte	-46
 919 0375 C4       		.byte	-60
 920 0376 00       		.byte	0
 921 0377 00       		.byte	0
 922 0378 01       		.byte	1
 923 0379 BE       		.byte	-66
 924 037a 00       		.byte	0
 925 037b 00       		.byte	0
 926 037c F9       		.byte	-7
 927 037d B1       		.byte	-79
 928 037e FF       		.byte	-1
 929 037f 00       		.byte	0
 930 0380 83       		.byte	-125
 931 0381 93       		.byte	-109
 932 0382 FF       		.byte	-1
 933 0383 00       		.byte	0
 934 0384 95       		.byte	-107
 935 0385 17       		.byte	23
 936 0386 00       		.byte	0
 937 0387 00       		.byte	0
 938 0388 76       		.byte	118
 939 0389 35       		.byte	53
 940 038a 00       		.byte	0
 941 038b 00       		.byte	0
 942 038c 8C       		.byte	-116
 943 038d FC       		.byte	-4
 944 038e FF       		.byte	-1
 945 038f 00       		.byte	0
 946 0390 45       		.byte	69
 947 0391 EA       		.byte	-22
 948 0392 FF       		.byte	-1
 949 0393 00       		.byte	0
 950 0394 C4       		.byte	-60
 951 0395 FE       		.byte	-2
 952 0396 FF       		.byte	-1
 953 0397 00       		.byte	0
 954 0398 A5       		.byte	-91
 955 0399 06       		.byte	6
 956 039a 00       		.byte	0
 957 039b 00       		.byte	0
 958 039c FB       		.byte	-5
 959 039d 00       		.byte	0
 960 039e 00       		.byte	0
 961 039f 00       		.byte	0
 962 03a0 4F       		.byte	79
 963 03a1 FE       		.byte	-2
 964 03a2 FF       		.byte	-1
 965 03a3 00       		.byte	0
 966 03a4 E1       		.byte	-31
 967 03a5 28       		.byte	40
 968 03a6 07       		.byte	7
 969 03a7 00       		.byte	0
ARM GAS  C:\Users\ben\AppData\Local\Temp\cc3lws8q.s 			page 18


 970 03a8 C2       		.byte	-62
 971 03a9 51       		.byte	81
 972 03aa 0E       		.byte	14
 973 03ab 00       		.byte	0
 974 03ac E1       		.byte	-31
 975 03ad 28       		.byte	40
 976 03ae 07       		.byte	7
 977 03af 00       		.byte	0
 978 03b0 48       		.byte	72
 979 03b1 14       		.byte	20
 980 03b2 08       		.byte	8
 981 03b3 00       		.byte	0
 982 03b4 C4       		.byte	-60
 983 03b5 92       		.byte	-110
 984 03b6 ED       		.byte	-19
 985 03b7 00       		.byte	0
 986 03b8 77       		.byte	119
 987 03b9 18       		.byte	24
 988 03ba 11       		.byte	17
 989 03bb 00       		.byte	0
 990 03bc EE       		.byte	-18
 991 03bd 30       		.byte	48
 992 03be 22       		.byte	34
 993 03bf 00       		.byte	0
 994 03c0 77       		.byte	119
 995 03c1 18       		.byte	24
 996 03c2 11       		.byte	17
 997 03c3 00       		.byte	0
 998 03c4 88       		.byte	-120
 999 03c5 DD       		.byte	-35
 1000 03c6 06       		.byte	6
 1001 03c7 00       		.byte	0
 1002 03c8 29       		.byte	41
 1003 03c9 F5       		.byte	-11
 1004 03ca F9       		.byte	-7
 1005 03cb 00       		.byte	0
 1006 03cc 49       		.byte	73
 1007 03cd 9B       		.byte	-101
 1008 03ce 0E       		.byte	14
 1009 03cf 00       		.byte	0
 1010 03d0 93       		.byte	-109
 1011 03d1 36       		.byte	54
 1012 03d2 1D       		.byte	29
 1013 03d3 00       		.byte	0
 1014 03d4 49       		.byte	73
 1015 03d5 9B       		.byte	-101
 1016 03d6 0E       		.byte	14
 1017 03d7 00       		.byte	0
 1018 03d8 5E       		.byte	94
 1019 03d9 59       		.byte	89
 1020 03da 06       		.byte	6
 1021 03db 00       		.byte	0
 1022 03dc 87       		.byte	-121
 1023 03dd 39       		.byte	57
 1024 03de FF       		.byte	-1
 1025 03df 00       		.byte	0
 1026 03e0 5C       		.byte	92
ARM GAS  C:\Users\ben\AppData\Local\Temp\cc3lws8q.s 			page 19


 1027 03e1 57       		.byte	87
 1028 03e2 30       		.byte	48
 1029 03e3 00       		.byte	0
 1030 03e4 B8       		.byte	-72
 1031 03e5 AE       		.byte	-82
 1032 03e6 60       		.byte	96
 1033 03e7 00       		.byte	0
 1034 03e8 5C       		.byte	92
 1035 03e9 57       		.byte	87
 1036 03ea 30       		.byte	48
 1037 03eb 00       		.byte	0
 1038 03ec A2       		.byte	-94
 1039 03ed 81       		.byte	-127
 1040 03ee 0A       		.byte	10
 1041 03ef 00       		.byte	0
 1042 03f0 95       		.byte	-107
 1043 03f1 CF       		.byte	-49
 1044 03f2 D4       		.byte	-44
 1045 03f3 00       		.byte	0
 1046 03f4 00       		.byte	0
 1047 03f5 00       		.byte	0
 1048 03f6 00       		.byte	0
 1049 03f7 00       		.byte	0
 1050 03f8 FF       		.byte	-1
 1051 03f9 FF       		.byte	-1
 1052 03fa FF       		.byte	-1
 1053 03fb 00       		.byte	0
 1054 03fc F5       		.byte	-11
 1055 03fd FF       		.byte	-1
 1056 03fe FF       		.byte	-1
 1057 03ff 00       		.byte	0
 1058 0400 14       		.byte	20
 1059 0401 00       		.byte	0
 1060 0402 00       		.byte	0
 1061 0403 00       		.byte	0
 1062 0404 8A       		.byte	-118
 1063 0405 00       		.byte	0
 1064 0406 00       		.byte	0
 1065 0407 00       		.byte	0
 1066 0408 1B       		.byte	27
 1067 0409 FF       		.byte	-1
 1068 040a FF       		.byte	-1
 1069 040b 00       		.byte	0
 1070 040c 7F       		.byte	127
 1071 040d FB       		.byte	-5
 1072 040e FF       		.byte	-1
 1073 040f 00       		.byte	0
 1074 0410 7B       		.byte	123
 1075 0411 05       		.byte	5
 1076 0412 00       		.byte	0
 1077 0413 00       		.byte	0
 1078 0414 68       		.byte	104
 1079 0415 1C       		.byte	28
 1080 0416 00       		.byte	0
 1081 0417 00       		.byte	0
 1082 0418 01       		.byte	1
 1083 0419 EC       		.byte	-20
ARM GAS  C:\Users\ben\AppData\Local\Temp\cc3lws8q.s 			page 20


 1084 041a FF       		.byte	-1
 1085 041b 00       		.byte	0
 1086 041c 2F       		.byte	47
 1087 041d 68       		.byte	104
 1088 041e FF       		.byte	-1
 1089 041f 00       		.byte	0
 1090 0420 09       		.byte	9
 1091 0421 DE       		.byte	-34
 1092 0422 FF       		.byte	-1
 1093 0423 00       		.byte	0
 1094 0424 5F       		.byte	95
 1095 0425 DA       		.byte	-38
 1096 0426 01       		.byte	1
 1097 0427 00       		.byte	0
 1098 0428 7A       		.byte	122
 1099 0429 51       		.byte	81
 1100 042a 01       		.byte	1
 1101 042b 00       		.byte	0
 1102 042c 86       		.byte	-122
 1103 042d D6       		.byte	-42
 1104 042e FA       		.byte	-6
 1105 042f 00       		.byte	0
 1106 0430 88       		.byte	-120
 1107 0431 05       		.byte	5
 1108 0432 F8       		.byte	-8
 1109 0433 00       		.byte	0
 1110 0434 F0       		.byte	-16
 1111 0435 7F       		.byte	127
 1112 0436 09       		.byte	9
 1113 0437 00       		.byte	0
 1114 0438 D8       		.byte	-40
 1115 0439 B3       		.byte	-77
 1116 043a 2A       		.byte	42
 1117 043b 00       		.byte	0
 1118 043c 4B       		.byte	75
 1119 043d 50       		.byte	80
 1120 043e 3C       		.byte	60
 1121 043f 00       		.byte	0
 1122 0440 D8       		.byte	-40
 1123 0441 B3       		.byte	-77
 1124 0442 2A       		.byte	42
 1125 0443 00       		.byte	0
 1126 0444 F0       		.byte	-16
 1127 0445 7F       		.byte	127
 1128 0446 09       		.byte	9
 1129 0447 00       		.byte	0
 1130 0448 88       		.byte	-120
 1131 0449 05       		.byte	5
 1132 044a F8       		.byte	-8
 1133 044b 00       		.byte	0
 1134 044c 86       		.byte	-122
 1135 044d D6       		.byte	-42
 1136 044e FA       		.byte	-6
 1137 044f 00       		.byte	0
 1138 0450 7A       		.byte	122
 1139 0451 51       		.byte	81
 1140 0452 01       		.byte	1
ARM GAS  C:\Users\ben\AppData\Local\Temp\cc3lws8q.s 			page 21


 1141 0453 00       		.byte	0
 1142 0454 5F       		.byte	95
 1143 0455 DA       		.byte	-38
 1144 0456 01       		.byte	1
 1145 0457 00       		.byte	0
 1146 0458 09       		.byte	9
 1147 0459 DE       		.byte	-34
 1148 045a FF       		.byte	-1
 1149 045b 00       		.byte	0
 1150 045c 2F       		.byte	47
 1151 045d 68       		.byte	104
 1152 045e FF       		.byte	-1
 1153 045f 00       		.byte	0
 1154 0460 01       		.byte	1
 1155 0461 EC       		.byte	-20
 1156 0462 FF       		.byte	-1
 1157 0463 00       		.byte	0
 1158 0464 68       		.byte	104
 1159 0465 1C       		.byte	28
 1160 0466 00       		.byte	0
 1161 0467 00       		.byte	0
 1162 0468 7B       		.byte	123
 1163 0469 05       		.byte	5
 1164 046a 00       		.byte	0
 1165 046b 00       		.byte	0
 1166 046c 7F       		.byte	127
 1167 046d FB       		.byte	-5
 1168 046e FF       		.byte	-1
 1169 046f 00       		.byte	0
 1170 0470 1B       		.byte	27
 1171 0471 FF       		.byte	-1
 1172 0472 FF       		.byte	-1
 1173 0473 00       		.byte	0
 1174 0474 8A       		.byte	-118
 1175 0475 00       		.byte	0
 1176 0476 00       		.byte	0
 1177 0477 00       		.byte	0
 1178 0478 14       		.byte	20
 1179 0479 00       		.byte	0
 1180 047a 00       		.byte	0
 1181 047b 00       		.byte	0
 1182 047c F5       		.byte	-11
 1183 047d FF       		.byte	-1
 1184 047e FF       		.byte	-1
 1185 047f 00       		.byte	0
 1186 0480 FF       		.byte	-1
 1187 0481 FF       		.byte	-1
 1188 0482 FF       		.byte	-1
 1189 0483 00       		.byte	0
 1190 0484 00       		.byte	0
 1191 0485 00       		.byte	0
 1192 0486 00       		.byte	0
 1193 0487 00       		.byte	0
 1194 0488 00       		.byte	0
 1195 0489 00       		.byte	0
 1196 048a 00       		.byte	0
 1197 048b 00       		.byte	0
ARM GAS  C:\Users\ben\AppData\Local\Temp\cc3lws8q.s 			page 22


 1198 048c 00       		.byte	0
 1199 048d 00       		.byte	0
 1200 048e 00       		.byte	0
 1201 048f 00       		.byte	0
 1202 0490 00       		.byte	0
 1203 0491 00       		.byte	0
 1204 0492 00       		.byte	0
 1205 0493 00       		.byte	0
 1206 0494 00       		.byte	0
 1207 0495 00       		.byte	0
 1208 0496 00       		.byte	0
 1209 0497 00       		.byte	0
 1210 0498 00       		.byte	0
 1211 0499 00       		.byte	0
 1212 049a 00       		.byte	0
 1213 049b 00       		.byte	0
 1214 049c 00       		.byte	0
 1215 049d 00       		.byte	0
 1216 049e 00       		.byte	0
 1217 049f 00       		.byte	0
 1218 04a0 00       		.byte	0
 1219 04a1 00       		.byte	0
 1220 04a2 00       		.byte	0
 1221 04a3 00       		.byte	0
 1222 04a4 00       		.byte	0
 1223 04a5 00       		.byte	0
 1224 04a6 00       		.byte	0
 1225 04a7 00       		.byte	0
 1226 04a8 00       		.byte	0
 1227 04a9 00       		.byte	0
 1228 04aa 00       		.byte	0
 1229 04ab 00       		.byte	0
 1230 04ac 00       		.byte	0
 1231 04ad 00       		.byte	0
 1232 04ae 00       		.byte	0
 1233 04af 00       		.byte	0
 1234 04b0 00       		.byte	0
 1235 04b1 00       		.byte	0
 1236 04b2 00       		.byte	0
 1237 04b3 00       		.byte	0
 1238 04b4 00       		.byte	0
 1239 04b5 00       		.byte	0
 1240 04b6 00       		.byte	0
 1241 04b7 00       		.byte	0
 1242 04b8 00       		.byte	0
 1243 04b9 00       		.byte	0
 1244 04ba 00       		.byte	0
 1245 04bb 00       		.byte	0
 1246 04bc 00       		.byte	0
 1247 04bd 00       		.byte	0
 1248 04be 00       		.byte	0
 1249 04bf 00       		.byte	0
 1250 04c0 00       		.byte	0
 1251 04c1 00       		.byte	0
 1252 04c2 00       		.byte	0
 1253 04c3 00       		.byte	0
 1254 04c4 00       		.byte	0
ARM GAS  C:\Users\ben\AppData\Local\Temp\cc3lws8q.s 			page 23


 1255 04c5 00       		.byte	0
 1256 04c6 00       		.byte	0
 1257 04c7 00       		.byte	0
 1258 04c8 00       		.byte	0
 1259 04c9 00       		.byte	0
 1260 04ca 00       		.byte	0
 1261 04cb 00       		.byte	0
 1262 04cc 00       		.byte	0
 1263 04cd 00       		.byte	0
 1264 04ce 00       		.byte	0
 1265 04cf 00       		.byte	0
 1266 04d0 00       		.byte	0
 1267 04d1 00       		.byte	0
 1268 04d2 00       		.byte	0
 1269 04d3 00       		.byte	0
 1270 04d4 00       		.byte	0
 1271 04d5 00       		.byte	0
 1272 04d6 00       		.byte	0
 1273 04d7 00       		.byte	0
 1274 04d8 00       		.byte	0
 1275 04d9 00       		.byte	0
 1276 04da 00       		.byte	0
 1277 04db 00       		.byte	0
 1278 04dc 00       		.byte	0
 1279 04dd 00       		.byte	0
 1280 04de 00       		.byte	0
 1281 04df 00       		.byte	0
 1282 04e0 00       		.byte	0
 1283 04e1 00       		.byte	0
 1284 04e2 00       		.byte	0
 1285 04e3 00       		.byte	0
 1286 04e4 00       		.byte	0
 1287 04e5 00       		.byte	0
 1288 04e6 00       		.byte	0
 1289 04e7 00       		.byte	0
 1290 04e8 00       		.byte	0
 1291 04e9 00       		.byte	0
 1292 04ea 00       		.byte	0
 1293 04eb 00       		.byte	0
 1294 04ec 00       		.byte	0
 1295 04ed 00       		.byte	0
 1296 04ee 00       		.byte	0
 1297 04ef 00       		.byte	0
 1298 04f0 00       		.byte	0
 1299 04f1 00       		.byte	0
 1300 04f2 00       		.byte	0
 1301 04f3 00       		.byte	0
 1302 04f4 00       		.byte	0
 1303 04f5 00       		.byte	0
 1304 04f6 00       		.byte	0
 1305 04f7 00       		.byte	0
 1306 04f8 00       		.byte	0
 1307 04f9 00       		.byte	0
 1308 04fa 00       		.byte	0
 1309 04fb 00       		.byte	0
 1310 04fc 00       		.byte	0
 1311 04fd 08       		.byte	8
ARM GAS  C:\Users\ben\AppData\Local\Temp\cc3lws8q.s 			page 24


 1312 04fe 00       		.byte	0
 1313 04ff 00       		.byte	0
 1314              		.global	Filter_acu
 1315              		.align	2
 1316              		.type	Filter_acu, %object
 1317              		.size	Filter_acu, 64
 1318              	Filter_acu:
 1319 0500 28       		.byte	40
 1320 0501 14       		.byte	20
 1321 0502 00       		.byte	0
 1322 0503 00       		.byte	0
 1323 0504 00       		.byte	0
 1324 0505 00       		.byte	0
 1325 0506 00       		.byte	0
 1326 0507 00       		.byte	0
 1327 0508 00       		.byte	0
 1328 0509 00       		.byte	0
 1329 050a 00       		.byte	0
 1330 050b 00       		.byte	0
 1331 050c 3C       		.byte	60
 1332 050d 1E       		.byte	30
 1333 050e 00       		.byte	0
 1334 050f 00       		.byte	0
 1335 0510 A9       		.byte	-87
 1336 0511 14       		.byte	20
 1337 0512 00       		.byte	0
 1338 0513 00       		.byte	0
 1339 0514 02       		.byte	2
 1340 0515 01       		.byte	1
 1341 0516 00       		.byte	0
 1342 0517 00       		.byte	0
 1343 0518 E1       		.byte	-31
 1344 0519 30       		.byte	48
 1345 051a 00       		.byte	0
 1346 051b 00       		.byte	0
 1347 051c BD       		.byte	-67
 1348 051d 1E       		.byte	30
 1349 051e 00       		.byte	0
 1350 051f 00       		.byte	0
 1351 0520 BD       		.byte	-67
 1352 0521 1E       		.byte	30
 1353 0522 00       		.byte	0
 1354 0523 00       		.byte	0
 1355 0524 7E       		.byte	126
 1356 0525 3F       		.byte	63
 1357 0526 00       		.byte	0
 1358 0527 00       		.byte	0
 1359 0528 FF       		.byte	-1
 1360 0529 3F       		.byte	63
 1361 052a 00       		.byte	0
 1362 052b 00       		.byte	0
 1363 052c 00       		.byte	0
 1364 052d 00       		.byte	0
 1365 052e 00       		.byte	0
 1366 052f 00       		.byte	0
 1367 0530 00       		.byte	0
 1368 0531 00       		.byte	0
ARM GAS  C:\Users\ben\AppData\Local\Temp\cc3lws8q.s 			page 25


 1369 0532 00       		.byte	0
 1370 0533 00       		.byte	0
 1371 0534 00       		.byte	0
 1372 0535 00       		.byte	0
 1373 0536 00       		.byte	0
 1374 0537 00       		.byte	0
 1375 0538 00       		.byte	0
 1376 0539 00       		.byte	0
 1377 053a 00       		.byte	0
 1378 053b 00       		.byte	0
 1379 053c 00       		.byte	0
 1380 053d 00       		.byte	0
 1381 053e 00       		.byte	0
 1382 053f 00       		.byte	0
 1383              		.global	Filter_cfsm
 1384              		.align	2
 1385              		.type	Filter_cfsm, %object
 1386              		.size	Filter_cfsm, 256
 1387              	Filter_cfsm:
 1388 0540 21       		.byte	33
 1389 0541 F8       		.byte	-8
 1390 0542 05       		.byte	5
 1391 0543 01       		.byte	1
 1392 0544 44       		.byte	68
 1393 0545 F8       		.byte	-8
 1394 0546 0B       		.byte	11
 1395 0547 40       		.byte	64
 1396 0548 6A       		.byte	106
 1397 0549 F8       		.byte	-8
 1398 054a 41       		.byte	65
 1399 054b 80       		.byte	-128
 1400 054c 81       		.byte	-127
 1401 054d F8       		.byte	-8
 1402 054e 05       		.byte	5
 1403 054f 01       		.byte	1
 1404 0550 A5       		.byte	-91
 1405 0551 F8       		.byte	-8
 1406 0552 13       		.byte	19
 1407 0553 01       		.byte	1
 1408 0554 26       		.byte	38
 1409 0555 49       		.byte	73
 1410 0556 94       		.byte	-108
 1411 0557 21       		.byte	33
 1412 0558 E7       		.byte	-25
 1413 0559 F8       		.byte	-8
 1414 055a 1B       		.byte	27
 1415 055b 01       		.byte	1
 1416 055c 08       		.byte	8
 1417 055d F9       		.byte	-7
 1418 055e 25       		.byte	37
 1419 055f 01       		.byte	1
 1420 0560 49       		.byte	73
 1421 0561 DA       		.byte	-38
 1422 0562 B8       		.byte	-72
 1423 0563 20       		.byte	32
 1424 0564 42       		.byte	66
 1425 0565 F9       		.byte	-7
ARM GAS  C:\Users\ben\AppData\Local\Temp\cc3lws8q.s 			page 26


 1426 0566 07       		.byte	7
 1427 0567 01       		.byte	1
 1428 0568 6C       		.byte	108
 1429 0569 F9       		.byte	-7
 1430 056a 4F       		.byte	79
 1431 056b 01       		.byte	1
 1432 056c 81       		.byte	-127
 1433 056d F9       		.byte	-7
 1434 056e 05       		.byte	5
 1435 056f 01       		.byte	1
 1436 0570 EB       		.byte	-21
 1437 0571 3C       		.byte	60
 1438 0572 C9       		.byte	-55
 1439 0573 21       		.byte	33
 1440 0574 00       		.byte	0
 1441 0575 00       		.byte	0
 1442 0576 00       		.byte	0
 1443 0577 00       		.byte	0
 1444 0578 00       		.byte	0
 1445 0579 00       		.byte	0
 1446 057a 00       		.byte	0
 1447 057b 00       		.byte	0
 1448 057c 00       		.byte	0
 1449 057d 00       		.byte	0
 1450 057e 00       		.byte	0
 1451 057f 00       		.byte	0
 1452 0580 00       		.byte	0
 1453 0581 00       		.byte	0
 1454 0582 00       		.byte	0
 1455 0583 00       		.byte	0
 1456 0584 00       		.byte	0
 1457 0585 00       		.byte	0
 1458 0586 00       		.byte	0
 1459 0587 00       		.byte	0
 1460 0588 00       		.byte	0
 1461 0589 00       		.byte	0
 1462 058a 00       		.byte	0
 1463 058b 00       		.byte	0
 1464 058c 00       		.byte	0
 1465 058d 00       		.byte	0
 1466 058e 00       		.byte	0
 1467 058f 00       		.byte	0
 1468 0590 00       		.byte	0
 1469 0591 00       		.byte	0
 1470 0592 00       		.byte	0
 1471 0593 00       		.byte	0
 1472 0594 00       		.byte	0
 1473 0595 00       		.byte	0
 1474 0596 00       		.byte	0
 1475 0597 00       		.byte	0
 1476 0598 00       		.byte	0
 1477 0599 00       		.byte	0
 1478 059a 00       		.byte	0
 1479 059b 00       		.byte	0
 1480 059c 00       		.byte	0
 1481 059d 00       		.byte	0
 1482 059e 00       		.byte	0
ARM GAS  C:\Users\ben\AppData\Local\Temp\cc3lws8q.s 			page 27


 1483 059f 00       		.byte	0
 1484 05a0 00       		.byte	0
 1485 05a1 00       		.byte	0
 1486 05a2 00       		.byte	0
 1487 05a3 00       		.byte	0
 1488 05a4 00       		.byte	0
 1489 05a5 00       		.byte	0
 1490 05a6 00       		.byte	0
 1491 05a7 00       		.byte	0
 1492 05a8 00       		.byte	0
 1493 05a9 00       		.byte	0
 1494 05aa 00       		.byte	0
 1495 05ab 00       		.byte	0
 1496 05ac 00       		.byte	0
 1497 05ad 00       		.byte	0
 1498 05ae 00       		.byte	0
 1499 05af 00       		.byte	0
 1500 05b0 00       		.byte	0
 1501 05b1 00       		.byte	0
 1502 05b2 00       		.byte	0
 1503 05b3 00       		.byte	0
 1504 05b4 00       		.byte	0
 1505 05b5 00       		.byte	0
 1506 05b6 00       		.byte	0
 1507 05b7 00       		.byte	0
 1508 05b8 00       		.byte	0
 1509 05b9 00       		.byte	0
 1510 05ba 00       		.byte	0
 1511 05bb 00       		.byte	0
 1512 05bc 00       		.byte	0
 1513 05bd 00       		.byte	0
 1514 05be 00       		.byte	0
 1515 05bf 00       		.byte	0
 1516 05c0 00       		.byte	0
 1517 05c1 00       		.byte	0
 1518 05c2 00       		.byte	0
 1519 05c3 00       		.byte	0
 1520 05c4 00       		.byte	0
 1521 05c5 00       		.byte	0
 1522 05c6 00       		.byte	0
 1523 05c7 00       		.byte	0
 1524 05c8 00       		.byte	0
 1525 05c9 00       		.byte	0
 1526 05ca 00       		.byte	0
 1527 05cb 00       		.byte	0
 1528 05cc 00       		.byte	0
 1529 05cd 00       		.byte	0
 1530 05ce 00       		.byte	0
 1531 05cf 00       		.byte	0
 1532 05d0 00       		.byte	0
 1533 05d1 00       		.byte	0
 1534 05d2 00       		.byte	0
 1535 05d3 00       		.byte	0
 1536 05d4 00       		.byte	0
 1537 05d5 00       		.byte	0
 1538 05d6 00       		.byte	0
 1539 05d7 00       		.byte	0
ARM GAS  C:\Users\ben\AppData\Local\Temp\cc3lws8q.s 			page 28


 1540 05d8 00       		.byte	0
 1541 05d9 00       		.byte	0
 1542 05da 00       		.byte	0
 1543 05db 00       		.byte	0
 1544 05dc 00       		.byte	0
 1545 05dd 00       		.byte	0
 1546 05de 00       		.byte	0
 1547 05df 00       		.byte	0
 1548 05e0 00       		.byte	0
 1549 05e1 00       		.byte	0
 1550 05e2 00       		.byte	0
 1551 05e3 00       		.byte	0
 1552 05e4 00       		.byte	0
 1553 05e5 00       		.byte	0
 1554 05e6 00       		.byte	0
 1555 05e7 00       		.byte	0
 1556 05e8 00       		.byte	0
 1557 05e9 00       		.byte	0
 1558 05ea 00       		.byte	0
 1559 05eb 00       		.byte	0
 1560 05ec 00       		.byte	0
 1561 05ed 00       		.byte	0
 1562 05ee 00       		.byte	0
 1563 05ef 00       		.byte	0
 1564 05f0 00       		.byte	0
 1565 05f1 00       		.byte	0
 1566 05f2 00       		.byte	0
 1567 05f3 00       		.byte	0
 1568 05f4 00       		.byte	0
 1569 05f5 00       		.byte	0
 1570 05f6 00       		.byte	0
 1571 05f7 00       		.byte	0
 1572 05f8 00       		.byte	0
 1573 05f9 00       		.byte	0
 1574 05fa 00       		.byte	0
 1575 05fb 00       		.byte	0
 1576 05fc 00       		.byte	0
 1577 05fd 00       		.byte	0
 1578 05fe 00       		.byte	0
 1579 05ff 00       		.byte	0
 1580 0600 00       		.byte	0
 1581 0601 00       		.byte	0
 1582 0602 00       		.byte	0
 1583 0603 00       		.byte	0
 1584 0604 00       		.byte	0
 1585 0605 00       		.byte	0
 1586 0606 00       		.byte	0
 1587 0607 00       		.byte	0
 1588 0608 00       		.byte	0
 1589 0609 00       		.byte	0
 1590 060a 00       		.byte	0
 1591 060b 00       		.byte	0
 1592 060c 00       		.byte	0
 1593 060d 00       		.byte	0
 1594 060e 00       		.byte	0
 1595 060f 00       		.byte	0
 1596 0610 00       		.byte	0
ARM GAS  C:\Users\ben\AppData\Local\Temp\cc3lws8q.s 			page 29


 1597 0611 00       		.byte	0
 1598 0612 00       		.byte	0
 1599 0613 00       		.byte	0
 1600 0614 00       		.byte	0
 1601 0615 00       		.byte	0
 1602 0616 00       		.byte	0
 1603 0617 00       		.byte	0
 1604 0618 00       		.byte	0
 1605 0619 00       		.byte	0
 1606 061a 00       		.byte	0
 1607 061b 00       		.byte	0
 1608 061c 00       		.byte	0
 1609 061d 00       		.byte	0
 1610 061e 00       		.byte	0
 1611 061f 00       		.byte	0
 1612 0620 00       		.byte	0
 1613 0621 00       		.byte	0
 1614 0622 00       		.byte	0
 1615 0623 00       		.byte	0
 1616 0624 00       		.byte	0
 1617 0625 00       		.byte	0
 1618 0626 00       		.byte	0
 1619 0627 00       		.byte	0
 1620 0628 00       		.byte	0
 1621 0629 00       		.byte	0
 1622 062a 00       		.byte	0
 1623 062b 00       		.byte	0
 1624 062c 00       		.byte	0
 1625 062d 00       		.byte	0
 1626 062e 00       		.byte	0
 1627 062f 00       		.byte	0
 1628 0630 00       		.byte	0
 1629 0631 00       		.byte	0
 1630 0632 00       		.byte	0
 1631 0633 00       		.byte	0
 1632 0634 00       		.byte	0
 1633 0635 00       		.byte	0
 1634 0636 00       		.byte	0
 1635 0637 00       		.byte	0
 1636 0638 00       		.byte	0
 1637 0639 00       		.byte	0
 1638 063a 00       		.byte	0
 1639 063b 00       		.byte	0
 1640 063c 00       		.byte	0
 1641 063d 00       		.byte	0
 1642 063e 00       		.byte	0
 1643 063f 00       		.byte	0
 1644              		.text
 1645              	.Letext0:
 1646              		.file 1 "Generated_Source\\PSoC5\\Filter_RAM_Data.c"
 1647              		.file 2 "Generated_Source\\PSoC5\\cytypes.h"
 1648              		.section	.debug_info,"",%progbits
 1649              	.Ldebug_info0:
 1650 0000 27010000 		.4byte	0x127
 1651 0004 0400     		.2byte	0x4
 1652 0006 00000000 		.4byte	.Ldebug_abbrev0
 1653 000a 04       		.byte	0x4
ARM GAS  C:\Users\ben\AppData\Local\Temp\cc3lws8q.s 			page 30


 1654 000b 01       		.uleb128 0x1
 1655 000c FA000000 		.4byte	.LASF18
 1656 0010 01       		.byte	0x1
 1657 0011 B5000000 		.4byte	.LASF19
 1658 0015 55000000 		.4byte	.LASF20
 1659 0019 00000000 		.4byte	.Ldebug_line0
 1660 001d 02       		.uleb128 0x2
 1661 001e 04       		.byte	0x4
 1662 001f 05       		.byte	0x5
 1663 0020 696E7400 		.ascii	"int\000"
 1664 0024 03       		.uleb128 0x3
 1665 0025 04       		.byte	0x4
 1666 0026 07       		.byte	0x7
 1667 0027 0E000000 		.4byte	.LASF0
 1668 002b 03       		.uleb128 0x3
 1669 002c 01       		.byte	0x1
 1670 002d 06       		.byte	0x6
 1671 002e BE010000 		.4byte	.LASF1
 1672 0032 03       		.uleb128 0x3
 1673 0033 01       		.byte	0x1
 1674 0034 08       		.byte	0x8
 1675 0035 DE000000 		.4byte	.LASF2
 1676 0039 03       		.uleb128 0x3
 1677 003a 02       		.byte	0x2
 1678 003b 05       		.byte	0x5
 1679 003c DF010000 		.4byte	.LASF3
 1680 0040 03       		.uleb128 0x3
 1681 0041 02       		.byte	0x2
 1682 0042 07       		.byte	0x7
 1683 0043 AB010000 		.4byte	.LASF4
 1684 0047 03       		.uleb128 0x3
 1685 0048 04       		.byte	0x4
 1686 0049 05       		.byte	0x5
 1687 004a F1000000 		.4byte	.LASF5
 1688 004e 03       		.uleb128 0x3
 1689 004f 04       		.byte	0x4
 1690 0050 07       		.byte	0x7
 1691 0051 2C000000 		.4byte	.LASF6
 1692 0055 03       		.uleb128 0x3
 1693 0056 08       		.byte	0x8
 1694 0057 05       		.byte	0x5
 1695 0058 00000000 		.4byte	.LASF7
 1696 005c 03       		.uleb128 0x3
 1697 005d 08       		.byte	0x8
 1698 005e 07       		.byte	0x7
 1699 005f 3E000000 		.4byte	.LASF8
 1700 0063 03       		.uleb128 0x3
 1701 0064 04       		.byte	0x4
 1702 0065 07       		.byte	0x7
 1703 0066 F5010000 		.4byte	.LASF9
 1704 006a 03       		.uleb128 0x3
 1705 006b 01       		.byte	0x1
 1706 006c 08       		.byte	0x8
 1707 006d EC000000 		.4byte	.LASF10
 1708 0071 04       		.uleb128 0x4
 1709 0072 26000000 		.4byte	.LASF21
 1710 0076 02       		.byte	0x2
ARM GAS  C:\Users\ben\AppData\Local\Temp\cc3lws8q.s 			page 31


 1711 0077 9201     		.2byte	0x192
 1712 0079 32000000 		.4byte	0x32
 1713 007d 03       		.uleb128 0x3
 1714 007e 04       		.byte	0x4
 1715 007f 04       		.byte	0x4
 1716 0080 D9010000 		.4byte	.LASF11
 1717 0084 03       		.uleb128 0x3
 1718 0085 08       		.byte	0x8
 1719 0086 04       		.byte	0x4
 1720 0087 88010000 		.4byte	.LASF12
 1721 008b 05       		.uleb128 0x5
 1722 008c 71000000 		.4byte	0x71
 1723 0090 9B000000 		.4byte	0x9b
 1724 0094 06       		.uleb128 0x6
 1725 0095 63000000 		.4byte	0x63
 1726 0099 3F       		.byte	0x3f
 1727 009a 00       		.byte	0
 1728 009b 05       		.uleb128 0x5
 1729 009c 71000000 		.4byte	0x71
 1730 00a0 AB000000 		.4byte	0xab
 1731 00a4 06       		.uleb128 0x6
 1732 00a5 63000000 		.4byte	0x63
 1733 00a9 FF       		.byte	0xff
 1734 00aa 00       		.byte	0
 1735 00ab 07       		.uleb128 0x7
 1736 00ac CA010000 		.4byte	.LASF13
 1737 00b0 01       		.byte	0x1
 1738 00b1 04       		.byte	0x4
 1739 00b2 BC000000 		.4byte	0xbc
 1740 00b6 05       		.uleb128 0x5
 1741 00b7 03       		.byte	0x3
 1742 00b8 00000000 		.4byte	Filter_control
 1743 00bc 08       		.uleb128 0x8
 1744 00bd 9B000000 		.4byte	0x9b
 1745 00c1 05       		.uleb128 0x5
 1746 00c2 71000000 		.4byte	0x71
 1747 00c6 D2000000 		.4byte	0xd2
 1748 00ca 09       		.uleb128 0x9
 1749 00cb 63000000 		.4byte	0x63
 1750 00cf FF01     		.2byte	0x1ff
 1751 00d1 00       		.byte	0
 1752 00d2 07       		.uleb128 0x7
 1753 00d3 8F010000 		.4byte	.LASF14
 1754 00d7 01       		.byte	0x1
 1755 00d8 28       		.byte	0x28
 1756 00d9 E3000000 		.4byte	0xe3
 1757 00dd 05       		.uleb128 0x5
 1758 00de 03       		.byte	0x3
 1759 00df 00000000 		.4byte	Filter_data_a
 1760 00e3 08       		.uleb128 0x8
 1761 00e4 C1000000 		.4byte	0xc1
 1762 00e8 07       		.uleb128 0x7
 1763 00e9 9D010000 		.4byte	.LASF15
 1764 00ed 01       		.byte	0x1
 1765 00ee 6C       		.byte	0x6c
 1766 00ef F9000000 		.4byte	0xf9
 1767 00f3 05       		.uleb128 0x5
ARM GAS  C:\Users\ben\AppData\Local\Temp\cc3lws8q.s 			page 32


 1768 00f4 03       		.byte	0x3
 1769 00f5 00000000 		.4byte	Filter_data_b
 1770 00f9 08       		.uleb128 0x8
 1771 00fa C1000000 		.4byte	0xc1
 1772 00fe 07       		.uleb128 0x7
 1773 00ff E9010000 		.4byte	.LASF16
 1774 0103 01       		.byte	0x1
 1775 0104 BC       		.byte	0xbc
 1776 0105 0F010000 		.4byte	0x10f
 1777 0109 05       		.uleb128 0x5
 1778 010a 03       		.byte	0x3
 1779 010b 00000000 		.4byte	Filter_cfsm
 1780 010f 08       		.uleb128 0x8
 1781 0110 9B000000 		.4byte	0x9b
 1782 0114 07       		.uleb128 0x7
 1783 0115 1B000000 		.4byte	.LASF17
 1784 0119 01       		.byte	0x1
 1785 011a B0       		.byte	0xb0
 1786 011b 25010000 		.4byte	0x125
 1787 011f 05       		.uleb128 0x5
 1788 0120 03       		.byte	0x3
 1789 0121 00000000 		.4byte	Filter_acu
 1790 0125 08       		.uleb128 0x8
 1791 0126 8B000000 		.4byte	0x8b
 1792 012a 00       		.byte	0
 1793              		.section	.debug_abbrev,"",%progbits
 1794              	.Ldebug_abbrev0:
 1795 0000 01       		.uleb128 0x1
 1796 0001 11       		.uleb128 0x11
 1797 0002 01       		.byte	0x1
 1798 0003 25       		.uleb128 0x25
 1799 0004 0E       		.uleb128 0xe
 1800 0005 13       		.uleb128 0x13
 1801 0006 0B       		.uleb128 0xb
 1802 0007 03       		.uleb128 0x3
 1803 0008 0E       		.uleb128 0xe
 1804 0009 1B       		.uleb128 0x1b
 1805 000a 0E       		.uleb128 0xe
 1806 000b 10       		.uleb128 0x10
 1807 000c 17       		.uleb128 0x17
 1808 000d 00       		.byte	0
 1809 000e 00       		.byte	0
 1810 000f 02       		.uleb128 0x2
 1811 0010 24       		.uleb128 0x24
 1812 0011 00       		.byte	0
 1813 0012 0B       		.uleb128 0xb
 1814 0013 0B       		.uleb128 0xb
 1815 0014 3E       		.uleb128 0x3e
 1816 0015 0B       		.uleb128 0xb
 1817 0016 03       		.uleb128 0x3
 1818 0017 08       		.uleb128 0x8
 1819 0018 00       		.byte	0
 1820 0019 00       		.byte	0
 1821 001a 03       		.uleb128 0x3
 1822 001b 24       		.uleb128 0x24
 1823 001c 00       		.byte	0
 1824 001d 0B       		.uleb128 0xb
ARM GAS  C:\Users\ben\AppData\Local\Temp\cc3lws8q.s 			page 33


 1825 001e 0B       		.uleb128 0xb
 1826 001f 3E       		.uleb128 0x3e
 1827 0020 0B       		.uleb128 0xb
 1828 0021 03       		.uleb128 0x3
 1829 0022 0E       		.uleb128 0xe
 1830 0023 00       		.byte	0
 1831 0024 00       		.byte	0
 1832 0025 04       		.uleb128 0x4
 1833 0026 16       		.uleb128 0x16
 1834 0027 00       		.byte	0
 1835 0028 03       		.uleb128 0x3
 1836 0029 0E       		.uleb128 0xe
 1837 002a 3A       		.uleb128 0x3a
 1838 002b 0B       		.uleb128 0xb
 1839 002c 3B       		.uleb128 0x3b
 1840 002d 05       		.uleb128 0x5
 1841 002e 49       		.uleb128 0x49
 1842 002f 13       		.uleb128 0x13
 1843 0030 00       		.byte	0
 1844 0031 00       		.byte	0
 1845 0032 05       		.uleb128 0x5
 1846 0033 01       		.uleb128 0x1
 1847 0034 01       		.byte	0x1
 1848 0035 49       		.uleb128 0x49
 1849 0036 13       		.uleb128 0x13
 1850 0037 01       		.uleb128 0x1
 1851 0038 13       		.uleb128 0x13
 1852 0039 00       		.byte	0
 1853 003a 00       		.byte	0
 1854 003b 06       		.uleb128 0x6
 1855 003c 21       		.uleb128 0x21
 1856 003d 00       		.byte	0
 1857 003e 49       		.uleb128 0x49
 1858 003f 13       		.uleb128 0x13
 1859 0040 2F       		.uleb128 0x2f
 1860 0041 0B       		.uleb128 0xb
 1861 0042 00       		.byte	0
 1862 0043 00       		.byte	0
 1863 0044 07       		.uleb128 0x7
 1864 0045 34       		.uleb128 0x34
 1865 0046 00       		.byte	0
 1866 0047 03       		.uleb128 0x3
 1867 0048 0E       		.uleb128 0xe
 1868 0049 3A       		.uleb128 0x3a
 1869 004a 0B       		.uleb128 0xb
 1870 004b 3B       		.uleb128 0x3b
 1871 004c 0B       		.uleb128 0xb
 1872 004d 49       		.uleb128 0x49
 1873 004e 13       		.uleb128 0x13
 1874 004f 3F       		.uleb128 0x3f
 1875 0050 19       		.uleb128 0x19
 1876 0051 02       		.uleb128 0x2
 1877 0052 18       		.uleb128 0x18
 1878 0053 00       		.byte	0
 1879 0054 00       		.byte	0
 1880 0055 08       		.uleb128 0x8
 1881 0056 26       		.uleb128 0x26
ARM GAS  C:\Users\ben\AppData\Local\Temp\cc3lws8q.s 			page 34


 1882 0057 00       		.byte	0
 1883 0058 49       		.uleb128 0x49
 1884 0059 13       		.uleb128 0x13
 1885 005a 00       		.byte	0
 1886 005b 00       		.byte	0
 1887 005c 09       		.uleb128 0x9
 1888 005d 21       		.uleb128 0x21
 1889 005e 00       		.byte	0
 1890 005f 49       		.uleb128 0x49
 1891 0060 13       		.uleb128 0x13
 1892 0061 2F       		.uleb128 0x2f
 1893 0062 05       		.uleb128 0x5
 1894 0063 00       		.byte	0
 1895 0064 00       		.byte	0
 1896 0065 00       		.byte	0
 1897              		.section	.debug_aranges,"",%progbits
 1898 0000 14000000 		.4byte	0x14
 1899 0004 0200     		.2byte	0x2
 1900 0006 00000000 		.4byte	.Ldebug_info0
 1901 000a 04       		.byte	0x4
 1902 000b 00       		.byte	0
 1903 000c 0000     		.2byte	0
 1904 000e 0000     		.2byte	0
 1905 0010 00000000 		.4byte	0
 1906 0014 00000000 		.4byte	0
 1907              		.section	.debug_line,"",%progbits
 1908              	.Ldebug_line0:
 1909 0000 52000000 		.section	.debug_str,"MS",%progbits,1
 1909      02004C00 
 1909      00000201 
 1909      FB0E0D00 
 1909      01010101 
 1910              	.LASF7:
 1911 0000 6C6F6E67 		.ascii	"long long int\000"
 1911      206C6F6E 
 1911      6720696E 
 1911      7400
 1912              	.LASF0:
 1913 000e 756E7369 		.ascii	"unsigned int\000"
 1913      676E6564 
 1913      20696E74 
 1913      00
 1914              	.LASF17:
 1915 001b 46696C74 		.ascii	"Filter_acu\000"
 1915      65725F61 
 1915      637500
 1916              	.LASF21:
 1917 0026 75696E74 		.ascii	"uint8\000"
 1917      3800
 1918              	.LASF6:
 1919 002c 6C6F6E67 		.ascii	"long unsigned int\000"
 1919      20756E73 
 1919      69676E65 
 1919      6420696E 
 1919      7400
 1920              	.LASF8:
 1921 003e 6C6F6E67 		.ascii	"long long unsigned int\000"
ARM GAS  C:\Users\ben\AppData\Local\Temp\cc3lws8q.s 			page 35


 1921      206C6F6E 
 1921      6720756E 
 1921      7369676E 
 1921      65642069 
 1922              	.LASF20:
 1923 0055 433A5C55 		.ascii	"C:\\Users\\ben\\Documents\\PSoC Creator\\New Pedal "
 1923      73657273 
 1923      5C62656E 
 1923      5C446F63 
 1923      756D656E 
 1924 0083 5468696E 		.ascii	"Thingz\\PSOC_BIT_MANGLER\\BIT-MANGLER\\ADC_DAC.cyds"
 1924      677A5C50 
 1924      534F435F 
 1924      4249545F 
 1924      4D414E47 
 1925 00b3 6E00     		.ascii	"n\000"
 1926              	.LASF19:
 1927 00b5 47656E65 		.ascii	"Generated_Source\\PSoC5\\Filter_RAM_Data.c\000"
 1927      72617465 
 1927      645F536F 
 1927      75726365 
 1927      5C50536F 
 1928              	.LASF2:
 1929 00de 756E7369 		.ascii	"unsigned char\000"
 1929      676E6564 
 1929      20636861 
 1929      7200
 1930              	.LASF10:
 1931 00ec 63686172 		.ascii	"char\000"
 1931      00
 1932              	.LASF5:
 1933 00f1 6C6F6E67 		.ascii	"long int\000"
 1933      20696E74 
 1933      00
 1934              	.LASF18:
 1935 00fa 474E5520 		.ascii	"GNU C 4.9.3 20150303 (release) [ARM/embedded-4_9-br"
 1935      4320342E 
 1935      392E3320 
 1935      32303135 
 1935      30333033 
 1936 012d 616E6368 		.ascii	"anch revision 221220] -mcpu=cortex-m3 -mthumb -g -O"
 1936      20726576 
 1936      6973696F 
 1936      6E203232 
 1936      31323230 
 1937 0160 30202D66 		.ascii	"0 -ffunction-sections -ffat-lto-objects\000"
 1937      66756E63 
 1937      74696F6E 
 1937      2D736563 
 1937      74696F6E 
 1938              	.LASF12:
 1939 0188 646F7562 		.ascii	"double\000"
 1939      6C6500
 1940              	.LASF14:
 1941 018f 46696C74 		.ascii	"Filter_data_a\000"
 1941      65725F64 
 1941      6174615F 
ARM GAS  C:\Users\ben\AppData\Local\Temp\cc3lws8q.s 			page 36


 1941      6100
 1942              	.LASF15:
 1943 019d 46696C74 		.ascii	"Filter_data_b\000"
 1943      65725F64 
 1943      6174615F 
 1943      6200
 1944              	.LASF4:
 1945 01ab 73686F72 		.ascii	"short unsigned int\000"
 1945      7420756E 
 1945      7369676E 
 1945      65642069 
 1945      6E7400
 1946              	.LASF1:
 1947 01be 7369676E 		.ascii	"signed char\000"
 1947      65642063 
 1947      68617200 
 1948              	.LASF13:
 1949 01ca 46696C74 		.ascii	"Filter_control\000"
 1949      65725F63 
 1949      6F6E7472 
 1949      6F6C00
 1950              	.LASF11:
 1951 01d9 666C6F61 		.ascii	"float\000"
 1951      7400
 1952              	.LASF3:
 1953 01df 73686F72 		.ascii	"short int\000"
 1953      7420696E 
 1953      7400
 1954              	.LASF16:
 1955 01e9 46696C74 		.ascii	"Filter_cfsm\000"
 1955      65725F63 
 1955      66736D00 
 1956              	.LASF9:
 1957 01f5 73697A65 		.ascii	"sizetype\000"
 1957      74797065 
 1957      00
 1958              		.ident	"GCC: (GNU Tools for ARM Embedded Processors) 4.9.3 20150303 (release) [ARM/embedded-4_9-br
