ARM GAS  C:\Users\ben\AppData\Local\Temp\ccpooAJu.s 			page 1


   1              		.syntax unified
   2              		.cpu cortex-m3
   3              		.fpu softvfp
   4              		.eabi_attribute 20, 1
   5              		.eabi_attribute 21, 1
   6              		.eabi_attribute 23, 3
   7              		.eabi_attribute 24, 1
   8              		.eabi_attribute 25, 1
   9              		.eabi_attribute 26, 1
  10              		.eabi_attribute 30, 6
  11              		.eabi_attribute 34, 1
  12              		.eabi_attribute 18, 4
  13              		.thumb
  14              		.file	"Filter_Coefficients.c"
  15              		.text
  16              	.Ltext0:
  17              		.cfi_sections	.debug_frame
  18              		.global	Filter_ChannelAFirCoefficients
  19              		.section	.rodata
  20              		.align	2
  21              		.type	Filter_ChannelAFirCoefficients, %object
  22              		.size	Filter_ChannelAFirCoefficients, 268
  23              	Filter_ChannelAFirCoefficients:
  24 0000 00       		.byte	0
  25 0001 00       		.byte	0
  26 0002 00       		.byte	0
  27 0003 00       		.byte	0
  28 0004 00       		.byte	0
  29 0005 00       		.byte	0
  30 0006 00       		.byte	0
  31 0007 00       		.byte	0
  32 0008 00       		.byte	0
  33 0009 00       		.byte	0
  34 000a 00       		.byte	0
  35 000b 00       		.byte	0
  36 000c 00       		.byte	0
  37 000d 00       		.byte	0
  38 000e 00       		.byte	0
  39 000f 00       		.byte	0
  40 0010 03       		.byte	3
  41 0011 00       		.byte	0
  42 0012 00       		.byte	0
  43 0013 00       		.byte	0
  44 0014 07       		.byte	7
  45 0015 00       		.byte	0
  46 0016 00       		.byte	0
  47 0017 00       		.byte	0
  48 0018 FB       		.byte	-5
  49 0019 FF       		.byte	-1
  50 001a FF       		.byte	-1
  51 001b 00       		.byte	0
  52 001c DC       		.byte	-36
  53 001d FF       		.byte	-1
  54 001e FF       		.byte	-1
  55 001f 00       		.byte	0
  56 0020 E8       		.byte	-24
  57 0021 FF       		.byte	-1
ARM GAS  C:\Users\ben\AppData\Local\Temp\ccpooAJu.s 			page 2


  58 0022 FF       		.byte	-1
  59 0023 00       		.byte	0
  60 0024 70       		.byte	112
  61 0025 00       		.byte	0
  62 0026 00       		.byte	0
  63 0027 00       		.byte	0
  64 0028 EC       		.byte	-20
  65 0029 00       		.byte	0
  66 002a 00       		.byte	0
  67 002b 00       		.byte	0
  68 002c C5       		.byte	-59
  69 002d FF       		.byte	-1
  70 002e FF       		.byte	-1
  71 002f 00       		.byte	0
  72 0030 F8       		.byte	-8
  73 0031 FC       		.byte	-4
  74 0032 FF       		.byte	-1
  75 0033 00       		.byte	0
  76 0034 12       		.byte	18
  77 0035 FD       		.byte	-3
  78 0036 FF       		.byte	-1
  79 0037 00       		.byte	0
  80 0038 D0       		.byte	-48
  81 0039 04       		.byte	4
  82 003a 00       		.byte	0
  83 003b 00       		.byte	0
  84 003c 3D       		.byte	61
  85 003d 0D       		.byte	13
  86 003e 00       		.byte	0
  87 003f 00       		.byte	0
  88 0040 46       		.byte	70
  89 0041 03       		.byte	3
  90 0042 00       		.byte	0
  91 0043 00       		.byte	0
  92 0044 82       		.byte	-126
  93 0045 E3       		.byte	-29
  94 0046 FF       		.byte	-1
  95 0047 00       		.byte	0
  96 0048 DD       		.byte	-35
  97 0049 D5       		.byte	-43
  98 004a FF       		.byte	-1
  99 004b 00       		.byte	0
 100 004c ED       		.byte	-19
 101 004d 0A       		.byte	10
 102 004e 00       		.byte	0
 103 004f 00       		.byte	0
 104 0050 C1       		.byte	-63
 105 0051 5E       		.byte	94
 106 0052 00       		.byte	0
 107 0053 00       		.byte	0
 108 0054 76       		.byte	118
 109 0055 44       		.byte	68
 110 0056 00       		.byte	0
 111 0057 00       		.byte	0
 112 0058 3B       		.byte	59
 113 0059 6E       		.byte	110
 114 005a FF       		.byte	-1
ARM GAS  C:\Users\ben\AppData\Local\Temp\ccpooAJu.s 			page 3


 115 005b 00       		.byte	0
 116 005c E4       		.byte	-28
 117 005d A1       		.byte	-95
 118 005e FE       		.byte	-2
 119 005f 00       		.byte	0
 120 0060 4B       		.byte	75
 121 0061 56       		.byte	86
 122 0062 FF       		.byte	-1
 123 0063 00       		.byte	0
 124 0064 70       		.byte	112
 125 0065 C0       		.byte	-64
 126 0066 01       		.byte	1
 127 0067 00       		.byte	0
 128 0068 6C       		.byte	108
 129 0069 69       		.byte	105
 130 006a 03       		.byte	3
 131 006b 00       		.byte	0
 132 006c 65       		.byte	101
 133 006d 07       		.byte	7
 134 006e 01       		.byte	1
 135 006f 00       		.byte	0
 136 0070 2D       		.byte	45
 137 0071 FC       		.byte	-4
 138 0072 FA       		.byte	-6
 139 0073 00       		.byte	0
 140 0074 63       		.byte	99
 141 0075 8C       		.byte	-116
 142 0076 F7       		.byte	-9
 143 0077 00       		.byte	0
 144 0078 26       		.byte	38
 145 0079 8D       		.byte	-115
 146 007a FE       		.byte	-2
 147 007b 00       		.byte	0
 148 007c A5       		.byte	-91
 149 007d 18       		.byte	24
 150 007e 11       		.byte	17
 151 007f 00       		.byte	0
 152 0080 0C       		.byte	12
 153 0081 C3       		.byte	-61
 154 0082 25       		.byte	37
 155 0083 00       		.byte	0
 156 0084 82       		.byte	-126
 157 0085 D1       		.byte	-47
 158 0086 2E       		.byte	46
 159 0087 00       		.byte	0
 160 0088 0C       		.byte	12
 161 0089 C3       		.byte	-61
 162 008a 25       		.byte	37
 163 008b 00       		.byte	0
 164 008c A5       		.byte	-91
 165 008d 18       		.byte	24
 166 008e 11       		.byte	17
 167 008f 00       		.byte	0
 168 0090 26       		.byte	38
 169 0091 8D       		.byte	-115
 170 0092 FE       		.byte	-2
 171 0093 00       		.byte	0
ARM GAS  C:\Users\ben\AppData\Local\Temp\ccpooAJu.s 			page 4


 172 0094 63       		.byte	99
 173 0095 8C       		.byte	-116
 174 0096 F7       		.byte	-9
 175 0097 00       		.byte	0
 176 0098 2D       		.byte	45
 177 0099 FC       		.byte	-4
 178 009a FA       		.byte	-6
 179 009b 00       		.byte	0
 180 009c 65       		.byte	101
 181 009d 07       		.byte	7
 182 009e 01       		.byte	1
 183 009f 00       		.byte	0
 184 00a0 6C       		.byte	108
 185 00a1 69       		.byte	105
 186 00a2 03       		.byte	3
 187 00a3 00       		.byte	0
 188 00a4 70       		.byte	112
 189 00a5 C0       		.byte	-64
 190 00a6 01       		.byte	1
 191 00a7 00       		.byte	0
 192 00a8 4B       		.byte	75
 193 00a9 56       		.byte	86
 194 00aa FF       		.byte	-1
 195 00ab 00       		.byte	0
 196 00ac E4       		.byte	-28
 197 00ad A1       		.byte	-95
 198 00ae FE       		.byte	-2
 199 00af 00       		.byte	0
 200 00b0 3B       		.byte	59
 201 00b1 6E       		.byte	110
 202 00b2 FF       		.byte	-1
 203 00b3 00       		.byte	0
 204 00b4 76       		.byte	118
 205 00b5 44       		.byte	68
 206 00b6 00       		.byte	0
 207 00b7 00       		.byte	0
 208 00b8 C1       		.byte	-63
 209 00b9 5E       		.byte	94
 210 00ba 00       		.byte	0
 211 00bb 00       		.byte	0
 212 00bc ED       		.byte	-19
 213 00bd 0A       		.byte	10
 214 00be 00       		.byte	0
 215 00bf 00       		.byte	0
 216 00c0 DD       		.byte	-35
 217 00c1 D5       		.byte	-43
 218 00c2 FF       		.byte	-1
 219 00c3 00       		.byte	0
 220 00c4 82       		.byte	-126
 221 00c5 E3       		.byte	-29
 222 00c6 FF       		.byte	-1
 223 00c7 00       		.byte	0
 224 00c8 46       		.byte	70
 225 00c9 03       		.byte	3
 226 00ca 00       		.byte	0
 227 00cb 00       		.byte	0
 228 00cc 3D       		.byte	61
ARM GAS  C:\Users\ben\AppData\Local\Temp\ccpooAJu.s 			page 5


 229 00cd 0D       		.byte	13
 230 00ce 00       		.byte	0
 231 00cf 00       		.byte	0
 232 00d0 D0       		.byte	-48
 233 00d1 04       		.byte	4
 234 00d2 00       		.byte	0
 235 00d3 00       		.byte	0
 236 00d4 12       		.byte	18
 237 00d5 FD       		.byte	-3
 238 00d6 FF       		.byte	-1
 239 00d7 00       		.byte	0
 240 00d8 F8       		.byte	-8
 241 00d9 FC       		.byte	-4
 242 00da FF       		.byte	-1
 243 00db 00       		.byte	0
 244 00dc C5       		.byte	-59
 245 00dd FF       		.byte	-1
 246 00de FF       		.byte	-1
 247 00df 00       		.byte	0
 248 00e0 EC       		.byte	-20
 249 00e1 00       		.byte	0
 250 00e2 00       		.byte	0
 251 00e3 00       		.byte	0
 252 00e4 70       		.byte	112
 253 00e5 00       		.byte	0
 254 00e6 00       		.byte	0
 255 00e7 00       		.byte	0
 256 00e8 E8       		.byte	-24
 257 00e9 FF       		.byte	-1
 258 00ea FF       		.byte	-1
 259 00eb 00       		.byte	0
 260 00ec DC       		.byte	-36
 261 00ed FF       		.byte	-1
 262 00ee FF       		.byte	-1
 263 00ef 00       		.byte	0
 264 00f0 FB       		.byte	-5
 265 00f1 FF       		.byte	-1
 266 00f2 FF       		.byte	-1
 267 00f3 00       		.byte	0
 268 00f4 07       		.byte	7
 269 00f5 00       		.byte	0
 270 00f6 00       		.byte	0
 271 00f7 00       		.byte	0
 272 00f8 03       		.byte	3
 273 00f9 00       		.byte	0
 274 00fa 00       		.byte	0
 275 00fb 00       		.byte	0
 276 00fc 00       		.byte	0
 277 00fd 00       		.byte	0
 278 00fe 00       		.byte	0
 279 00ff 00       		.byte	0
 280 0100 00       		.byte	0
 281 0101 00       		.byte	0
 282 0102 00       		.byte	0
 283 0103 00       		.byte	0
 284 0104 00       		.byte	0
 285 0105 00       		.byte	0
ARM GAS  C:\Users\ben\AppData\Local\Temp\ccpooAJu.s 			page 6


 286 0106 00       		.byte	0
 287 0107 00       		.byte	0
 288 0108 00       		.byte	0
 289 0109 00       		.byte	0
 290 010a 00       		.byte	0
 291 010b 00       		.byte	0
 292              		.global	Filter_ChannelBFirCoefficients
 293              		.align	2
 294              		.type	Filter_ChannelBFirCoefficients, %object
 295              		.size	Filter_ChannelBFirCoefficients, 148
 296              	Filter_ChannelBFirCoefficients:
 297 010c 00       		.byte	0
 298 010d 00       		.byte	0
 299 010e 00       		.byte	0
 300 010f 00       		.byte	0
 301 0110 FF       		.byte	-1
 302 0111 FF       		.byte	-1
 303 0112 FF       		.byte	-1
 304 0113 00       		.byte	0
 305 0114 F5       		.byte	-11
 306 0115 FF       		.byte	-1
 307 0116 FF       		.byte	-1
 308 0117 00       		.byte	0
 309 0118 14       		.byte	20
 310 0119 00       		.byte	0
 311 011a 00       		.byte	0
 312 011b 00       		.byte	0
 313 011c 8A       		.byte	-118
 314 011d 00       		.byte	0
 315 011e 00       		.byte	0
 316 011f 00       		.byte	0
 317 0120 1B       		.byte	27
 318 0121 FF       		.byte	-1
 319 0122 FF       		.byte	-1
 320 0123 00       		.byte	0
 321 0124 7F       		.byte	127
 322 0125 FB       		.byte	-5
 323 0126 FF       		.byte	-1
 324 0127 00       		.byte	0
 325 0128 7B       		.byte	123
 326 0129 05       		.byte	5
 327 012a 00       		.byte	0
 328 012b 00       		.byte	0
 329 012c 68       		.byte	104
 330 012d 1C       		.byte	28
 331 012e 00       		.byte	0
 332 012f 00       		.byte	0
 333 0130 01       		.byte	1
 334 0131 EC       		.byte	-20
 335 0132 FF       		.byte	-1
 336 0133 00       		.byte	0
 337 0134 2F       		.byte	47
 338 0135 68       		.byte	104
 339 0136 FF       		.byte	-1
 340 0137 00       		.byte	0
 341 0138 09       		.byte	9
 342 0139 DE       		.byte	-34
ARM GAS  C:\Users\ben\AppData\Local\Temp\ccpooAJu.s 			page 7


 343 013a FF       		.byte	-1
 344 013b 00       		.byte	0
 345 013c 5F       		.byte	95
 346 013d DA       		.byte	-38
 347 013e 01       		.byte	1
 348 013f 00       		.byte	0
 349 0140 7A       		.byte	122
 350 0141 51       		.byte	81
 351 0142 01       		.byte	1
 352 0143 00       		.byte	0
 353 0144 86       		.byte	-122
 354 0145 D6       		.byte	-42
 355 0146 FA       		.byte	-6
 356 0147 00       		.byte	0
 357 0148 88       		.byte	-120
 358 0149 05       		.byte	5
 359 014a F8       		.byte	-8
 360 014b 00       		.byte	0
 361 014c F0       		.byte	-16
 362 014d 7F       		.byte	127
 363 014e 09       		.byte	9
 364 014f 00       		.byte	0
 365 0150 D8       		.byte	-40
 366 0151 B3       		.byte	-77
 367 0152 2A       		.byte	42
 368 0153 00       		.byte	0
 369 0154 4B       		.byte	75
 370 0155 50       		.byte	80
 371 0156 3C       		.byte	60
 372 0157 00       		.byte	0
 373 0158 D8       		.byte	-40
 374 0159 B3       		.byte	-77
 375 015a 2A       		.byte	42
 376 015b 00       		.byte	0
 377 015c F0       		.byte	-16
 378 015d 7F       		.byte	127
 379 015e 09       		.byte	9
 380 015f 00       		.byte	0
 381 0160 88       		.byte	-120
 382 0161 05       		.byte	5
 383 0162 F8       		.byte	-8
 384 0163 00       		.byte	0
 385 0164 86       		.byte	-122
 386 0165 D6       		.byte	-42
 387 0166 FA       		.byte	-6
 388 0167 00       		.byte	0
 389 0168 7A       		.byte	122
 390 0169 51       		.byte	81
 391 016a 01       		.byte	1
 392 016b 00       		.byte	0
 393 016c 5F       		.byte	95
 394 016d DA       		.byte	-38
 395 016e 01       		.byte	1
 396 016f 00       		.byte	0
 397 0170 09       		.byte	9
 398 0171 DE       		.byte	-34
 399 0172 FF       		.byte	-1
ARM GAS  C:\Users\ben\AppData\Local\Temp\ccpooAJu.s 			page 8


 400 0173 00       		.byte	0
 401 0174 2F       		.byte	47
 402 0175 68       		.byte	104
 403 0176 FF       		.byte	-1
 404 0177 00       		.byte	0
 405 0178 01       		.byte	1
 406 0179 EC       		.byte	-20
 407 017a FF       		.byte	-1
 408 017b 00       		.byte	0
 409 017c 68       		.byte	104
 410 017d 1C       		.byte	28
 411 017e 00       		.byte	0
 412 017f 00       		.byte	0
 413 0180 7B       		.byte	123
 414 0181 05       		.byte	5
 415 0182 00       		.byte	0
 416 0183 00       		.byte	0
 417 0184 7F       		.byte	127
 418 0185 FB       		.byte	-5
 419 0186 FF       		.byte	-1
 420 0187 00       		.byte	0
 421 0188 1B       		.byte	27
 422 0189 FF       		.byte	-1
 423 018a FF       		.byte	-1
 424 018b 00       		.byte	0
 425 018c 8A       		.byte	-118
 426 018d 00       		.byte	0
 427 018e 00       		.byte	0
 428 018f 00       		.byte	0
 429 0190 14       		.byte	20
 430 0191 00       		.byte	0
 431 0192 00       		.byte	0
 432 0193 00       		.byte	0
 433 0194 F5       		.byte	-11
 434 0195 FF       		.byte	-1
 435 0196 FF       		.byte	-1
 436 0197 00       		.byte	0
 437 0198 FF       		.byte	-1
 438 0199 FF       		.byte	-1
 439 019a FF       		.byte	-1
 440 019b 00       		.byte	0
 441 019c 00       		.byte	0
 442 019d 00       		.byte	0
 443 019e 00       		.byte	0
 444 019f 00       		.byte	0
 445              		.text
 446              	.Letext0:
 447              		.file 1 "Generated_Source\\PSoC5\\Filter_Coefficients.c"
 448              		.file 2 "Generated_Source\\PSoC5\\cytypes.h"
 449              		.section	.debug_info,"",%progbits
 450              	.Ldebug_info0:
 451 0000 D5000000 		.4byte	0xd5
 452 0004 0400     		.2byte	0x4
 453 0006 00000000 		.4byte	.Ldebug_abbrev0
 454 000a 04       		.byte	0x4
 455 000b 01       		.uleb128 0x1
 456 000c C3000000 		.4byte	.LASF15
ARM GAS  C:\Users\ben\AppData\Local\Temp\ccpooAJu.s 			page 9


 457 0010 01       		.byte	0x1
 458 0011 AF010000 		.4byte	.LASF16
 459 0015 1B000000 		.4byte	.LASF17
 460 0019 00000000 		.4byte	.Ldebug_line0
 461 001d 02       		.uleb128 0x2
 462 001e 04       		.byte	0x4
 463 001f 05       		.byte	0x5
 464 0020 696E7400 		.ascii	"int\000"
 465 0024 03       		.uleb128 0x3
 466 0025 04       		.byte	0x4
 467 0026 07       		.byte	0x7
 468 0027 0E000000 		.4byte	.LASF0
 469 002b 03       		.uleb128 0x3
 470 002c 01       		.byte	0x1
 471 002d 06       		.byte	0x6
 472 002e 6B010000 		.4byte	.LASF1
 473 0032 03       		.uleb128 0x3
 474 0033 01       		.byte	0x1
 475 0034 08       		.byte	0x8
 476 0035 A7000000 		.4byte	.LASF2
 477 0039 03       		.uleb128 0x3
 478 003a 02       		.byte	0x2
 479 003b 05       		.byte	0x5
 480 003c 7D010000 		.4byte	.LASF3
 481 0040 03       		.uleb128 0x3
 482 0041 02       		.byte	0x2
 483 0042 07       		.byte	0x7
 484 0043 58010000 		.4byte	.LASF4
 485 0047 03       		.uleb128 0x3
 486 0048 04       		.byte	0x4
 487 0049 05       		.byte	0x5
 488 004a BA000000 		.4byte	.LASF5
 489 004e 03       		.uleb128 0x3
 490 004f 04       		.byte	0x4
 491 0050 07       		.byte	0x7
 492 0051 5F000000 		.4byte	.LASF6
 493 0055 03       		.uleb128 0x3
 494 0056 08       		.byte	0x8
 495 0057 05       		.byte	0x5
 496 0058 00000000 		.4byte	.LASF7
 497 005c 03       		.uleb128 0x3
 498 005d 08       		.byte	0x8
 499 005e 07       		.byte	0x7
 500 005f 90000000 		.4byte	.LASF8
 501 0063 03       		.uleb128 0x3
 502 0064 04       		.byte	0x4
 503 0065 07       		.byte	0x7
 504 0066 A6010000 		.4byte	.LASF9
 505 006a 03       		.uleb128 0x3
 506 006b 01       		.byte	0x1
 507 006c 08       		.byte	0x8
 508 006d B5000000 		.4byte	.LASF10
 509 0071 04       		.uleb128 0x4
 510 0072 59000000 		.4byte	.LASF18
 511 0076 02       		.byte	0x2
 512 0077 9201     		.2byte	0x192
 513 0079 32000000 		.4byte	0x32
ARM GAS  C:\Users\ben\AppData\Local\Temp\ccpooAJu.s 			page 10


 514 007d 03       		.uleb128 0x3
 515 007e 04       		.byte	0x4
 516 007f 04       		.byte	0x4
 517 0080 77010000 		.4byte	.LASF11
 518 0084 03       		.uleb128 0x3
 519 0085 08       		.byte	0x8
 520 0086 04       		.byte	0x4
 521 0087 51010000 		.4byte	.LASF12
 522 008b 05       		.uleb128 0x5
 523 008c 71000000 		.4byte	0x71
 524 0090 9C000000 		.4byte	0x9c
 525 0094 06       		.uleb128 0x6
 526 0095 63000000 		.4byte	0x63
 527 0099 0B01     		.2byte	0x10b
 528 009b 00       		.byte	0
 529 009c 07       		.uleb128 0x7
 530 009d 87010000 		.4byte	.LASF13
 531 00a1 01       		.byte	0x1
 532 00a2 11       		.byte	0x11
 533 00a3 AD000000 		.4byte	0xad
 534 00a7 05       		.uleb128 0x5
 535 00a8 03       		.byte	0x3
 536 00a9 00000000 		.4byte	Filter_ChannelAFirCoefficients
 537 00ad 08       		.uleb128 0x8
 538 00ae 8B000000 		.4byte	0x8b
 539 00b2 05       		.uleb128 0x5
 540 00b3 71000000 		.4byte	0x71
 541 00b7 C2000000 		.4byte	0xc2
 542 00bb 09       		.uleb128 0x9
 543 00bc 63000000 		.4byte	0x63
 544 00c0 93       		.byte	0x93
 545 00c1 00       		.byte	0
 546 00c2 07       		.uleb128 0x7
 547 00c3 71000000 		.4byte	.LASF14
 548 00c7 01       		.byte	0x1
 549 00c8 A7       		.byte	0xa7
 550 00c9 D3000000 		.4byte	0xd3
 551 00cd 05       		.uleb128 0x5
 552 00ce 03       		.byte	0x3
 553 00cf 00000000 		.4byte	Filter_ChannelBFirCoefficients
 554 00d3 08       		.uleb128 0x8
 555 00d4 B2000000 		.4byte	0xb2
 556 00d8 00       		.byte	0
 557              		.section	.debug_abbrev,"",%progbits
 558              	.Ldebug_abbrev0:
 559 0000 01       		.uleb128 0x1
 560 0001 11       		.uleb128 0x11
 561 0002 01       		.byte	0x1
 562 0003 25       		.uleb128 0x25
 563 0004 0E       		.uleb128 0xe
 564 0005 13       		.uleb128 0x13
 565 0006 0B       		.uleb128 0xb
 566 0007 03       		.uleb128 0x3
 567 0008 0E       		.uleb128 0xe
 568 0009 1B       		.uleb128 0x1b
 569 000a 0E       		.uleb128 0xe
 570 000b 10       		.uleb128 0x10
ARM GAS  C:\Users\ben\AppData\Local\Temp\ccpooAJu.s 			page 11


 571 000c 17       		.uleb128 0x17
 572 000d 00       		.byte	0
 573 000e 00       		.byte	0
 574 000f 02       		.uleb128 0x2
 575 0010 24       		.uleb128 0x24
 576 0011 00       		.byte	0
 577 0012 0B       		.uleb128 0xb
 578 0013 0B       		.uleb128 0xb
 579 0014 3E       		.uleb128 0x3e
 580 0015 0B       		.uleb128 0xb
 581 0016 03       		.uleb128 0x3
 582 0017 08       		.uleb128 0x8
 583 0018 00       		.byte	0
 584 0019 00       		.byte	0
 585 001a 03       		.uleb128 0x3
 586 001b 24       		.uleb128 0x24
 587 001c 00       		.byte	0
 588 001d 0B       		.uleb128 0xb
 589 001e 0B       		.uleb128 0xb
 590 001f 3E       		.uleb128 0x3e
 591 0020 0B       		.uleb128 0xb
 592 0021 03       		.uleb128 0x3
 593 0022 0E       		.uleb128 0xe
 594 0023 00       		.byte	0
 595 0024 00       		.byte	0
 596 0025 04       		.uleb128 0x4
 597 0026 16       		.uleb128 0x16
 598 0027 00       		.byte	0
 599 0028 03       		.uleb128 0x3
 600 0029 0E       		.uleb128 0xe
 601 002a 3A       		.uleb128 0x3a
 602 002b 0B       		.uleb128 0xb
 603 002c 3B       		.uleb128 0x3b
 604 002d 05       		.uleb128 0x5
 605 002e 49       		.uleb128 0x49
 606 002f 13       		.uleb128 0x13
 607 0030 00       		.byte	0
 608 0031 00       		.byte	0
 609 0032 05       		.uleb128 0x5
 610 0033 01       		.uleb128 0x1
 611 0034 01       		.byte	0x1
 612 0035 49       		.uleb128 0x49
 613 0036 13       		.uleb128 0x13
 614 0037 01       		.uleb128 0x1
 615 0038 13       		.uleb128 0x13
 616 0039 00       		.byte	0
 617 003a 00       		.byte	0
 618 003b 06       		.uleb128 0x6
 619 003c 21       		.uleb128 0x21
 620 003d 00       		.byte	0
 621 003e 49       		.uleb128 0x49
 622 003f 13       		.uleb128 0x13
 623 0040 2F       		.uleb128 0x2f
 624 0041 05       		.uleb128 0x5
 625 0042 00       		.byte	0
 626 0043 00       		.byte	0
 627 0044 07       		.uleb128 0x7
ARM GAS  C:\Users\ben\AppData\Local\Temp\ccpooAJu.s 			page 12


 628 0045 34       		.uleb128 0x34
 629 0046 00       		.byte	0
 630 0047 03       		.uleb128 0x3
 631 0048 0E       		.uleb128 0xe
 632 0049 3A       		.uleb128 0x3a
 633 004a 0B       		.uleb128 0xb
 634 004b 3B       		.uleb128 0x3b
 635 004c 0B       		.uleb128 0xb
 636 004d 49       		.uleb128 0x49
 637 004e 13       		.uleb128 0x13
 638 004f 3F       		.uleb128 0x3f
 639 0050 19       		.uleb128 0x19
 640 0051 02       		.uleb128 0x2
 641 0052 18       		.uleb128 0x18
 642 0053 00       		.byte	0
 643 0054 00       		.byte	0
 644 0055 08       		.uleb128 0x8
 645 0056 26       		.uleb128 0x26
 646 0057 00       		.byte	0
 647 0058 49       		.uleb128 0x49
 648 0059 13       		.uleb128 0x13
 649 005a 00       		.byte	0
 650 005b 00       		.byte	0
 651 005c 09       		.uleb128 0x9
 652 005d 21       		.uleb128 0x21
 653 005e 00       		.byte	0
 654 005f 49       		.uleb128 0x49
 655 0060 13       		.uleb128 0x13
 656 0061 2F       		.uleb128 0x2f
 657 0062 0B       		.uleb128 0xb
 658 0063 00       		.byte	0
 659 0064 00       		.byte	0
 660 0065 00       		.byte	0
 661              		.section	.debug_aranges,"",%progbits
 662 0000 14000000 		.4byte	0x14
 663 0004 0200     		.2byte	0x2
 664 0006 00000000 		.4byte	.Ldebug_info0
 665 000a 04       		.byte	0x4
 666 000b 00       		.byte	0
 667 000c 0000     		.2byte	0
 668 000e 0000     		.2byte	0
 669 0010 00000000 		.4byte	0
 670 0014 00000000 		.4byte	0
 671              		.section	.debug_line,"",%progbits
 672              	.Ldebug_line0:
 673 0000 56000000 		.section	.debug_str,"MS",%progbits,1
 673      02005000 
 673      00000201 
 673      FB0E0D00 
 673      01010101 
 674              	.LASF7:
 675 0000 6C6F6E67 		.ascii	"long long int\000"
 675      206C6F6E 
 675      6720696E 
 675      7400
 676              	.LASF0:
 677 000e 756E7369 		.ascii	"unsigned int\000"
ARM GAS  C:\Users\ben\AppData\Local\Temp\ccpooAJu.s 			page 13


 677      676E6564 
 677      20696E74 
 677      00
 678              	.LASF17:
 679 001b 433A5C55 		.ascii	"C:\\Users\\ben\\Documents\\PSoC Creator\\BIT-MANGLE"
 679      73657273 
 679      5C62656E 
 679      5C446F63 
 679      756D656E 
 680 0049 525C4144 		.ascii	"R\\ADC_DAC.cydsn\000"
 680      435F4441 
 680      432E6379 
 680      64736E00 
 681              	.LASF18:
 682 0059 75696E74 		.ascii	"uint8\000"
 682      3800
 683              	.LASF6:
 684 005f 6C6F6E67 		.ascii	"long unsigned int\000"
 684      20756E73 
 684      69676E65 
 684      6420696E 
 684      7400
 685              	.LASF14:
 686 0071 46696C74 		.ascii	"Filter_ChannelBFirCoefficients\000"
 686      65725F43 
 686      68616E6E 
 686      656C4246 
 686      6972436F 
 687              	.LASF8:
 688 0090 6C6F6E67 		.ascii	"long long unsigned int\000"
 688      206C6F6E 
 688      6720756E 
 688      7369676E 
 688      65642069 
 689              	.LASF2:
 690 00a7 756E7369 		.ascii	"unsigned char\000"
 690      676E6564 
 690      20636861 
 690      7200
 691              	.LASF10:
 692 00b5 63686172 		.ascii	"char\000"
 692      00
 693              	.LASF5:
 694 00ba 6C6F6E67 		.ascii	"long int\000"
 694      20696E74 
 694      00
 695              	.LASF15:
 696 00c3 474E5520 		.ascii	"GNU C 4.9.3 20150303 (release) [ARM/embedded-4_9-br"
 696      4320342E 
 696      392E3320 
 696      32303135 
 696      30333033 
 697 00f6 616E6368 		.ascii	"anch revision 221220] -mcpu=cortex-m3 -mthumb -g -O"
 697      20726576 
 697      6973696F 
 697      6E203232 
 697      31323230 
ARM GAS  C:\Users\ben\AppData\Local\Temp\ccpooAJu.s 			page 14


 698 0129 30202D66 		.ascii	"0 -ffunction-sections -ffat-lto-objects\000"
 698      66756E63 
 698      74696F6E 
 698      2D736563 
 698      74696F6E 
 699              	.LASF12:
 700 0151 646F7562 		.ascii	"double\000"
 700      6C6500
 701              	.LASF4:
 702 0158 73686F72 		.ascii	"short unsigned int\000"
 702      7420756E 
 702      7369676E 
 702      65642069 
 702      6E7400
 703              	.LASF1:
 704 016b 7369676E 		.ascii	"signed char\000"
 704      65642063 
 704      68617200 
 705              	.LASF11:
 706 0177 666C6F61 		.ascii	"float\000"
 706      7400
 707              	.LASF3:
 708 017d 73686F72 		.ascii	"short int\000"
 708      7420696E 
 708      7400
 709              	.LASF13:
 710 0187 46696C74 		.ascii	"Filter_ChannelAFirCoefficients\000"
 710      65725F43 
 710      68616E6E 
 710      656C4146 
 710      6972436F 
 711              	.LASF9:
 712 01a6 73697A65 		.ascii	"sizetype\000"
 712      74797065 
 712      00
 713              	.LASF16:
 714 01af 47656E65 		.ascii	"Generated_Source\\PSoC5\\Filter_Coefficients.c\000"
 714      72617465 
 714      645F536F 
 714      75726365 
 714      5C50536F 
 715              		.ident	"GCC: (GNU Tools for ARM Embedded Processors) 4.9.3 20150303 (release) [ARM/embedded-4_9-br
