ARM GAS  C:\Users\ben\AppData\Local\Temp\ccmpwyHg.s 			page 1


   1              		.syntax unified
   2              		.cpu cortex-m3
   3              		.fpu softvfp
   4              		.eabi_attribute 20, 1
   5              		.eabi_attribute 21, 1
   6              		.eabi_attribute 23, 3
   7              		.eabi_attribute 24, 1
   8              		.eabi_attribute 25, 1
   9              		.eabi_attribute 26, 1
  10              		.eabi_attribute 30, 6
  11              		.eabi_attribute 34, 1
  12              		.eabi_attribute 18, 4
  13              		.thumb
  14              		.file	"Filter_PM.c"
  15              		.text
  16              	.Ltext0:
  17              		.cfi_sections	.debug_frame
  18              		.data
  19              		.align	2
  20              		.type	Filter_backup, %object
  21              		.size	Filter_backup, 68
  22              	Filter_backup:
  23 0000 00       		.byte	0
  24 0001 01       		.byte	1
  25 0002 00000000 		.space	66
  25      00000000 
  25      00000000 
  25      00000000 
  25      00000000 
  26              		.section	.text.Filter_SaveConfig,"ax",%progbits
  27              		.align	2
  28              		.global	Filter_SaveConfig
  29              		.thumb
  30              		.thumb_func
  31              		.type	Filter_SaveConfig, %function
  32              	Filter_SaveConfig:
  33              	.LFB0:
  34              		.file 1 "Generated_Source\\PSoC5\\Filter_PM.c"
   1:Generated_Source\PSoC5/Filter_PM.c **** /*******************************************************************************
   2:Generated_Source\PSoC5/Filter_PM.c **** * File Name: Filter_PM.c
   3:Generated_Source\PSoC5/Filter_PM.c **** * Version 2.30
   4:Generated_Source\PSoC5/Filter_PM.c **** *
   5:Generated_Source\PSoC5/Filter_PM.c **** * Description:
   6:Generated_Source\PSoC5/Filter_PM.c **** *  This file provides the power managaer API source code for the FILT component.
   7:Generated_Source\PSoC5/Filter_PM.c **** *
   8:Generated_Source\PSoC5/Filter_PM.c **** * Note:
   9:Generated_Source\PSoC5/Filter_PM.c **** *  
  10:Generated_Source\PSoC5/Filter_PM.c **** *******************************************************************************
  11:Generated_Source\PSoC5/Filter_PM.c **** * Copyright 2008-2013, Cypress Semiconductor Corporation.  All rights reserved.
  12:Generated_Source\PSoC5/Filter_PM.c **** * You may use this file only in accordance with the license, terms, conditions, 
  13:Generated_Source\PSoC5/Filter_PM.c **** * disclaimers, and limitations in the end user license agreement accompanying 
  14:Generated_Source\PSoC5/Filter_PM.c **** * the software package with which this file was provided.
  15:Generated_Source\PSoC5/Filter_PM.c **** ********************************************************************************/
  16:Generated_Source\PSoC5/Filter_PM.c **** 
  17:Generated_Source\PSoC5/Filter_PM.c **** #include "Filter_PVT.h"
  18:Generated_Source\PSoC5/Filter_PM.c **** 
  19:Generated_Source\PSoC5/Filter_PM.c **** static Filter_backupStruct  Filter_backup = 
ARM GAS  C:\Users\ben\AppData\Local\Temp\ccmpwyHg.s 			page 2


  20:Generated_Source\PSoC5/Filter_PM.c **** {
  21:Generated_Source\PSoC5/Filter_PM.c ****     Filter_DISABLED,
  22:Generated_Source\PSoC5/Filter_PM.c ****     Filter_RUN_MASK,
  23:Generated_Source\PSoC5/Filter_PM.c ****     
  24:Generated_Source\PSoC5/Filter_PM.c **** };
  25:Generated_Source\PSoC5/Filter_PM.c **** 
  26:Generated_Source\PSoC5/Filter_PM.c **** 
  27:Generated_Source\PSoC5/Filter_PM.c **** /*******************************************************************************
  28:Generated_Source\PSoC5/Filter_PM.c **** * Function Name: Filter_SaveConfig
  29:Generated_Source\PSoC5/Filter_PM.c **** ********************************************************************************
  30:Generated_Source\PSoC5/Filter_PM.c **** *
  31:Generated_Source\PSoC5/Filter_PM.c **** * Summary:
  32:Generated_Source\PSoC5/Filter_PM.c **** *  Saves the current user configuration.
  33:Generated_Source\PSoC5/Filter_PM.c **** *  
  34:Generated_Source\PSoC5/Filter_PM.c **** * Parameters:  
  35:Generated_Source\PSoC5/Filter_PM.c **** *  void
  36:Generated_Source\PSoC5/Filter_PM.c **** *
  37:Generated_Source\PSoC5/Filter_PM.c **** * Return: 
  38:Generated_Source\PSoC5/Filter_PM.c **** *  void
  39:Generated_Source\PSoC5/Filter_PM.c **** *
  40:Generated_Source\PSoC5/Filter_PM.c **** * Global variables:
  41:Generated_Source\PSoC5/Filter_PM.c **** *  Filter_backup:  This global structure variable is used to store 
  42:Generated_Source\PSoC5/Filter_PM.c **** *  configuration registers which are non retention whenever user wants to go 
  43:Generated_Source\PSoC5/Filter_PM.c **** *  sleep mode by calling Sleep() API.
  44:Generated_Source\PSoC5/Filter_PM.c **** *
  45:Generated_Source\PSoC5/Filter_PM.c **** *******************************************************************************/
  46:Generated_Source\PSoC5/Filter_PM.c **** void Filter_SaveConfig(void) 
  47:Generated_Source\PSoC5/Filter_PM.c **** {
  35              		.loc 1 47 0
  36              		.cfi_startproc
  37              		@ args = 0, pretend = 0, frame = 0
  38              		@ frame_needed = 1, uses_anonymous_args = 0
  39              		@ link register save eliminated.
  40 0000 B0B4     		push	{r4, r5, r7}
  41              		.cfi_def_cfa_offset 12
  42              		.cfi_offset 4, -12
  43              		.cfi_offset 5, -8
  44              		.cfi_offset 7, -4
  45 0002 00AF     		add	r7, sp, #0
  46              		.cfi_def_cfa_register 7
  48:Generated_Source\PSoC5/Filter_PM.c ****     Filter_backup.sr = Filter_SR_REG;
  47              		.loc 1 48 0
  48 0004 104B     		ldr	r3, .L2
  49 0006 1B78     		ldrb	r3, [r3]
  50 0008 DAB2     		uxtb	r2, r3
  51 000a 104B     		ldr	r3, .L2+4
  52 000c 9A70     		strb	r2, [r3, #2]
  49:Generated_Source\PSoC5/Filter_PM.c ****     Filter_backup.sema = Filter_SEMA_REG;
  53              		.loc 1 49 0
  54 000e 104B     		ldr	r3, .L2+8
  55 0010 1B78     		ldrb	r3, [r3]
  56 0012 DAB2     		uxtb	r2, r3
  57 0014 0D4B     		ldr	r3, .L2+4
  58 0016 DA70     		strb	r2, [r3, #3]
  50:Generated_Source\PSoC5/Filter_PM.c **** 
  51:Generated_Source\PSoC5/Filter_PM.c ****     /* Put DFB RAM on the bus */
  52:Generated_Source\PSoC5/Filter_PM.c ****     Filter_RAM_DIR_REG = Filter_RAM_DIR_BUS;
ARM GAS  C:\Users\ben\AppData\Local\Temp\ccmpwyHg.s 			page 3


  59              		.loc 1 52 0
  60 0018 0E4B     		ldr	r3, .L2+12
  61 001a 3F22     		movs	r2, #63
  62 001c 1A70     		strb	r2, [r3]
  53:Generated_Source\PSoC5/Filter_PM.c **** 
  54:Generated_Source\PSoC5/Filter_PM.c ****     /* Save the ACU RAM as this is not retension */
  55:Generated_Source\PSoC5/Filter_PM.c ****     (void)memcpy(Filter_backup.saveAcu,
  63              		.loc 1 55 0
  64 001e 0B4B     		ldr	r3, .L2+4
  65 0020 0D4A     		ldr	r2, .L2+16
  66 0022 1C1D     		adds	r4, r3, #4
  67 0024 1546     		mov	r5, r2
  68 0026 0FCD     		ldmia	r5!, {r0, r1, r2, r3}
  69 0028 0FC4     		stmia	r4!, {r0, r1, r2, r3}
  70 002a 0FCD     		ldmia	r5!, {r0, r1, r2, r3}
  71 002c 0FC4     		stmia	r4!, {r0, r1, r2, r3}
  72 002e 0FCD     		ldmia	r5!, {r0, r1, r2, r3}
  73 0030 0FC4     		stmia	r4!, {r0, r1, r2, r3}
  74 0032 95E80F00 		ldmia	r5, {r0, r1, r2, r3}
  75 0036 84E80F00 		stmia	r4, {r0, r1, r2, r3}
  56:Generated_Source\PSoC5/Filter_PM.c ****         Filter_ACU_RAM, Filter_ACU_RAM_SIZE); 
  57:Generated_Source\PSoC5/Filter_PM.c **** 
  58:Generated_Source\PSoC5/Filter_PM.c ****     /* Take DFB RAM off the bus */
  59:Generated_Source\PSoC5/Filter_PM.c ****     Filter_RAM_DIR_REG = Filter_RAM_DIR_DFB;
  76              		.loc 1 59 0
  77 003a 064B     		ldr	r3, .L2+12
  78 003c 0022     		movs	r2, #0
  79 003e 1A70     		strb	r2, [r3]
  60:Generated_Source\PSoC5/Filter_PM.c **** }
  80              		.loc 1 60 0
  81 0040 BD46     		mov	sp, r7
  82              		.cfi_def_cfa_register 13
  83              		@ sp needed
  84 0042 B0BC     		pop	{r4, r5, r7}
  85              		.cfi_restore 7
  86              		.cfi_restore 5
  87              		.cfi_restore 4
  88              		.cfi_def_cfa_offset 0
  89 0044 7047     		bx	lr
  90              	.L3:
  91 0046 00BF     		.align	2
  92              	.L2:
  93 0048 84C70040 		.word	1073792900
  94 004c 00000000 		.word	Filter_backup
  95 0050 90C70040 		.word	1073792912
  96 0054 8CC70040 		.word	1073792908
  97 0058 00C70040 		.word	1073792768
  98              		.cfi_endproc
  99              	.LFE0:
 100              		.size	Filter_SaveConfig, .-Filter_SaveConfig
 101              		.section	.text.Filter_RestoreConfig,"ax",%progbits
 102              		.align	2
 103              		.global	Filter_RestoreConfig
 104              		.thumb
 105              		.thumb_func
 106              		.type	Filter_RestoreConfig, %function
 107              	Filter_RestoreConfig:
ARM GAS  C:\Users\ben\AppData\Local\Temp\ccmpwyHg.s 			page 4


 108              	.LFB1:
  61:Generated_Source\PSoC5/Filter_PM.c **** 
  62:Generated_Source\PSoC5/Filter_PM.c **** 
  63:Generated_Source\PSoC5/Filter_PM.c **** /*******************************************************************************
  64:Generated_Source\PSoC5/Filter_PM.c **** * Function Name: Filter_RestoreConfig
  65:Generated_Source\PSoC5/Filter_PM.c **** ********************************************************************************
  66:Generated_Source\PSoC5/Filter_PM.c **** *
  67:Generated_Source\PSoC5/Filter_PM.c **** * Summary:
  68:Generated_Source\PSoC5/Filter_PM.c **** *  Restores the current user configuration.
  69:Generated_Source\PSoC5/Filter_PM.c **** *
  70:Generated_Source\PSoC5/Filter_PM.c **** * Parameters:  
  71:Generated_Source\PSoC5/Filter_PM.c **** *  void
  72:Generated_Source\PSoC5/Filter_PM.c **** *
  73:Generated_Source\PSoC5/Filter_PM.c **** * Return: 
  74:Generated_Source\PSoC5/Filter_PM.c **** *  void
  75:Generated_Source\PSoC5/Filter_PM.c **** *
  76:Generated_Source\PSoC5/Filter_PM.c **** * Global variables:
  77:Generated_Source\PSoC5/Filter_PM.c **** *  Filter_backup:  This global structure variable is used to restore 
  78:Generated_Source\PSoC5/Filter_PM.c **** *  configuration registers which are non retention whenever user wants to switch 
  79:Generated_Source\PSoC5/Filter_PM.c **** *  to active power mode by calling Wakeup() API.
  80:Generated_Source\PSoC5/Filter_PM.c **** *
  81:Generated_Source\PSoC5/Filter_PM.c **** *******************************************************************************/
  82:Generated_Source\PSoC5/Filter_PM.c **** void Filter_RestoreConfig(void) 
  83:Generated_Source\PSoC5/Filter_PM.c **** {
 109              		.loc 1 83 0
 110              		.cfi_startproc
 111              		@ args = 0, pretend = 0, frame = 0
 112              		@ frame_needed = 1, uses_anonymous_args = 0
 113              		@ link register save eliminated.
 114 0000 B0B4     		push	{r4, r5, r7}
 115              		.cfi_def_cfa_offset 12
 116              		.cfi_offset 4, -12
 117              		.cfi_offset 5, -8
 118              		.cfi_offset 7, -4
 119 0002 00AF     		add	r7, sp, #0
 120              		.cfi_def_cfa_register 7
  84:Generated_Source\PSoC5/Filter_PM.c ****     Filter_SR_REG = Filter_backup.sr;
 121              		.loc 1 84 0
 122 0004 134B     		ldr	r3, .L5
 123 0006 144A     		ldr	r2, .L5+4
 124 0008 9278     		ldrb	r2, [r2, #2]	@ zero_extendqisi2
 125 000a 1A70     		strb	r2, [r3]
  85:Generated_Source\PSoC5/Filter_PM.c ****     Filter_SEMA_REG = Filter_backup.sema;
 126              		.loc 1 85 0
 127 000c 134B     		ldr	r3, .L5+8
 128 000e 124A     		ldr	r2, .L5+4
 129 0010 D278     		ldrb	r2, [r2, #3]	@ zero_extendqisi2
 130 0012 1A70     		strb	r2, [r3]
  86:Generated_Source\PSoC5/Filter_PM.c ****     
  87:Generated_Source\PSoC5/Filter_PM.c ****     /* Power on DFB before initializing the RAMs */
  88:Generated_Source\PSoC5/Filter_PM.c ****     Filter_PM_ACT_CFG_REG |= Filter_PM_ACT_MSK;
 131              		.loc 1 88 0
 132 0014 124A     		ldr	r2, .L5+12
 133 0016 124B     		ldr	r3, .L5+12
 134 0018 1B78     		ldrb	r3, [r3]
 135 001a DBB2     		uxtb	r3, r3
 136 001c 43F01003 		orr	r3, r3, #16
ARM GAS  C:\Users\ben\AppData\Local\Temp\ccmpwyHg.s 			page 5


 137 0020 DBB2     		uxtb	r3, r3
 138 0022 1370     		strb	r3, [r2]
  89:Generated_Source\PSoC5/Filter_PM.c **** 
  90:Generated_Source\PSoC5/Filter_PM.c ****     /* Put DFB RAM on the bus */
  91:Generated_Source\PSoC5/Filter_PM.c ****     Filter_RAM_DIR_REG = Filter_RAM_DIR_BUS;
 139              		.loc 1 91 0
 140 0024 0F4B     		ldr	r3, .L5+16
 141 0026 3F22     		movs	r2, #63
 142 0028 1A70     		strb	r2, [r3]
  92:Generated_Source\PSoC5/Filter_PM.c **** 
  93:Generated_Source\PSoC5/Filter_PM.c ****     /* Restore ACU RAM as this is not retension */
  94:Generated_Source\PSoC5/Filter_PM.c ****     (void)memcpy(Filter_ACU_RAM,
 143              		.loc 1 94 0
 144 002a 0F4A     		ldr	r2, .L5+20
 145 002c 0A4B     		ldr	r3, .L5+4
 146 002e 1546     		mov	r5, r2
 147 0030 1C1D     		adds	r4, r3, #4
 148 0032 0FCC     		ldmia	r4!, {r0, r1, r2, r3}
 149 0034 0FC5     		stmia	r5!, {r0, r1, r2, r3}
 150 0036 0FCC     		ldmia	r4!, {r0, r1, r2, r3}
 151 0038 0FC5     		stmia	r5!, {r0, r1, r2, r3}
 152 003a 0FCC     		ldmia	r4!, {r0, r1, r2, r3}
 153 003c 0FC5     		stmia	r5!, {r0, r1, r2, r3}
 154 003e 94E80F00 		ldmia	r4, {r0, r1, r2, r3}
 155 0042 85E80F00 		stmia	r5, {r0, r1, r2, r3}
  95:Generated_Source\PSoC5/Filter_PM.c ****         Filter_backup.saveAcu, Filter_ACU_RAM_SIZE); 
  96:Generated_Source\PSoC5/Filter_PM.c **** 
  97:Generated_Source\PSoC5/Filter_PM.c ****     /* Take DFB RAM off the bus */
  98:Generated_Source\PSoC5/Filter_PM.c ****     Filter_RAM_DIR_REG = Filter_RAM_DIR_DFB;
 156              		.loc 1 98 0
 157 0046 074B     		ldr	r3, .L5+16
 158 0048 0022     		movs	r2, #0
 159 004a 1A70     		strb	r2, [r3]
  99:Generated_Source\PSoC5/Filter_PM.c **** }
 160              		.loc 1 99 0
 161 004c BD46     		mov	sp, r7
 162              		.cfi_def_cfa_register 13
 163              		@ sp needed
 164 004e B0BC     		pop	{r4, r5, r7}
 165              		.cfi_restore 7
 166              		.cfi_restore 5
 167              		.cfi_restore 4
 168              		.cfi_def_cfa_offset 0
 169 0050 7047     		bx	lr
 170              	.L6:
 171 0052 00BF     		.align	2
 172              	.L5:
 173 0054 84C70040 		.word	1073792900
 174 0058 00000000 		.word	Filter_backup
 175 005c 90C70040 		.word	1073792912
 176 0060 A6430040 		.word	1073759142
 177 0064 8CC70040 		.word	1073792908
 178 0068 00C70040 		.word	1073792768
 179              		.cfi_endproc
 180              	.LFE1:
 181              		.size	Filter_RestoreConfig, .-Filter_RestoreConfig
 182              		.section	.text.Filter_Sleep,"ax",%progbits
ARM GAS  C:\Users\ben\AppData\Local\Temp\ccmpwyHg.s 			page 6


 183              		.align	2
 184              		.global	Filter_Sleep
 185              		.thumb
 186              		.thumb_func
 187              		.type	Filter_Sleep, %function
 188              	Filter_Sleep:
 189              	.LFB2:
 100:Generated_Source\PSoC5/Filter_PM.c **** 
 101:Generated_Source\PSoC5/Filter_PM.c **** 
 102:Generated_Source\PSoC5/Filter_PM.c **** /*******************************************************************************
 103:Generated_Source\PSoC5/Filter_PM.c **** * Function Name: Filter_Sleep
 104:Generated_Source\PSoC5/Filter_PM.c **** ********************************************************************************
 105:Generated_Source\PSoC5/Filter_PM.c **** *
 106:Generated_Source\PSoC5/Filter_PM.c **** * Summary:
 107:Generated_Source\PSoC5/Filter_PM.c **** *  Disables block's operation and saves its configuration. Should be called 
 108:Generated_Source\PSoC5/Filter_PM.c **** *  just prior to entering sleep.
 109:Generated_Source\PSoC5/Filter_PM.c **** *  
 110:Generated_Source\PSoC5/Filter_PM.c **** * Parameters:  
 111:Generated_Source\PSoC5/Filter_PM.c **** *  void
 112:Generated_Source\PSoC5/Filter_PM.c **** *
 113:Generated_Source\PSoC5/Filter_PM.c **** * Return: 
 114:Generated_Source\PSoC5/Filter_PM.c **** *  void
 115:Generated_Source\PSoC5/Filter_PM.c **** *
 116:Generated_Source\PSoC5/Filter_PM.c **** * Global variables:
 117:Generated_Source\PSoC5/Filter_PM.c **** *  Filter_backup:  The structure field 'enableState' is modified 
 118:Generated_Source\PSoC5/Filter_PM.c **** *  depending on the enable state of the block before entering to sleep mode.
 119:Generated_Source\PSoC5/Filter_PM.c **** *
 120:Generated_Source\PSoC5/Filter_PM.c **** *******************************************************************************/
 121:Generated_Source\PSoC5/Filter_PM.c **** void Filter_Sleep(void) 
 122:Generated_Source\PSoC5/Filter_PM.c **** {
 190              		.loc 1 122 0
 191              		.cfi_startproc
 192              		@ args = 0, pretend = 0, frame = 0
 193              		@ frame_needed = 1, uses_anonymous_args = 0
 194 0000 80B5     		push	{r7, lr}
 195              		.cfi_def_cfa_offset 8
 196              		.cfi_offset 7, -8
 197              		.cfi_offset 14, -4
 198 0002 00AF     		add	r7, sp, #0
 199              		.cfi_def_cfa_register 7
 123:Generated_Source\PSoC5/Filter_PM.c ****     /* Save Filter enable state */
 124:Generated_Source\PSoC5/Filter_PM.c ****     if(Filter_PM_ACT_MSK == (Filter_PM_ACT_CFG_REG & Filter_PM_ACT_MSK))
 200              		.loc 1 124 0
 201 0004 094B     		ldr	r3, .L10
 202 0006 1B78     		ldrb	r3, [r3]
 203 0008 DBB2     		uxtb	r3, r3
 204 000a 03F01003 		and	r3, r3, #16
 205 000e 002B     		cmp	r3, #0
 206 0010 03D0     		beq	.L8
 125:Generated_Source\PSoC5/Filter_PM.c ****     {
 126:Generated_Source\PSoC5/Filter_PM.c ****         /* Component is enabled */
 127:Generated_Source\PSoC5/Filter_PM.c ****         Filter_backup.enableState = Filter_ENABLED;
 207              		.loc 1 127 0
 208 0012 074B     		ldr	r3, .L10+4
 209 0014 0122     		movs	r2, #1
 210 0016 1A70     		strb	r2, [r3]
 211 0018 02E0     		b	.L9
ARM GAS  C:\Users\ben\AppData\Local\Temp\ccmpwyHg.s 			page 7


 212              	.L8:
 128:Generated_Source\PSoC5/Filter_PM.c ****     }
 129:Generated_Source\PSoC5/Filter_PM.c ****     else
 130:Generated_Source\PSoC5/Filter_PM.c ****     {
 131:Generated_Source\PSoC5/Filter_PM.c ****         /* Component is disabled */
 132:Generated_Source\PSoC5/Filter_PM.c ****         Filter_backup.enableState = Filter_DISABLED;
 213              		.loc 1 132 0
 214 001a 054B     		ldr	r3, .L10+4
 215 001c 0022     		movs	r2, #0
 216 001e 1A70     		strb	r2, [r3]
 217              	.L9:
 133:Generated_Source\PSoC5/Filter_PM.c ****     }
 134:Generated_Source\PSoC5/Filter_PM.c **** 
 135:Generated_Source\PSoC5/Filter_PM.c ****     /* Save the configuration */
 136:Generated_Source\PSoC5/Filter_PM.c ****     Filter_SaveConfig();
 218              		.loc 1 136 0
 219 0020 FFF7FEFF 		bl	Filter_SaveConfig
 137:Generated_Source\PSoC5/Filter_PM.c ****     
 138:Generated_Source\PSoC5/Filter_PM.c ****     /* Stop the component */
 139:Generated_Source\PSoC5/Filter_PM.c ****     Filter_Stop();
 220              		.loc 1 139 0
 221 0024 FFF7FEFF 		bl	Filter_Stop
 140:Generated_Source\PSoC5/Filter_PM.c **** }
 222              		.loc 1 140 0
 223 0028 80BD     		pop	{r7, pc}
 224              	.L11:
 225 002a 00BF     		.align	2
 226              	.L10:
 227 002c A6430040 		.word	1073759142
 228 0030 00000000 		.word	Filter_backup
 229              		.cfi_endproc
 230              	.LFE2:
 231              		.size	Filter_Sleep, .-Filter_Sleep
 232              		.section	.text.Filter_Wakeup,"ax",%progbits
 233              		.align	2
 234              		.global	Filter_Wakeup
 235              		.thumb
 236              		.thumb_func
 237              		.type	Filter_Wakeup, %function
 238              	Filter_Wakeup:
 239              	.LFB3:
 141:Generated_Source\PSoC5/Filter_PM.c **** 
 142:Generated_Source\PSoC5/Filter_PM.c **** 
 143:Generated_Source\PSoC5/Filter_PM.c **** /*******************************************************************************
 144:Generated_Source\PSoC5/Filter_PM.c **** * Function Name: Filter_Wakeup
 145:Generated_Source\PSoC5/Filter_PM.c **** ********************************************************************************
 146:Generated_Source\PSoC5/Filter_PM.c **** *
 147:Generated_Source\PSoC5/Filter_PM.c **** * Summary:
 148:Generated_Source\PSoC5/Filter_PM.c **** *  Enables block's operation and restores its configuration. Should be called
 149:Generated_Source\PSoC5/Filter_PM.c **** *  just after awaking from sleep.
 150:Generated_Source\PSoC5/Filter_PM.c **** *  
 151:Generated_Source\PSoC5/Filter_PM.c **** * Parameters:  
 152:Generated_Source\PSoC5/Filter_PM.c **** *  void
 153:Generated_Source\PSoC5/Filter_PM.c **** *
 154:Generated_Source\PSoC5/Filter_PM.c **** * Return: 
 155:Generated_Source\PSoC5/Filter_PM.c **** *  void
 156:Generated_Source\PSoC5/Filter_PM.c **** *
ARM GAS  C:\Users\ben\AppData\Local\Temp\ccmpwyHg.s 			page 8


 157:Generated_Source\PSoC5/Filter_PM.c **** * Global variables:
 158:Generated_Source\PSoC5/Filter_PM.c **** *  Filter_backup:  The structure field 'enableState' is used to 
 159:Generated_Source\PSoC5/Filter_PM.c **** *  restore the enable state of block after wakeup from sleep mode.
 160:Generated_Source\PSoC5/Filter_PM.c **** *
 161:Generated_Source\PSoC5/Filter_PM.c **** *******************************************************************************/
 162:Generated_Source\PSoC5/Filter_PM.c **** void Filter_Wakeup(void) 
 163:Generated_Source\PSoC5/Filter_PM.c **** {
 240              		.loc 1 163 0
 241              		.cfi_startproc
 242              		@ args = 0, pretend = 0, frame = 0
 243              		@ frame_needed = 1, uses_anonymous_args = 0
 244 0000 80B5     		push	{r7, lr}
 245              		.cfi_def_cfa_offset 8
 246              		.cfi_offset 7, -8
 247              		.cfi_offset 14, -4
 248 0002 00AF     		add	r7, sp, #0
 249              		.cfi_def_cfa_register 7
 164:Generated_Source\PSoC5/Filter_PM.c ****     /* Restore the configuration */
 165:Generated_Source\PSoC5/Filter_PM.c ****     Filter_RestoreConfig();
 250              		.loc 1 165 0
 251 0004 FFF7FEFF 		bl	Filter_RestoreConfig
 166:Generated_Source\PSoC5/Filter_PM.c ****     
 167:Generated_Source\PSoC5/Filter_PM.c ****     /* Enable's the component operation */
 168:Generated_Source\PSoC5/Filter_PM.c ****     if(Filter_backup.enableState == Filter_ENABLED)
 252              		.loc 1 168 0
 253 0008 034B     		ldr	r3, .L14
 254 000a 1B78     		ldrb	r3, [r3]	@ zero_extendqisi2
 255 000c 012B     		cmp	r3, #1
 256 000e 01D1     		bne	.L12
 169:Generated_Source\PSoC5/Filter_PM.c ****     {
 170:Generated_Source\PSoC5/Filter_PM.c ****         Filter_Enable();
 257              		.loc 1 170 0
 258 0010 FFF7FEFF 		bl	Filter_Enable
 259              	.L12:
 171:Generated_Source\PSoC5/Filter_PM.c ****     } /* Do nothing if component was disable before */
 172:Generated_Source\PSoC5/Filter_PM.c **** }
 260              		.loc 1 172 0
 261 0014 80BD     		pop	{r7, pc}
 262              	.L15:
 263 0016 00BF     		.align	2
 264              	.L14:
 265 0018 00000000 		.word	Filter_backup
 266              		.cfi_endproc
 267              	.LFE3:
 268              		.size	Filter_Wakeup, .-Filter_Wakeup
 269              		.text
 270              	.Letext0:
 271              		.file 2 "Generated_Source\\PSoC5\\cytypes.h"
 272              		.file 3 "Generated_Source\\PSoC5\\Filter.H"
 273              		.section	.debug_info,"",%progbits
 274              	.Ldebug_info0:
 275 0000 60010000 		.4byte	0x160
 276 0004 0400     		.2byte	0x4
 277 0006 00000000 		.4byte	.Ldebug_abbrev0
 278 000a 04       		.byte	0x4
 279 000b 01       		.uleb128 0x1
 280 000c 41010000 		.4byte	.LASF24
ARM GAS  C:\Users\ben\AppData\Local\Temp\ccmpwyHg.s 			page 9


 281 0010 01       		.byte	0x1
 282 0011 D9010000 		.4byte	.LASF25
 283 0015 E7000000 		.4byte	.LASF26
 284 0019 00000000 		.4byte	.Ldebug_ranges0+0
 285 001d 00000000 		.4byte	0
 286 0021 00000000 		.4byte	.Ldebug_line0
 287 0025 02       		.uleb128 0x2
 288 0026 04       		.byte	0x4
 289 0027 05       		.byte	0x5
 290 0028 696E7400 		.ascii	"int\000"
 291 002c 03       		.uleb128 0x3
 292 002d 04       		.byte	0x4
 293 002e 07       		.byte	0x7
 294 002f AF000000 		.4byte	.LASF0
 295 0033 03       		.uleb128 0x3
 296 0034 01       		.byte	0x1
 297 0035 06       		.byte	0x6
 298 0036 11020000 		.4byte	.LASF1
 299 003a 03       		.uleb128 0x3
 300 003b 01       		.byte	0x1
 301 003c 08       		.byte	0x8
 302 003d 48000000 		.4byte	.LASF2
 303 0041 03       		.uleb128 0x3
 304 0042 02       		.byte	0x2
 305 0043 05       		.byte	0x5
 306 0044 CF010000 		.4byte	.LASF3
 307 0048 03       		.uleb128 0x3
 308 0049 02       		.byte	0x2
 309 004a 07       		.byte	0x7
 310 004b 12000000 		.4byte	.LASF4
 311 004f 03       		.uleb128 0x3
 312 0050 04       		.byte	0x4
 313 0051 05       		.byte	0x5
 314 0052 FC010000 		.4byte	.LASF5
 315 0056 03       		.uleb128 0x3
 316 0057 04       		.byte	0x4
 317 0058 07       		.byte	0x7
 318 0059 5B000000 		.4byte	.LASF6
 319 005d 03       		.uleb128 0x3
 320 005e 08       		.byte	0x8
 321 005f 05       		.byte	0x5
 322 0060 2E010000 		.4byte	.LASF7
 323 0064 03       		.uleb128 0x3
 324 0065 08       		.byte	0x8
 325 0066 07       		.byte	0x7
 326 0067 D0000000 		.4byte	.LASF8
 327 006b 03       		.uleb128 0x3
 328 006c 04       		.byte	0x4
 329 006d 07       		.byte	0x7
 330 006e 25010000 		.4byte	.LASF9
 331 0072 03       		.uleb128 0x3
 332 0073 01       		.byte	0x1
 333 0074 08       		.byte	0x8
 334 0075 3C010000 		.4byte	.LASF10
 335 0079 04       		.uleb128 0x4
 336 007a 6D000000 		.4byte	.LASF11
 337 007e 02       		.byte	0x2
ARM GAS  C:\Users\ben\AppData\Local\Temp\ccmpwyHg.s 			page 10


 338 007f 9201     		.2byte	0x192
 339 0081 3A000000 		.4byte	0x3a
 340 0085 04       		.uleb128 0x4
 341 0086 A8000000 		.4byte	.LASF12
 342 008a 02       		.byte	0x2
 343 008b 9301     		.2byte	0x193
 344 008d 48000000 		.4byte	0x48
 345 0091 03       		.uleb128 0x3
 346 0092 04       		.byte	0x4
 347 0093 04       		.byte	0x4
 348 0094 3A000000 		.4byte	.LASF13
 349 0098 03       		.uleb128 0x3
 350 0099 08       		.byte	0x8
 351 009a 04       		.byte	0x4
 352 009b 81000000 		.4byte	.LASF14
 353 009f 04       		.uleb128 0x4
 354 00a0 56000000 		.4byte	.LASF15
 355 00a4 02       		.byte	0x2
 356 00a5 3C02     		.2byte	0x23c
 357 00a7 AB000000 		.4byte	0xab
 358 00ab 05       		.uleb128 0x5
 359 00ac 79000000 		.4byte	0x79
 360 00b0 06       		.uleb128 0x6
 361 00b1 44       		.byte	0x44
 362 00b2 03       		.byte	0x3
 363 00b3 30       		.byte	0x30
 364 00b4 F3000000 		.4byte	0xf3
 365 00b8 07       		.uleb128 0x7
 366 00b9 05020000 		.4byte	.LASF16
 367 00bd 03       		.byte	0x3
 368 00be 32       		.byte	0x32
 369 00bf 79000000 		.4byte	0x79
 370 00c3 00       		.byte	0
 371 00c4 08       		.uleb128 0x8
 372 00c5 637200   		.ascii	"cr\000"
 373 00c8 03       		.byte	0x3
 374 00c9 33       		.byte	0x33
 375 00ca 79000000 		.4byte	0x79
 376 00ce 01       		.byte	0x1
 377 00cf 08       		.uleb128 0x8
 378 00d0 737200   		.ascii	"sr\000"
 379 00d3 03       		.byte	0x3
 380 00d4 34       		.byte	0x34
 381 00d5 79000000 		.4byte	0x79
 382 00d9 02       		.byte	0x2
 383 00da 07       		.uleb128 0x7
 384 00db 00000000 		.4byte	.LASF17
 385 00df 03       		.byte	0x3
 386 00e0 35       		.byte	0x35
 387 00e1 79000000 		.4byte	0x79
 388 00e5 03       		.byte	0x3
 389 00e6 07       		.uleb128 0x7
 390 00e7 40000000 		.4byte	.LASF18
 391 00eb 03       		.byte	0x3
 392 00ec 36       		.byte	0x36
 393 00ed F3000000 		.4byte	0xf3
 394 00f1 04       		.byte	0x4
ARM GAS  C:\Users\ben\AppData\Local\Temp\ccmpwyHg.s 			page 11


 395 00f2 00       		.byte	0
 396 00f3 09       		.uleb128 0x9
 397 00f4 79000000 		.4byte	0x79
 398 00f8 03010000 		.4byte	0x103
 399 00fc 0A       		.uleb128 0xa
 400 00fd 6B000000 		.4byte	0x6b
 401 0101 3F       		.byte	0x3f
 402 0102 00       		.byte	0
 403 0103 0B       		.uleb128 0xb
 404 0104 BC000000 		.4byte	.LASF19
 405 0108 03       		.byte	0x3
 406 0109 37       		.byte	0x37
 407 010a B0000000 		.4byte	0xb0
 408 010e 0C       		.uleb128 0xc
 409 010f 88000000 		.4byte	.LASF20
 410 0113 01       		.byte	0x1
 411 0114 2E       		.byte	0x2e
 412 0115 00000000 		.4byte	.LFB0
 413 0119 5C000000 		.4byte	.LFE0-.LFB0
 414 011d 01       		.uleb128 0x1
 415 011e 9C       		.byte	0x9c
 416 011f 0C       		.uleb128 0xc
 417 0120 25000000 		.4byte	.LASF21
 418 0124 01       		.byte	0x1
 419 0125 52       		.byte	0x52
 420 0126 00000000 		.4byte	.LFB1
 421 012a 6C000000 		.4byte	.LFE1-.LFB1
 422 012e 01       		.uleb128 0x1
 423 012f 9C       		.byte	0x9c
 424 0130 0D       		.uleb128 0xd
 425 0131 05000000 		.4byte	.LASF22
 426 0135 01       		.byte	0x1
 427 0136 79       		.byte	0x79
 428 0137 00000000 		.4byte	.LFB2
 429 013b 34000000 		.4byte	.LFE2-.LFB2
 430 013f 01       		.uleb128 0x1
 431 0140 9C       		.byte	0x9c
 432 0141 0D       		.uleb128 0xd
 433 0142 73000000 		.4byte	.LASF23
 434 0146 01       		.byte	0x1
 435 0147 A2       		.byte	0xa2
 436 0148 00000000 		.4byte	.LFB3
 437 014c 1C000000 		.4byte	.LFE3-.LFB3
 438 0150 01       		.uleb128 0x1
 439 0151 9C       		.byte	0x9c
 440 0152 0E       		.uleb128 0xe
 441 0153 9A000000 		.4byte	.LASF27
 442 0157 01       		.byte	0x1
 443 0158 13       		.byte	0x13
 444 0159 03010000 		.4byte	0x103
 445 015d 05       		.uleb128 0x5
 446 015e 03       		.byte	0x3
 447 015f 00000000 		.4byte	Filter_backup
 448 0163 00       		.byte	0
 449              		.section	.debug_abbrev,"",%progbits
 450              	.Ldebug_abbrev0:
 451 0000 01       		.uleb128 0x1
ARM GAS  C:\Users\ben\AppData\Local\Temp\ccmpwyHg.s 			page 12


 452 0001 11       		.uleb128 0x11
 453 0002 01       		.byte	0x1
 454 0003 25       		.uleb128 0x25
 455 0004 0E       		.uleb128 0xe
 456 0005 13       		.uleb128 0x13
 457 0006 0B       		.uleb128 0xb
 458 0007 03       		.uleb128 0x3
 459 0008 0E       		.uleb128 0xe
 460 0009 1B       		.uleb128 0x1b
 461 000a 0E       		.uleb128 0xe
 462 000b 55       		.uleb128 0x55
 463 000c 17       		.uleb128 0x17
 464 000d 11       		.uleb128 0x11
 465 000e 01       		.uleb128 0x1
 466 000f 10       		.uleb128 0x10
 467 0010 17       		.uleb128 0x17
 468 0011 00       		.byte	0
 469 0012 00       		.byte	0
 470 0013 02       		.uleb128 0x2
 471 0014 24       		.uleb128 0x24
 472 0015 00       		.byte	0
 473 0016 0B       		.uleb128 0xb
 474 0017 0B       		.uleb128 0xb
 475 0018 3E       		.uleb128 0x3e
 476 0019 0B       		.uleb128 0xb
 477 001a 03       		.uleb128 0x3
 478 001b 08       		.uleb128 0x8
 479 001c 00       		.byte	0
 480 001d 00       		.byte	0
 481 001e 03       		.uleb128 0x3
 482 001f 24       		.uleb128 0x24
 483 0020 00       		.byte	0
 484 0021 0B       		.uleb128 0xb
 485 0022 0B       		.uleb128 0xb
 486 0023 3E       		.uleb128 0x3e
 487 0024 0B       		.uleb128 0xb
 488 0025 03       		.uleb128 0x3
 489 0026 0E       		.uleb128 0xe
 490 0027 00       		.byte	0
 491 0028 00       		.byte	0
 492 0029 04       		.uleb128 0x4
 493 002a 16       		.uleb128 0x16
 494 002b 00       		.byte	0
 495 002c 03       		.uleb128 0x3
 496 002d 0E       		.uleb128 0xe
 497 002e 3A       		.uleb128 0x3a
 498 002f 0B       		.uleb128 0xb
 499 0030 3B       		.uleb128 0x3b
 500 0031 05       		.uleb128 0x5
 501 0032 49       		.uleb128 0x49
 502 0033 13       		.uleb128 0x13
 503 0034 00       		.byte	0
 504 0035 00       		.byte	0
 505 0036 05       		.uleb128 0x5
 506 0037 35       		.uleb128 0x35
 507 0038 00       		.byte	0
 508 0039 49       		.uleb128 0x49
ARM GAS  C:\Users\ben\AppData\Local\Temp\ccmpwyHg.s 			page 13


 509 003a 13       		.uleb128 0x13
 510 003b 00       		.byte	0
 511 003c 00       		.byte	0
 512 003d 06       		.uleb128 0x6
 513 003e 13       		.uleb128 0x13
 514 003f 01       		.byte	0x1
 515 0040 0B       		.uleb128 0xb
 516 0041 0B       		.uleb128 0xb
 517 0042 3A       		.uleb128 0x3a
 518 0043 0B       		.uleb128 0xb
 519 0044 3B       		.uleb128 0x3b
 520 0045 0B       		.uleb128 0xb
 521 0046 01       		.uleb128 0x1
 522 0047 13       		.uleb128 0x13
 523 0048 00       		.byte	0
 524 0049 00       		.byte	0
 525 004a 07       		.uleb128 0x7
 526 004b 0D       		.uleb128 0xd
 527 004c 00       		.byte	0
 528 004d 03       		.uleb128 0x3
 529 004e 0E       		.uleb128 0xe
 530 004f 3A       		.uleb128 0x3a
 531 0050 0B       		.uleb128 0xb
 532 0051 3B       		.uleb128 0x3b
 533 0052 0B       		.uleb128 0xb
 534 0053 49       		.uleb128 0x49
 535 0054 13       		.uleb128 0x13
 536 0055 38       		.uleb128 0x38
 537 0056 0B       		.uleb128 0xb
 538 0057 00       		.byte	0
 539 0058 00       		.byte	0
 540 0059 08       		.uleb128 0x8
 541 005a 0D       		.uleb128 0xd
 542 005b 00       		.byte	0
 543 005c 03       		.uleb128 0x3
 544 005d 08       		.uleb128 0x8
 545 005e 3A       		.uleb128 0x3a
 546 005f 0B       		.uleb128 0xb
 547 0060 3B       		.uleb128 0x3b
 548 0061 0B       		.uleb128 0xb
 549 0062 49       		.uleb128 0x49
 550 0063 13       		.uleb128 0x13
 551 0064 38       		.uleb128 0x38
 552 0065 0B       		.uleb128 0xb
 553 0066 00       		.byte	0
 554 0067 00       		.byte	0
 555 0068 09       		.uleb128 0x9
 556 0069 01       		.uleb128 0x1
 557 006a 01       		.byte	0x1
 558 006b 49       		.uleb128 0x49
 559 006c 13       		.uleb128 0x13
 560 006d 01       		.uleb128 0x1
 561 006e 13       		.uleb128 0x13
 562 006f 00       		.byte	0
 563 0070 00       		.byte	0
 564 0071 0A       		.uleb128 0xa
 565 0072 21       		.uleb128 0x21
ARM GAS  C:\Users\ben\AppData\Local\Temp\ccmpwyHg.s 			page 14


 566 0073 00       		.byte	0
 567 0074 49       		.uleb128 0x49
 568 0075 13       		.uleb128 0x13
 569 0076 2F       		.uleb128 0x2f
 570 0077 0B       		.uleb128 0xb
 571 0078 00       		.byte	0
 572 0079 00       		.byte	0
 573 007a 0B       		.uleb128 0xb
 574 007b 16       		.uleb128 0x16
 575 007c 00       		.byte	0
 576 007d 03       		.uleb128 0x3
 577 007e 0E       		.uleb128 0xe
 578 007f 3A       		.uleb128 0x3a
 579 0080 0B       		.uleb128 0xb
 580 0081 3B       		.uleb128 0x3b
 581 0082 0B       		.uleb128 0xb
 582 0083 49       		.uleb128 0x49
 583 0084 13       		.uleb128 0x13
 584 0085 00       		.byte	0
 585 0086 00       		.byte	0
 586 0087 0C       		.uleb128 0xc
 587 0088 2E       		.uleb128 0x2e
 588 0089 00       		.byte	0
 589 008a 3F       		.uleb128 0x3f
 590 008b 19       		.uleb128 0x19
 591 008c 03       		.uleb128 0x3
 592 008d 0E       		.uleb128 0xe
 593 008e 3A       		.uleb128 0x3a
 594 008f 0B       		.uleb128 0xb
 595 0090 3B       		.uleb128 0x3b
 596 0091 0B       		.uleb128 0xb
 597 0092 27       		.uleb128 0x27
 598 0093 19       		.uleb128 0x19
 599 0094 11       		.uleb128 0x11
 600 0095 01       		.uleb128 0x1
 601 0096 12       		.uleb128 0x12
 602 0097 06       		.uleb128 0x6
 603 0098 40       		.uleb128 0x40
 604 0099 18       		.uleb128 0x18
 605 009a 9742     		.uleb128 0x2117
 606 009c 19       		.uleb128 0x19
 607 009d 00       		.byte	0
 608 009e 00       		.byte	0
 609 009f 0D       		.uleb128 0xd
 610 00a0 2E       		.uleb128 0x2e
 611 00a1 00       		.byte	0
 612 00a2 3F       		.uleb128 0x3f
 613 00a3 19       		.uleb128 0x19
 614 00a4 03       		.uleb128 0x3
 615 00a5 0E       		.uleb128 0xe
 616 00a6 3A       		.uleb128 0x3a
 617 00a7 0B       		.uleb128 0xb
 618 00a8 3B       		.uleb128 0x3b
 619 00a9 0B       		.uleb128 0xb
 620 00aa 27       		.uleb128 0x27
 621 00ab 19       		.uleb128 0x19
 622 00ac 11       		.uleb128 0x11
ARM GAS  C:\Users\ben\AppData\Local\Temp\ccmpwyHg.s 			page 15


 623 00ad 01       		.uleb128 0x1
 624 00ae 12       		.uleb128 0x12
 625 00af 06       		.uleb128 0x6
 626 00b0 40       		.uleb128 0x40
 627 00b1 18       		.uleb128 0x18
 628 00b2 9642     		.uleb128 0x2116
 629 00b4 19       		.uleb128 0x19
 630 00b5 00       		.byte	0
 631 00b6 00       		.byte	0
 632 00b7 0E       		.uleb128 0xe
 633 00b8 34       		.uleb128 0x34
 634 00b9 00       		.byte	0
 635 00ba 03       		.uleb128 0x3
 636 00bb 0E       		.uleb128 0xe
 637 00bc 3A       		.uleb128 0x3a
 638 00bd 0B       		.uleb128 0xb
 639 00be 3B       		.uleb128 0x3b
 640 00bf 0B       		.uleb128 0xb
 641 00c0 49       		.uleb128 0x49
 642 00c1 13       		.uleb128 0x13
 643 00c2 02       		.uleb128 0x2
 644 00c3 18       		.uleb128 0x18
 645 00c4 00       		.byte	0
 646 00c5 00       		.byte	0
 647 00c6 00       		.byte	0
 648              		.section	.debug_aranges,"",%progbits
 649 0000 34000000 		.4byte	0x34
 650 0004 0200     		.2byte	0x2
 651 0006 00000000 		.4byte	.Ldebug_info0
 652 000a 04       		.byte	0x4
 653 000b 00       		.byte	0
 654 000c 0000     		.2byte	0
 655 000e 0000     		.2byte	0
 656 0010 00000000 		.4byte	.LFB0
 657 0014 5C000000 		.4byte	.LFE0-.LFB0
 658 0018 00000000 		.4byte	.LFB1
 659 001c 6C000000 		.4byte	.LFE1-.LFB1
 660 0020 00000000 		.4byte	.LFB2
 661 0024 34000000 		.4byte	.LFE2-.LFB2
 662 0028 00000000 		.4byte	.LFB3
 663 002c 1C000000 		.4byte	.LFE3-.LFB3
 664 0030 00000000 		.4byte	0
 665 0034 00000000 		.4byte	0
 666              		.section	.debug_ranges,"",%progbits
 667              	.Ldebug_ranges0:
 668 0000 00000000 		.4byte	.LFB0
 669 0004 5C000000 		.4byte	.LFE0
 670 0008 00000000 		.4byte	.LFB1
 671 000c 6C000000 		.4byte	.LFE1
 672 0010 00000000 		.4byte	.LFB2
 673 0014 34000000 		.4byte	.LFE2
 674 0018 00000000 		.4byte	.LFB3
 675 001c 1C000000 		.4byte	.LFE3
 676 0020 00000000 		.4byte	0
 677 0024 00000000 		.4byte	0
 678              		.section	.debug_line,"",%progbits
 679              	.Ldebug_line0:
ARM GAS  C:\Users\ben\AppData\Local\Temp\ccmpwyHg.s 			page 16


 680 0000 AE000000 		.section	.debug_str,"MS",%progbits,1
 680      02005200 
 680      00000201 
 680      FB0E0D00 
 680      01010101 
 681              	.LASF17:
 682 0000 73656D61 		.ascii	"sema\000"
 682      00
 683              	.LASF22:
 684 0005 46696C74 		.ascii	"Filter_Sleep\000"
 684      65725F53 
 684      6C656570 
 684      00
 685              	.LASF4:
 686 0012 73686F72 		.ascii	"short unsigned int\000"
 686      7420756E 
 686      7369676E 
 686      65642069 
 686      6E7400
 687              	.LASF21:
 688 0025 46696C74 		.ascii	"Filter_RestoreConfig\000"
 688      65725F52 
 688      6573746F 
 688      7265436F 
 688      6E666967 
 689              	.LASF13:
 690 003a 666C6F61 		.ascii	"float\000"
 690      7400
 691              	.LASF18:
 692 0040 73617665 		.ascii	"saveAcu\000"
 692      41637500 
 693              	.LASF2:
 694 0048 756E7369 		.ascii	"unsigned char\000"
 694      676E6564 
 694      20636861 
 694      7200
 695              	.LASF15:
 696 0056 72656738 		.ascii	"reg8\000"
 696      00
 697              	.LASF6:
 698 005b 6C6F6E67 		.ascii	"long unsigned int\000"
 698      20756E73 
 698      69676E65 
 698      6420696E 
 698      7400
 699              	.LASF11:
 700 006d 75696E74 		.ascii	"uint8\000"
 700      3800
 701              	.LASF23:
 702 0073 46696C74 		.ascii	"Filter_Wakeup\000"
 702      65725F57 
 702      616B6575 
 702      7000
 703              	.LASF14:
 704 0081 646F7562 		.ascii	"double\000"
 704      6C6500
 705              	.LASF20:
ARM GAS  C:\Users\ben\AppData\Local\Temp\ccmpwyHg.s 			page 17


 706 0088 46696C74 		.ascii	"Filter_SaveConfig\000"
 706      65725F53 
 706      61766543 
 706      6F6E6669 
 706      6700
 707              	.LASF27:
 708 009a 46696C74 		.ascii	"Filter_backup\000"
 708      65725F62 
 708      61636B75 
 708      7000
 709              	.LASF12:
 710 00a8 75696E74 		.ascii	"uint16\000"
 710      313600
 711              	.LASF0:
 712 00af 756E7369 		.ascii	"unsigned int\000"
 712      676E6564 
 712      20696E74 
 712      00
 713              	.LASF19:
 714 00bc 46696C74 		.ascii	"Filter_backupStruct\000"
 714      65725F62 
 714      61636B75 
 714      70537472 
 714      75637400 
 715              	.LASF8:
 716 00d0 6C6F6E67 		.ascii	"long long unsigned int\000"
 716      206C6F6E 
 716      6720756E 
 716      7369676E 
 716      65642069 
 717              	.LASF26:
 718 00e7 433A5C55 		.ascii	"C:\\Users\\ben\\Documents\\PSoC Creator\\BIT-MANGLE"
 718      73657273 
 718      5C62656E 
 718      5C446F63 
 718      756D656E 
 719 0115 525C4144 		.ascii	"R\\ADC_DAC.cydsn\000"
 719      435F4441 
 719      432E6379 
 719      64736E00 
 720              	.LASF9:
 721 0125 73697A65 		.ascii	"sizetype\000"
 721      74797065 
 721      00
 722              	.LASF7:
 723 012e 6C6F6E67 		.ascii	"long long int\000"
 723      206C6F6E 
 723      6720696E 
 723      7400
 724              	.LASF10:
 725 013c 63686172 		.ascii	"char\000"
 725      00
 726              	.LASF24:
 727 0141 474E5520 		.ascii	"GNU C 4.9.3 20150303 (release) [ARM/embedded-4_9-br"
 727      4320342E 
 727      392E3320 
 727      32303135 
ARM GAS  C:\Users\ben\AppData\Local\Temp\ccmpwyHg.s 			page 18


 727      30333033 
 728 0174 616E6368 		.ascii	"anch revision 221220] -mcpu=cortex-m3 -mthumb -g -O"
 728      20726576 
 728      6973696F 
 728      6E203232 
 728      31323230 
 729 01a7 30202D66 		.ascii	"0 -ffunction-sections -ffat-lto-objects\000"
 729      66756E63 
 729      74696F6E 
 729      2D736563 
 729      74696F6E 
 730              	.LASF3:
 731 01cf 73686F72 		.ascii	"short int\000"
 731      7420696E 
 731      7400
 732              	.LASF25:
 733 01d9 47656E65 		.ascii	"Generated_Source\\PSoC5\\Filter_PM.c\000"
 733      72617465 
 733      645F536F 
 733      75726365 
 733      5C50536F 
 734              	.LASF5:
 735 01fc 6C6F6E67 		.ascii	"long int\000"
 735      20696E74 
 735      00
 736              	.LASF16:
 737 0205 656E6162 		.ascii	"enableState\000"
 737      6C655374 
 737      61746500 
 738              	.LASF1:
 739 0211 7369676E 		.ascii	"signed char\000"
 739      65642063 
 739      68617200 
 740              		.ident	"GCC: (GNU Tools for ARM Embedded Processors) 4.9.3 20150303 (release) [ARM/embedded-4_9-br
