ARM GAS  C:\Users\ben\AppData\Local\Temp\ccKy6kJq.s 			page 1


   1              		.syntax unified
   2              		.cpu cortex-m3
   3              		.fpu softvfp
   4              		.eabi_attribute 20, 1
   5              		.eabi_attribute 21, 1
   6              		.eabi_attribute 23, 3
   7              		.eabi_attribute 24, 1
   8              		.eabi_attribute 25, 1
   9              		.eabi_attribute 26, 1
  10              		.eabi_attribute 30, 6
  11              		.eabi_attribute 34, 1
  12              		.eabi_attribute 18, 4
  13              		.thumb
  14              		.file	"main.c"
  15              		.text
  16              	.Ltext0:
  17              		.cfi_sections	.debug_frame
  18              		.global	BIT_MASK_CTRL
  19              		.bss
  20              		.align	1
  21              		.type	BIT_MASK_CTRL, %object
  22              		.size	BIT_MASK_CTRL, 2
  23              	BIT_MASK_CTRL:
  24 0000 0000     		.space	2
  25              		.global	DIV_MASK_CTRL
  26              		.align	1
  27              		.type	DIV_MASK_CTRL, %object
  28              		.size	DIV_MASK_CTRL, 2
  29              	DIV_MASK_CTRL:
  30 0002 0000     		.space	2
  31              		.global	OLD_BIT_MASK_DEPTH
  32              		.align	1
  33              		.type	OLD_BIT_MASK_DEPTH, %object
  34              		.size	OLD_BIT_MASK_DEPTH, 2
  35              	OLD_BIT_MASK_DEPTH:
  36 0004 0000     		.space	2
  37              		.global	OLD_DIV_MASK_DEPTH
  38              		.align	1
  39              		.type	OLD_DIV_MASK_DEPTH, %object
  40              		.size	OLD_DIV_MASK_DEPTH, 2
  41              	OLD_DIV_MASK_DEPTH:
  42 0006 0000     		.space	2
  43              		.global	MASK_CTRL
  44              		.align	1
  45              		.type	MASK_CTRL, %object
  46              		.size	MASK_CTRL, 2
  47              	MASK_CTRL:
  48 0008 0000     		.space	2
  49              		.global	OLD_MASK_DEPTH
  50              		.align	1
  51              		.type	OLD_MASK_DEPTH, %object
  52              		.size	OLD_MASK_DEPTH, 2
  53              	OLD_MASK_DEPTH:
  54 000a 0000     		.space	2
  55              		.global	MASK_EFFECT
  56              		.align	1
  57              		.type	MASK_EFFECT, %object
ARM GAS  C:\Users\ben\AppData\Local\Temp\ccKy6kJq.s 			page 2


  58              		.size	MASK_EFFECT, 2
  59              	MASK_EFFECT:
  60 000c 0000     		.space	2
  61              		.global	AUDIO_IN
  62              		.align	1
  63              		.type	AUDIO_IN, %object
  64              		.size	AUDIO_IN, 2
  65              	AUDIO_IN:
  66 000e 0000     		.space	2
  67              		.global	FRQ_CTRL
  68              		.align	1
  69              		.type	FRQ_CTRL, %object
  70              		.size	FRQ_CTRL, 2
  71              	FRQ_CTRL:
  72 0010 0000     		.space	2
  73              		.section	.rodata
  74              		.align	2
  75              	.LC0:
  76 0000 41444331 		.ascii	"ADC1 \000"
  76      2000
  77 0006 0000     		.align	2
  78              	.LC1:
  79 0008 41444332 		.ascii	"ADC2 \000"
  79      2000
  80 000e 0000     		.section	.text.main,"ax",%progbits
  81              		.align	2
  82              		.global	main
  83              		.thumb
  84              		.thumb_func
  85              		.type	main, %function
  86              	main:
  87              	.LFB63:
  88              		.file 1 "main.c"
   1:main.c        ****  /*******************************************************************************
   2:main.c        **** * File Name: main.c
   3:main.c        **** 
   4:main.c        **** * Note that this file contains the DMA_Config function as well.
   5:main.c        **** *
   6:main.c        **** ********************************************************************************
   7:main.c        **** * Copyright 2012, Cypress Semiconductor Corporation. All rights reserved.
   8:main.c        **** * This software is owned by Cypress Semiconductor Corporation and is protected
   9:main.c        **** * by and subject to worldwide patent and copyright laws and treaties.
  10:main.c        **** * Therefore, you may use this software only as provided in the license agreement
  11:main.c        **** * accompanying the software package from which you obtained this software.
  12:main.c        **** * CYPRESS AND ITS SUPPLIERS MAKE NO WARRANTY OF ANY KIND, EXPRESS OR IMPLIED,
  13:main.c        **** * WITH REGARD TO THIS SOFTWARE, INCLUDING, BUT NOT LIMITED TO, NONINFRINGEMENT,
  14:main.c        **** * IMPLIED WARRANTIES OF MERCHANTABILITY AND FITNESS FOR A PARTICULAR PURPOSE.
  15:main.c        **** *******************************************************************************/
  16:main.c        **** 
  17:main.c        **** #include <project.h>
  18:main.c        **** 
  19:main.c        **** 
  20:main.c        **** void PWM_Start(void);
  21:main.c        **** void PWM_Set(uint16 counterdiv);
  22:main.c        **** uint16 BIT_MASK_CTRL = 0;
  23:main.c        **** uint16 DIV_MASK_CTRL = 0;
  24:main.c        **** uint16 OLD_BIT_MASK_DEPTH = 0;
ARM GAS  C:\Users\ben\AppData\Local\Temp\ccKy6kJq.s 			page 3


  25:main.c        **** uint16 OLD_DIV_MASK_DEPTH = 0;
  26:main.c        ****         
  27:main.c        **** uint16 MASK_CTRL = 0;
  28:main.c        **** uint16 OLD_MASK_DEPTH = 0;
  29:main.c        **** uint16 MASK_EFFECT = 0;
  30:main.c        **** uint16 Effect(uint16 depth);
  31:main.c        **** uint16 AUDIO_IN = 0;
  32:main.c        **** uint16 FRQ_CTRL = 0;
  33:main.c        **** int main()
  34:main.c        **** {
  89              		.loc 1 34 0
  90              		.cfi_startproc
  91              		@ args = 0, pretend = 0, frame = 8
  92              		@ frame_needed = 1, uses_anonymous_args = 0
  93 0000 90B5     		push	{r4, r7, lr}
  94              		.cfi_def_cfa_offset 12
  95              		.cfi_offset 4, -12
  96              		.cfi_offset 7, -8
  97              		.cfi_offset 14, -4
  98 0002 83B0     		sub	sp, sp, #12
  99              		.cfi_def_cfa_offset 24
 100 0004 00AF     		add	r7, sp, #0
 101              		.cfi_def_cfa_register 7
  35:main.c        **** 
  36:main.c        ****     uint16 CTR = 0;
 102              		.loc 1 36 0
 103 0006 0023     		movs	r3, #0
 104 0008 FB80     		strh	r3, [r7, #6]	@ movhi
  37:main.c        ****     /* Start the components */
  38:main.c        ****     Opamp_1_Start();
 105              		.loc 1 38 0
 106 000a FFF7FEFF 		bl	Opamp_1_Start
  39:main.c        ****     Opamp_2_Start();
 107              		.loc 1 39 0
 108 000e FFF7FEFF 		bl	Opamp_2_Start
  40:main.c        ****     PWM_Start();
 109              		.loc 1 40 0
 110 0012 FFF7FEFF 		bl	PWM_Start
  41:main.c        **** //  PGA_1_Start();
  42:main.c        **** //  Opamp_4_Start();
  43:main.c        ****     LCD_Char_1_Start();
 111              		.loc 1 43 0
 112 0016 FFF7FEFF 		bl	LCD_Char_1_Start
  44:main.c        ****  //   ADC_DelSig_1_Start();
  45:main.c        ****     Filter_Start();
 113              		.loc 1 45 0
 114 001a FFF7FEFF 		bl	Filter_Start
  46:main.c        ****     ADC_SAR_1_Start();
 115              		.loc 1 46 0
 116 001e FFF7FEFF 		bl	ADC_SAR_1_Start
  47:main.c        ****     ADC_SAR_Seq_Start();
 117              		.loc 1 47 0
 118 0022 FFF7FEFF 		bl	ADC_SAR_Seq_Start
  48:main.c        ****     ADC_SAR_Seq_StartConvert();
 119              		.loc 1 48 0
 120 0026 FFF7FEFF 		bl	ADC_SAR_Seq_StartConvert
  49:main.c        ****   //  CapSense_1_Start();
ARM GAS  C:\Users\ben\AppData\Local\Temp\ccKy6kJq.s 			page 4


  50:main.c        ****     SPI_DAC_Start();
 121              		.loc 1 50 0
 122 002a FFF7FEFF 		bl	SPI_DAC_Start
  51:main.c        ****         /* Start ISRs */
  52:main.c        ****     /* Enable global interrupts */
  53:main.c        ****    CyGlobalIntEnable;
 123              		.loc 1 53 0
 124              	@ 53 "main.c" 1
 125 002e 62B6     		CPSIE   i
 126              	@ 0 "" 2
  54:main.c        ****     /* Start ADC conversion */
  55:main.c        ****  //   ADC_SAR_1_StartConvert();
  56:main.c        ****     ADC_SAR_Seq_StartConvert();
 127              		.loc 1 56 0
 128              		.thumb
 129 0030 FFF7FEFF 		bl	ADC_SAR_Seq_StartConvert
  57:main.c        ****     LCD_Char_1_Position(0u, 0u);
 130              		.loc 1 57 0
 131 0034 0020     		movs	r0, #0
 132 0036 0021     		movs	r1, #0
 133 0038 FFF7FEFF 		bl	LCD_Char_1_Position
  58:main.c        ****     LCD_Char_1_PrintString("ADC1 ");
 134              		.loc 1 58 0
 135 003c 4548     		ldr	r0, .L5
 136 003e FFF7FEFF 		bl	LCD_Char_1_PrintString
  59:main.c        ****     LCD_Char_1_Position(1u, 0u);
 137              		.loc 1 59 0
 138 0042 0120     		movs	r0, #1
 139 0044 0021     		movs	r1, #0
 140 0046 FFF7FEFF 		bl	LCD_Char_1_Position
  60:main.c        ****     LCD_Char_1_PrintString("ADC2 ");
 141              		.loc 1 60 0
 142 004a 4348     		ldr	r0, .L5+4
 143 004c FFF7FEFF 		bl	LCD_Char_1_PrintString
 144              	.L4:
 145              	.LBB2:
  61:main.c        ****     
  62:main.c        ****     
  63:main.c        ****     for(;;)
  64:main.c        ****     {
  65:main.c        **** 
  66:main.c        **** 
  67:main.c        ****         
  68:main.c        ****   if (ADC_SAR_Seq_IsEndConversion(1)){
 146              		.loc 1 68 0
 147 0050 0120     		movs	r0, #1
 148 0052 FFF7FEFF 		bl	ADC_SAR_Seq_IsEndConversion
 149 0056 0346     		mov	r3, r0
 150 0058 002B     		cmp	r3, #0
 151 005a 41D0     		beq	.L2
  69:main.c        ****        
  70:main.c        ****     FRQ_CTRL=(((ADC_SAR_Seq_GetResult16(0)))+1);
 152              		.loc 1 70 0
 153 005c 0020     		movs	r0, #0
 154 005e FFF7FEFF 		bl	ADC_SAR_Seq_GetResult16
 155 0062 0346     		mov	r3, r0
 156 0064 9BB2     		uxth	r3, r3
ARM GAS  C:\Users\ben\AppData\Local\Temp\ccKy6kJq.s 			page 5


 157 0066 0133     		adds	r3, r3, #1
 158 0068 9AB2     		uxth	r2, r3
 159 006a 3C4B     		ldr	r3, .L5+8
 160 006c 1A80     		strh	r2, [r3]	@ movhi
  71:main.c        ****     PWM_ADC_CK_WritePeriod(FRQ_CTRL);
 161              		.loc 1 71 0
 162 006e 3B4B     		ldr	r3, .L5+8
 163 0070 1B88     		ldrh	r3, [r3]
 164 0072 1846     		mov	r0, r3
 165 0074 FFF7FEFF 		bl	PWM_ADC_CK_WritePeriod
  72:main.c        ****     PWM_ADC_CK_WriteCompare(FRQ_CTRL>>2);
 166              		.loc 1 72 0
 167 0078 384B     		ldr	r3, .L5+8
 168 007a 1B88     		ldrh	r3, [r3]
 169 007c 9B08     		lsrs	r3, r3, #2
 170 007e 9BB2     		uxth	r3, r3
 171 0080 1846     		mov	r0, r3
 172 0082 FFF7FEFF 		bl	PWM_ADC_CK_WriteCompare
  73:main.c        ****     PWM_Set((ADC_SAR_Seq_GetResult16(3)>>9)+1);
 173              		.loc 1 73 0
 174 0086 0320     		movs	r0, #3
 175 0088 FFF7FEFF 		bl	ADC_SAR_Seq_GetResult16
 176 008c 0346     		mov	r3, r0
 177 008e 5B12     		asrs	r3, r3, #9
 178 0090 9BB2     		uxth	r3, r3
 179 0092 9BB2     		uxth	r3, r3
 180 0094 0133     		adds	r3, r3, #1
 181 0096 9BB2     		uxth	r3, r3
 182 0098 1846     		mov	r0, r3
 183 009a FFF7FEFF 		bl	PWM_Set
  74:main.c        ****     DIV_MASK_CTRL = (ADC_SAR_Seq_GetResult16(2));
 184              		.loc 1 74 0
 185 009e 0220     		movs	r0, #2
 186 00a0 FFF7FEFF 		bl	ADC_SAR_Seq_GetResult16
 187 00a4 0346     		mov	r3, r0
 188 00a6 9AB2     		uxth	r2, r3
 189 00a8 2D4B     		ldr	r3, .L5+12
 190 00aa 1A80     		strh	r2, [r3]	@ movhi
  75:main.c        ****     DIV_MASK_LSB_Write(DIV_MASK_CTRL & 0xFF);
 191              		.loc 1 75 0
 192 00ac 2C4B     		ldr	r3, .L5+12
 193 00ae 1B88     		ldrh	r3, [r3]
 194 00b0 DBB2     		uxtb	r3, r3
 195 00b2 1846     		mov	r0, r3
 196 00b4 FFF7FEFF 		bl	DIV_MASK_LSB_Write
  76:main.c        ****     DIV_MASK_MSB_Write((( DIV_MASK_CTRL)>>8));
 197              		.loc 1 76 0
 198 00b8 294B     		ldr	r3, .L5+12
 199 00ba 1B88     		ldrh	r3, [r3]
 200 00bc 1B0A     		lsrs	r3, r3, #8
 201 00be 9BB2     		uxth	r3, r3
 202 00c0 DBB2     		uxtb	r3, r3
 203 00c2 1846     		mov	r0, r3
 204 00c4 FFF7FEFF 		bl	DIV_MASK_MSB_Write
  77:main.c        ****     BIT_MASK_CTRL = Effect(ADC_SAR_Seq_GetResult16(1));
 205              		.loc 1 77 0
 206 00c8 0120     		movs	r0, #1
ARM GAS  C:\Users\ben\AppData\Local\Temp\ccKy6kJq.s 			page 6


 207 00ca FFF7FEFF 		bl	ADC_SAR_Seq_GetResult16
 208 00ce 0346     		mov	r3, r0
 209 00d0 9BB2     		uxth	r3, r3
 210 00d2 1846     		mov	r0, r3
 211 00d4 FFF7FEFF 		bl	Effect
 212 00d8 0346     		mov	r3, r0
 213 00da 1A46     		mov	r2, r3
 214 00dc 214B     		ldr	r3, .L5+16
 215 00de 1A80     		strh	r2, [r3]	@ movhi
 216              	.L2:
  78:main.c        **** }
  79:main.c        ****  /*   if (CTR = 5)
  80:main.c        ****     {
  81:main.c        ****     LCD_Char_1_Position(0u, strlen("ADC1 "));
  82:main.c        ****     LCD_Char_1_PrintInt16(FRQ_CTRL); 
  83:main.c        ****     LCD_Char_1_Position(1u, strlen("ADC2 "));
  84:main.c        ****     LCD_Char_1_PrintInt16(DIV_MASK_CTRL); 
  85:main.c        **** }
  86:main.c        ****  */   
  87:main.c        ****     
  88:main.c        ****     OLD_BIT_MASK_DEPTH = BIT_MASK_CTRL;
 217              		.loc 1 88 0
 218 00e0 204B     		ldr	r3, .L5+16
 219 00e2 1A88     		ldrh	r2, [r3]
 220 00e4 204B     		ldr	r3, .L5+20
 221 00e6 1A80     		strh	r2, [r3]	@ movhi
  89:main.c        ****         
  90:main.c        **** 
  91:main.c        ****     if (ADC_SAR_1_IsEndConversion(1))
 222              		.loc 1 91 0
 223 00e8 0120     		movs	r0, #1
 224 00ea FFF7FEFF 		bl	ADC_SAR_1_IsEndConversion
 225 00ee 0346     		mov	r3, r0
 226 00f0 002B     		cmp	r3, #0
 227 00f2 13D0     		beq	.L3
  92:main.c        ****     {
  93:main.c        ****         
  94:main.c        ****         AUDIO_IN = ADC_SAR_1_GetResult16();
 228              		.loc 1 94 0
 229 00f4 FFF7FEFF 		bl	ADC_SAR_1_GetResult16
 230 00f8 0346     		mov	r3, r0
 231 00fa 9AB2     		uxth	r2, r3
 232 00fc 1B4B     		ldr	r3, .L5+24
 233 00fe 1A80     		strh	r2, [r3]	@ movhi
  95:main.c        ****         ADC_1_OUT_LSB_Write(AUDIO_IN & 0x00FFu);
 234              		.loc 1 95 0
 235 0100 1A4B     		ldr	r3, .L5+24
 236 0102 1B88     		ldrh	r3, [r3]
 237 0104 DBB2     		uxtb	r3, r3
 238 0106 1846     		mov	r0, r3
 239 0108 FFF7FEFF 		bl	ADC_1_OUT_LSB_Write
  96:main.c        ****         ADC_1_OUT_MSB_Write((AUDIO_IN >> 8u));
 240              		.loc 1 96 0
 241 010c 174B     		ldr	r3, .L5+24
 242 010e 1B88     		ldrh	r3, [r3]
 243 0110 1B0A     		lsrs	r3, r3, #8
 244 0112 9BB2     		uxth	r3, r3
ARM GAS  C:\Users\ben\AppData\Local\Temp\ccKy6kJq.s 			page 7


 245 0114 DBB2     		uxtb	r3, r3
 246 0116 1846     		mov	r0, r3
 247 0118 FFF7FEFF 		bl	ADC_1_OUT_MSB_Write
 248              	.L3:
  97:main.c        ****  }
  98:main.c        ****     uint16 DACINPUT = (DAC_IN_MSB_Read()<<8 | DAC_IN_LSB_Read());
 249              		.loc 1 98 0
 250 011c FFF7FEFF 		bl	DAC_IN_MSB_Read
 251 0120 0346     		mov	r3, r0
 252 0122 1B02     		lsls	r3, r3, #8
 253 0124 9CB2     		uxth	r4, r3
 254 0126 FFF7FEFF 		bl	DAC_IN_LSB_Read
 255 012a 0346     		mov	r3, r0
 256 012c 9BB2     		uxth	r3, r3
 257 012e 2246     		mov	r2, r4	@ movhi
 258 0130 1343     		orrs	r3, r3, r2
 259 0132 9BB2     		uxth	r3, r3
 260 0134 BB80     		strh	r3, [r7, #4]	@ movhi
  99:main.c        ****    SPI_DAC_WriteTxData(( DACINPUT & OLD_BIT_MASK_DEPTH)| 0b1111000000000000);
 261              		.loc 1 99 0
 262 0136 0C4B     		ldr	r3, .L5+20
 263 0138 1A88     		ldrh	r2, [r3]
 264 013a BB88     		ldrh	r3, [r7, #4]	@ movhi
 265 013c 1340     		ands	r3, r3, r2
 266 013e 9BB2     		uxth	r3, r3
 267 0140 6FEA0353 		mvn	r3, r3, lsl #20
 268 0144 6FEA1353 		mvn	r3, r3, lsr #20
 269 0148 9BB2     		uxth	r3, r3
 270 014a 1846     		mov	r0, r3
 271 014c FFF7FEFF 		bl	SPI_DAC_WriteTxData
 272              	.LBE2:
 100:main.c        **** 
 101:main.c        ****     }
 273              		.loc 1 101 0
 274 0150 7EE7     		b	.L4
 275              	.L6:
 276 0152 00BF     		.align	2
 277              	.L5:
 278 0154 00000000 		.word	.LC0
 279 0158 08000000 		.word	.LC1
 280 015c 00000000 		.word	FRQ_CTRL
 281 0160 00000000 		.word	DIV_MASK_CTRL
 282 0164 00000000 		.word	BIT_MASK_CTRL
 283 0168 00000000 		.word	OLD_BIT_MASK_DEPTH
 284 016c 00000000 		.word	AUDIO_IN
 285              		.cfi_endproc
 286              	.LFE63:
 287              		.size	main, .-main
 288              		.section	.text.Effect,"ax",%progbits
 289              		.align	2
 290              		.global	Effect
 291              		.thumb
 292              		.thumb_func
 293              		.type	Effect, %function
 294              	Effect:
 295              	.LFB64:
 102:main.c        **** }
ARM GAS  C:\Users\ben\AppData\Local\Temp\ccKy6kJq.s 			page 8


 103:main.c        **** uint16 Effect(uint16 depth)
 104:main.c        **** {
 296              		.loc 1 104 0
 297              		.cfi_startproc
 298              		@ args = 0, pretend = 0, frame = 16
 299              		@ frame_needed = 1, uses_anonymous_args = 0
 300              		@ link register save eliminated.
 301 0000 80B4     		push	{r7}
 302              		.cfi_def_cfa_offset 4
 303              		.cfi_offset 7, -4
 304 0002 85B0     		sub	sp, sp, #20
 305              		.cfi_def_cfa_offset 24
 306 0004 00AF     		add	r7, sp, #0
 307              		.cfi_def_cfa_register 7
 308 0006 0346     		mov	r3, r0
 309 0008 FB80     		strh	r3, [r7, #6]	@ movhi
 105:main.c        ****     uint8 depthscaled = depth>>7;
 310              		.loc 1 105 0
 311 000a FB88     		ldrh	r3, [r7, #6]
 312 000c DB09     		lsrs	r3, r3, #7
 313 000e 9BB2     		uxth	r3, r3
 314 0010 7B73     		strb	r3, [r7, #13]
 106:main.c        ****             uint16 mask;
 107:main.c        ****             switch (depthscaled) 
 315              		.loc 1 107 0
 316 0012 7B7B     		ldrb	r3, [r7, #13]	@ zero_extendqisi2
 317 0014 1F2B     		cmp	r3, #31
 318 0016 00F29880 		bhi	.L8
 319 001a 01A2     		adr	r2, .L10
 320 001c 52F823F0 		ldr	pc, [r2, r3, lsl #2]
 321              		.p2align 2
 322              	.L10:
 323 0020 A1000000 		.word	.L9+1
 324 0024 A9000000 		.word	.L11+1
 325 0028 B1000000 		.word	.L12+1
 326 002c B9000000 		.word	.L13+1
 327 0030 C1000000 		.word	.L14+1
 328 0034 C9000000 		.word	.L15+1
 329 0038 D1000000 		.word	.L16+1
 330 003c D9000000 		.word	.L17+1
 331 0040 E1000000 		.word	.L18+1
 332 0044 E9000000 		.word	.L19+1
 333 0048 F1000000 		.word	.L20+1
 334 004c F9000000 		.word	.L21+1
 335 0050 01010000 		.word	.L22+1
 336 0054 09010000 		.word	.L23+1
 337 0058 11010000 		.word	.L24+1
 338 005c 19010000 		.word	.L25+1
 339 0060 1F010000 		.word	.L26+1
 340 0064 25010000 		.word	.L27+1
 341 0068 4B010000 		.word	.L8+1
 342 006c 4B010000 		.word	.L8+1
 343 0070 4B010000 		.word	.L8+1
 344 0074 4B010000 		.word	.L8+1
 345 0078 4B010000 		.word	.L8+1
 346 007c 4B010000 		.word	.L8+1
 347 0080 4B010000 		.word	.L8+1
ARM GAS  C:\Users\ben\AppData\Local\Temp\ccKy6kJq.s 			page 9


 348 0084 4B010000 		.word	.L8+1
 349 0088 4B010000 		.word	.L8+1
 350 008c 2B010000 		.word	.L28+1
 351 0090 31010000 		.word	.L29+1
 352 0094 37010000 		.word	.L30+1
 353 0098 3D010000 		.word	.L31+1
 354 009c 43010000 		.word	.L32+1
 355              		.p2align 1
 356              	.L9:
 108:main.c        ****         {
 109:main.c        ****         case 0:
 110:main.c        ****             mask = 0xFFFFu;//b1111 1111 1111;
 357              		.loc 1 110 0
 358 00a0 4FF6FF73 		movw	r3, #65535
 359 00a4 FB81     		strh	r3, [r7, #14]	@ movhi
 111:main.c        ****             break;
 360              		.loc 1 111 0
 361 00a6 53E0     		b	.L33
 362              	.L11:
 112:main.c        ****         case 1:
 113:main.c        ****             mask = 0xFFFEu;//b1111 1111 1110;
 363              		.loc 1 113 0
 364 00a8 4FF6FE73 		movw	r3, #65534
 365 00ac FB81     		strh	r3, [r7, #14]	@ movhi
 114:main.c        ****             break;  
 366              		.loc 1 114 0
 367 00ae 4FE0     		b	.L33
 368              	.L12:
 115:main.c        ****         case 2:
 116:main.c        ****             mask = 0xFFFCu;//b1111 1111 1100;
 369              		.loc 1 116 0
 370 00b0 4FF6FC73 		movw	r3, #65532
 371 00b4 FB81     		strh	r3, [r7, #14]	@ movhi
 117:main.c        ****             break; 
 372              		.loc 1 117 0
 373 00b6 4BE0     		b	.L33
 374              	.L13:
 118:main.c        ****         case 3:
 119:main.c        ****             mask = 0xFFF8u;//b1111 1111 1000;
 375              		.loc 1 119 0
 376 00b8 4FF6F873 		movw	r3, #65528
 377 00bc FB81     		strh	r3, [r7, #14]	@ movhi
 120:main.c        ****             break;
 378              		.loc 1 120 0
 379 00be 47E0     		b	.L33
 380              	.L14:
 121:main.c        ****         case 4:
 122:main.c        ****             mask = 0xFFF0u;//b1111 1111 0000;
 381              		.loc 1 122 0
 382 00c0 4FF6F073 		movw	r3, #65520
 383 00c4 FB81     		strh	r3, [r7, #14]	@ movhi
 123:main.c        ****             break;  
 384              		.loc 1 123 0
 385 00c6 43E0     		b	.L33
 386              	.L15:
 124:main.c        ****         case 5:
 125:main.c        ****             mask = 0xFFE0u;//b1111 1110 0000;
ARM GAS  C:\Users\ben\AppData\Local\Temp\ccKy6kJq.s 			page 10


 387              		.loc 1 125 0
 388 00c8 4FF6E073 		movw	r3, #65504
 389 00cc FB81     		strh	r3, [r7, #14]	@ movhi
 126:main.c        ****             break; 
 390              		.loc 1 126 0
 391 00ce 3FE0     		b	.L33
 392              	.L16:
 127:main.c        ****          case 6:
 128:main.c        ****             mask = 0b111111010000;
 393              		.loc 1 128 0
 394 00d0 4FF47D63 		mov	r3, #4048
 395 00d4 FB81     		strh	r3, [r7, #14]	@ movhi
 129:main.c        ****             break; 
 396              		.loc 1 129 0
 397 00d6 3BE0     		b	.L33
 398              	.L17:
 130:main.c        ****         case 7:
 131:main.c        ****             mask = 0b111111000000;
 399              		.loc 1 131 0
 400 00d8 4FF47C63 		mov	r3, #4032
 401 00dc FB81     		strh	r3, [r7, #14]	@ movhi
 132:main.c        ****             break;  
 402              		.loc 1 132 0
 403 00de 37E0     		b	.L33
 404              	.L18:
 133:main.c        ****         case 8:
 134:main.c        ****             mask = 0b111110110000;
 405              		.loc 1 134 0
 406 00e0 4FF47B63 		mov	r3, #4016
 407 00e4 FB81     		strh	r3, [r7, #14]	@ movhi
 135:main.c        ****             break;  
 408              		.loc 1 135 0
 409 00e6 33E0     		b	.L33
 410              	.L19:
 136:main.c        ****         case 9:
 137:main.c        ****             mask = 0b111110100000;
 411              		.loc 1 137 0
 412 00e8 4FF47A63 		mov	r3, #4000
 413 00ec FB81     		strh	r3, [r7, #14]	@ movhi
 138:main.c        ****             break;  
 414              		.loc 1 138 0
 415 00ee 2FE0     		b	.L33
 416              	.L20:
 139:main.c        ****         case 10:
 140:main.c        ****             mask = 0b111110010000;
 417              		.loc 1 140 0
 418 00f0 4FF47963 		mov	r3, #3984
 419 00f4 FB81     		strh	r3, [r7, #14]	@ movhi
 141:main.c        ****             break;  
 420              		.loc 1 141 0
 421 00f6 2BE0     		b	.L33
 422              	.L21:
 142:main.c        ****         case 11:
 143:main.c        ****             mask = 0b111110000000;
 423              		.loc 1 143 0
 424 00f8 4FF47863 		mov	r3, #3968
 425 00fc FB81     		strh	r3, [r7, #14]	@ movhi
ARM GAS  C:\Users\ben\AppData\Local\Temp\ccKy6kJq.s 			page 11


 144:main.c        ****             break;  
 426              		.loc 1 144 0
 427 00fe 27E0     		b	.L33
 428              	.L22:
 145:main.c        ****         case 12:
 146:main.c        ****             mask = 0b111101110000;
 429              		.loc 1 146 0
 430 0100 4FF47763 		mov	r3, #3952
 431 0104 FB81     		strh	r3, [r7, #14]	@ movhi
 147:main.c        ****             break;  
 432              		.loc 1 147 0
 433 0106 23E0     		b	.L33
 434              	.L23:
 148:main.c        ****         case 13:
 149:main.c        ****             mask = 0b111101100000;
 435              		.loc 1 149 0
 436 0108 4FF47663 		mov	r3, #3936
 437 010c FB81     		strh	r3, [r7, #14]	@ movhi
 150:main.c        ****             break;  
 438              		.loc 1 150 0
 439 010e 1FE0     		b	.L33
 440              	.L24:
 151:main.c        ****         case 14:
 152:main.c        ****             mask = 0b111101010000;
 441              		.loc 1 152 0
 442 0110 4FF47563 		mov	r3, #3920
 443 0114 FB81     		strh	r3, [r7, #14]	@ movhi
 153:main.c        ****             break;  
 444              		.loc 1 153 0
 445 0116 1BE0     		b	.L33
 446              	.L25:
 154:main.c        ****         case 15:
 155:main.c        ****             mask = 0b111101000000;
 447              		.loc 1 155 0
 448 0118 4FF47463 		mov	r3, #3904
 449 011c FB81     		strh	r3, [r7, #14]	@ movhi
 450              	.L26:
 156:main.c        ****         case 16:
 157:main.c        ****             mask = 0b111100000000;
 451              		.loc 1 157 0
 452 011e 4FF47063 		mov	r3, #3840
 453 0122 FB81     		strh	r3, [r7, #14]	@ movhi
 454              	.L27:
 158:main.c        ****         case 17:
 159:main.c        ****             mask = 0b111000000000;
 455              		.loc 1 159 0
 456 0124 4FF46063 		mov	r3, #3584
 457 0128 FB81     		strh	r3, [r7, #14]	@ movhi
 458              	.L28:
 160:main.c        ****         case 27:
 161:main.c        ****             mask = 0b110100000000;
 459              		.loc 1 161 0
 460 012a 4FF45063 		mov	r3, #3328
 461 012e FB81     		strh	r3, [r7, #14]	@ movhi
 462              	.L29:
 162:main.c        ****         case 28:
 163:main.c        ****             mask = 0b110000000000;
ARM GAS  C:\Users\ben\AppData\Local\Temp\ccKy6kJq.s 			page 12


 463              		.loc 1 163 0
 464 0130 4FF44063 		mov	r3, #3072
 465 0134 FB81     		strh	r3, [r7, #14]	@ movhi
 466              	.L30:
 164:main.c        ****         case 29:
 165:main.c        ****             mask = 0b101100000000;
 467              		.loc 1 165 0
 468 0136 4FF43063 		mov	r3, #2816
 469 013a FB81     		strh	r3, [r7, #14]	@ movhi
 470              	.L31:
 166:main.c        ****         case 30:
 167:main.c        ****             mask = 0b101000000000;
 471              		.loc 1 167 0
 472 013c 4FF42063 		mov	r3, #2560
 473 0140 FB81     		strh	r3, [r7, #14]	@ movhi
 474              	.L32:
 168:main.c        ****         case 31:
 169:main.c        ****             mask = 0b100000000000;
 475              		.loc 1 169 0
 476 0142 4FF40063 		mov	r3, #2048
 477 0146 FB81     		strh	r3, [r7, #14]	@ movhi
 170:main.c        ****             break;  
 478              		.loc 1 170 0
 479 0148 02E0     		b	.L33
 480              	.L8:
 171:main.c        ****         default:
 172:main.c        ****             mask= 0xFFFFu;
 481              		.loc 1 172 0
 482 014a 4FF6FF73 		movw	r3, #65535
 483 014e FB81     		strh	r3, [r7, #14]	@ movhi
 484              	.L33:
 173:main.c        ****         }
 174:main.c        ****     return mask |0b1111000000000000;
 485              		.loc 1 174 0
 486 0150 FB89     		ldrh	r3, [r7, #14]	@ movhi
 487 0152 6FEA0353 		mvn	r3, r3, lsl #20
 488 0156 6FEA1353 		mvn	r3, r3, lsr #20
 489 015a 9BB2     		uxth	r3, r3
 175:main.c        **** }
 490              		.loc 1 175 0
 491 015c 1846     		mov	r0, r3
 492 015e 1437     		adds	r7, r7, #20
 493              		.cfi_def_cfa_offset 4
 494 0160 BD46     		mov	sp, r7
 495              		.cfi_def_cfa_register 13
 496              		@ sp needed
 497 0162 5DF8047B 		ldr	r7, [sp], #4
 498              		.cfi_restore 7
 499              		.cfi_def_cfa_offset 0
 500 0166 7047     		bx	lr
 501              		.cfi_endproc
 502              	.LFE64:
 503              		.size	Effect, .-Effect
 504              		.section	.text.PWM_Start,"ax",%progbits
 505              		.align	2
 506              		.global	PWM_Start
 507              		.thumb
ARM GAS  C:\Users\ben\AppData\Local\Temp\ccKy6kJq.s 			page 13


 508              		.thumb_func
 509              		.type	PWM_Start, %function
 510              	PWM_Start:
 511              	.LFB65:
 176:main.c        **** void PWM_Start(void)
 177:main.c        **** {
 512              		.loc 1 177 0
 513              		.cfi_startproc
 514              		@ args = 0, pretend = 0, frame = 0
 515              		@ frame_needed = 1, uses_anonymous_args = 0
 516 0000 80B5     		push	{r7, lr}
 517              		.cfi_def_cfa_offset 8
 518              		.cfi_offset 7, -8
 519              		.cfi_offset 14, -4
 520 0002 00AF     		add	r7, sp, #0
 521              		.cfi_def_cfa_register 7
 178:main.c        ****     PWM_ADC_CK_Enable();
 522              		.loc 1 178 0
 523 0004 FFF7FEFF 		bl	PWM_ADC_CK_Enable
 179:main.c        **** //    PWM_1_Enable();
 180:main.c        **** //    PWM_2_Enable();
 181:main.c        **** //    PWM_3_Enable();
 182:main.c        ****     PWM_4_Enable();
 524              		.loc 1 182 0
 525 0008 FFF7FEFF 		bl	PWM_4_Enable
 183:main.c        ****     PWM_5_Enable();
 526              		.loc 1 183 0
 527 000c FFF7FEFF 		bl	PWM_5_Enable
 184:main.c        ****     PWM_6_Enable();
 528              		.loc 1 184 0
 529 0010 FFF7FEFF 		bl	PWM_6_Enable
 185:main.c        ****     PWM_7_Enable();
 530              		.loc 1 185 0
 531 0014 FFF7FEFF 		bl	PWM_7_Enable
 186:main.c        ****     PWM_8_Enable();
 532              		.loc 1 186 0
 533 0018 FFF7FEFF 		bl	PWM_8_Enable
 187:main.c        ****     PWM_9_Enable();
 534              		.loc 1 187 0
 535 001c FFF7FEFF 		bl	PWM_9_Enable
 188:main.c        ****     PWM_10_Enable();
 536              		.loc 1 188 0
 537 0020 FFF7FEFF 		bl	PWM_10_Enable
 189:main.c        ****     PWM_11_Enable();
 538              		.loc 1 189 0
 539 0024 FFF7FEFF 		bl	PWM_11_Enable
 190:main.c        ****     PWM_ADC_CK_Start();
 540              		.loc 1 190 0
 541 0028 FFF7FEFF 		bl	PWM_ADC_CK_Start
 191:main.c        **** //    PWM_1_Start();
 192:main.c        **** //    PWM_2_Start();
 193:main.c        **** //    PWM_3_Start();
 194:main.c        ****     PWM_4_Start();
 542              		.loc 1 194 0
 543 002c FFF7FEFF 		bl	PWM_4_Start
 195:main.c        ****     PWM_5_Start();
 544              		.loc 1 195 0
ARM GAS  C:\Users\ben\AppData\Local\Temp\ccKy6kJq.s 			page 14


 545 0030 FFF7FEFF 		bl	PWM_5_Start
 196:main.c        ****     PWM_6_Start();
 546              		.loc 1 196 0
 547 0034 FFF7FEFF 		bl	PWM_6_Start
 197:main.c        ****     PWM_7_Start();
 548              		.loc 1 197 0
 549 0038 FFF7FEFF 		bl	PWM_7_Start
 198:main.c        ****     PWM_8_Start();
 550              		.loc 1 198 0
 551 003c FFF7FEFF 		bl	PWM_8_Start
 199:main.c        ****     PWM_9_Start();
 552              		.loc 1 199 0
 553 0040 FFF7FEFF 		bl	PWM_9_Start
 200:main.c        ****     PWM_10_Start();
 554              		.loc 1 200 0
 555 0044 FFF7FEFF 		bl	PWM_10_Start
 201:main.c        ****     PWM_11_Start();
 556              		.loc 1 201 0
 557 0048 FFF7FEFF 		bl	PWM_11_Start
 202:main.c        ****     return;
 558              		.loc 1 202 0
 559 004c 00BF     		nop
 203:main.c        **** }
 560              		.loc 1 203 0
 561 004e 80BD     		pop	{r7, pc}
 562              		.cfi_endproc
 563              	.LFE65:
 564              		.size	PWM_Start, .-PWM_Start
 565              		.section	.text.PWM_Set,"ax",%progbits
 566              		.align	2
 567              		.global	PWM_Set
 568              		.thumb
 569              		.thumb_func
 570              		.type	PWM_Set, %function
 571              	PWM_Set:
 572              	.LFB66:
 204:main.c        **** void PWM_Set(uint16 PWMin){
 573              		.loc 1 204 0
 574              		.cfi_startproc
 575              		@ args = 0, pretend = 0, frame = 16
 576              		@ frame_needed = 1, uses_anonymous_args = 0
 577 0000 80B5     		push	{r7, lr}
 578              		.cfi_def_cfa_offset 8
 579              		.cfi_offset 7, -8
 580              		.cfi_offset 14, -4
 581 0002 84B0     		sub	sp, sp, #16
 582              		.cfi_def_cfa_offset 24
 583 0004 00AF     		add	r7, sp, #0
 584              		.cfi_def_cfa_register 7
 585 0006 0346     		mov	r3, r0
 586 0008 FB80     		strh	r3, [r7, #6]	@ movhi
 205:main.c        ****    uint16 PWMdiv = PWMin >>1;
 587              		.loc 1 205 0
 588 000a FB88     		ldrh	r3, [r7, #6]
 589 000c 5B08     		lsrs	r3, r3, #1
 590 000e FB81     		strh	r3, [r7, #14]	@ movhi
 206:main.c        **** 
ARM GAS  C:\Users\ben\AppData\Local\Temp\ccKy6kJq.s 			page 15


 207:main.c        ****     PWM_4_WritePeriod(PWMin);
 591              		.loc 1 207 0
 592 0010 FB88     		ldrh	r3, [r7, #6]	@ movhi
 593 0012 DBB2     		uxtb	r3, r3
 594 0014 1846     		mov	r0, r3
 595 0016 FFF7FEFF 		bl	PWM_4_WritePeriod
 208:main.c        ****     PWM_5_WritePeriod(PWMin);
 596              		.loc 1 208 0
 597 001a FB88     		ldrh	r3, [r7, #6]	@ movhi
 598 001c DBB2     		uxtb	r3, r3
 599 001e 1846     		mov	r0, r3
 600 0020 FFF7FEFF 		bl	PWM_5_WritePeriod
 209:main.c        ****     PWM_6_WritePeriod(PWMin);
 601              		.loc 1 209 0
 602 0024 FB88     		ldrh	r3, [r7, #6]	@ movhi
 603 0026 DBB2     		uxtb	r3, r3
 604 0028 1846     		mov	r0, r3
 605 002a FFF7FEFF 		bl	PWM_6_WritePeriod
 210:main.c        ****     PWM_7_WritePeriod(PWMin);
 606              		.loc 1 210 0
 607 002e FB88     		ldrh	r3, [r7, #6]	@ movhi
 608 0030 DBB2     		uxtb	r3, r3
 609 0032 1846     		mov	r0, r3
 610 0034 FFF7FEFF 		bl	PWM_7_WritePeriod
 211:main.c        ****     PWM_8_WritePeriod(PWMin);
 611              		.loc 1 211 0
 612 0038 FB88     		ldrh	r3, [r7, #6]	@ movhi
 613 003a DBB2     		uxtb	r3, r3
 614 003c 1846     		mov	r0, r3
 615 003e FFF7FEFF 		bl	PWM_8_WritePeriod
 212:main.c        ****     PWM_9_WritePeriod(PWMin);
 616              		.loc 1 212 0
 617 0042 FB88     		ldrh	r3, [r7, #6]	@ movhi
 618 0044 DBB2     		uxtb	r3, r3
 619 0046 1846     		mov	r0, r3
 620 0048 FFF7FEFF 		bl	PWM_9_WritePeriod
 213:main.c        ****     PWM_10_WritePeriod(PWMin);
 621              		.loc 1 213 0
 622 004c FB88     		ldrh	r3, [r7, #6]	@ movhi
 623 004e DBB2     		uxtb	r3, r3
 624 0050 1846     		mov	r0, r3
 625 0052 FFF7FEFF 		bl	PWM_10_WritePeriod
 214:main.c        ****     PWM_11_WritePeriod(PWMin);
 626              		.loc 1 214 0
 627 0056 FB88     		ldrh	r3, [r7, #6]	@ movhi
 628 0058 DBB2     		uxtb	r3, r3
 629 005a 1846     		mov	r0, r3
 630 005c FFF7FEFF 		bl	PWM_11_WritePeriod
 215:main.c        ****     
 216:main.c        **** 
 217:main.c        ****     PWM_4_WriteCompare(PWMdiv);
 631              		.loc 1 217 0
 632 0060 FB89     		ldrh	r3, [r7, #14]	@ movhi
 633 0062 DBB2     		uxtb	r3, r3
 634 0064 1846     		mov	r0, r3
 635 0066 FFF7FEFF 		bl	PWM_4_WriteCompare
 218:main.c        ****     PWM_5_WriteCompare(PWMdiv);
ARM GAS  C:\Users\ben\AppData\Local\Temp\ccKy6kJq.s 			page 16


 636              		.loc 1 218 0
 637 006a FB89     		ldrh	r3, [r7, #14]	@ movhi
 638 006c DBB2     		uxtb	r3, r3
 639 006e 1846     		mov	r0, r3
 640 0070 FFF7FEFF 		bl	PWM_5_WriteCompare
 219:main.c        ****     PWM_6_WriteCompare(PWMdiv);
 641              		.loc 1 219 0
 642 0074 FB89     		ldrh	r3, [r7, #14]	@ movhi
 643 0076 DBB2     		uxtb	r3, r3
 644 0078 1846     		mov	r0, r3
 645 007a FFF7FEFF 		bl	PWM_6_WriteCompare
 220:main.c        ****     PWM_7_WriteCompare(PWMdiv);
 646              		.loc 1 220 0
 647 007e FB89     		ldrh	r3, [r7, #14]	@ movhi
 648 0080 DBB2     		uxtb	r3, r3
 649 0082 1846     		mov	r0, r3
 650 0084 FFF7FEFF 		bl	PWM_7_WriteCompare
 221:main.c        ****     PWM_8_WriteCompare(PWMdiv);
 651              		.loc 1 221 0
 652 0088 FB89     		ldrh	r3, [r7, #14]	@ movhi
 653 008a DBB2     		uxtb	r3, r3
 654 008c 1846     		mov	r0, r3
 655 008e FFF7FEFF 		bl	PWM_8_WriteCompare
 222:main.c        ****     PWM_9_WriteCompare(PWMdiv);
 656              		.loc 1 222 0
 657 0092 FB89     		ldrh	r3, [r7, #14]	@ movhi
 658 0094 DBB2     		uxtb	r3, r3
 659 0096 1846     		mov	r0, r3
 660 0098 FFF7FEFF 		bl	PWM_9_WriteCompare
 223:main.c        ****     PWM_10_WriteCompare(PWMdiv);
 661              		.loc 1 223 0
 662 009c FB89     		ldrh	r3, [r7, #14]	@ movhi
 663 009e DBB2     		uxtb	r3, r3
 664 00a0 1846     		mov	r0, r3
 665 00a2 FFF7FEFF 		bl	PWM_10_WriteCompare
 224:main.c        ****     PWM_11_WriteCompare(PWMdiv);
 666              		.loc 1 224 0
 667 00a6 FB89     		ldrh	r3, [r7, #14]	@ movhi
 668 00a8 DBB2     		uxtb	r3, r3
 669 00aa 1846     		mov	r0, r3
 670 00ac FFF7FEFF 		bl	PWM_11_WriteCompare
 225:main.c        ****     return;
 671              		.loc 1 225 0
 672 00b0 00BF     		nop
 226:main.c        **** }
 673              		.loc 1 226 0
 674 00b2 1037     		adds	r7, r7, #16
 675              		.cfi_def_cfa_offset 8
 676 00b4 BD46     		mov	sp, r7
 677              		.cfi_def_cfa_register 13
 678              		@ sp needed
 679 00b6 80BD     		pop	{r7, pc}
 680              		.cfi_endproc
 681              	.LFE66:
 682              		.size	PWM_Set, .-PWM_Set
 683              		.text
 684              	.Letext0:
ARM GAS  C:\Users\ben\AppData\Local\Temp\ccKy6kJq.s 			page 17


 685              		.file 2 "c:\\program files (x86)\\cypress\\psoc creator\\4.0\\psoc creator\\import\\gnu\\arm\\4.9.
 686              		.file 3 "c:\\program files (x86)\\cypress\\psoc creator\\4.0\\psoc creator\\import\\gnu\\arm\\4.9.
 687              		.file 4 "Generated_Source\\PSoC5/cytypes.h"
 688              		.file 5 "Generated_Source\\PSoC5/core_cm3.h"
 689              		.section	.debug_info,"",%progbits
 690              	.Ldebug_info0:
 691 0000 23020000 		.4byte	0x223
 692 0004 0400     		.2byte	0x4
 693 0006 00000000 		.4byte	.Ldebug_abbrev0
 694 000a 04       		.byte	0x4
 695 000b 01       		.uleb128 0x1
 696 000c 74000000 		.4byte	.LASF35
 697 0010 01       		.byte	0x1
 698 0011 FF010000 		.4byte	.LASF36
 699 0015 07000000 		.4byte	.LASF37
 700 0019 00000000 		.4byte	.Ldebug_ranges0+0
 701 001d 00000000 		.4byte	0
 702 0021 00000000 		.4byte	.Ldebug_line0
 703 0025 02       		.uleb128 0x2
 704 0026 01       		.byte	0x1
 705 0027 06       		.byte	0x6
 706 0028 67020000 		.4byte	.LASF0
 707 002c 02       		.uleb128 0x2
 708 002d 01       		.byte	0x1
 709 002e 08       		.byte	0x8
 710 002f 25010000 		.4byte	.LASF1
 711 0033 02       		.uleb128 0x2
 712 0034 02       		.byte	0x2
 713 0035 05       		.byte	0x5
 714 0036 3B020000 		.4byte	.LASF2
 715 003a 02       		.uleb128 0x2
 716 003b 02       		.byte	0x2
 717 003c 07       		.byte	0x7
 718 003d 45010000 		.4byte	.LASF3
 719 0041 03       		.uleb128 0x3
 720 0042 65000000 		.4byte	.LASF9
 721 0046 02       		.byte	0x2
 722 0047 3F       		.byte	0x3f
 723 0048 4C000000 		.4byte	0x4c
 724 004c 02       		.uleb128 0x2
 725 004d 04       		.byte	0x4
 726 004e 05       		.byte	0x5
 727 004f 4F020000 		.4byte	.LASF4
 728 0053 02       		.uleb128 0x2
 729 0054 04       		.byte	0x4
 730 0055 07       		.byte	0x7
 731 0056 33010000 		.4byte	.LASF5
 732 005a 02       		.uleb128 0x2
 733 005b 08       		.byte	0x8
 734 005c 05       		.byte	0x5
 735 005d F1010000 		.4byte	.LASF6
 736 0061 02       		.uleb128 0x2
 737 0062 08       		.byte	0x8
 738 0063 07       		.byte	0x7
 739 0064 B6010000 		.4byte	.LASF7
 740 0068 04       		.uleb128 0x4
 741 0069 04       		.byte	0x4
ARM GAS  C:\Users\ben\AppData\Local\Temp\ccKy6kJq.s 			page 18


 742 006a 05       		.byte	0x5
 743 006b 696E7400 		.ascii	"int\000"
 744 006f 02       		.uleb128 0x2
 745 0070 04       		.byte	0x4
 746 0071 07       		.byte	0x7
 747 0072 A0010000 		.4byte	.LASF8
 748 0076 03       		.uleb128 0x3
 749 0077 E0010000 		.4byte	.LASF10
 750 007b 03       		.byte	0x3
 751 007c 2C       		.byte	0x2c
 752 007d 41000000 		.4byte	0x41
 753 0081 05       		.uleb128 0x5
 754 0082 11010000 		.4byte	.LASF11
 755 0086 04       		.byte	0x4
 756 0087 9201     		.2byte	0x192
 757 0089 2C000000 		.4byte	0x2c
 758 008d 05       		.uleb128 0x5
 759 008e 7A010000 		.4byte	.LASF12
 760 0092 04       		.byte	0x4
 761 0093 9301     		.2byte	0x193
 762 0095 3A000000 		.4byte	0x3a
 763 0099 02       		.uleb128 0x2
 764 009a 04       		.byte	0x4
 765 009b 04       		.byte	0x4
 766 009c 0B010000 		.4byte	.LASF13
 767 00a0 02       		.uleb128 0x2
 768 00a1 08       		.byte	0x8
 769 00a2 04       		.byte	0x4
 770 00a3 73010000 		.4byte	.LASF14
 771 00a7 02       		.uleb128 0x2
 772 00a8 01       		.byte	0x1
 773 00a9 08       		.byte	0x8
 774 00aa 06020000 		.4byte	.LASF15
 775 00ae 02       		.uleb128 0x2
 776 00af 04       		.byte	0x4
 777 00b0 07       		.byte	0x7
 778 00b1 E8010000 		.4byte	.LASF16
 779 00b5 06       		.uleb128 0x6
 780 00b6 81010000 		.4byte	.LASF20
 781 00ba 01       		.byte	0x1
 782 00bb 21       		.byte	0x21
 783 00bc 68000000 		.4byte	0x68
 784 00c0 00000000 		.4byte	.LFB63
 785 00c4 70010000 		.4byte	.LFE63-.LFB63
 786 00c8 01       		.uleb128 0x1
 787 00c9 9C       		.byte	0x9c
 788 00ca F5000000 		.4byte	0xf5
 789 00ce 07       		.uleb128 0x7
 790 00cf 43545200 		.ascii	"CTR\000"
 791 00d3 01       		.byte	0x1
 792 00d4 24       		.byte	0x24
 793 00d5 8D000000 		.4byte	0x8d
 794 00d9 02       		.uleb128 0x2
 795 00da 91       		.byte	0x91
 796 00db 6E       		.sleb128 -18
 797 00dc 08       		.uleb128 0x8
 798 00dd 50000000 		.4byte	.LBB2
ARM GAS  C:\Users\ben\AppData\Local\Temp\ccKy6kJq.s 			page 19


 799 00e1 00010000 		.4byte	.LBE2-.LBB2
 800 00e5 09       		.uleb128 0x9
 801 00e6 02010000 		.4byte	.LASF17
 802 00ea 01       		.byte	0x1
 803 00eb 62       		.byte	0x62
 804 00ec 8D000000 		.4byte	0x8d
 805 00f0 02       		.uleb128 0x2
 806 00f1 91       		.byte	0x91
 807 00f2 6C       		.sleb128 -20
 808 00f3 00       		.byte	0
 809 00f4 00       		.byte	0
 810 00f5 0A       		.uleb128 0xa
 811 00f6 D9010000 		.4byte	.LASF38
 812 00fa 01       		.byte	0x1
 813 00fb 67       		.byte	0x67
 814 00fc 8D000000 		.4byte	0x8d
 815 0100 00000000 		.4byte	.LFB64
 816 0104 68010000 		.4byte	.LFE64-.LFB64
 817 0108 01       		.uleb128 0x1
 818 0109 9C       		.byte	0x9c
 819 010a 39010000 		.4byte	0x139
 820 010e 0B       		.uleb128 0xb
 821 010f 61020000 		.4byte	.LASF22
 822 0113 01       		.byte	0x1
 823 0114 67       		.byte	0x67
 824 0115 8D000000 		.4byte	0x8d
 825 0119 02       		.uleb128 0x2
 826 011a 91       		.byte	0x91
 827 011b 6E       		.sleb128 -18
 828 011c 09       		.uleb128 0x9
 829 011d CD010000 		.4byte	.LASF18
 830 0121 01       		.byte	0x1
 831 0122 69       		.byte	0x69
 832 0123 81000000 		.4byte	0x81
 833 0127 02       		.uleb128 0x2
 834 0128 91       		.byte	0x91
 835 0129 75       		.sleb128 -11
 836 012a 09       		.uleb128 0x9
 837 012b 6F000000 		.4byte	.LASF19
 838 012f 01       		.byte	0x1
 839 0130 6A       		.byte	0x6a
 840 0131 8D000000 		.4byte	0x8d
 841 0135 02       		.uleb128 0x2
 842 0136 91       		.byte	0x91
 843 0137 76       		.sleb128 -10
 844 0138 00       		.byte	0
 845 0139 0C       		.uleb128 0xc
 846 013a 45020000 		.4byte	.LASF39
 847 013e 01       		.byte	0x1
 848 013f B0       		.byte	0xb0
 849 0140 00000000 		.4byte	.LFB65
 850 0144 50000000 		.4byte	.LFE65-.LFB65
 851 0148 01       		.uleb128 0x1
 852 0149 9C       		.byte	0x9c
 853 014a 0D       		.uleb128 0xd
 854 014b 6B010000 		.4byte	.LASF21
 855 014f 01       		.byte	0x1
ARM GAS  C:\Users\ben\AppData\Local\Temp\ccKy6kJq.s 			page 20


 856 0150 CC       		.byte	0xcc
 857 0151 00000000 		.4byte	.LFB66
 858 0155 B8000000 		.4byte	.LFE66-.LFB66
 859 0159 01       		.uleb128 0x1
 860 015a 9C       		.byte	0x9c
 861 015b 7C010000 		.4byte	0x17c
 862 015f 0B       		.uleb128 0xb
 863 0160 58010000 		.4byte	.LASF23
 864 0164 01       		.byte	0x1
 865 0165 CC       		.byte	0xcc
 866 0166 8D000000 		.4byte	0x8d
 867 016a 02       		.uleb128 0x2
 868 016b 91       		.byte	0x91
 869 016c 6E       		.sleb128 -18
 870 016d 09       		.uleb128 0x9
 871 016e 00000000 		.4byte	.LASF24
 872 0172 01       		.byte	0x1
 873 0173 CD       		.byte	0xcd
 874 0174 8D000000 		.4byte	0x8d
 875 0178 02       		.uleb128 0x2
 876 0179 91       		.byte	0x91
 877 017a 76       		.sleb128 -10
 878 017b 00       		.byte	0
 879 017c 0E       		.uleb128 0xe
 880 017d 5E010000 		.4byte	.LASF25
 881 0181 05       		.byte	0x5
 882 0182 9606     		.2byte	0x696
 883 0184 88010000 		.4byte	0x188
 884 0188 0F       		.uleb128 0xf
 885 0189 76000000 		.4byte	0x76
 886 018d 10       		.uleb128 0x10
 887 018e 86010000 		.4byte	.LASF26
 888 0192 01       		.byte	0x1
 889 0193 16       		.byte	0x16
 890 0194 8D000000 		.4byte	0x8d
 891 0198 05       		.uleb128 0x5
 892 0199 03       		.byte	0x3
 893 019a 00000000 		.4byte	BIT_MASK_CTRL
 894 019e 10       		.uleb128 0x10
 895 019f 17010000 		.4byte	.LASF27
 896 01a3 01       		.byte	0x1
 897 01a4 17       		.byte	0x17
 898 01a5 8D000000 		.4byte	0x8d
 899 01a9 05       		.uleb128 0x5
 900 01aa 03       		.byte	0x3
 901 01ab 00000000 		.4byte	DIV_MASK_CTRL
 902 01af 10       		.uleb128 0x10
 903 01b0 1E020000 		.4byte	.LASF28
 904 01b4 01       		.byte	0x1
 905 01b5 18       		.byte	0x18
 906 01b6 8D000000 		.4byte	0x8d
 907 01ba 05       		.uleb128 0x5
 908 01bb 03       		.byte	0x3
 909 01bc 00000000 		.4byte	OLD_BIT_MASK_DEPTH
 910 01c0 10       		.uleb128 0x10
 911 01c1 0B020000 		.4byte	.LASF29
 912 01c5 01       		.byte	0x1
ARM GAS  C:\Users\ben\AppData\Local\Temp\ccKy6kJq.s 			page 21


 913 01c6 19       		.byte	0x19
 914 01c7 8D000000 		.4byte	0x8d
 915 01cb 05       		.uleb128 0x5
 916 01cc 03       		.byte	0x3
 917 01cd 00000000 		.4byte	OLD_DIV_MASK_DEPTH
 918 01d1 10       		.uleb128 0x10
 919 01d2 31020000 		.4byte	.LASF30
 920 01d6 01       		.byte	0x1
 921 01d7 1B       		.byte	0x1b
 922 01d8 8D000000 		.4byte	0x8d
 923 01dc 05       		.uleb128 0x5
 924 01dd 03       		.byte	0x3
 925 01de 00000000 		.4byte	MASK_CTRL
 926 01e2 10       		.uleb128 0x10
 927 01e3 56000000 		.4byte	.LASF31
 928 01e7 01       		.byte	0x1
 929 01e8 1C       		.byte	0x1c
 930 01e9 8D000000 		.4byte	0x8d
 931 01ed 05       		.uleb128 0x5
 932 01ee 03       		.byte	0x3
 933 01ef 00000000 		.4byte	OLD_MASK_DEPTH
 934 01f3 10       		.uleb128 0x10
 935 01f4 94010000 		.4byte	.LASF32
 936 01f8 01       		.byte	0x1
 937 01f9 1D       		.byte	0x1d
 938 01fa 8D000000 		.4byte	0x8d
 939 01fe 05       		.uleb128 0x5
 940 01ff 03       		.byte	0x3
 941 0200 00000000 		.4byte	MASK_EFFECT
 942 0204 10       		.uleb128 0x10
 943 0205 58020000 		.4byte	.LASF33
 944 0209 01       		.byte	0x1
 945 020a 1F       		.byte	0x1f
 946 020b 8D000000 		.4byte	0x8d
 947 020f 05       		.uleb128 0x5
 948 0210 03       		.byte	0x3
 949 0211 00000000 		.4byte	AUDIO_IN
 950 0215 10       		.uleb128 0x10
 951 0216 AD010000 		.4byte	.LASF34
 952 021a 01       		.byte	0x1
 953 021b 20       		.byte	0x20
 954 021c 8D000000 		.4byte	0x8d
 955 0220 05       		.uleb128 0x5
 956 0221 03       		.byte	0x3
 957 0222 00000000 		.4byte	FRQ_CTRL
 958 0226 00       		.byte	0
 959              		.section	.debug_abbrev,"",%progbits
 960              	.Ldebug_abbrev0:
 961 0000 01       		.uleb128 0x1
 962 0001 11       		.uleb128 0x11
 963 0002 01       		.byte	0x1
 964 0003 25       		.uleb128 0x25
 965 0004 0E       		.uleb128 0xe
 966 0005 13       		.uleb128 0x13
 967 0006 0B       		.uleb128 0xb
 968 0007 03       		.uleb128 0x3
 969 0008 0E       		.uleb128 0xe
ARM GAS  C:\Users\ben\AppData\Local\Temp\ccKy6kJq.s 			page 22


 970 0009 1B       		.uleb128 0x1b
 971 000a 0E       		.uleb128 0xe
 972 000b 55       		.uleb128 0x55
 973 000c 17       		.uleb128 0x17
 974 000d 11       		.uleb128 0x11
 975 000e 01       		.uleb128 0x1
 976 000f 10       		.uleb128 0x10
 977 0010 17       		.uleb128 0x17
 978 0011 00       		.byte	0
 979 0012 00       		.byte	0
 980 0013 02       		.uleb128 0x2
 981 0014 24       		.uleb128 0x24
 982 0015 00       		.byte	0
 983 0016 0B       		.uleb128 0xb
 984 0017 0B       		.uleb128 0xb
 985 0018 3E       		.uleb128 0x3e
 986 0019 0B       		.uleb128 0xb
 987 001a 03       		.uleb128 0x3
 988 001b 0E       		.uleb128 0xe
 989 001c 00       		.byte	0
 990 001d 00       		.byte	0
 991 001e 03       		.uleb128 0x3
 992 001f 16       		.uleb128 0x16
 993 0020 00       		.byte	0
 994 0021 03       		.uleb128 0x3
 995 0022 0E       		.uleb128 0xe
 996 0023 3A       		.uleb128 0x3a
 997 0024 0B       		.uleb128 0xb
 998 0025 3B       		.uleb128 0x3b
 999 0026 0B       		.uleb128 0xb
 1000 0027 49       		.uleb128 0x49
 1001 0028 13       		.uleb128 0x13
 1002 0029 00       		.byte	0
 1003 002a 00       		.byte	0
 1004 002b 04       		.uleb128 0x4
 1005 002c 24       		.uleb128 0x24
 1006 002d 00       		.byte	0
 1007 002e 0B       		.uleb128 0xb
 1008 002f 0B       		.uleb128 0xb
 1009 0030 3E       		.uleb128 0x3e
 1010 0031 0B       		.uleb128 0xb
 1011 0032 03       		.uleb128 0x3
 1012 0033 08       		.uleb128 0x8
 1013 0034 00       		.byte	0
 1014 0035 00       		.byte	0
 1015 0036 05       		.uleb128 0x5
 1016 0037 16       		.uleb128 0x16
 1017 0038 00       		.byte	0
 1018 0039 03       		.uleb128 0x3
 1019 003a 0E       		.uleb128 0xe
 1020 003b 3A       		.uleb128 0x3a
 1021 003c 0B       		.uleb128 0xb
 1022 003d 3B       		.uleb128 0x3b
 1023 003e 05       		.uleb128 0x5
 1024 003f 49       		.uleb128 0x49
 1025 0040 13       		.uleb128 0x13
 1026 0041 00       		.byte	0
ARM GAS  C:\Users\ben\AppData\Local\Temp\ccKy6kJq.s 			page 23


 1027 0042 00       		.byte	0
 1028 0043 06       		.uleb128 0x6
 1029 0044 2E       		.uleb128 0x2e
 1030 0045 01       		.byte	0x1
 1031 0046 3F       		.uleb128 0x3f
 1032 0047 19       		.uleb128 0x19
 1033 0048 03       		.uleb128 0x3
 1034 0049 0E       		.uleb128 0xe
 1035 004a 3A       		.uleb128 0x3a
 1036 004b 0B       		.uleb128 0xb
 1037 004c 3B       		.uleb128 0x3b
 1038 004d 0B       		.uleb128 0xb
 1039 004e 49       		.uleb128 0x49
 1040 004f 13       		.uleb128 0x13
 1041 0050 11       		.uleb128 0x11
 1042 0051 01       		.uleb128 0x1
 1043 0052 12       		.uleb128 0x12
 1044 0053 06       		.uleb128 0x6
 1045 0054 40       		.uleb128 0x40
 1046 0055 18       		.uleb128 0x18
 1047 0056 9642     		.uleb128 0x2116
 1048 0058 19       		.uleb128 0x19
 1049 0059 01       		.uleb128 0x1
 1050 005a 13       		.uleb128 0x13
 1051 005b 00       		.byte	0
 1052 005c 00       		.byte	0
 1053 005d 07       		.uleb128 0x7
 1054 005e 34       		.uleb128 0x34
 1055 005f 00       		.byte	0
 1056 0060 03       		.uleb128 0x3
 1057 0061 08       		.uleb128 0x8
 1058 0062 3A       		.uleb128 0x3a
 1059 0063 0B       		.uleb128 0xb
 1060 0064 3B       		.uleb128 0x3b
 1061 0065 0B       		.uleb128 0xb
 1062 0066 49       		.uleb128 0x49
 1063 0067 13       		.uleb128 0x13
 1064 0068 02       		.uleb128 0x2
 1065 0069 18       		.uleb128 0x18
 1066 006a 00       		.byte	0
 1067 006b 00       		.byte	0
 1068 006c 08       		.uleb128 0x8
 1069 006d 0B       		.uleb128 0xb
 1070 006e 01       		.byte	0x1
 1071 006f 11       		.uleb128 0x11
 1072 0070 01       		.uleb128 0x1
 1073 0071 12       		.uleb128 0x12
 1074 0072 06       		.uleb128 0x6
 1075 0073 00       		.byte	0
 1076 0074 00       		.byte	0
 1077 0075 09       		.uleb128 0x9
 1078 0076 34       		.uleb128 0x34
 1079 0077 00       		.byte	0
 1080 0078 03       		.uleb128 0x3
 1081 0079 0E       		.uleb128 0xe
 1082 007a 3A       		.uleb128 0x3a
 1083 007b 0B       		.uleb128 0xb
ARM GAS  C:\Users\ben\AppData\Local\Temp\ccKy6kJq.s 			page 24


 1084 007c 3B       		.uleb128 0x3b
 1085 007d 0B       		.uleb128 0xb
 1086 007e 49       		.uleb128 0x49
 1087 007f 13       		.uleb128 0x13
 1088 0080 02       		.uleb128 0x2
 1089 0081 18       		.uleb128 0x18
 1090 0082 00       		.byte	0
 1091 0083 00       		.byte	0
 1092 0084 0A       		.uleb128 0xa
 1093 0085 2E       		.uleb128 0x2e
 1094 0086 01       		.byte	0x1
 1095 0087 3F       		.uleb128 0x3f
 1096 0088 19       		.uleb128 0x19
 1097 0089 03       		.uleb128 0x3
 1098 008a 0E       		.uleb128 0xe
 1099 008b 3A       		.uleb128 0x3a
 1100 008c 0B       		.uleb128 0xb
 1101 008d 3B       		.uleb128 0x3b
 1102 008e 0B       		.uleb128 0xb
 1103 008f 27       		.uleb128 0x27
 1104 0090 19       		.uleb128 0x19
 1105 0091 49       		.uleb128 0x49
 1106 0092 13       		.uleb128 0x13
 1107 0093 11       		.uleb128 0x11
 1108 0094 01       		.uleb128 0x1
 1109 0095 12       		.uleb128 0x12
 1110 0096 06       		.uleb128 0x6
 1111 0097 40       		.uleb128 0x40
 1112 0098 18       		.uleb128 0x18
 1113 0099 9742     		.uleb128 0x2117
 1114 009b 19       		.uleb128 0x19
 1115 009c 01       		.uleb128 0x1
 1116 009d 13       		.uleb128 0x13
 1117 009e 00       		.byte	0
 1118 009f 00       		.byte	0
 1119 00a0 0B       		.uleb128 0xb
 1120 00a1 05       		.uleb128 0x5
 1121 00a2 00       		.byte	0
 1122 00a3 03       		.uleb128 0x3
 1123 00a4 0E       		.uleb128 0xe
 1124 00a5 3A       		.uleb128 0x3a
 1125 00a6 0B       		.uleb128 0xb
 1126 00a7 3B       		.uleb128 0x3b
 1127 00a8 0B       		.uleb128 0xb
 1128 00a9 49       		.uleb128 0x49
 1129 00aa 13       		.uleb128 0x13
 1130 00ab 02       		.uleb128 0x2
 1131 00ac 18       		.uleb128 0x18
 1132 00ad 00       		.byte	0
 1133 00ae 00       		.byte	0
 1134 00af 0C       		.uleb128 0xc
 1135 00b0 2E       		.uleb128 0x2e
 1136 00b1 00       		.byte	0
 1137 00b2 3F       		.uleb128 0x3f
 1138 00b3 19       		.uleb128 0x19
 1139 00b4 03       		.uleb128 0x3
 1140 00b5 0E       		.uleb128 0xe
ARM GAS  C:\Users\ben\AppData\Local\Temp\ccKy6kJq.s 			page 25


 1141 00b6 3A       		.uleb128 0x3a
 1142 00b7 0B       		.uleb128 0xb
 1143 00b8 3B       		.uleb128 0x3b
 1144 00b9 0B       		.uleb128 0xb
 1145 00ba 27       		.uleb128 0x27
 1146 00bb 19       		.uleb128 0x19
 1147 00bc 11       		.uleb128 0x11
 1148 00bd 01       		.uleb128 0x1
 1149 00be 12       		.uleb128 0x12
 1150 00bf 06       		.uleb128 0x6
 1151 00c0 40       		.uleb128 0x40
 1152 00c1 18       		.uleb128 0x18
 1153 00c2 9642     		.uleb128 0x2116
 1154 00c4 19       		.uleb128 0x19
 1155 00c5 00       		.byte	0
 1156 00c6 00       		.byte	0
 1157 00c7 0D       		.uleb128 0xd
 1158 00c8 2E       		.uleb128 0x2e
 1159 00c9 01       		.byte	0x1
 1160 00ca 3F       		.uleb128 0x3f
 1161 00cb 19       		.uleb128 0x19
 1162 00cc 03       		.uleb128 0x3
 1163 00cd 0E       		.uleb128 0xe
 1164 00ce 3A       		.uleb128 0x3a
 1165 00cf 0B       		.uleb128 0xb
 1166 00d0 3B       		.uleb128 0x3b
 1167 00d1 0B       		.uleb128 0xb
 1168 00d2 27       		.uleb128 0x27
 1169 00d3 19       		.uleb128 0x19
 1170 00d4 11       		.uleb128 0x11
 1171 00d5 01       		.uleb128 0x1
 1172 00d6 12       		.uleb128 0x12
 1173 00d7 06       		.uleb128 0x6
 1174 00d8 40       		.uleb128 0x40
 1175 00d9 18       		.uleb128 0x18
 1176 00da 9642     		.uleb128 0x2116
 1177 00dc 19       		.uleb128 0x19
 1178 00dd 01       		.uleb128 0x1
 1179 00de 13       		.uleb128 0x13
 1180 00df 00       		.byte	0
 1181 00e0 00       		.byte	0
 1182 00e1 0E       		.uleb128 0xe
 1183 00e2 34       		.uleb128 0x34
 1184 00e3 00       		.byte	0
 1185 00e4 03       		.uleb128 0x3
 1186 00e5 0E       		.uleb128 0xe
 1187 00e6 3A       		.uleb128 0x3a
 1188 00e7 0B       		.uleb128 0xb
 1189 00e8 3B       		.uleb128 0x3b
 1190 00e9 05       		.uleb128 0x5
 1191 00ea 49       		.uleb128 0x49
 1192 00eb 13       		.uleb128 0x13
 1193 00ec 3F       		.uleb128 0x3f
 1194 00ed 19       		.uleb128 0x19
 1195 00ee 3C       		.uleb128 0x3c
 1196 00ef 19       		.uleb128 0x19
 1197 00f0 00       		.byte	0
ARM GAS  C:\Users\ben\AppData\Local\Temp\ccKy6kJq.s 			page 26


 1198 00f1 00       		.byte	0
 1199 00f2 0F       		.uleb128 0xf
 1200 00f3 35       		.uleb128 0x35
 1201 00f4 00       		.byte	0
 1202 00f5 49       		.uleb128 0x49
 1203 00f6 13       		.uleb128 0x13
 1204 00f7 00       		.byte	0
 1205 00f8 00       		.byte	0
 1206 00f9 10       		.uleb128 0x10
 1207 00fa 34       		.uleb128 0x34
 1208 00fb 00       		.byte	0
 1209 00fc 03       		.uleb128 0x3
 1210 00fd 0E       		.uleb128 0xe
 1211 00fe 3A       		.uleb128 0x3a
 1212 00ff 0B       		.uleb128 0xb
 1213 0100 3B       		.uleb128 0x3b
 1214 0101 0B       		.uleb128 0xb
 1215 0102 49       		.uleb128 0x49
 1216 0103 13       		.uleb128 0x13
 1217 0104 3F       		.uleb128 0x3f
 1218 0105 19       		.uleb128 0x19
 1219 0106 02       		.uleb128 0x2
 1220 0107 18       		.uleb128 0x18
 1221 0108 00       		.byte	0
 1222 0109 00       		.byte	0
 1223 010a 00       		.byte	0
 1224              		.section	.debug_aranges,"",%progbits
 1225 0000 34000000 		.4byte	0x34
 1226 0004 0200     		.2byte	0x2
 1227 0006 00000000 		.4byte	.Ldebug_info0
 1228 000a 04       		.byte	0x4
 1229 000b 00       		.byte	0
 1230 000c 0000     		.2byte	0
 1231 000e 0000     		.2byte	0
 1232 0010 00000000 		.4byte	.LFB63
 1233 0014 70010000 		.4byte	.LFE63-.LFB63
 1234 0018 00000000 		.4byte	.LFB64
 1235 001c 68010000 		.4byte	.LFE64-.LFB64
 1236 0020 00000000 		.4byte	.LFB65
 1237 0024 50000000 		.4byte	.LFE65-.LFB65
 1238 0028 00000000 		.4byte	.LFB66
 1239 002c B8000000 		.4byte	.LFE66-.LFB66
 1240 0030 00000000 		.4byte	0
 1241 0034 00000000 		.4byte	0
 1242              		.section	.debug_ranges,"",%progbits
 1243              	.Ldebug_ranges0:
 1244 0000 00000000 		.4byte	.LFB63
 1245 0004 70010000 		.4byte	.LFE63
 1246 0008 00000000 		.4byte	.LFB64
 1247 000c 68010000 		.4byte	.LFE64
 1248 0010 00000000 		.4byte	.LFB65
 1249 0014 50000000 		.4byte	.LFE65
 1250 0018 00000000 		.4byte	.LFB66
 1251 001c B8000000 		.4byte	.LFE66
 1252 0020 00000000 		.4byte	0
 1253 0024 00000000 		.4byte	0
 1254              		.section	.debug_line,"",%progbits
ARM GAS  C:\Users\ben\AppData\Local\Temp\ccKy6kJq.s 			page 27


 1255              	.Ldebug_line0:
 1256 0000 04020000 		.section	.debug_str,"MS",%progbits,1
 1256      02004701 
 1256      00000201 
 1256      FB0E0D00 
 1256      01010101 
 1257              	.LASF24:
 1258 0000 50574D64 		.ascii	"PWMdiv\000"
 1258      697600
 1259              	.LASF37:
 1260 0007 433A5C55 		.ascii	"C:\\Users\\ben\\Documents\\PSoC Creator\\New Pedal "
 1260      73657273 
 1260      5C62656E 
 1260      5C446F63 
 1260      756D656E 
 1261 0035 5468696E 		.ascii	"Thingz\\BIT-MANGLER\\ADC_DAC.cydsn\000"
 1261      677A5C42 
 1261      49542D4D 
 1261      414E474C 
 1261      45525C41 
 1262              	.LASF31:
 1263 0056 4F4C445F 		.ascii	"OLD_MASK_DEPTH\000"
 1263      4D41534B 
 1263      5F444550 
 1263      544800
 1264              	.LASF9:
 1265 0065 5F5F696E 		.ascii	"__int32_t\000"
 1265      7433325F 
 1265      7400
 1266              	.LASF19:
 1267 006f 6D61736B 		.ascii	"mask\000"
 1267      00
 1268              	.LASF35:
 1269 0074 474E5520 		.ascii	"GNU C 4.9.3 20150303 (release) [ARM/embedded-4_9-br"
 1269      4320342E 
 1269      392E3320 
 1269      32303135 
 1269      30333033 
 1270 00a7 616E6368 		.ascii	"anch revision 221220] -mcpu=cortex-m3 -mthumb -g -O"
 1270      20726576 
 1270      6973696F 
 1270      6E203232 
 1270      31323230 
 1271 00da 30202D66 		.ascii	"0 -ffunction-sections -ffat-lto-objects\000"
 1271      66756E63 
 1271      74696F6E 
 1271      2D736563 
 1271      74696F6E 
 1272              	.LASF17:
 1273 0102 44414349 		.ascii	"DACINPUT\000"
 1273      4E505554 
 1273      00
 1274              	.LASF13:
 1275 010b 666C6F61 		.ascii	"float\000"
 1275      7400
 1276              	.LASF11:
 1277 0111 75696E74 		.ascii	"uint8\000"
ARM GAS  C:\Users\ben\AppData\Local\Temp\ccKy6kJq.s 			page 28


 1277      3800
 1278              	.LASF27:
 1279 0117 4449565F 		.ascii	"DIV_MASK_CTRL\000"
 1279      4D41534B 
 1279      5F435452 
 1279      4C00
 1280              	.LASF1:
 1281 0125 756E7369 		.ascii	"unsigned char\000"
 1281      676E6564 
 1281      20636861 
 1281      7200
 1282              	.LASF5:
 1283 0133 6C6F6E67 		.ascii	"long unsigned int\000"
 1283      20756E73 
 1283      69676E65 
 1283      6420696E 
 1283      7400
 1284              	.LASF3:
 1285 0145 73686F72 		.ascii	"short unsigned int\000"
 1285      7420756E 
 1285      7369676E 
 1285      65642069 
 1285      6E7400
 1286              	.LASF23:
 1287 0158 50574D69 		.ascii	"PWMin\000"
 1287      6E00
 1288              	.LASF25:
 1289 015e 49544D5F 		.ascii	"ITM_RxBuffer\000"
 1289      52784275 
 1289      66666572 
 1289      00
 1290              	.LASF21:
 1291 016b 50574D5F 		.ascii	"PWM_Set\000"
 1291      53657400 
 1292              	.LASF14:
 1293 0173 646F7562 		.ascii	"double\000"
 1293      6C6500
 1294              	.LASF12:
 1295 017a 75696E74 		.ascii	"uint16\000"
 1295      313600
 1296              	.LASF20:
 1297 0181 6D61696E 		.ascii	"main\000"
 1297      00
 1298              	.LASF26:
 1299 0186 4249545F 		.ascii	"BIT_MASK_CTRL\000"
 1299      4D41534B 
 1299      5F435452 
 1299      4C00
 1300              	.LASF32:
 1301 0194 4D41534B 		.ascii	"MASK_EFFECT\000"
 1301      5F454646 
 1301      45435400 
 1302              	.LASF8:
 1303 01a0 756E7369 		.ascii	"unsigned int\000"
 1303      676E6564 
 1303      20696E74 
 1303      00
ARM GAS  C:\Users\ben\AppData\Local\Temp\ccKy6kJq.s 			page 29


 1304              	.LASF34:
 1305 01ad 4652515F 		.ascii	"FRQ_CTRL\000"
 1305      4354524C 
 1305      00
 1306              	.LASF7:
 1307 01b6 6C6F6E67 		.ascii	"long long unsigned int\000"
 1307      206C6F6E 
 1307      6720756E 
 1307      7369676E 
 1307      65642069 
 1308              	.LASF18:
 1309 01cd 64657074 		.ascii	"depthscaled\000"
 1309      68736361 
 1309      6C656400 
 1310              	.LASF38:
 1311 01d9 45666665 		.ascii	"Effect\000"
 1311      637400
 1312              	.LASF10:
 1313 01e0 696E7433 		.ascii	"int32_t\000"
 1313      325F7400 
 1314              	.LASF16:
 1315 01e8 73697A65 		.ascii	"sizetype\000"
 1315      74797065 
 1315      00
 1316              	.LASF6:
 1317 01f1 6C6F6E67 		.ascii	"long long int\000"
 1317      206C6F6E 
 1317      6720696E 
 1317      7400
 1318              	.LASF36:
 1319 01ff 6D61696E 		.ascii	"main.c\000"
 1319      2E6300
 1320              	.LASF15:
 1321 0206 63686172 		.ascii	"char\000"
 1321      00
 1322              	.LASF29:
 1323 020b 4F4C445F 		.ascii	"OLD_DIV_MASK_DEPTH\000"
 1323      4449565F 
 1323      4D41534B 
 1323      5F444550 
 1323      544800
 1324              	.LASF28:
 1325 021e 4F4C445F 		.ascii	"OLD_BIT_MASK_DEPTH\000"
 1325      4249545F 
 1325      4D41534B 
 1325      5F444550 
 1325      544800
 1326              	.LASF30:
 1327 0231 4D41534B 		.ascii	"MASK_CTRL\000"
 1327      5F435452 
 1327      4C00
 1328              	.LASF2:
 1329 023b 73686F72 		.ascii	"short int\000"
 1329      7420696E 
 1329      7400
 1330              	.LASF39:
 1331 0245 50574D5F 		.ascii	"PWM_Start\000"
ARM GAS  C:\Users\ben\AppData\Local\Temp\ccKy6kJq.s 			page 30


 1331      53746172 
 1331      7400
 1332              	.LASF4:
 1333 024f 6C6F6E67 		.ascii	"long int\000"
 1333      20696E74 
 1333      00
 1334              	.LASF33:
 1335 0258 41554449 		.ascii	"AUDIO_IN\000"
 1335      4F5F494E 
 1335      00
 1336              	.LASF22:
 1337 0261 64657074 		.ascii	"depth\000"
 1337      6800
 1338              	.LASF0:
 1339 0267 7369676E 		.ascii	"signed char\000"
 1339      65642063 
 1339      68617200 
 1340              		.ident	"GCC: (GNU Tools for ARM Embedded Processors) 4.9.3 20150303 (release) [ARM/embedded-4_9-br
