ARM GAS  C:\Users\ben\AppData\Local\Temp\ccJ0eXTh.s 			page 1


   1              		.syntax unified
   2              		.cpu cortex-m3
   3              		.fpu softvfp
   4              		.eabi_attribute 20, 1
   5              		.eabi_attribute 21, 1
   6              		.eabi_attribute 23, 3
   7              		.eabi_attribute 24, 1
   8              		.eabi_attribute 25, 1
   9              		.eabi_attribute 26, 1
  10              		.eabi_attribute 30, 6
  11              		.eabi_attribute 34, 1
  12              		.eabi_attribute 18, 4
  13              		.thumb
  14              		.file	"ADC_SAR_Seq_INT.c"
  15              		.text
  16              	.Ltext0:
  17              		.cfi_sections	.debug_frame
  18              		.global	chan
  19              		.bss
  20              		.type	chan, %object
  21              		.size	chan, 1
  22              	chan:
  23 0000 00       		.space	1
  24              		.section	.text.ADC_SAR_Seq_ISR,"ax",%progbits
  25              		.align	2
  26              		.global	ADC_SAR_Seq_ISR
  27              		.thumb
  28              		.thumb_func
  29              		.type	ADC_SAR_Seq_ISR, %function
  30              	ADC_SAR_Seq_ISR:
  31              	.LFB0:
  32              		.file 1 "Generated_Source\\PSoC5\\ADC_SAR_Seq_INT.c"
   1:Generated_Source\PSoC5/ADC_SAR_Seq_INT.c **** /*******************************************************************************
   2:Generated_Source\PSoC5/ADC_SAR_Seq_INT.c **** * File Name: ADC_SAR_Seq_INT.c
   3:Generated_Source\PSoC5/ADC_SAR_Seq_INT.c **** * Version 2.0
   4:Generated_Source\PSoC5/ADC_SAR_Seq_INT.c **** *
   5:Generated_Source\PSoC5/ADC_SAR_Seq_INT.c **** *  Description:
   6:Generated_Source\PSoC5/ADC_SAR_Seq_INT.c **** *    This file contains the code that operates during the interrupt
   7:Generated_Source\PSoC5/ADC_SAR_Seq_INT.c **** *    service routine.
   8:Generated_Source\PSoC5/ADC_SAR_Seq_INT.c **** *
   9:Generated_Source\PSoC5/ADC_SAR_Seq_INT.c **** *   Note:
  10:Generated_Source\PSoC5/ADC_SAR_Seq_INT.c **** *
  11:Generated_Source\PSoC5/ADC_SAR_Seq_INT.c **** ********************************************************************************
  12:Generated_Source\PSoC5/ADC_SAR_Seq_INT.c **** * Copyright 2012-2015, Cypress Semiconductor Corporation.  All rights reserved.
  13:Generated_Source\PSoC5/ADC_SAR_Seq_INT.c **** * You may use this file only in accordance with the license, terms, conditions,
  14:Generated_Source\PSoC5/ADC_SAR_Seq_INT.c **** * disclaimers, and limitations in the end user license agreement accompanying
  15:Generated_Source\PSoC5/ADC_SAR_Seq_INT.c **** * the software package with which this file was provided.
  16:Generated_Source\PSoC5/ADC_SAR_Seq_INT.c **** *******************************************************************************/
  17:Generated_Source\PSoC5/ADC_SAR_Seq_INT.c **** 
  18:Generated_Source\PSoC5/ADC_SAR_Seq_INT.c **** #include "ADC_SAR_Seq.h"
  19:Generated_Source\PSoC5/ADC_SAR_Seq_INT.c **** #include "cyapicallbacks.h"
  20:Generated_Source\PSoC5/ADC_SAR_Seq_INT.c **** 
  21:Generated_Source\PSoC5/ADC_SAR_Seq_INT.c **** 
  22:Generated_Source\PSoC5/ADC_SAR_Seq_INT.c **** /******************************************************************************
  23:Generated_Source\PSoC5/ADC_SAR_Seq_INT.c **** * Custom Declarations and Variables
  24:Generated_Source\PSoC5/ADC_SAR_Seq_INT.c **** * - add user inlcude files, prototypes and variables between the following
  25:Generated_Source\PSoC5/ADC_SAR_Seq_INT.c **** *   #START and #END tags
ARM GAS  C:\Users\ben\AppData\Local\Temp\ccJ0eXTh.s 			page 2


  26:Generated_Source\PSoC5/ADC_SAR_Seq_INT.c **** ******************************************************************************/
  27:Generated_Source\PSoC5/ADC_SAR_Seq_INT.c **** /* `#START SEQ_ADC_SYS_VAR`  */
  28:Generated_Source\PSoC5/ADC_SAR_Seq_INT.c **** extern uint16 SAR_ADCResultArray[ADC_SAR_Seq_NUMBER_OF_CHANNELS];
  29:Generated_Source\PSoC5/ADC_SAR_Seq_INT.c **** extern uint8 seq_sar_dataReady;  
  30:Generated_Source\PSoC5/ADC_SAR_Seq_INT.c **** uint8 chan = 0;
  31:Generated_Source\PSoC5/ADC_SAR_Seq_INT.c **** /* `#END`  */
  32:Generated_Source\PSoC5/ADC_SAR_Seq_INT.c **** 
  33:Generated_Source\PSoC5/ADC_SAR_Seq_INT.c **** #if(ADC_SAR_Seq_IRQ_REMOVE == 0u)
  34:Generated_Source\PSoC5/ADC_SAR_Seq_INT.c **** 
  35:Generated_Source\PSoC5/ADC_SAR_Seq_INT.c **** 
  36:Generated_Source\PSoC5/ADC_SAR_Seq_INT.c ****     /******************************************************************************
  37:Generated_Source\PSoC5/ADC_SAR_Seq_INT.c ****     * Function Name: ADC_SAR_Seq_ISR
  38:Generated_Source\PSoC5/ADC_SAR_Seq_INT.c ****     *******************************************************************************
  39:Generated_Source\PSoC5/ADC_SAR_Seq_INT.c ****     *
  40:Generated_Source\PSoC5/ADC_SAR_Seq_INT.c ****     * Summary:
  41:Generated_Source\PSoC5/ADC_SAR_Seq_INT.c ****     *  Handle Interrupt Service Routine.
  42:Generated_Source\PSoC5/ADC_SAR_Seq_INT.c ****     *
  43:Generated_Source\PSoC5/ADC_SAR_Seq_INT.c ****     * Parameters:
  44:Generated_Source\PSoC5/ADC_SAR_Seq_INT.c ****     *  None.
  45:Generated_Source\PSoC5/ADC_SAR_Seq_INT.c ****     *
  46:Generated_Source\PSoC5/ADC_SAR_Seq_INT.c ****     * Return:
  47:Generated_Source\PSoC5/ADC_SAR_Seq_INT.c ****     *  None.
  48:Generated_Source\PSoC5/ADC_SAR_Seq_INT.c ****     *
  49:Generated_Source\PSoC5/ADC_SAR_Seq_INT.c ****     * Reentrant:
  50:Generated_Source\PSoC5/ADC_SAR_Seq_INT.c ****     *  No.
  51:Generated_Source\PSoC5/ADC_SAR_Seq_INT.c ****     *
  52:Generated_Source\PSoC5/ADC_SAR_Seq_INT.c ****     ******************************************************************************/
  53:Generated_Source\PSoC5/ADC_SAR_Seq_INT.c ****     CY_ISR( ADC_SAR_Seq_ISR )
  54:Generated_Source\PSoC5/ADC_SAR_Seq_INT.c ****     {
  33              		.loc 1 54 0
  34              		.cfi_startproc
  35              		@ args = 0, pretend = 0, frame = 0
  36              		@ frame_needed = 1, uses_anonymous_args = 0
  37 0000 98B5     		push	{r3, r4, r7, lr}
  38              		.cfi_def_cfa_offset 16
  39              		.cfi_offset 3, -16
  40              		.cfi_offset 4, -12
  41              		.cfi_offset 7, -8
  42              		.cfi_offset 14, -4
  43 0002 00AF     		add	r7, sp, #0
  44              		.cfi_def_cfa_register 7
  55:Generated_Source\PSoC5/ADC_SAR_Seq_INT.c ****         #ifdef ADC_SAR_Seq_ISR_INTERRUPT_CALLBACK
  56:Generated_Source\PSoC5/ADC_SAR_Seq_INT.c ****             ADC_SAR_Seq_ISR_InterruptCallback();
  57:Generated_Source\PSoC5/ADC_SAR_Seq_INT.c ****         #endif /* ADC_SAR_Seq_ISR_INTERRUPT_CALLBACK */
  58:Generated_Source\PSoC5/ADC_SAR_Seq_INT.c ****         
  59:Generated_Source\PSoC5/ADC_SAR_Seq_INT.c ****         
  60:Generated_Source\PSoC5/ADC_SAR_Seq_INT.c ****         /************************************************************************
  61:Generated_Source\PSoC5/ADC_SAR_Seq_INT.c ****         *  Custom Code
  62:Generated_Source\PSoC5/ADC_SAR_Seq_INT.c ****         *  - add user ISR code between the following #START and #END tags
  63:Generated_Source\PSoC5/ADC_SAR_Seq_INT.c ****         *************************************************************************/
  64:Generated_Source\PSoC5/ADC_SAR_Seq_INT.c ****           /* `#START MAIN_SEQ_ADC_ISR`  */
  65:Generated_Source\PSoC5/ADC_SAR_Seq_INT.c **** 			for(chan = 0; chan < ADC_SAR_Seq_NUMBER_OF_CHANNELS; chan++)
  45              		.loc 1 65 0
  46 0004 104B     		ldr	r3, .L4
  47 0006 0022     		movs	r2, #0
  48 0008 1A70     		strb	r2, [r3]
  49 000a 14E0     		b	.L2
ARM GAS  C:\Users\ben\AppData\Local\Temp\ccJ0eXTh.s 			page 3


  50              	.L3:
  66:Generated_Source\PSoC5/ADC_SAR_Seq_INT.c ****             {
  67:Generated_Source\PSoC5/ADC_SAR_Seq_INT.c **** 				SAR_ADCResultArray[ADC_SAR_Seq_NUMBER_OF_CHANNELS - chan -1] = ADC_SAR_Seq_GetResult16(chan);
  51              		.loc 1 67 0 discriminator 3
  52 000c 0E4B     		ldr	r3, .L4
  53 000e 1B78     		ldrb	r3, [r3]	@ zero_extendqisi2
  54 0010 C3F10304 		rsb	r4, r3, #3
  55 0014 0C4B     		ldr	r3, .L4
  56 0016 1B78     		ldrb	r3, [r3]	@ zero_extendqisi2
  57 0018 9BB2     		uxth	r3, r3
  58 001a 1846     		mov	r0, r3
  59 001c FFF7FEFF 		bl	ADC_SAR_Seq_GetResult16
  60 0020 0346     		mov	r3, r0
  61 0022 9AB2     		uxth	r2, r3
  62 0024 094B     		ldr	r3, .L4+4
  63 0026 23F81420 		strh	r2, [r3, r4, lsl #1]	@ movhi
  65:Generated_Source\PSoC5/ADC_SAR_Seq_INT.c ****             {
  64              		.loc 1 65 0 discriminator 3
  65 002a 074B     		ldr	r3, .L4
  66 002c 1B78     		ldrb	r3, [r3]	@ zero_extendqisi2
  67 002e 0133     		adds	r3, r3, #1
  68 0030 DAB2     		uxtb	r2, r3
  69 0032 054B     		ldr	r3, .L4
  70 0034 1A70     		strb	r2, [r3]
  71              	.L2:
  65:Generated_Source\PSoC5/ADC_SAR_Seq_INT.c ****             {
  72              		.loc 1 65 0 is_stmt 0 discriminator 1
  73 0036 044B     		ldr	r3, .L4
  74 0038 1B78     		ldrb	r3, [r3]	@ zero_extendqisi2
  75 003a 032B     		cmp	r3, #3
  76 003c E6D9     		bls	.L3
  68:Generated_Source\PSoC5/ADC_SAR_Seq_INT.c ****             }
  69:Generated_Source\PSoC5/ADC_SAR_Seq_INT.c ****             seq_sar_dataReady = 1;
  77              		.loc 1 69 0 is_stmt 1
  78 003e 044B     		ldr	r3, .L4+8
  79 0040 0122     		movs	r2, #1
  80 0042 1A70     		strb	r2, [r3]
  70:Generated_Source\PSoC5/ADC_SAR_Seq_INT.c ****         
  71:Generated_Source\PSoC5/ADC_SAR_Seq_INT.c ****           /* `#END`  */
  72:Generated_Source\PSoC5/ADC_SAR_Seq_INT.c ****     }
  81              		.loc 1 72 0
  82 0044 98BD     		pop	{r3, r4, r7, pc}
  83              	.L5:
  84 0046 00BF     		.align	2
  85              	.L4:
  86 0048 00000000 		.word	chan
  87 004c 00000000 		.word	SAR_ADCResultArray
  88 0050 00000000 		.word	seq_sar_dataReady
  89              		.cfi_endproc
  90              	.LFE0:
  91              		.size	ADC_SAR_Seq_ISR, .-ADC_SAR_Seq_ISR
  92              		.text
  93              	.Letext0:
  94              		.file 2 "Generated_Source\\PSoC5\\cytypes.h"
  95              		.section	.debug_info,"",%progbits
  96              	.Ldebug_info0:
  97 0000 E4000000 		.4byte	0xe4
ARM GAS  C:\Users\ben\AppData\Local\Temp\ccJ0eXTh.s 			page 4


  98 0004 0400     		.2byte	0x4
  99 0006 00000000 		.4byte	.Ldebug_abbrev0
 100 000a 04       		.byte	0x4
 101 000b 01       		.uleb128 0x1
 102 000c 16010000 		.4byte	.LASF18
 103 0010 01       		.byte	0x1
 104 0011 2B000000 		.4byte	.LASF19
 105 0015 95000000 		.4byte	.LASF20
 106 0019 00000000 		.4byte	.Ldebug_ranges0+0
 107 001d 00000000 		.4byte	0
 108 0021 00000000 		.4byte	.Ldebug_line0
 109 0025 02       		.uleb128 0x2
 110 0026 01       		.byte	0x1
 111 0027 06       		.byte	0x6
 112 0028 D1010000 		.4byte	.LASF0
 113 002c 02       		.uleb128 0x2
 114 002d 01       		.byte	0x1
 115 002e 08       		.byte	0x8
 116 002f FA000000 		.4byte	.LASF1
 117 0033 02       		.uleb128 0x2
 118 0034 02       		.byte	0x2
 119 0035 05       		.byte	0x5
 120 0036 E3010000 		.4byte	.LASF2
 121 003a 02       		.uleb128 0x2
 122 003b 02       		.byte	0x2
 123 003c 07       		.byte	0x7
 124 003d BE010000 		.4byte	.LASF3
 125 0041 02       		.uleb128 0x2
 126 0042 04       		.byte	0x4
 127 0043 05       		.byte	0x5
 128 0044 0D010000 		.4byte	.LASF4
 129 0048 02       		.uleb128 0x2
 130 0049 04       		.byte	0x4
 131 004a 07       		.byte	0x7
 132 004b 5A000000 		.4byte	.LASF5
 133 004f 02       		.uleb128 0x2
 134 0050 08       		.byte	0x8
 135 0051 05       		.byte	0x5
 136 0052 00000000 		.4byte	.LASF6
 137 0056 02       		.uleb128 0x2
 138 0057 08       		.byte	0x8
 139 0058 07       		.byte	0x7
 140 0059 6C000000 		.4byte	.LASF7
 141 005d 03       		.uleb128 0x3
 142 005e 04       		.byte	0x4
 143 005f 05       		.byte	0x5
 144 0060 696E7400 		.ascii	"int\000"
 145 0064 02       		.uleb128 0x2
 146 0065 04       		.byte	0x4
 147 0066 07       		.byte	0x7
 148 0067 0E000000 		.4byte	.LASF8
 149 006b 04       		.uleb128 0x4
 150 006c 54000000 		.4byte	.LASF9
 151 0070 02       		.byte	0x2
 152 0071 9201     		.2byte	0x192
 153 0073 2C000000 		.4byte	0x2c
 154 0077 04       		.uleb128 0x4
ARM GAS  C:\Users\ben\AppData\Local\Temp\ccJ0eXTh.s 			page 5


 155 0078 ED010000 		.4byte	.LASF10
 156 007c 02       		.byte	0x2
 157 007d 9301     		.2byte	0x193
 158 007f 3A000000 		.4byte	0x3a
 159 0083 02       		.uleb128 0x2
 160 0084 04       		.byte	0x4
 161 0085 04       		.byte	0x4
 162 0086 DD010000 		.4byte	.LASF11
 163 008a 02       		.uleb128 0x2
 164 008b 08       		.byte	0x8
 165 008c 04       		.byte	0x4
 166 008d A4010000 		.4byte	.LASF12
 167 0091 02       		.uleb128 0x2
 168 0092 01       		.byte	0x1
 169 0093 08       		.byte	0x8
 170 0094 08010000 		.4byte	.LASF13
 171 0098 02       		.uleb128 0x2
 172 0099 04       		.byte	0x4
 173 009a 07       		.byte	0x7
 174 009b F4010000 		.4byte	.LASF14
 175 009f 05       		.uleb128 0x5
 176 00a0 1B000000 		.4byte	.LASF21
 177 00a4 01       		.byte	0x1
 178 00a5 35       		.byte	0x35
 179 00a6 00000000 		.4byte	.LFB0
 180 00aa 54000000 		.4byte	.LFE0-.LFB0
 181 00ae 01       		.uleb128 0x1
 182 00af 9C       		.byte	0x9c
 183 00b0 06       		.uleb128 0x6
 184 00b1 77000000 		.4byte	0x77
 185 00b5 C0000000 		.4byte	0xc0
 186 00b9 07       		.uleb128 0x7
 187 00ba 98000000 		.4byte	0x98
 188 00be 03       		.byte	0x3
 189 00bf 00       		.byte	0
 190 00c0 08       		.uleb128 0x8
 191 00c1 AB010000 		.4byte	.LASF15
 192 00c5 01       		.byte	0x1
 193 00c6 1C       		.byte	0x1c
 194 00c7 B0000000 		.4byte	0xb0
 195 00cb 08       		.uleb128 0x8
 196 00cc 83000000 		.4byte	.LASF16
 197 00d0 01       		.byte	0x1
 198 00d1 1D       		.byte	0x1d
 199 00d2 6B000000 		.4byte	0x6b
 200 00d6 09       		.uleb128 0x9
 201 00d7 F5000000 		.4byte	.LASF17
 202 00db 01       		.byte	0x1
 203 00dc 1E       		.byte	0x1e
 204 00dd 6B000000 		.4byte	0x6b
 205 00e1 05       		.uleb128 0x5
 206 00e2 03       		.byte	0x3
 207 00e3 00000000 		.4byte	chan
 208 00e7 00       		.byte	0
 209              		.section	.debug_abbrev,"",%progbits
 210              	.Ldebug_abbrev0:
 211 0000 01       		.uleb128 0x1
ARM GAS  C:\Users\ben\AppData\Local\Temp\ccJ0eXTh.s 			page 6


 212 0001 11       		.uleb128 0x11
 213 0002 01       		.byte	0x1
 214 0003 25       		.uleb128 0x25
 215 0004 0E       		.uleb128 0xe
 216 0005 13       		.uleb128 0x13
 217 0006 0B       		.uleb128 0xb
 218 0007 03       		.uleb128 0x3
 219 0008 0E       		.uleb128 0xe
 220 0009 1B       		.uleb128 0x1b
 221 000a 0E       		.uleb128 0xe
 222 000b 55       		.uleb128 0x55
 223 000c 17       		.uleb128 0x17
 224 000d 11       		.uleb128 0x11
 225 000e 01       		.uleb128 0x1
 226 000f 10       		.uleb128 0x10
 227 0010 17       		.uleb128 0x17
 228 0011 00       		.byte	0
 229 0012 00       		.byte	0
 230 0013 02       		.uleb128 0x2
 231 0014 24       		.uleb128 0x24
 232 0015 00       		.byte	0
 233 0016 0B       		.uleb128 0xb
 234 0017 0B       		.uleb128 0xb
 235 0018 3E       		.uleb128 0x3e
 236 0019 0B       		.uleb128 0xb
 237 001a 03       		.uleb128 0x3
 238 001b 0E       		.uleb128 0xe
 239 001c 00       		.byte	0
 240 001d 00       		.byte	0
 241 001e 03       		.uleb128 0x3
 242 001f 24       		.uleb128 0x24
 243 0020 00       		.byte	0
 244 0021 0B       		.uleb128 0xb
 245 0022 0B       		.uleb128 0xb
 246 0023 3E       		.uleb128 0x3e
 247 0024 0B       		.uleb128 0xb
 248 0025 03       		.uleb128 0x3
 249 0026 08       		.uleb128 0x8
 250 0027 00       		.byte	0
 251 0028 00       		.byte	0
 252 0029 04       		.uleb128 0x4
 253 002a 16       		.uleb128 0x16
 254 002b 00       		.byte	0
 255 002c 03       		.uleb128 0x3
 256 002d 0E       		.uleb128 0xe
 257 002e 3A       		.uleb128 0x3a
 258 002f 0B       		.uleb128 0xb
 259 0030 3B       		.uleb128 0x3b
 260 0031 05       		.uleb128 0x5
 261 0032 49       		.uleb128 0x49
 262 0033 13       		.uleb128 0x13
 263 0034 00       		.byte	0
 264 0035 00       		.byte	0
 265 0036 05       		.uleb128 0x5
 266 0037 2E       		.uleb128 0x2e
 267 0038 00       		.byte	0
 268 0039 3F       		.uleb128 0x3f
ARM GAS  C:\Users\ben\AppData\Local\Temp\ccJ0eXTh.s 			page 7


 269 003a 19       		.uleb128 0x19
 270 003b 03       		.uleb128 0x3
 271 003c 0E       		.uleb128 0xe
 272 003d 3A       		.uleb128 0x3a
 273 003e 0B       		.uleb128 0xb
 274 003f 3B       		.uleb128 0x3b
 275 0040 0B       		.uleb128 0xb
 276 0041 27       		.uleb128 0x27
 277 0042 19       		.uleb128 0x19
 278 0043 11       		.uleb128 0x11
 279 0044 01       		.uleb128 0x1
 280 0045 12       		.uleb128 0x12
 281 0046 06       		.uleb128 0x6
 282 0047 40       		.uleb128 0x40
 283 0048 18       		.uleb128 0x18
 284 0049 9642     		.uleb128 0x2116
 285 004b 19       		.uleb128 0x19
 286 004c 00       		.byte	0
 287 004d 00       		.byte	0
 288 004e 06       		.uleb128 0x6
 289 004f 01       		.uleb128 0x1
 290 0050 01       		.byte	0x1
 291 0051 49       		.uleb128 0x49
 292 0052 13       		.uleb128 0x13
 293 0053 01       		.uleb128 0x1
 294 0054 13       		.uleb128 0x13
 295 0055 00       		.byte	0
 296 0056 00       		.byte	0
 297 0057 07       		.uleb128 0x7
 298 0058 21       		.uleb128 0x21
 299 0059 00       		.byte	0
 300 005a 49       		.uleb128 0x49
 301 005b 13       		.uleb128 0x13
 302 005c 2F       		.uleb128 0x2f
 303 005d 0B       		.uleb128 0xb
 304 005e 00       		.byte	0
 305 005f 00       		.byte	0
 306 0060 08       		.uleb128 0x8
 307 0061 34       		.uleb128 0x34
 308 0062 00       		.byte	0
 309 0063 03       		.uleb128 0x3
 310 0064 0E       		.uleb128 0xe
 311 0065 3A       		.uleb128 0x3a
 312 0066 0B       		.uleb128 0xb
 313 0067 3B       		.uleb128 0x3b
 314 0068 0B       		.uleb128 0xb
 315 0069 49       		.uleb128 0x49
 316 006a 13       		.uleb128 0x13
 317 006b 3F       		.uleb128 0x3f
 318 006c 19       		.uleb128 0x19
 319 006d 3C       		.uleb128 0x3c
 320 006e 19       		.uleb128 0x19
 321 006f 00       		.byte	0
 322 0070 00       		.byte	0
 323 0071 09       		.uleb128 0x9
 324 0072 34       		.uleb128 0x34
 325 0073 00       		.byte	0
ARM GAS  C:\Users\ben\AppData\Local\Temp\ccJ0eXTh.s 			page 8


 326 0074 03       		.uleb128 0x3
 327 0075 0E       		.uleb128 0xe
 328 0076 3A       		.uleb128 0x3a
 329 0077 0B       		.uleb128 0xb
 330 0078 3B       		.uleb128 0x3b
 331 0079 0B       		.uleb128 0xb
 332 007a 49       		.uleb128 0x49
 333 007b 13       		.uleb128 0x13
 334 007c 3F       		.uleb128 0x3f
 335 007d 19       		.uleb128 0x19
 336 007e 02       		.uleb128 0x2
 337 007f 18       		.uleb128 0x18
 338 0080 00       		.byte	0
 339 0081 00       		.byte	0
 340 0082 00       		.byte	0
 341              		.section	.debug_aranges,"",%progbits
 342 0000 1C000000 		.4byte	0x1c
 343 0004 0200     		.2byte	0x2
 344 0006 00000000 		.4byte	.Ldebug_info0
 345 000a 04       		.byte	0x4
 346 000b 00       		.byte	0
 347 000c 0000     		.2byte	0
 348 000e 0000     		.2byte	0
 349 0010 00000000 		.4byte	.LFB0
 350 0014 54000000 		.4byte	.LFE0-.LFB0
 351 0018 00000000 		.4byte	0
 352 001c 00000000 		.4byte	0
 353              		.section	.debug_ranges,"",%progbits
 354              	.Ldebug_ranges0:
 355 0000 00000000 		.4byte	.LFB0
 356 0004 54000000 		.4byte	.LFE0
 357 0008 00000000 		.4byte	0
 358 000c 00000000 		.4byte	0
 359              		.section	.debug_line,"",%progbits
 360              	.Ldebug_line0:
 361 0000 77000000 		.section	.debug_str,"MS",%progbits,1
 361      02004C00 
 361      00000201 
 361      FB0E0D00 
 361      01010101 
 362              	.LASF6:
 363 0000 6C6F6E67 		.ascii	"long long int\000"
 363      206C6F6E 
 363      6720696E 
 363      7400
 364              	.LASF8:
 365 000e 756E7369 		.ascii	"unsigned int\000"
 365      676E6564 
 365      20696E74 
 365      00
 366              	.LASF21:
 367 001b 4144435F 		.ascii	"ADC_SAR_Seq_ISR\000"
 367      5341525F 
 367      5365715F 
 367      49535200 
 368              	.LASF19:
 369 002b 47656E65 		.ascii	"Generated_Source\\PSoC5\\ADC_SAR_Seq_INT.c\000"
ARM GAS  C:\Users\ben\AppData\Local\Temp\ccJ0eXTh.s 			page 9


 369      72617465 
 369      645F536F 
 369      75726365 
 369      5C50536F 
 370              	.LASF9:
 371 0054 75696E74 		.ascii	"uint8\000"
 371      3800
 372              	.LASF5:
 373 005a 6C6F6E67 		.ascii	"long unsigned int\000"
 373      20756E73 
 373      69676E65 
 373      6420696E 
 373      7400
 374              	.LASF7:
 375 006c 6C6F6E67 		.ascii	"long long unsigned int\000"
 375      206C6F6E 
 375      6720756E 
 375      7369676E 
 375      65642069 
 376              	.LASF16:
 377 0083 7365715F 		.ascii	"seq_sar_dataReady\000"
 377      7361725F 
 377      64617461 
 377      52656164 
 377      7900
 378              	.LASF20:
 379 0095 433A5C55 		.ascii	"C:\\Users\\ben\\Documents\\PSoC Creator\\New Pedal "
 379      73657273 
 379      5C62656E 
 379      5C446F63 
 379      756D656E 
 380 00c3 5468696E 		.ascii	"Thingz\\PSOC_BIT_MANGLER\\BIT-MANGLER\\ADC_DAC.cyds"
 380      677A5C50 
 380      534F435F 
 380      4249545F 
 380      4D414E47 
 381 00f3 6E00     		.ascii	"n\000"
 382              	.LASF17:
 383 00f5 6368616E 		.ascii	"chan\000"
 383      00
 384              	.LASF1:
 385 00fa 756E7369 		.ascii	"unsigned char\000"
 385      676E6564 
 385      20636861 
 385      7200
 386              	.LASF13:
 387 0108 63686172 		.ascii	"char\000"
 387      00
 388              	.LASF4:
 389 010d 6C6F6E67 		.ascii	"long int\000"
 389      20696E74 
 389      00
 390              	.LASF18:
 391 0116 474E5520 		.ascii	"GNU C 4.9.3 20150303 (release) [ARM/embedded-4_9-br"
 391      4320342E 
 391      392E3320 
 391      32303135 
ARM GAS  C:\Users\ben\AppData\Local\Temp\ccJ0eXTh.s 			page 10


 391      30333033 
 392 0149 616E6368 		.ascii	"anch revision 221220] -mcpu=cortex-m3 -mthumb -g -O"
 392      20726576 
 392      6973696F 
 392      6E203232 
 392      31323230 
 393 017c 30202D66 		.ascii	"0 -ffunction-sections -ffat-lto-objects\000"
 393      66756E63 
 393      74696F6E 
 393      2D736563 
 393      74696F6E 
 394              	.LASF12:
 395 01a4 646F7562 		.ascii	"double\000"
 395      6C6500
 396              	.LASF15:
 397 01ab 5341525F 		.ascii	"SAR_ADCResultArray\000"
 397      41444352 
 397      6573756C 
 397      74417272 
 397      617900
 398              	.LASF3:
 399 01be 73686F72 		.ascii	"short unsigned int\000"
 399      7420756E 
 399      7369676E 
 399      65642069 
 399      6E7400
 400              	.LASF0:
 401 01d1 7369676E 		.ascii	"signed char\000"
 401      65642063 
 401      68617200 
 402              	.LASF11:
 403 01dd 666C6F61 		.ascii	"float\000"
 403      7400
 404              	.LASF2:
 405 01e3 73686F72 		.ascii	"short int\000"
 405      7420696E 
 405      7400
 406              	.LASF10:
 407 01ed 75696E74 		.ascii	"uint16\000"
 407      313600
 408              	.LASF14:
 409 01f4 73697A65 		.ascii	"sizetype\000"
 409      74797065 
 409      00
 410              		.ident	"GCC: (GNU Tools for ARM Embedded Processors) 4.9.3 20150303 (release) [ARM/embedded-4_9-br
