--------------- Build Started: 03/30/2017 21:29:25 Project: ADC_DAC, Configuration: ARM GCC 4.9-2015-q1-update Debug ---------------
The code generation step is up to date.
arm-none-eabi-gcc.exe -mcpu=cortex-m3 -mthumb -I. -IGenerated_Source\PSoC5 -Wa,-alh=.\ARM_GCC_493\Debug/main.lst -g -Wall -ffunction-sections -O0 -ffat-lto-objects -c main.c -o .\ARM_GCC_493\Debug\main.o
main.c: In function 'main':
main.c:69:12: warning: unused variable 'ADC_SAR2_READ' [-Wunused-variable]
     uint16 ADC_SAR2_READ =0;
            ^
main.c:68:12: warning: unused variable 'AUDIO_IN' [-Wunused-variable]
     uint16 AUDIO_IN = 0;
            ^
main.c:67:12: warning: unused variable 'CK_DIV' [-Wunused-variable]
     uint16 CK_DIV = 0;
            ^
arm-none-eabi-ar.exe -rs .\ARM_GCC_493\Debug\ADC_DAC.a .\ARM_GCC_493\Debug\cyfitter_cfg.o .\ARM_GCC_493\Debug\DMA_1_dma.o .\ARM_GCC_493\Debug\LCD_Char_1.o .\ARM_GCC_493\Debug\LCD_Char_1_PM.o .\ARM_GCC_493\Debug\LCD_Char_1_CustChars.o .\ARM_GCC_493\Debug\LCD_Char_1_LCDPort.o .\ARM_GCC_493\Debug\CyDmac.o .\ARM_GCC_493\Debug\CyFlash.o .\ARM_GCC_493\Debug\CyLib.o .\ARM_GCC_493\Debug\cyPm.o .\ARM_GCC_493\Debug\CySpc.o .\ARM_GCC_493\Debug\cyutils.o .\ARM_GCC_493\Debug\ADC_SAR_1.o .\ARM_GCC_493\Debug\ADC_SAR_1_INT.o .\ARM_GCC_493\Debug\ADC_SAR_1_PM.o .\ARM_GCC_493\Debug\Opamp_1.o .\ARM_GCC_493\Debug\Opamp_1_PM.o .\ARM_GCC_493\Debug\Opamp_2.o .\ARM_GCC_493\Debug\Opamp_2_PM.o .\ARM_GCC_493\Debug\ADC_SAR_1_IRQ.o .\ARM_GCC_493\Debug\ADC_SAR_1_theACLK.o .\ARM_GCC_493\Debug\AUDIO_IN.o .\ARM_GCC_493\Debug\ADC_SAR_2.o .\ARM_GCC_493\Debug\ADC_SAR_2_INT.o .\ARM_GCC_493\Debug\ADC_SAR_2_PM.o .\ARM_GCC_493\Debug\ADC_SAR_2_IRQ.o .\ARM_GCC_493\Debug\ADC_SAR_2_theACLK.o .\ARM_GCC_493\Debug\Filter.o .\ARM_GCC_493\Debug\Filter_PM.o .\ARM_GCC_493\Debug\Filter_PVT.o .\ARM_GCC_493\Debug\Filter_RAM_Data.o .\ARM_GCC_493\Debug\Filter_Coefficients.o .\ARM_GCC_493\Debug\Opamp_3.o .\ARM_GCC_493\Debug\Opamp_3_PM.o .\ARM_GCC_493\Debug\DAC_CLOCK.o .\ARM_GCC_493\Debug\MISO_IN.o .\ARM_GCC_493\Debug\MOSI_OUT.o .\ARM_GCC_493\Debug\SCLK_OUT.o .\ARM_GCC_493\Debug\SS_OUT.o .\ARM_GCC_493\Debug\VREF_BUFF.o .\ARM_GCC_493\Debug\ASAR2_IN.o .\ARM_GCC_493\Debug\SPI_DAC.o .\ARM_GCC_493\Debug\SPI_DAC_PM.o .\ARM_GCC_493\Debug\SPI_DAC_INT.o .\ARM_GCC_493\Debug\SPI_DAC_IntClock.o .\ARM_GCC_493\Debug\ADC_1_OUT_LSB.o .\ARM_GCC_493\Debug\ADC_1_OUT_LSB_PM.o .\ARM_GCC_493\Debug\ADC_1_OUT_MSB.o .\ARM_GCC_493\Debug\ADC_1_OUT_MSB_PM.o .\ARM_GCC_493\Debug\DAC_IN_REG_LSB.o .\ARM_GCC_493\Debug\DAC_IN_REG_MSB.o .\ARM_GCC_493\Debug\DMA_2_dma.o .\ARM_GCC_493\Debug\MASK_BUS_REG_LSB.o .\ARM_GCC_493\Debug\MASK_BUS_REG_LSB_PM.o .\ARM_GCC_493\Debug\MASK_BUS_REG_MSB.o .\ARM_GCC_493\Debug\MASK_BUS_REG_MSB_PM.o .\ARM_GCC_493\Debug\CyBootAsmGnu.o
arm-none-eabi-ar.exe: creating .\ARM_GCC_493\Debug\ADC_DAC.a
arm-none-eabi-gcc.exe -Wl,--start-group -o .\ARM_GCC_493\Debug\ADC_DAC.elf .\ARM_GCC_493\Debug\main.o .\ARM_GCC_493\Debug\cymetadata.o .\ARM_GCC_493\Debug\Cm3Start.o .\ARM_GCC_493\Debug\ADC_DAC.a "C:\Program Files (x86)\Cypress\PSoC Creator\4.0\PSoC Creator\psoc\content\cycomponentlibrary\CyComponentLibrary.cylib\CortexM3\ARM_GCC_493\Debug\CyComponentLibrary.a" -mcpu=cortex-m3 -mthumb -g -ffunction-sections -O0 -ffat-lto-objects -L Generated_Source\PSoC5 -Wl,-Map,.\ARM_GCC_493\Debug/ADC_DAC.map -T "C:\Users\ben\Documents\PSoC Creator\DACTEST\ADC_DAC.cydsn\Generated_Source\PSoC5\cm3gcc.ld" -specs=nano.specs -Wl,--gc-sections -Wl,--end-group
cyelftool.exe -C "C:\Users\ben\Documents\PSoC Creator\DACTEST\ADC_DAC.cydsn\ARM_GCC_493\Debug\ADC_DAC.elf" --flash_row_size 256 --flash_size 262144
cyelftool.exe -S "C:\Users\ben\Documents\PSoC Creator\DACTEST\ADC_DAC.cydsn\ARM_GCC_493\Debug\ADC_DAC.elf"
Flash used: 8550 of 262144 bytes (3,3 %).
SRAM used: 2637 of 65536 bytes (4,0 %). Stack: 2048 bytes. Heap: 128 bytes.
--------------- Build Succeeded: 03/30/2017 21:29:26 ---------------
