ARM GAS  C:\Users\ben\AppData\Local\Temp\ccG8oxMK.s 			page 1


   1              		.syntax unified
   2              		.cpu cortex-m3
   3              		.fpu softvfp
   4              		.eabi_attribute 20, 1
   5              		.eabi_attribute 21, 1
   6              		.eabi_attribute 23, 3
   7              		.eabi_attribute 24, 1
   8              		.eabi_attribute 25, 1
   9              		.eabi_attribute 26, 1
  10              		.eabi_attribute 30, 6
  11              		.eabi_attribute 34, 1
  12              		.eabi_attribute 18, 4
  13              		.thumb
  14              		.file	"CapSense_1_Pins.c"
  15              		.text
  16              	.Ltext0:
  17              		.cfi_sections	.debug_frame
  18              		.section	.text.CapSense_1_SetAllSensorsDriveMode,"ax",%progbits
  19              		.align	2
  20              		.global	CapSense_1_SetAllSensorsDriveMode
  21              		.thumb
  22              		.thumb_func
  23              		.type	CapSense_1_SetAllSensorsDriveMode, %function
  24              	CapSense_1_SetAllSensorsDriveMode:
  25              	.LFB0:
  26              		.file 1 "Generated_Source\\PSoC5\\CapSense_1_Pins.c"
   1:Generated_Source\PSoC5/CapSense_1_Pins.c **** /*******************************************************************************
   2:Generated_Source\PSoC5/CapSense_1_Pins.c **** * File Name: CapSense_1_Pins.c
   3:Generated_Source\PSoC5/CapSense_1_Pins.c **** * Version 3.50
   4:Generated_Source\PSoC5/CapSense_1_Pins.c **** *
   5:Generated_Source\PSoC5/CapSense_1_Pins.c **** * Description:
   6:Generated_Source\PSoC5/CapSense_1_Pins.c **** *  This file contains API to enable firmware control of a Pins component.
   7:Generated_Source\PSoC5/CapSense_1_Pins.c **** *
   8:Generated_Source\PSoC5/CapSense_1_Pins.c **** * Note:
   9:Generated_Source\PSoC5/CapSense_1_Pins.c **** *
  10:Generated_Source\PSoC5/CapSense_1_Pins.c **** ********************************************************************************
  11:Generated_Source\PSoC5/CapSense_1_Pins.c **** * Copyright 2008-2013, Cypress Semiconductor Corporation.  All rights reserved.
  12:Generated_Source\PSoC5/CapSense_1_Pins.c **** * You may use this file only in accordance with the license, terms, conditions,
  13:Generated_Source\PSoC5/CapSense_1_Pins.c **** * disclaimers, and limitations in the end user license agreement accompanying
  14:Generated_Source\PSoC5/CapSense_1_Pins.c **** * the software package with which this file was provided.
  15:Generated_Source\PSoC5/CapSense_1_Pins.c **** *******************************************************************************/
  16:Generated_Source\PSoC5/CapSense_1_Pins.c **** 
  17:Generated_Source\PSoC5/CapSense_1_Pins.c **** #include "CapSense_1_Pins.h"
  18:Generated_Source\PSoC5/CapSense_1_Pins.c **** 
  19:Generated_Source\PSoC5/CapSense_1_Pins.c **** 
  20:Generated_Source\PSoC5/CapSense_1_Pins.c **** /*******************************************************************************
  21:Generated_Source\PSoC5/CapSense_1_Pins.c **** * Function Name: CapSense_1_SetAllSensorsDriveMode
  22:Generated_Source\PSoC5/CapSense_1_Pins.c **** ********************************************************************************
  23:Generated_Source\PSoC5/CapSense_1_Pins.c **** *
  24:Generated_Source\PSoC5/CapSense_1_Pins.c **** * Summary:
  25:Generated_Source\PSoC5/CapSense_1_Pins.c **** *  Sets the drive mode for the all pins used by capacitive sensors within 
  26:Generated_Source\PSoC5/CapSense_1_Pins.c **** *  CapSense component.
  27:Generated_Source\PSoC5/CapSense_1_Pins.c **** * 
  28:Generated_Source\PSoC5/CapSense_1_Pins.c **** * Parameters:  
  29:Generated_Source\PSoC5/CapSense_1_Pins.c **** *  mode: Desired drive mode.
  30:Generated_Source\PSoC5/CapSense_1_Pins.c **** *
  31:Generated_Source\PSoC5/CapSense_1_Pins.c **** * Return: 
ARM GAS  C:\Users\ben\AppData\Local\Temp\ccG8oxMK.s 			page 2


  32:Generated_Source\PSoC5/CapSense_1_Pins.c **** *  None
  33:Generated_Source\PSoC5/CapSense_1_Pins.c **** *
  34:Generated_Source\PSoC5/CapSense_1_Pins.c **** *******************************************************************************/
  35:Generated_Source\PSoC5/CapSense_1_Pins.c **** void CapSense_1_SetAllSensorsDriveMode(uint8 mode) 
  36:Generated_Source\PSoC5/CapSense_1_Pins.c **** {
  27              		.loc 1 36 0
  28              		.cfi_startproc
  29              		@ args = 0, pretend = 0, frame = 8
  30              		@ frame_needed = 1, uses_anonymous_args = 0
  31              		@ link register save eliminated.
  32 0000 80B4     		push	{r7}
  33              		.cfi_def_cfa_offset 4
  34              		.cfi_offset 7, -4
  35 0002 83B0     		sub	sp, sp, #12
  36              		.cfi_def_cfa_offset 16
  37 0004 00AF     		add	r7, sp, #0
  38              		.cfi_def_cfa_register 7
  39 0006 0346     		mov	r3, r0
  40 0008 FB71     		strb	r3, [r7, #7]
  37:Generated_Source\PSoC5/CapSense_1_Pins.c ****     /* Set pins drive mode */
  38:Generated_Source\PSoC5/CapSense_1_Pins.c ****     CyPins_SetPinDriveMode(CapSense_1_PortCH0__Generic0_0__GEN, mode);
  41              		.loc 1 38 0
  42 000a 424B     		ldr	r3, .L2
  43 000c 414A     		ldr	r2, .L2
  44 000e 1278     		ldrb	r2, [r2]
  45 0010 D2B2     		uxtb	r2, r2
  46 0012 D2B2     		uxtb	r2, r2
  47 0014 22F00E02 		bic	r2, r2, #14
  48 0018 D1B2     		uxtb	r1, r2
  49 001a FA79     		ldrb	r2, [r7, #7]	@ zero_extendqisi2
  50 001c 02F00E02 		and	r2, r2, #14
  51 0020 D2B2     		uxtb	r2, r2
  52 0022 0A43     		orrs	r2, r2, r1
  53 0024 D2B2     		uxtb	r2, r2
  54 0026 D2B2     		uxtb	r2, r2
  55 0028 1A70     		strb	r2, [r3]
  39:Generated_Source\PSoC5/CapSense_1_Pins.c ****     CyPins_SetPinDriveMode(CapSense_1_PortCH0__LinearSlider0_e0__LS, mode);
  56              		.loc 1 39 0
  57 002a 3B4B     		ldr	r3, .L2+4
  58 002c 3A4A     		ldr	r2, .L2+4
  59 002e 1278     		ldrb	r2, [r2]
  60 0030 D2B2     		uxtb	r2, r2
  61 0032 D2B2     		uxtb	r2, r2
  62 0034 22F00E02 		bic	r2, r2, #14
  63 0038 D1B2     		uxtb	r1, r2
  64 003a FA79     		ldrb	r2, [r7, #7]	@ zero_extendqisi2
  65 003c 02F00E02 		and	r2, r2, #14
  66 0040 D2B2     		uxtb	r2, r2
  67 0042 0A43     		orrs	r2, r2, r1
  68 0044 D2B2     		uxtb	r2, r2
  69 0046 D2B2     		uxtb	r2, r2
  70 0048 1A70     		strb	r2, [r3]
  40:Generated_Source\PSoC5/CapSense_1_Pins.c ****     CyPins_SetPinDriveMode(CapSense_1_PortCH0__LinearSlider0_e1__LS, mode);
  71              		.loc 1 40 0
  72 004a 344B     		ldr	r3, .L2+8
  73 004c 334A     		ldr	r2, .L2+8
  74 004e 1278     		ldrb	r2, [r2]
ARM GAS  C:\Users\ben\AppData\Local\Temp\ccG8oxMK.s 			page 3


  75 0050 D2B2     		uxtb	r2, r2
  76 0052 D2B2     		uxtb	r2, r2
  77 0054 22F00E02 		bic	r2, r2, #14
  78 0058 D1B2     		uxtb	r1, r2
  79 005a FA79     		ldrb	r2, [r7, #7]	@ zero_extendqisi2
  80 005c 02F00E02 		and	r2, r2, #14
  81 0060 D2B2     		uxtb	r2, r2
  82 0062 0A43     		orrs	r2, r2, r1
  83 0064 D2B2     		uxtb	r2, r2
  84 0066 D2B2     		uxtb	r2, r2
  85 0068 1A70     		strb	r2, [r3]
  41:Generated_Source\PSoC5/CapSense_1_Pins.c ****     CyPins_SetPinDriveMode(CapSense_1_PortCH0__LinearSlider0_e2__LS, mode);
  86              		.loc 1 41 0
  87 006a 2D4B     		ldr	r3, .L2+12
  88 006c 2C4A     		ldr	r2, .L2+12
  89 006e 1278     		ldrb	r2, [r2]
  90 0070 D2B2     		uxtb	r2, r2
  91 0072 D2B2     		uxtb	r2, r2
  92 0074 22F00E02 		bic	r2, r2, #14
  93 0078 D1B2     		uxtb	r1, r2
  94 007a FA79     		ldrb	r2, [r7, #7]	@ zero_extendqisi2
  95 007c 02F00E02 		and	r2, r2, #14
  96 0080 D2B2     		uxtb	r2, r2
  97 0082 0A43     		orrs	r2, r2, r1
  98 0084 D2B2     		uxtb	r2, r2
  99 0086 D2B2     		uxtb	r2, r2
 100 0088 1A70     		strb	r2, [r3]
  42:Generated_Source\PSoC5/CapSense_1_Pins.c ****     CyPins_SetPinDriveMode(CapSense_1_PortCH0__LinearSlider0_e3__LS, mode);
 101              		.loc 1 42 0
 102 008a 264B     		ldr	r3, .L2+16
 103 008c 254A     		ldr	r2, .L2+16
 104 008e 1278     		ldrb	r2, [r2]
 105 0090 D2B2     		uxtb	r2, r2
 106 0092 D2B2     		uxtb	r2, r2
 107 0094 22F00E02 		bic	r2, r2, #14
 108 0098 D1B2     		uxtb	r1, r2
 109 009a FA79     		ldrb	r2, [r7, #7]	@ zero_extendqisi2
 110 009c 02F00E02 		and	r2, r2, #14
 111 00a0 D2B2     		uxtb	r2, r2
 112 00a2 0A43     		orrs	r2, r2, r1
 113 00a4 D2B2     		uxtb	r2, r2
 114 00a6 D2B2     		uxtb	r2, r2
 115 00a8 1A70     		strb	r2, [r3]
  43:Generated_Source\PSoC5/CapSense_1_Pins.c ****     CyPins_SetPinDriveMode(CapSense_1_PortCH0__LinearSlider0_e4__LS, mode);
 116              		.loc 1 43 0
 117 00aa 1F4B     		ldr	r3, .L2+20
 118 00ac 1E4A     		ldr	r2, .L2+20
 119 00ae 1278     		ldrb	r2, [r2]
 120 00b0 D2B2     		uxtb	r2, r2
 121 00b2 D2B2     		uxtb	r2, r2
 122 00b4 22F00E02 		bic	r2, r2, #14
 123 00b8 D1B2     		uxtb	r1, r2
 124 00ba FA79     		ldrb	r2, [r7, #7]	@ zero_extendqisi2
 125 00bc 02F00E02 		and	r2, r2, #14
 126 00c0 D2B2     		uxtb	r2, r2
 127 00c2 0A43     		orrs	r2, r2, r1
 128 00c4 D2B2     		uxtb	r2, r2
ARM GAS  C:\Users\ben\AppData\Local\Temp\ccG8oxMK.s 			page 4


 129 00c6 D2B2     		uxtb	r2, r2
 130 00c8 1A70     		strb	r2, [r3]
  44:Generated_Source\PSoC5/CapSense_1_Pins.c ****     CyPins_SetPinDriveMode(CapSense_1_PortCH0__Button0__BTN, mode);
 131              		.loc 1 44 0
 132 00ca 184B     		ldr	r3, .L2+24
 133 00cc 174A     		ldr	r2, .L2+24
 134 00ce 1278     		ldrb	r2, [r2]
 135 00d0 D2B2     		uxtb	r2, r2
 136 00d2 D2B2     		uxtb	r2, r2
 137 00d4 22F00E02 		bic	r2, r2, #14
 138 00d8 D1B2     		uxtb	r1, r2
 139 00da FA79     		ldrb	r2, [r7, #7]	@ zero_extendqisi2
 140 00dc 02F00E02 		and	r2, r2, #14
 141 00e0 D2B2     		uxtb	r2, r2
 142 00e2 0A43     		orrs	r2, r2, r1
 143 00e4 D2B2     		uxtb	r2, r2
 144 00e6 D2B2     		uxtb	r2, r2
 145 00e8 1A70     		strb	r2, [r3]
  45:Generated_Source\PSoC5/CapSense_1_Pins.c ****     CyPins_SetPinDriveMode(CapSense_1_PortCH0__Button1__BTN, mode);
 146              		.loc 1 45 0
 147 00ea 114B     		ldr	r3, .L2+28
 148 00ec 104A     		ldr	r2, .L2+28
 149 00ee 1278     		ldrb	r2, [r2]
 150 00f0 D2B2     		uxtb	r2, r2
 151 00f2 D2B2     		uxtb	r2, r2
 152 00f4 22F00E02 		bic	r2, r2, #14
 153 00f8 D1B2     		uxtb	r1, r2
 154 00fa FA79     		ldrb	r2, [r7, #7]	@ zero_extendqisi2
 155 00fc 02F00E02 		and	r2, r2, #14
 156 0100 D2B2     		uxtb	r2, r2
 157 0102 0A43     		orrs	r2, r2, r1
 158 0104 D2B2     		uxtb	r2, r2
 159 0106 D2B2     		uxtb	r2, r2
 160 0108 1A70     		strb	r2, [r3]
  46:Generated_Source\PSoC5/CapSense_1_Pins.c **** 
  47:Generated_Source\PSoC5/CapSense_1_Pins.c **** }
 161              		.loc 1 47 0
 162 010a 0C37     		adds	r7, r7, #12
 163              		.cfi_def_cfa_offset 4
 164 010c BD46     		mov	sp, r7
 165              		.cfi_def_cfa_register 13
 166              		@ sp needed
 167 010e 5DF8047B 		ldr	r7, [sp], #4
 168              		.cfi_restore 7
 169              		.cfi_def_cfa_offset 0
 170 0112 7047     		bx	lr
 171              	.L3:
 172              		.align	2
 173              	.L2:
 174 0114 7D500040 		.word	1073762429
 175 0118 26500040 		.word	1073762342
 176 011c 23500040 		.word	1073762339
 177 0120 25500040 		.word	1073762341
 178 0124 24500040 		.word	1073762340
 179 0128 22500040 		.word	1073762338
 180 012c 04500040 		.word	1073762308
 181 0130 03500040 		.word	1073762307
ARM GAS  C:\Users\ben\AppData\Local\Temp\ccG8oxMK.s 			page 5


 182              		.cfi_endproc
 183              	.LFE0:
 184              		.size	CapSense_1_SetAllSensorsDriveMode, .-CapSense_1_SetAllSensorsDriveMode
 185              		.section	.text.CapSense_1_SetAllCmodsDriveMode,"ax",%progbits
 186              		.align	2
 187              		.global	CapSense_1_SetAllCmodsDriveMode
 188              		.thumb
 189              		.thumb_func
 190              		.type	CapSense_1_SetAllCmodsDriveMode, %function
 191              	CapSense_1_SetAllCmodsDriveMode:
 192              	.LFB1:
  48:Generated_Source\PSoC5/CapSense_1_Pins.c **** 
  49:Generated_Source\PSoC5/CapSense_1_Pins.c **** 
  50:Generated_Source\PSoC5/CapSense_1_Pins.c **** 
  51:Generated_Source\PSoC5/CapSense_1_Pins.c **** /*******************************************************************************
  52:Generated_Source\PSoC5/CapSense_1_Pins.c **** * Function Name: CapSense_1_SetAllCmodsDriveMode
  53:Generated_Source\PSoC5/CapSense_1_Pins.c **** ********************************************************************************
  54:Generated_Source\PSoC5/CapSense_1_Pins.c **** *
  55:Generated_Source\PSoC5/CapSense_1_Pins.c **** * Summary:
  56:Generated_Source\PSoC5/CapSense_1_Pins.c **** *  Sets the drive mode for the all pins used by Cmod capacitors within CapSense 
  57:Generated_Source\PSoC5/CapSense_1_Pins.c **** *  component.
  58:Generated_Source\PSoC5/CapSense_1_Pins.c **** * 
  59:Generated_Source\PSoC5/CapSense_1_Pins.c **** * Parameters:  
  60:Generated_Source\PSoC5/CapSense_1_Pins.c **** *  mode: Desired drive mode.
  61:Generated_Source\PSoC5/CapSense_1_Pins.c **** *
  62:Generated_Source\PSoC5/CapSense_1_Pins.c **** * Return: 
  63:Generated_Source\PSoC5/CapSense_1_Pins.c **** *  None
  64:Generated_Source\PSoC5/CapSense_1_Pins.c **** *
  65:Generated_Source\PSoC5/CapSense_1_Pins.c **** *******************************************************************************/
  66:Generated_Source\PSoC5/CapSense_1_Pins.c **** void CapSense_1_SetAllCmodsDriveMode(uint8 mode) 
  67:Generated_Source\PSoC5/CapSense_1_Pins.c **** {
 193              		.loc 1 67 0
 194              		.cfi_startproc
 195              		@ args = 0, pretend = 0, frame = 8
 196              		@ frame_needed = 1, uses_anonymous_args = 0
 197              		@ link register save eliminated.
 198 0000 80B4     		push	{r7}
 199              		.cfi_def_cfa_offset 4
 200              		.cfi_offset 7, -4
 201 0002 83B0     		sub	sp, sp, #12
 202              		.cfi_def_cfa_offset 16
 203 0004 00AF     		add	r7, sp, #0
 204              		.cfi_def_cfa_register 7
 205 0006 0346     		mov	r3, r0
 206 0008 FB71     		strb	r3, [r7, #7]
  68:Generated_Source\PSoC5/CapSense_1_Pins.c ****    /* Set pins drive mode */
  69:Generated_Source\PSoC5/CapSense_1_Pins.c ****     CyPins_SetPinDriveMode(CapSense_1_CmodCH0_Cmod_CH0, mode);
 207              		.loc 1 69 0
 208 000a 0A4B     		ldr	r3, .L5
 209 000c 094A     		ldr	r2, .L5
 210 000e 1278     		ldrb	r2, [r2]
 211 0010 D2B2     		uxtb	r2, r2
 212 0012 D2B2     		uxtb	r2, r2
 213 0014 22F00E02 		bic	r2, r2, #14
 214 0018 D1B2     		uxtb	r1, r2
 215 001a FA79     		ldrb	r2, [r7, #7]	@ zero_extendqisi2
 216 001c 02F00E02 		and	r2, r2, #14
ARM GAS  C:\Users\ben\AppData\Local\Temp\ccG8oxMK.s 			page 6


 217 0020 D2B2     		uxtb	r2, r2
 218 0022 0A43     		orrs	r2, r2, r1
 219 0024 D2B2     		uxtb	r2, r2
 220 0026 D2B2     		uxtb	r2, r2
 221 0028 1A70     		strb	r2, [r3]
  70:Generated_Source\PSoC5/CapSense_1_Pins.c **** 
  71:Generated_Source\PSoC5/CapSense_1_Pins.c **** }
 222              		.loc 1 71 0
 223 002a 0C37     		adds	r7, r7, #12
 224              		.cfi_def_cfa_offset 4
 225 002c BD46     		mov	sp, r7
 226              		.cfi_def_cfa_register 13
 227              		@ sp needed
 228 002e 5DF8047B 		ldr	r7, [sp], #4
 229              		.cfi_restore 7
 230              		.cfi_def_cfa_offset 0
 231 0032 7047     		bx	lr
 232              	.L6:
 233              		.align	2
 234              	.L5:
 235 0034 7C500040 		.word	1073762428
 236              		.cfi_endproc
 237              	.LFE1:
 238              		.size	CapSense_1_SetAllCmodsDriveMode, .-CapSense_1_SetAllCmodsDriveMode
 239              		.text
 240              	.Letext0:
 241              		.file 2 "Generated_Source\\PSoC5\\cytypes.h"
 242              		.section	.debug_info,"",%progbits
 243              	.Ldebug_info0:
 244 0000 E5000000 		.4byte	0xe5
 245 0004 0400     		.2byte	0x4
 246 0006 00000000 		.4byte	.Ldebug_abbrev0
 247 000a 04       		.byte	0x4
 248 000b 01       		.uleb128 0x1
 249 000c 93000000 		.4byte	.LASF16
 250 0010 01       		.byte	0x1
 251 0011 32010000 		.4byte	.LASF17
 252 0015 9A010000 		.4byte	.LASF18
 253 0019 00000000 		.4byte	.Ldebug_ranges0+0
 254 001d 00000000 		.4byte	0
 255 0021 00000000 		.4byte	.Ldebug_line0
 256 0025 02       		.uleb128 0x2
 257 0026 01       		.byte	0x1
 258 0027 06       		.byte	0x6
 259 0028 6E010000 		.4byte	.LASF0
 260 002c 02       		.uleb128 0x2
 261 002d 01       		.byte	0x1
 262 002e 08       		.byte	0x8
 263 002f 77000000 		.4byte	.LASF1
 264 0033 02       		.uleb128 0x2
 265 0034 02       		.byte	0x2
 266 0035 05       		.byte	0x5
 267 0036 21010000 		.4byte	.LASF2
 268 003a 02       		.uleb128 0x2
 269 003b 02       		.byte	0x2
 270 003c 07       		.byte	0x7
 271 003d 5B010000 		.4byte	.LASF3
ARM GAS  C:\Users\ben\AppData\Local\Temp\ccG8oxMK.s 			page 7


 272 0041 02       		.uleb128 0x2
 273 0042 04       		.byte	0x4
 274 0043 05       		.byte	0x5
 275 0044 8A000000 		.4byte	.LASF4
 276 0048 02       		.uleb128 0x2
 277 0049 04       		.byte	0x4
 278 004a 07       		.byte	0x7
 279 004b 48000000 		.4byte	.LASF5
 280 004f 02       		.uleb128 0x2
 281 0050 08       		.byte	0x8
 282 0051 05       		.byte	0x5
 283 0052 00000000 		.4byte	.LASF6
 284 0056 02       		.uleb128 0x2
 285 0057 08       		.byte	0x8
 286 0058 07       		.byte	0x7
 287 0059 5A000000 		.4byte	.LASF7
 288 005d 03       		.uleb128 0x3
 289 005e 04       		.byte	0x4
 290 005f 05       		.byte	0x5
 291 0060 696E7400 		.ascii	"int\000"
 292 0064 02       		.uleb128 0x2
 293 0065 04       		.byte	0x4
 294 0066 07       		.byte	0x7
 295 0067 0E000000 		.4byte	.LASF8
 296 006b 04       		.uleb128 0x4
 297 006c 42000000 		.4byte	.LASF12
 298 0070 02       		.byte	0x2
 299 0071 9201     		.2byte	0x192
 300 0073 2C000000 		.4byte	0x2c
 301 0077 02       		.uleb128 0x2
 302 0078 04       		.byte	0x4
 303 0079 04       		.byte	0x4
 304 007a 71000000 		.4byte	.LASF9
 305 007e 02       		.uleb128 0x2
 306 007f 08       		.byte	0x8
 307 0080 04       		.byte	0x4
 308 0081 2B010000 		.4byte	.LASF10
 309 0085 02       		.uleb128 0x2
 310 0086 01       		.byte	0x1
 311 0087 08       		.byte	0x8
 312 0088 85000000 		.4byte	.LASF11
 313 008c 04       		.uleb128 0x4
 314 008d D4010000 		.4byte	.LASF13
 315 0091 02       		.byte	0x2
 316 0092 3C02     		.2byte	0x23c
 317 0094 98000000 		.4byte	0x98
 318 0098 05       		.uleb128 0x5
 319 0099 6B000000 		.4byte	0x6b
 320 009d 02       		.uleb128 0x2
 321 009e 04       		.byte	0x4
 322 009f 07       		.byte	0x7
 323 00a0 D9010000 		.4byte	.LASF14
 324 00a4 06       		.uleb128 0x6
 325 00a5 20000000 		.4byte	.LASF19
 326 00a9 01       		.byte	0x1
 327 00aa 23       		.byte	0x23
 328 00ab 00000000 		.4byte	.LFB0
ARM GAS  C:\Users\ben\AppData\Local\Temp\ccG8oxMK.s 			page 8


 329 00af 34010000 		.4byte	.LFE0-.LFB0
 330 00b3 01       		.uleb128 0x1
 331 00b4 9C       		.byte	0x9c
 332 00b5 C8000000 		.4byte	0xc8
 333 00b9 07       		.uleb128 0x7
 334 00ba 1B000000 		.4byte	.LASF15
 335 00be 01       		.byte	0x1
 336 00bf 23       		.byte	0x23
 337 00c0 6B000000 		.4byte	0x6b
 338 00c4 02       		.uleb128 0x2
 339 00c5 91       		.byte	0x91
 340 00c6 77       		.sleb128 -9
 341 00c7 00       		.byte	0
 342 00c8 08       		.uleb128 0x8
 343 00c9 7A010000 		.4byte	.LASF20
 344 00cd 01       		.byte	0x1
 345 00ce 42       		.byte	0x42
 346 00cf 00000000 		.4byte	.LFB1
 347 00d3 38000000 		.4byte	.LFE1-.LFB1
 348 00d7 01       		.uleb128 0x1
 349 00d8 9C       		.byte	0x9c
 350 00d9 07       		.uleb128 0x7
 351 00da 1B000000 		.4byte	.LASF15
 352 00de 01       		.byte	0x1
 353 00df 42       		.byte	0x42
 354 00e0 6B000000 		.4byte	0x6b
 355 00e4 02       		.uleb128 0x2
 356 00e5 91       		.byte	0x91
 357 00e6 77       		.sleb128 -9
 358 00e7 00       		.byte	0
 359 00e8 00       		.byte	0
 360              		.section	.debug_abbrev,"",%progbits
 361              	.Ldebug_abbrev0:
 362 0000 01       		.uleb128 0x1
 363 0001 11       		.uleb128 0x11
 364 0002 01       		.byte	0x1
 365 0003 25       		.uleb128 0x25
 366 0004 0E       		.uleb128 0xe
 367 0005 13       		.uleb128 0x13
 368 0006 0B       		.uleb128 0xb
 369 0007 03       		.uleb128 0x3
 370 0008 0E       		.uleb128 0xe
 371 0009 1B       		.uleb128 0x1b
 372 000a 0E       		.uleb128 0xe
 373 000b 55       		.uleb128 0x55
 374 000c 17       		.uleb128 0x17
 375 000d 11       		.uleb128 0x11
 376 000e 01       		.uleb128 0x1
 377 000f 10       		.uleb128 0x10
 378 0010 17       		.uleb128 0x17
 379 0011 00       		.byte	0
 380 0012 00       		.byte	0
 381 0013 02       		.uleb128 0x2
 382 0014 24       		.uleb128 0x24
 383 0015 00       		.byte	0
 384 0016 0B       		.uleb128 0xb
 385 0017 0B       		.uleb128 0xb
ARM GAS  C:\Users\ben\AppData\Local\Temp\ccG8oxMK.s 			page 9


 386 0018 3E       		.uleb128 0x3e
 387 0019 0B       		.uleb128 0xb
 388 001a 03       		.uleb128 0x3
 389 001b 0E       		.uleb128 0xe
 390 001c 00       		.byte	0
 391 001d 00       		.byte	0
 392 001e 03       		.uleb128 0x3
 393 001f 24       		.uleb128 0x24
 394 0020 00       		.byte	0
 395 0021 0B       		.uleb128 0xb
 396 0022 0B       		.uleb128 0xb
 397 0023 3E       		.uleb128 0x3e
 398 0024 0B       		.uleb128 0xb
 399 0025 03       		.uleb128 0x3
 400 0026 08       		.uleb128 0x8
 401 0027 00       		.byte	0
 402 0028 00       		.byte	0
 403 0029 04       		.uleb128 0x4
 404 002a 16       		.uleb128 0x16
 405 002b 00       		.byte	0
 406 002c 03       		.uleb128 0x3
 407 002d 0E       		.uleb128 0xe
 408 002e 3A       		.uleb128 0x3a
 409 002f 0B       		.uleb128 0xb
 410 0030 3B       		.uleb128 0x3b
 411 0031 05       		.uleb128 0x5
 412 0032 49       		.uleb128 0x49
 413 0033 13       		.uleb128 0x13
 414 0034 00       		.byte	0
 415 0035 00       		.byte	0
 416 0036 05       		.uleb128 0x5
 417 0037 35       		.uleb128 0x35
 418 0038 00       		.byte	0
 419 0039 49       		.uleb128 0x49
 420 003a 13       		.uleb128 0x13
 421 003b 00       		.byte	0
 422 003c 00       		.byte	0
 423 003d 06       		.uleb128 0x6
 424 003e 2E       		.uleb128 0x2e
 425 003f 01       		.byte	0x1
 426 0040 3F       		.uleb128 0x3f
 427 0041 19       		.uleb128 0x19
 428 0042 03       		.uleb128 0x3
 429 0043 0E       		.uleb128 0xe
 430 0044 3A       		.uleb128 0x3a
 431 0045 0B       		.uleb128 0xb
 432 0046 3B       		.uleb128 0x3b
 433 0047 0B       		.uleb128 0xb
 434 0048 27       		.uleb128 0x27
 435 0049 19       		.uleb128 0x19
 436 004a 11       		.uleb128 0x11
 437 004b 01       		.uleb128 0x1
 438 004c 12       		.uleb128 0x12
 439 004d 06       		.uleb128 0x6
 440 004e 40       		.uleb128 0x40
 441 004f 18       		.uleb128 0x18
 442 0050 9742     		.uleb128 0x2117
ARM GAS  C:\Users\ben\AppData\Local\Temp\ccG8oxMK.s 			page 10


 443 0052 19       		.uleb128 0x19
 444 0053 01       		.uleb128 0x1
 445 0054 13       		.uleb128 0x13
 446 0055 00       		.byte	0
 447 0056 00       		.byte	0
 448 0057 07       		.uleb128 0x7
 449 0058 05       		.uleb128 0x5
 450 0059 00       		.byte	0
 451 005a 03       		.uleb128 0x3
 452 005b 0E       		.uleb128 0xe
 453 005c 3A       		.uleb128 0x3a
 454 005d 0B       		.uleb128 0xb
 455 005e 3B       		.uleb128 0x3b
 456 005f 0B       		.uleb128 0xb
 457 0060 49       		.uleb128 0x49
 458 0061 13       		.uleb128 0x13
 459 0062 02       		.uleb128 0x2
 460 0063 18       		.uleb128 0x18
 461 0064 00       		.byte	0
 462 0065 00       		.byte	0
 463 0066 08       		.uleb128 0x8
 464 0067 2E       		.uleb128 0x2e
 465 0068 01       		.byte	0x1
 466 0069 3F       		.uleb128 0x3f
 467 006a 19       		.uleb128 0x19
 468 006b 03       		.uleb128 0x3
 469 006c 0E       		.uleb128 0xe
 470 006d 3A       		.uleb128 0x3a
 471 006e 0B       		.uleb128 0xb
 472 006f 3B       		.uleb128 0x3b
 473 0070 0B       		.uleb128 0xb
 474 0071 27       		.uleb128 0x27
 475 0072 19       		.uleb128 0x19
 476 0073 11       		.uleb128 0x11
 477 0074 01       		.uleb128 0x1
 478 0075 12       		.uleb128 0x12
 479 0076 06       		.uleb128 0x6
 480 0077 40       		.uleb128 0x40
 481 0078 18       		.uleb128 0x18
 482 0079 9742     		.uleb128 0x2117
 483 007b 19       		.uleb128 0x19
 484 007c 00       		.byte	0
 485 007d 00       		.byte	0
 486 007e 00       		.byte	0
 487              		.section	.debug_aranges,"",%progbits
 488 0000 24000000 		.4byte	0x24
 489 0004 0200     		.2byte	0x2
 490 0006 00000000 		.4byte	.Ldebug_info0
 491 000a 04       		.byte	0x4
 492 000b 00       		.byte	0
 493 000c 0000     		.2byte	0
 494 000e 0000     		.2byte	0
 495 0010 00000000 		.4byte	.LFB0
 496 0014 34010000 		.4byte	.LFE0-.LFB0
 497 0018 00000000 		.4byte	.LFB1
 498 001c 38000000 		.4byte	.LFE1-.LFB1
 499 0020 00000000 		.4byte	0
ARM GAS  C:\Users\ben\AppData\Local\Temp\ccG8oxMK.s 			page 11


 500 0024 00000000 		.4byte	0
 501              		.section	.debug_ranges,"",%progbits
 502              	.Ldebug_ranges0:
 503 0000 00000000 		.4byte	.LFB0
 504 0004 34010000 		.4byte	.LFE0
 505 0008 00000000 		.4byte	.LFB1
 506 000c 38000000 		.4byte	.LFE1
 507 0010 00000000 		.4byte	0
 508 0014 00000000 		.4byte	0
 509              		.section	.debug_line,"",%progbits
 510              	.Ldebug_line0:
 511 0000 7C000000 		.section	.debug_str,"MS",%progbits,1
 511      02004C00 
 511      00000201 
 511      FB0E0D00 
 511      01010101 
 512              	.LASF6:
 513 0000 6C6F6E67 		.ascii	"long long int\000"
 513      206C6F6E 
 513      6720696E 
 513      7400
 514              	.LASF8:
 515 000e 756E7369 		.ascii	"unsigned int\000"
 515      676E6564 
 515      20696E74 
 515      00
 516              	.LASF15:
 517 001b 6D6F6465 		.ascii	"mode\000"
 517      00
 518              	.LASF19:
 519 0020 43617053 		.ascii	"CapSense_1_SetAllSensorsDriveMode\000"
 519      656E7365 
 519      5F315F53 
 519      6574416C 
 519      6C53656E 
 520              	.LASF12:
 521 0042 75696E74 		.ascii	"uint8\000"
 521      3800
 522              	.LASF5:
 523 0048 6C6F6E67 		.ascii	"long unsigned int\000"
 523      20756E73 
 523      69676E65 
 523      6420696E 
 523      7400
 524              	.LASF7:
 525 005a 6C6F6E67 		.ascii	"long long unsigned int\000"
 525      206C6F6E 
 525      6720756E 
 525      7369676E 
 525      65642069 
 526              	.LASF9:
 527 0071 666C6F61 		.ascii	"float\000"
 527      7400
 528              	.LASF1:
 529 0077 756E7369 		.ascii	"unsigned char\000"
 529      676E6564 
 529      20636861 
ARM GAS  C:\Users\ben\AppData\Local\Temp\ccG8oxMK.s 			page 12


 529      7200
 530              	.LASF11:
 531 0085 63686172 		.ascii	"char\000"
 531      00
 532              	.LASF4:
 533 008a 6C6F6E67 		.ascii	"long int\000"
 533      20696E74 
 533      00
 534              	.LASF16:
 535 0093 474E5520 		.ascii	"GNU C 4.9.3 20150303 (release) [ARM/embedded-4_9-br"
 535      4320342E 
 535      392E3320 
 535      32303135 
 535      30333033 
 536 00c6 616E6368 		.ascii	"anch revision 221220] -mcpu=cortex-m3 -mthumb -g -O"
 536      20726576 
 536      6973696F 
 536      6E203232 
 536      31323230 
 537 00f9 30202D66 		.ascii	"0 -ffunction-sections -ffat-lto-objects\000"
 537      66756E63 
 537      74696F6E 
 537      2D736563 
 537      74696F6E 
 538              	.LASF2:
 539 0121 73686F72 		.ascii	"short int\000"
 539      7420696E 
 539      7400
 540              	.LASF10:
 541 012b 646F7562 		.ascii	"double\000"
 541      6C6500
 542              	.LASF17:
 543 0132 47656E65 		.ascii	"Generated_Source\\PSoC5\\CapSense_1_Pins.c\000"
 543      72617465 
 543      645F536F 
 543      75726365 
 543      5C50536F 
 544              	.LASF3:
 545 015b 73686F72 		.ascii	"short unsigned int\000"
 545      7420756E 
 545      7369676E 
 545      65642069 
 545      6E7400
 546              	.LASF0:
 547 016e 7369676E 		.ascii	"signed char\000"
 547      65642063 
 547      68617200 
 548              	.LASF20:
 549 017a 43617053 		.ascii	"CapSense_1_SetAllCmodsDriveMode\000"
 549      656E7365 
 549      5F315F53 
 549      6574416C 
 549      6C436D6F 
 550              	.LASF18:
 551 019a 433A5C55 		.ascii	"C:\\Users\\ben\\Documents\\PSoC Creator\\DACTEST\\A"
 551      73657273 
 551      5C62656E 
ARM GAS  C:\Users\ben\AppData\Local\Temp\ccG8oxMK.s 			page 13


 551      5C446F63 
 551      756D656E 
 552 01c7 44435F44 		.ascii	"DC_DAC.cydsn\000"
 552      41432E63 
 552      7964736E 
 552      00
 553              	.LASF13:
 554 01d4 72656738 		.ascii	"reg8\000"
 554      00
 555              	.LASF14:
 556 01d9 73697A65 		.ascii	"sizetype\000"
 556      74797065 
 556      00
 557              		.ident	"GCC: (GNU Tools for ARM Embedded Processors) 4.9.3 20150303 (release) [ARM/embedded-4_9-br
