--------------- Clean Started: 03/20/2017 21:36:47 Project: ADC_DAC, Configuration: ARM GCC 4.9-2015-q1-update Debug ---------------
Deleting file ".\ARM_GCC_493\Debug\main.o"
Deleting file ".\ARM_GCC_493\Debug\cyfitter_cfg.o"
Deleting file ".\ARM_GCC_493\Debug\cymetadata.o"
Deleting file ".\ARM_GCC_493\Debug\ADC_DelSig_1.o"
Deleting file ".\ARM_GCC_493\Debug\ADC_DelSig_1_PM.o"
Deleting file ".\ARM_GCC_493\Debug\ADC_DelSig_1_INT.o"
Deleting file ".\ARM_GCC_493\Debug\DMA_1_dma.o"
Deleting file ".\ARM_GCC_493\Debug\LCD_Char_1.o"
Deleting file ".\ARM_GCC_493\Debug\LCD_Char_1_PM.o"
Deleting file ".\ARM_GCC_493\Debug\ADC_DelSig_1_AMux.o"
Deleting file ".\ARM_GCC_493\Debug\ADC_DelSig_1_Ext_CP_Clk.o"
Deleting file ".\ARM_GCC_493\Debug\ADC_DelSig_1_IRQ.o"
Deleting file ".\ARM_GCC_493\Debug\ADC_DelSig_1_theACLK.o"
Deleting file ".\ARM_GCC_493\Debug\LCD_Char_1_LCDPort.o"
Deleting file ".\ARM_GCC_493\Debug\Cm3Start.o"
Deleting file ".\ARM_GCC_493\Debug\CyBootAsmGnu.o"
Deleting file ".\ARM_GCC_493\Debug\CyDmac.o"
Deleting file ".\ARM_GCC_493\Debug\CyFlash.o"
Deleting file ".\ARM_GCC_493\Debug\CyLib.o"
Deleting file ".\ARM_GCC_493\Debug\cyPm.o"
Deleting file ".\ARM_GCC_493\Debug\CySpc.o"
Deleting file ".\ARM_GCC_493\Debug\cyutils.o"
Deleting file ".\ARM_GCC_493\Debug\CapSense_1.o"
Deleting file ".\ARM_GCC_493\Debug\CapSense_1_INT.o"
Deleting file ".\ARM_GCC_493\Debug\CapSense_1_Pins.o"
Deleting file ".\ARM_GCC_493\Debug\CapSense_1_PM.o"
Deleting file ".\ARM_GCC_493\Debug\CapSense_1_CompCH0.o"
Deleting file ".\ARM_GCC_493\Debug\CapSense_1_CompCH0_PM.o"
Deleting file ".\ARM_GCC_493\Debug\CapSense_1_IdacCH0.o"
Deleting file ".\ARM_GCC_493\Debug\CapSense_1_IdacCH0_PM.o"
Deleting file ".\ARM_GCC_493\Debug\CapSense_1_AMuxCH0.o"
Deleting file ".\ARM_GCC_493\Debug\CapSense_1_IntClock.o"
Deleting file ".\ARM_GCC_493\Debug\ADC_SAR_1.o"
Deleting file ".\ARM_GCC_493\Debug\ADC_SAR_1_INT.o"
Deleting file ".\ARM_GCC_493\Debug\ADC_SAR_1_PM.o"
Deleting file ".\ARM_GCC_493\Debug\Opamp_1.o"
Deleting file ".\ARM_GCC_493\Debug\Opamp_1_PM.o"
Deleting file ".\ARM_GCC_493\Debug\Opamp_2.o"
Deleting file ".\ARM_GCC_493\Debug\Opamp_2_PM.o"
Deleting file ".\ARM_GCC_493\Debug\ADC_SAR_1_IRQ.o"
Deleting file ".\ARM_GCC_493\Debug\ADC_SAR_1_theACLK.o"
Deleting file ".\ARM_GCC_493\Debug\AUDIO_IN.o"
Deleting file ".\ARM_GCC_493\Debug\ADC_SAR_2.o"
Deleting file ".\ARM_GCC_493\Debug\ADC_SAR_2_INT.o"
Deleting file ".\ARM_GCC_493\Debug\ADC_SAR_2_PM.o"
Deleting file ".\ARM_GCC_493\Debug\ADC_SAR_2_IRQ.o"
Deleting file ".\ARM_GCC_493\Debug\ADC_SAR_2_theACLK.o"
Deleting file ".\ARM_GCC_493\Debug\Filter.o"
Deleting file ".\ARM_GCC_493\Debug\Filter_PM.o"
Deleting file ".\ARM_GCC_493\Debug\Filter_PVT.o"
Deleting file ".\ARM_GCC_493\Debug\Filter_RAM_Data.o"
Deleting file ".\ARM_GCC_493\Debug\Filter_Coefficients.o"
Deleting file ".\ARM_GCC_493\Debug\Opamp_3.o"
Deleting file ".\ARM_GCC_493\Debug\Opamp_3_PM.o"
Deleting file ".\ARM_GCC_493\Debug\DELSIG_IN.o"
Deleting file ".\ARM_GCC_493\Debug\DAC_CLOCK.o"
Deleting file ".\ARM_GCC_493\Debug\MISO_IN.o"
Deleting file ".\ARM_GCC_493\Debug\MOSI_OUT.o"
Deleting file ".\ARM_GCC_493\Debug\SCLK_OUT.o"
Deleting file ".\ARM_GCC_493\Debug\SS_OUT.o"
Deleting file ".\ARM_GCC_493\Debug\VREF_BUFF.o"
Deleting file ".\ARM_GCC_493\Debug\ASAR2_IN.o"
Deleting file ".\ARM_GCC_493\Debug\SPI_DAC.o"
Deleting file ".\ARM_GCC_493\Debug\SPI_DAC_PM.o"
Deleting file ".\ARM_GCC_493\Debug\SPI_DAC_INT.o"
Deleting file ".\ARM_GCC_493\Debug\ADC_1_OUT_LSB.o"
Deleting file ".\ARM_GCC_493\Debug\ADC_1_OUT_LSB_PM.o"
Deleting file ".\ARM_GCC_493\Debug\ADC_1_OUT_MSB.o"
Deleting file ".\ARM_GCC_493\Debug\ADC_1_OUT_MSB_PM.o"
Deleting file ".\ARM_GCC_493\Debug\ADC_DAC.hex"
Deleting file ".\ARM_GCC_493\Debug\ADC_DAC.elf"
Deleting file ".\ARM_GCC_493\Debug\ADC_DAC.map"
Deleting file ".\ADC_DAC.cycdx"
Deleting file ".\ADC_DAC.svd"
Deleting file ".\ADC_DAC.rpt"
Deleting file ".\ADC_DAC_timing.html"
Deleting file ".\ARM_GCC_493\Debug\.deps\SOURCE_C__ARM_GCC_GENERIC.P"
Deleting file ".\ARM_GCC_493\Debug\.deps\SOURCE_ASM__ARM_GCC_GENERIC.P"
--------------- Clean Succeeded: 03/20/2017 21:36:48 ---------------
