ARM GAS  C:\Users\ben\AppData\Local\Temp\ccIxAz5C.s 			page 1


   1              		.syntax unified
   2              		.cpu cortex-m3
   3              		.fpu softvfp
   4              		.eabi_attribute 20, 1
   5              		.eabi_attribute 21, 1
   6              		.eabi_attribute 23, 3
   7              		.eabi_attribute 24, 1
   8              		.eabi_attribute 25, 1
   9              		.eabi_attribute 26, 1
  10              		.eabi_attribute 30, 6
  11              		.eabi_attribute 34, 1
  12              		.eabi_attribute 18, 4
  13              		.thumb
  14              		.file	"cymetadata.c"
  15              		.text
  16              	.Ltext0:
  17              		.cfi_sections	.debug_frame
  18              		.global	cy_meta_configecc
  19              		.section	.cyconfigecc,"a",%progbits
  20              		.align	2
  21              		.type	cy_meta_configecc, %object
  22              		.size	cy_meta_configecc, 1496
  23              	cy_meta_configecc:
  24 0000 04       		.byte	4
  25 0001 52       		.byte	82
  26 0002 00       		.byte	0
  27 0003 40       		.byte	64
  28 0004 02       		.byte	2
  29 0005 5B       		.byte	91
  30 0006 00       		.byte	0
  31 0007 40       		.byte	64
  32 0008 01       		.byte	1
  33 0009 64       		.byte	100
  34 000a 00       		.byte	0
  35 000b 40       		.byte	64
  36 000c 2F       		.byte	47
  37 000d 02       		.byte	2
  38 000e 01       		.byte	1
  39 000f 40       		.byte	64
  40 0010 25       		.byte	37
  41 0011 03       		.byte	3
  42 0012 01       		.byte	1
  43 0013 40       		.byte	64
  44 0014 1F       		.byte	31
  45 0015 04       		.byte	4
  46 0016 01       		.byte	1
  47 0017 40       		.byte	64
  48 0018 42       		.byte	66
  49 0019 05       		.byte	5
  50 001a 01       		.byte	1
  51 001b 40       		.byte	64
  52 001c 3C       		.byte	60
  53 001d 06       		.byte	6
  54 001e 01       		.byte	1
  55 001f 40       		.byte	64
  56 0020 39       		.byte	57
  57 0021 07       		.byte	7
ARM GAS  C:\Users\ben\AppData\Local\Temp\ccIxAz5C.s 			page 2


  58 0022 01       		.byte	1
  59 0023 40       		.byte	64
  60 0024 01       		.byte	1
  61 0025 0B       		.byte	11
  62 0026 01       		.byte	1
  63 0027 40       		.byte	64
  64 0028 2D       		.byte	45
  65 0029 14       		.byte	20
  66 002a 01       		.byte	1
  67 002b 40       		.byte	64
  68 002c 3A       		.byte	58
  69 002d 15       		.byte	21
  70 002e 01       		.byte	1
  71 002f 40       		.byte	64
  72 0030 34       		.byte	52
  73 0031 16       		.byte	22
  74 0032 01       		.byte	1
  75 0033 40       		.byte	64
  76 0034 42       		.byte	66
  77 0035 17       		.byte	23
  78 0036 01       		.byte	1
  79 0037 40       		.byte	64
  80 0038 01       		.byte	1
  81 0039 19       		.byte	25
  82 003a 01       		.byte	1
  83 003b 40       		.byte	64
  84 003c 03       		.byte	3
  85 003d 1B       		.byte	27
  86 003e 01       		.byte	1
  87 003f 40       		.byte	64
  88 0040 08       		.byte	8
  89 0041 40       		.byte	64
  90 0042 01       		.byte	1
  91 0043 40       		.byte	64
  92 0044 03       		.byte	3
  93 0045 41       		.byte	65
  94 0046 01       		.byte	1
  95 0047 40       		.byte	64
  96 0048 0C       		.byte	12
  97 0049 42       		.byte	66
  98 004a 01       		.byte	1
  99 004b 40       		.byte	64
 100 004c 04       		.byte	4
 101 004d 43       		.byte	67
 102 004e 01       		.byte	1
 103 004f 40       		.byte	64
 104 0050 03       		.byte	3
 105 0051 46       		.byte	70
 106 0052 01       		.byte	1
 107 0053 40       		.byte	64
 108 0054 02       		.byte	2
 109 0055 47       		.byte	71
 110 0056 01       		.byte	1
 111 0057 40       		.byte	64
 112 0058 04       		.byte	4
 113 0059 48       		.byte	72
 114 005a 01       		.byte	1
ARM GAS  C:\Users\ben\AppData\Local\Temp\ccIxAz5C.s 			page 3


 115 005b 40       		.byte	64
 116 005c 08       		.byte	8
 117 005d 49       		.byte	73
 118 005e 01       		.byte	1
 119 005f 40       		.byte	64
 120 0060 0B       		.byte	11
 121 0061 4C       		.byte	76
 122 0062 01       		.byte	1
 123 0063 40       		.byte	64
 124 0064 07       		.byte	7
 125 0065 4D       		.byte	77
 126 0066 01       		.byte	1
 127 0067 40       		.byte	64
 128 0068 08       		.byte	8
 129 0069 50       		.byte	80
 130 006a 01       		.byte	1
 131 006b 40       		.byte	64
 132 006c 02       		.byte	2
 133 006d 51       		.byte	81
 134 006e 01       		.byte	1
 135 006f 40       		.byte	64
 136 0070 08       		.byte	8
 137 0071 C0       		.byte	-64
 138 0072 09       		.byte	9
 139 0073 80       		.byte	-128
 140 0074 60       		.byte	96
 141 0075 08       		.byte	8
 142 0076 61       		.byte	97
 143 0077 08       		.byte	8
 144 0078 27       		.byte	39
 145 0079 84       		.byte	-124
 146 007a 2F       		.byte	47
 147 007b 84       		.byte	-124
 148 007c 85       		.byte	-123
 149 007d 1F       		.byte	31
 150 007e 00       		.byte	0
 151 007f 04       		.byte	4
 152 0080 01       		.byte	1
 153 0081 04       		.byte	4
 154 0082 04       		.byte	4
 155 0083 04       		.byte	4
 156 0084 05       		.byte	5
 157 0085 04       		.byte	4
 158 0086 08       		.byte	8
 159 0087 0A       		.byte	10
 160 0088 0A       		.byte	10
 161 0089 10       		.byte	16
 162 008a 0B       		.byte	11
 163 008b 03       		.byte	3
 164 008c 0C       		.byte	12
 165 008d 01       		.byte	1
 166 008e 0D       		.byte	13
 167 008f 04       		.byte	4
 168 0090 11       		.byte	17
 169 0091 04       		.byte	4
 170 0092 14       		.byte	20
 171 0093 07       		.byte	7
ARM GAS  C:\Users\ben\AppData\Local\Temp\ccIxAz5C.s 			page 4


 172 0094 15       		.byte	21
 173 0095 07       		.byte	7
 174 0096 16       		.byte	22
 175 0097 38       		.byte	56
 176 0098 18       		.byte	24
 177 0099 60       		.byte	96
 178 009a 1C       		.byte	28
 179 009b 04       		.byte	4
 180 009c 1D       		.byte	29
 181 009d 01       		.byte	1
 182 009e 1F       		.byte	31
 183 009f 06       		.byte	6
 184 00a0 20       		.byte	32
 185 00a1 04       		.byte	4
 186 00a2 24       		.byte	36
 187 00a3 56       		.byte	86
 188 00a4 25       		.byte	37
 189 00a5 01       		.byte	1
 190 00a6 26       		.byte	38
 191 00a7 09       		.byte	9
 192 00a8 27       		.byte	39
 193 00a9 06       		.byte	6
 194 00aa 2A       		.byte	42
 195 00ab 04       		.byte	4
 196 00ac 2B       		.byte	43
 197 00ad 04       		.byte	4
 198 00ae 2C       		.byte	44
 199 00af 04       		.byte	4
 200 00b0 30       		.byte	48
 201 00b1 7F       		.byte	127
 202 00b2 31       		.byte	49
 203 00b3 07       		.byte	7
 204 00b4 38       		.byte	56
 205 00b5 02       		.byte	2
 206 00b6 3B       		.byte	59
 207 00b7 02       		.byte	2
 208 00b8 54       		.byte	84
 209 00b9 09       		.byte	9
 210 00ba 58       		.byte	88
 211 00bb 04       		.byte	4
 212 00bc 59       		.byte	89
 213 00bd 04       		.byte	4
 214 00be 5B       		.byte	91
 215 00bf 04       		.byte	4
 216 00c0 5C       		.byte	92
 217 00c1 11       		.byte	17
 218 00c2 5D       		.byte	93
 219 00c3 10       		.byte	16
 220 00c4 5F       		.byte	95
 221 00c5 01       		.byte	1
 222 00c6 88       		.byte	-120
 223 00c7 02       		.byte	2
 224 00c8 94       		.byte	-108
 225 00c9 02       		.byte	2
 226 00ca 9A       		.byte	-102
 227 00cb 01       		.byte	1
 228 00cc A4       		.byte	-92
ARM GAS  C:\Users\ben\AppData\Local\Temp\ccIxAz5C.s 			page 5


 229 00cd 02       		.byte	2
 230 00ce B2       		.byte	-78
 231 00cf 01       		.byte	1
 232 00d0 B6       		.byte	-74
 233 00d1 02       		.byte	2
 234 00d2 BA       		.byte	-70
 235 00d3 08       		.byte	8
 236 00d4 BE       		.byte	-66
 237 00d5 40       		.byte	64
 238 00d6 D8       		.byte	-40
 239 00d7 0A       		.byte	10
 240 00d8 DC       		.byte	-36
 241 00d9 09       		.byte	9
 242 00da DF       		.byte	-33
 243 00db 01       		.byte	1
 244 00dc 00       		.byte	0
 245 00dd 20       		.byte	32
 246 00de 04       		.byte	4
 247 00df 40       		.byte	64
 248 00e0 05       		.byte	5
 249 00e1 10       		.byte	16
 250 00e2 07       		.byte	7
 251 00e3 50       		.byte	80
 252 00e4 0A       		.byte	10
 253 00e5 04       		.byte	4
 254 00e6 0B       		.byte	11
 255 00e7 20       		.byte	32
 256 00e8 0C       		.byte	12
 257 00e9 80       		.byte	-128
 258 00ea 0E       		.byte	14
 259 00eb 20       		.byte	32
 260 00ec 0F       		.byte	15
 261 00ed 08       		.byte	8
 262 00ee 13       		.byte	19
 263 00ef 08       		.byte	8
 264 00f0 15       		.byte	21
 265 00f1 10       		.byte	16
 266 00f2 16       		.byte	22
 267 00f3 01       		.byte	1
 268 00f4 17       		.byte	23
 269 00f5 09       		.byte	9
 270 00f6 18       		.byte	24
 271 00f7 10       		.byte	16
 272 00f8 19       		.byte	25
 273 00f9 40       		.byte	64
 274 00fa 1C       		.byte	28
 275 00fb 40       		.byte	64
 276 00fc 25       		.byte	37
 277 00fd 02       		.byte	2
 278 00fe 27       		.byte	39
 279 00ff 40       		.byte	64
 280 0100 2D       		.byte	45
 281 0101 10       		.byte	16
 282 0102 2F       		.byte	47
 283 0103 10       		.byte	16
 284 0104 37       		.byte	55
 285 0105 49       		.byte	73
ARM GAS  C:\Users\ben\AppData\Local\Temp\ccIxAz5C.s 			page 6


 286 0106 3C       		.byte	60
 287 0107 A0       		.byte	-96
 288 0108 3D       		.byte	61
 289 0109 0A       		.byte	10
 290 010a 5C       		.byte	92
 291 010b 20       		.byte	32
 292 010c 5D       		.byte	93
 293 010d 08       		.byte	8
 294 010e 5E       		.byte	94
 295 010f 42       		.byte	66
 296 0110 65       		.byte	101
 297 0111 40       		.byte	64
 298 0112 79       		.byte	121
 299 0113 08       		.byte	8
 300 0114 C0       		.byte	-64
 301 0115 F2       		.byte	-14
 302 0116 C2       		.byte	-62
 303 0117 E6       		.byte	-26
 304 0118 C4       		.byte	-60
 305 0119 F4       		.byte	-12
 306 011a CA       		.byte	-54
 307 011b 60       		.byte	96
 308 011c CC       		.byte	-52
 309 011d D0       		.byte	-48
 310 011e CE       		.byte	-50
 311 011f F0       		.byte	-16
 312 0120 D6       		.byte	-42
 313 0121 F0       		.byte	-16
 314 0122 D8       		.byte	-40
 315 0123 10       		.byte	16
 316 0124 DE       		.byte	-34
 317 0125 02       		.byte	2
 318 0126 12       		.byte	18
 319 0127 01       		.byte	1
 320 0128 32       		.byte	50
 321 0129 01       		.byte	1
 322 012a 3A       		.byte	58
 323 012b 08       		.byte	8
 324 012c 40       		.byte	64
 325 012d 62       		.byte	98
 326 012e 41       		.byte	65
 327 012f 03       		.byte	3
 328 0130 42       		.byte	66
 329 0131 10       		.byte	16
 330 0132 44       		.byte	68
 331 0133 05       		.byte	5
 332 0134 49       		.byte	73
 333 0135 FF       		.byte	-1
 334 0136 4A       		.byte	74
 335 0137 FF       		.byte	-1
 336 0138 4B       		.byte	75
 337 0139 FF       		.byte	-1
 338 013a 4C       		.byte	76
 339 013b 02       		.byte	2
 340 013c 4E       		.byte	78
 341 013d 70       		.byte	112
 342 013e 4F       		.byte	79
ARM GAS  C:\Users\ben\AppData\Local\Temp\ccIxAz5C.s 			page 7


 343 013f 08       		.byte	8
 344 0140 50       		.byte	80
 345 0141 04       		.byte	4
 346 0142 58       		.byte	88
 347 0143 08       		.byte	8
 348 0144 5A       		.byte	90
 349 0145 04       		.byte	4
 350 0146 5C       		.byte	92
 351 0147 09       		.byte	9
 352 0148 5D       		.byte	93
 353 0149 01       		.byte	1
 354 014a 5F       		.byte	95
 355 014b 01       		.byte	1
 356 014c 62       		.byte	98
 357 014d C0       		.byte	-64
 358 014e 64       		.byte	100
 359 014f 40       		.byte	64
 360 0150 65       		.byte	101
 361 0151 01       		.byte	1
 362 0152 66       		.byte	102
 363 0153 10       		.byte	16
 364 0154 67       		.byte	103
 365 0155 11       		.byte	17
 366 0156 68       		.byte	104
 367 0157 C0       		.byte	-64
 368 0158 69       		.byte	105
 369 0159 01       		.byte	1
 370 015a 6B       		.byte	107
 371 015b 11       		.byte	17
 372 015c 6C       		.byte	108
 373 015d 40       		.byte	64
 374 015e 6D       		.byte	109
 375 015f 01       		.byte	1
 376 0160 6E       		.byte	110
 377 0161 40       		.byte	64
 378 0162 6F       		.byte	111
 379 0163 01       		.byte	1
 380 0164 05       		.byte	5
 381 0165 20       		.byte	32
 382 0166 07       		.byte	7
 383 0167 1A       		.byte	26
 384 0168 0A       		.byte	10
 385 0169 80       		.byte	-128
 386 016a 0C       		.byte	12
 387 016b 80       		.byte	-128
 388 016c 0D       		.byte	13
 389 016d 02       		.byte	2
 390 016e 0E       		.byte	14
 391 016f 28       		.byte	40
 392 0170 14       		.byte	20
 393 0171 20       		.byte	32
 394 0172 15       		.byte	21
 395 0173 10       		.byte	16
 396 0174 16       		.byte	22
 397 0175 10       		.byte	16
 398 0176 17       		.byte	23
 399 0177 01       		.byte	1
ARM GAS  C:\Users\ben\AppData\Local\Temp\ccIxAz5C.s 			page 8


 400 0178 1B       		.byte	27
 401 0179 08       		.byte	8
 402 017a 1C       		.byte	28
 403 017b 20       		.byte	32
 404 017c 1D       		.byte	29
 405 017d B8       		.byte	-72
 406 017e 1E       		.byte	30
 407 017f 6A       		.byte	106
 408 0180 1F       		.byte	31
 409 0181 10       		.byte	16
 410 0182 24       		.byte	36
 411 0183 0C       		.byte	12
 412 0184 26       		.byte	38
 413 0185 80       		.byte	-128
 414 0186 27       		.byte	39
 415 0187 08       		.byte	8
 416 0188 2E       		.byte	46
 417 0189 20       		.byte	32
 418 018a 2F       		.byte	47
 419 018b 10       		.byte	16
 420 018c 36       		.byte	54
 421 018d 90       		.byte	-112
 422 018e 37       		.byte	55
 423 018f 08       		.byte	8
 424 0190 40       		.byte	64
 425 0191 04       		.byte	4
 426 0192 41       		.byte	65
 427 0193 88       		.byte	-120
 428 0194 45       		.byte	69
 429 0195 A8       		.byte	-88
 430 0196 49       		.byte	73
 431 0197 80       		.byte	-128
 432 0198 4A       		.byte	74
 433 0199 04       		.byte	4
 434 019a 4C       		.byte	76
 435 019b 04       		.byte	4
 436 019c 4D       		.byte	77
 437 019d 88       		.byte	-120
 438 019e 54       		.byte	84
 439 019f 02       		.byte	2
 440 01a0 56       		.byte	86
 441 01a1 30       		.byte	48
 442 01a2 57       		.byte	87
 443 01a3 44       		.byte	68
 444 01a4 62       		.byte	98
 445 01a5 80       		.byte	-128
 446 01a6 63       		.byte	99
 447 01a7 01       		.byte	1
 448 01a8 67       		.byte	103
 449 01a9 01       		.byte	1
 450 01aa 6C       		.byte	108
 451 01ab 88       		.byte	-120
 452 01ac 6D       		.byte	109
 453 01ad 1A       		.byte	26
 454 01ae 6F       		.byte	111
 455 01af 13       		.byte	19
 456 01b0 74       		.byte	116
ARM GAS  C:\Users\ben\AppData\Local\Temp\ccIxAz5C.s 			page 9


 457 01b1 40       		.byte	64
 458 01b2 76       		.byte	118
 459 01b3 01       		.byte	1
 460 01b4 77       		.byte	119
 461 01b5 02       		.byte	2
 462 01b6 79       		.byte	121
 463 01b7 40       		.byte	64
 464 01b8 90       		.byte	-112
 465 01b9 10       		.byte	16
 466 01ba 95       		.byte	-107
 467 01bb 18       		.byte	24
 468 01bc 96       		.byte	-106
 469 01bd 44       		.byte	68
 470 01be 97       		.byte	-105
 471 01bf 20       		.byte	32
 472 01c0 9C       		.byte	-100
 473 01c1 20       		.byte	32
 474 01c2 9D       		.byte	-99
 475 01c3 18       		.byte	24
 476 01c4 9E       		.byte	-98
 477 01c5 01       		.byte	1
 478 01c6 9F       		.byte	-97
 479 01c7 19       		.byte	25
 480 01c8 A1       		.byte	-95
 481 01c9 02       		.byte	2
 482 01ca A4       		.byte	-92
 483 01cb D0       		.byte	-48
 484 01cc A5       		.byte	-91
 485 01cd 05       		.byte	5
 486 01ce A6       		.byte	-90
 487 01cf 11       		.byte	17
 488 01d0 A7       		.byte	-89
 489 01d1 04       		.byte	4
 490 01d2 A8       		.byte	-88
 491 01d3 40       		.byte	64
 492 01d4 C0       		.byte	-64
 493 01d5 E0       		.byte	-32
 494 01d6 C2       		.byte	-62
 495 01d7 F8       		.byte	-8
 496 01d8 C4       		.byte	-60
 497 01d9 70       		.byte	112
 498 01da CA       		.byte	-54
 499 01db 60       		.byte	96
 500 01dc CC       		.byte	-52
 501 01dd 70       		.byte	112
 502 01de D0       		.byte	-48
 503 01df 7E       		.byte	126
 504 01e0 D2       		.byte	-46
 505 01e1 3C       		.byte	60
 506 01e2 D8       		.byte	-40
 507 01e3 10       		.byte	16
 508 01e4 DE       		.byte	-34
 509 01e5 08       		.byte	8
 510 01e6 E6       		.byte	-26
 511 01e7 08       		.byte	8
 512 01e8 00       		.byte	0
 513 01e9 02       		.byte	2
ARM GAS  C:\Users\ben\AppData\Local\Temp\ccIxAz5C.s 			page 10


 514 01ea 02       		.byte	2
 515 01eb 01       		.byte	1
 516 01ec 05       		.byte	5
 517 01ed 1D       		.byte	29
 518 01ee 06       		.byte	6
 519 01ef 02       		.byte	2
 520 01f0 09       		.byte	9
 521 01f1 01       		.byte	1
 522 01f2 0B       		.byte	11
 523 01f3 02       		.byte	2
 524 01f4 0E       		.byte	14
 525 01f5 01       		.byte	1
 526 01f6 0F       		.byte	15
 527 01f7 10       		.byte	16
 528 01f8 11       		.byte	17
 529 01f9 1D       		.byte	29
 530 01fa 15       		.byte	21
 531 01fb 02       		.byte	2
 532 01fc 17       		.byte	23
 533 01fd 08       		.byte	8
 534 01fe 19       		.byte	25
 535 01ff 02       		.byte	2
 536 0200 1B       		.byte	27
 537 0201 04       		.byte	4
 538 0202 1D       		.byte	29
 539 0203 02       		.byte	2
 540 0204 1F       		.byte	31
 541 0205 0D       		.byte	13
 542 0206 21       		.byte	33
 543 0207 1D       		.byte	29
 544 0208 29       		.byte	41
 545 0209 1D       		.byte	29
 546 020a 2A       		.byte	42
 547 020b 04       		.byte	4
 548 020c 2D       		.byte	45
 549 020d 0D       		.byte	13
 550 020e 2F       		.byte	47
 551 020f 10       		.byte	16
 552 0210 31       		.byte	49
 553 0211 0F       		.byte	15
 554 0212 32       		.byte	50
 555 0213 03       		.byte	3
 556 0214 35       		.byte	53
 557 0215 10       		.byte	16
 558 0216 36       		.byte	54
 559 0217 04       		.byte	4
 560 0218 3A       		.byte	58
 561 0219 80       		.byte	-128
 562 021a 3B       		.byte	59
 563 021b 02       		.byte	2
 564 021c 3E       		.byte	62
 565 021d 04       		.byte	4
 566 021e 3F       		.byte	63
 567 021f 10       		.byte	16
 568 0220 54       		.byte	84
 569 0221 40       		.byte	64
 570 0222 58       		.byte	88
ARM GAS  C:\Users\ben\AppData\Local\Temp\ccIxAz5C.s 			page 11


 571 0223 0A       		.byte	10
 572 0224 59       		.byte	89
 573 0225 04       		.byte	4
 574 0226 5B       		.byte	91
 575 0227 04       		.byte	4
 576 0228 5C       		.byte	92
 577 0229 19       		.byte	25
 578 022a 5D       		.byte	93
 579 022b 10       		.byte	16
 580 022c 5F       		.byte	95
 581 022d 01       		.byte	1
 582 022e 80       		.byte	-128
 583 022f 04       		.byte	4
 584 0230 82       		.byte	-126
 585 0231 02       		.byte	2
 586 0232 85       		.byte	-123
 587 0233 0E       		.byte	14
 588 0234 86       		.byte	-122
 589 0235 01       		.byte	1
 590 0236 8A       		.byte	-118
 591 0237 02       		.byte	2
 592 0238 8B       		.byte	-117
 593 0239 20       		.byte	32
 594 023a 95       		.byte	-107
 595 023b 13       		.byte	19
 596 023c 97       		.byte	-105
 597 023d 04       		.byte	4
 598 023e 99       		.byte	-103
 599 023f 05       		.byte	5
 600 0240 9B       		.byte	-101
 601 0241 3A       		.byte	58
 602 0242 A6       		.byte	-90
 603 0243 04       		.byte	4
 604 0244 A9       		.byte	-87
 605 0245 04       		.byte	4
 606 0246 AB       		.byte	-85
 607 0247 39       		.byte	57
 608 0248 B3       		.byte	-77
 609 0249 30       		.byte	48
 610 024a B4       		.byte	-76
 611 024b 06       		.byte	6
 612 024c B5       		.byte	-75
 613 024d 0F       		.byte	15
 614 024e B6       		.byte	-74
 615 024f 01       		.byte	1
 616 0250 B9       		.byte	-71
 617 0251 20       		.byte	32
 618 0252 BA       		.byte	-70
 619 0253 80       		.byte	-128
 620 0254 BE       		.byte	-66
 621 0255 10       		.byte	16
 622 0256 D8       		.byte	-40
 623 0257 09       		.byte	9
 624 0258 D9       		.byte	-39
 625 0259 04       		.byte	4
 626 025a DB       		.byte	-37
 627 025b 04       		.byte	4
ARM GAS  C:\Users\ben\AppData\Local\Temp\ccIxAz5C.s 			page 12


 628 025c DC       		.byte	-36
 629 025d 19       		.byte	25
 630 025e DF       		.byte	-33
 631 025f 01       		.byte	1
 632 0260 00       		.byte	0
 633 0261 18       		.byte	24
 634 0262 02       		.byte	2
 635 0263 40       		.byte	64
 636 0264 04       		.byte	4
 637 0265 08       		.byte	8
 638 0266 05       		.byte	5
 639 0267 80       		.byte	-128
 640 0268 06       		.byte	6
 641 0269 40       		.byte	64
 642 026a 10       		.byte	16
 643 026b 20       		.byte	32
 644 026c 17       		.byte	23
 645 026d 20       		.byte	32
 646 026e 19       		.byte	25
 647 026f 80       		.byte	-128
 648 0270 1A       		.byte	26
 649 0271 08       		.byte	8
 650 0272 1D       		.byte	29
 651 0273 40       		.byte	64
 652 0274 1E       		.byte	30
 653 0275 20       		.byte	32
 654 0276 20       		.byte	32
 655 0277 04       		.byte	4
 656 0278 23       		.byte	35
 657 0279 10       		.byte	16
 658 027a 25       		.byte	37
 659 027b 20       		.byte	32
 660 027c 27       		.byte	39
 661 027d 40       		.byte	64
 662 027e 29       		.byte	41
 663 027f 20       		.byte	32
 664 0280 2C       		.byte	44
 665 0281 88       		.byte	-120
 666 0282 2F       		.byte	47
 667 0283 02       		.byte	2
 668 0284 31       		.byte	49
 669 0285 18       		.byte	24
 670 0286 35       		.byte	53
 671 0287 10       		.byte	16
 672 0288 37       		.byte	55
 673 0289 4A       		.byte	74
 674 028a 38       		.byte	56
 675 028b 04       		.byte	4
 676 028c 3B       		.byte	59
 677 028d 10       		.byte	16
 678 028e 3C       		.byte	60
 679 028f 20       		.byte	32
 680 0290 3D       		.byte	61
 681 0291 08       		.byte	8
 682 0292 3E       		.byte	62
 683 0293 80       		.byte	-128
 684 0294 3F       		.byte	63
ARM GAS  C:\Users\ben\AppData\Local\Temp\ccIxAz5C.s 			page 13


 685 0295 80       		.byte	-128
 686 0296 45       		.byte	69
 687 0297 20       		.byte	32
 688 0298 46       		.byte	70
 689 0299 08       		.byte	8
 690 029a 66       		.byte	102
 691 029b A8       		.byte	-88
 692 029c 68       		.byte	104
 693 029d 44       		.byte	68
 694 029e 69       		.byte	105
 695 029f 02       		.byte	2
 696 02a0 6A       		.byte	106
 697 02a1 80       		.byte	-128
 698 02a2 6B       		.byte	107
 699 02a3 20       		.byte	32
 700 02a4 6C       		.byte	108
 701 02a5 04       		.byte	4
 702 02a6 6D       		.byte	109
 703 02a7 50       		.byte	80
 704 02a8 6F       		.byte	111
 705 02a9 A0       		.byte	-96
 706 02aa 76       		.byte	118
 707 02ab 40       		.byte	64
 708 02ac 79       		.byte	121
 709 02ad 10       		.byte	16
 710 02ae 7C       		.byte	124
 711 02af 08       		.byte	8
 712 02b0 7F       		.byte	127
 713 02b1 20       		.byte	32
 714 02b2 90       		.byte	-112
 715 02b3 10       		.byte	16
 716 02b4 95       		.byte	-107
 717 02b5 48       		.byte	72
 718 02b6 96       		.byte	-106
 719 02b7 84       		.byte	-124
 720 02b8 99       		.byte	-103
 721 02b9 30       		.byte	48
 722 02ba 9B       		.byte	-101
 723 02bb 0A       		.byte	10
 724 02bc A0       		.byte	-96
 725 02bd 9A       		.byte	-102
 726 02be A1       		.byte	-95
 727 02bf 0C       		.byte	12
 728 02c0 A3       		.byte	-93
 729 02c1 4A       		.byte	74
 730 02c2 A9       		.byte	-87
 731 02c3 80       		.byte	-128
 732 02c4 C0       		.byte	-64
 733 02c5 BE       		.byte	-66
 734 02c6 C4       		.byte	-60
 735 02c7 44       		.byte	68
 736 02c8 CA       		.byte	-54
 737 02c9 B4       		.byte	-76
 738 02ca CC       		.byte	-52
 739 02cb F6       		.byte	-10
 740 02cc CE       		.byte	-50
 741 02cd 76       		.byte	118
ARM GAS  C:\Users\ben\AppData\Local\Temp\ccIxAz5C.s 			page 14


 742 02ce D8       		.byte	-40
 743 02cf 70       		.byte	112
 744 02d0 DE       		.byte	-34
 745 02d1 44       		.byte	68
 746 02d2 E6       		.byte	-26
 747 02d3 08       		.byte	8
 748 02d4 00       		.byte	0
 749 02d5 01       		.byte	1
 750 02d6 02       		.byte	2
 751 02d7 02       		.byte	2
 752 02d8 03       		.byte	3
 753 02d9 01       		.byte	1
 754 02da 0F       		.byte	15
 755 02db 02       		.byte	2
 756 02dc 12       		.byte	18
 757 02dd 01       		.byte	1
 758 02de 1A       		.byte	26
 759 02df 02       		.byte	2
 760 02e0 22       		.byte	34
 761 02e1 04       		.byte	4
 762 02e2 27       		.byte	39
 763 02e3 04       		.byte	4
 764 02e4 2D       		.byte	45
 765 02e5 02       		.byte	2
 766 02e6 2F       		.byte	47
 767 02e7 04       		.byte	4
 768 02e8 30       		.byte	48
 769 02e9 03       		.byte	3
 770 02ea 32       		.byte	50
 771 02eb 04       		.byte	4
 772 02ec 35       		.byte	53
 773 02ed 01       		.byte	1
 774 02ee 37       		.byte	55
 775 02ef 06       		.byte	6
 776 02f0 3A       		.byte	58
 777 02f1 08       		.byte	8
 778 02f2 3B       		.byte	59
 779 02f3 20       		.byte	32
 780 02f4 3E       		.byte	62
 781 02f5 01       		.byte	1
 782 02f6 3F       		.byte	63
 783 02f7 40       		.byte	64
 784 02f8 58       		.byte	88
 785 02f9 08       		.byte	8
 786 02fa 59       		.byte	89
 787 02fb 0B       		.byte	11
 788 02fc 5B       		.byte	91
 789 02fd 04       		.byte	4
 790 02fe 5C       		.byte	92
 791 02ff 99       		.byte	-103
 792 0300 5F       		.byte	95
 793 0301 01       		.byte	1
 794 0302 80       		.byte	-128
 795 0303 04       		.byte	4
 796 0304 82       		.byte	-126
 797 0305 02       		.byte	2
 798 0306 83       		.byte	-125
ARM GAS  C:\Users\ben\AppData\Local\Temp\ccIxAz5C.s 			page 15


 799 0307 01       		.byte	1
 800 0308 87       		.byte	-121
 801 0309 02       		.byte	2
 802 030a 9E       		.byte	-98
 803 030b 04       		.byte	4
 804 030c A1       		.byte	-95
 805 030d 04       		.byte	4
 806 030e A3       		.byte	-93
 807 030f 02       		.byte	2
 808 0310 A6       		.byte	-90
 809 0311 01       		.byte	1
 810 0312 A7       		.byte	-89
 811 0313 04       		.byte	4
 812 0314 AA       		.byte	-86
 813 0315 02       		.byte	2
 814 0316 B3       		.byte	-77
 815 0317 01       		.byte	1
 816 0318 B4       		.byte	-76
 817 0319 01       		.byte	1
 818 031a B5       		.byte	-75
 819 031b 06       		.byte	6
 820 031c B6       		.byte	-74
 821 031d 06       		.byte	6
 822 031e BA       		.byte	-70
 823 031f 20       		.byte	32
 824 0320 BB       		.byte	-69
 825 0321 08       		.byte	8
 826 0322 BE       		.byte	-66
 827 0323 40       		.byte	64
 828 0324 BF       		.byte	-65
 829 0325 10       		.byte	16
 830 0326 D8       		.byte	-40
 831 0327 0A       		.byte	10
 832 0328 D9       		.byte	-39
 833 0329 0B       		.byte	11
 834 032a DC       		.byte	-36
 835 032b 99       		.byte	-103
 836 032c DF       		.byte	-33
 837 032d 01       		.byte	1
 838 032e 02       		.byte	2
 839 032f 40       		.byte	64
 840 0330 03       		.byte	3
 841 0331 80       		.byte	-128
 842 0332 06       		.byte	6
 843 0333 40       		.byte	64
 844 0334 09       		.byte	9
 845 0335 20       		.byte	32
 846 0336 0B       		.byte	11
 847 0337 40       		.byte	64
 848 0338 0D       		.byte	13
 849 0339 80       		.byte	-128
 850 033a 13       		.byte	19
 851 033b 02       		.byte	2
 852 033c 17       		.byte	23
 853 033d 18       		.byte	24
 854 033e 18       		.byte	24
 855 033f 40       		.byte	64
ARM GAS  C:\Users\ben\AppData\Local\Temp\ccIxAz5C.s 			page 16


 856 0340 19       		.byte	25
 857 0341 08       		.byte	8
 858 0342 1C       		.byte	28
 859 0343 09       		.byte	9
 860 0344 21       		.byte	33
 861 0345 20       		.byte	32
 862 0346 22       		.byte	34
 863 0347 40       		.byte	64
 864 0348 24       		.byte	36
 865 0349 04       		.byte	4
 866 034a 27       		.byte	39
 867 034b 10       		.byte	16
 868 034c 29       		.byte	41
 869 034d 08       		.byte	8
 870 034e 2A       		.byte	42
 871 034f 40       		.byte	64
 872 0350 2F       		.byte	47
 873 0351 A0       		.byte	-96
 874 0352 38       		.byte	56
 875 0353 02       		.byte	2
 876 0354 39       		.byte	57
 877 0355 80       		.byte	-128
 878 0356 3C       		.byte	60
 879 0357 08       		.byte	8
 880 0358 3F       		.byte	63
 881 0359 01       		.byte	1
 882 035a 59       		.byte	89
 883 035b 11       		.byte	17
 884 035c 5A       		.byte	90
 885 035d 88       		.byte	-120
 886 035e 60       		.byte	96
 887 035f 55       		.byte	85
 888 0360 6A       		.byte	106
 889 0361 04       		.byte	4
 890 0362 6B       		.byte	107
 891 0363 42       		.byte	66
 892 0364 70       		.byte	112
 893 0365 01       		.byte	1
 894 0366 71       		.byte	113
 895 0367 08       		.byte	8
 896 0368 73       		.byte	115
 897 0369 09       		.byte	9
 898 036a 79       		.byte	121
 899 036b 80       		.byte	-128
 900 036c 7B       		.byte	123
 901 036d 40       		.byte	64
 902 036e 7E       		.byte	126
 903 036f 80       		.byte	-128
 904 0370 7F       		.byte	127
 905 0371 20       		.byte	32
 906 0372 90       		.byte	-112
 907 0373 10       		.byte	16
 908 0374 91       		.byte	-111
 909 0375 80       		.byte	-128
 910 0376 92       		.byte	-110
 911 0377 08       		.byte	8
 912 0378 93       		.byte	-109
ARM GAS  C:\Users\ben\AppData\Local\Temp\ccIxAz5C.s 			page 17


 913 0379 40       		.byte	64
 914 037a 96       		.byte	-106
 915 037b 04       		.byte	4
 916 037c 99       		.byte	-103
 917 037d 11       		.byte	17
 918 037e 9A       		.byte	-102
 919 037f 40       		.byte	64
 920 0380 9F       		.byte	-97
 921 0381 40       		.byte	64
 922 0382 A1       		.byte	-95
 923 0383 80       		.byte	-128
 924 0384 A2       		.byte	-94
 925 0385 80       		.byte	-128
 926 0386 A3       		.byte	-93
 927 0387 60       		.byte	96
 928 0388 A5       		.byte	-91
 929 0389 08       		.byte	8
 930 038a B3       		.byte	-77
 931 038b 10       		.byte	16
 932 038c C0       		.byte	-64
 933 038d 18       		.byte	24
 934 038e C2       		.byte	-62
 935 038f 8A       		.byte	-118
 936 0390 C4       		.byte	-60
 937 0391 68       		.byte	104
 938 0392 CA       		.byte	-54
 939 0393 CA       		.byte	-54
 940 0394 CE       		.byte	-50
 941 0395 C9       		.byte	-55
 942 0396 D6       		.byte	-42
 943 0397 0F       		.byte	15
 944 0398 D8       		.byte	-40
 945 0399 0F       		.byte	15
 946 039a DE       		.byte	-34
 947 039b C9       		.byte	-55
 948 039c E4       		.byte	-28
 949 039d 02       		.byte	2
 950 039e EC       		.byte	-20
 951 039f 20       		.byte	32
 952 03a0 EE       		.byte	-18
 953 03a1 0C       		.byte	12
 954 03a2 00       		.byte	0
 955 03a3 14       		.byte	20
 956 03a4 02       		.byte	2
 957 03a5 0A       		.byte	10
 958 03a6 0E       		.byte	14
 959 03a7 02       		.byte	2
 960 03a8 0F       		.byte	15
 961 03a9 01       		.byte	1
 962 03aa 11       		.byte	17
 963 03ab 04       		.byte	4
 964 03ac 13       		.byte	19
 965 03ad 02       		.byte	2
 966 03ae 16       		.byte	22
 967 03af 08       		.byte	8
 968 03b0 22       		.byte	34
 969 03b1 01       		.byte	1
ARM GAS  C:\Users\ben\AppData\Local\Temp\ccIxAz5C.s 			page 18


 970 03b2 2A       		.byte	42
 971 03b3 04       		.byte	4
 972 03b4 2B       		.byte	43
 973 03b5 02       		.byte	2
 974 03b6 2E       		.byte	46
 975 03b7 10       		.byte	16
 976 03b8 2F       		.byte	47
 977 03b9 04       		.byte	4
 978 03ba 31       		.byte	49
 979 03bb 06       		.byte	6
 980 03bc 32       		.byte	50
 981 03bd 01       		.byte	1
 982 03be 34       		.byte	52
 983 03bf 06       		.byte	6
 984 03c0 36       		.byte	54
 985 03c1 18       		.byte	24
 986 03c2 37       		.byte	55
 987 03c3 01       		.byte	1
 988 03c4 3A       		.byte	58
 989 03c5 08       		.byte	8
 990 03c6 3B       		.byte	59
 991 03c7 80       		.byte	-128
 992 03c8 3E       		.byte	62
 993 03c9 50       		.byte	80
 994 03ca 3F       		.byte	63
 995 03cb 01       		.byte	1
 996 03cc 58       		.byte	88
 997 03cd 0B       		.byte	11
 998 03ce 59       		.byte	89
 999 03cf 0A       		.byte	10
 1000 03d0 5B       		.byte	91
 1001 03d1 04       		.byte	4
 1002 03d2 5C       		.byte	92
 1003 03d3 99       		.byte	-103
 1004 03d4 5F       		.byte	95
 1005 03d5 01       		.byte	1
 1006 03d6 82       		.byte	-126
 1007 03d7 02       		.byte	2
 1008 03d8 8B       		.byte	-117
 1009 03d9 02       		.byte	2
 1010 03da 92       		.byte	-110
 1011 03db 01       		.byte	1
 1012 03dc 96       		.byte	-106
 1013 03dd 04       		.byte	4
 1014 03de 9E       		.byte	-98
 1015 03df 08       		.byte	8
 1016 03e0 9F       		.byte	-97
 1017 03e1 01       		.byte	1
 1018 03e2 A0       		.byte	-96
 1019 03e3 12       		.byte	18
 1020 03e4 A2       		.byte	-94
 1021 03e5 09       		.byte	9
 1022 03e6 A7       		.byte	-89
 1023 03e7 04       		.byte	4
 1024 03e8 AA       		.byte	-86
 1025 03e9 10       		.byte	16
 1026 03ea AD       		.byte	-83
ARM GAS  C:\Users\ben\AppData\Local\Temp\ccIxAz5C.s 			page 19


 1027 03eb 02       		.byte	2
 1028 03ec AF       		.byte	-81
 1029 03ed 04       		.byte	4
 1030 03ee B0       		.byte	-80
 1031 03ef 03       		.byte	3
 1032 03f0 B1       		.byte	-79
 1033 03f1 01       		.byte	1
 1034 03f2 B2       		.byte	-78
 1035 03f3 04       		.byte	4
 1036 03f4 B3       		.byte	-77
 1037 03f5 06       		.byte	6
 1038 03f6 B4       		.byte	-76
 1039 03f7 18       		.byte	24
 1040 03f8 BA       		.byte	-70
 1041 03f9 08       		.byte	8
 1042 03fa BB       		.byte	-69
 1043 03fb 02       		.byte	2
 1044 03fc BE       		.byte	-66
 1045 03fd 11       		.byte	17
 1046 03fe BF       		.byte	-65
 1047 03ff 04       		.byte	4
 1048 0400 D8       		.byte	-40
 1049 0401 0A       		.byte	10
 1050 0402 D9       		.byte	-39
 1051 0403 0B       		.byte	11
 1052 0404 DB       		.byte	-37
 1053 0405 04       		.byte	4
 1054 0406 DC       		.byte	-36
 1055 0407 99       		.byte	-103
 1056 0408 DF       		.byte	-33
 1057 0409 01       		.byte	1
 1058 040a 01       		.byte	1
 1059 040b 01       		.byte	1
 1060 040c 05       		.byte	5
 1061 040d 42       		.byte	66
 1062 040e 06       		.byte	6
 1063 040f 40       		.byte	64
 1064 0410 09       		.byte	9
 1065 0411 4A       		.byte	74
 1066 0412 0E       		.byte	14
 1067 0413 10       		.byte	16
 1068 0414 10       		.byte	16
 1069 0415 08       		.byte	8
 1070 0416 12       		.byte	18
 1071 0417 40       		.byte	64
 1072 0418 14       		.byte	20
 1073 0419 0A       		.byte	10
 1074 041a 15       		.byte	21
 1075 041b 02       		.byte	2
 1076 041c 19       		.byte	25
 1077 041d 19       		.byte	25
 1078 041e 1E       		.byte	30
 1079 041f 1A       		.byte	26
 1080 0420 20       		.byte	32
 1081 0421 10       		.byte	16
 1082 0422 21       		.byte	33
 1083 0423 02       		.byte	2
ARM GAS  C:\Users\ben\AppData\Local\Temp\ccIxAz5C.s 			page 20


 1084 0424 24       		.byte	36
 1085 0425 40       		.byte	64
 1086 0426 25       		.byte	37
 1087 0427 40       		.byte	64
 1088 0428 29       		.byte	41
 1089 0429 08       		.byte	8
 1090 042a 2A       		.byte	42
 1091 042b 40       		.byte	64
 1092 042c 2D       		.byte	45
 1093 042d 40       		.byte	64
 1094 042e 2E       		.byte	46
 1095 042f 08       		.byte	8
 1096 0430 2F       		.byte	47
 1097 0431 28       		.byte	40
 1098 0432 33       		.byte	51
 1099 0433 40       		.byte	64
 1100 0434 35       		.byte	53
 1101 0435 02       		.byte	2
 1102 0436 3A       		.byte	58
 1103 0437 20       		.byte	32
 1104 0438 3C       		.byte	60
 1105 0439 80       		.byte	-128
 1106 043a 4F       		.byte	79
 1107 043b C0       		.byte	-64
 1108 043c 5C       		.byte	92
 1109 043d 40       		.byte	64
 1110 043e 5E       		.byte	94
 1111 043f 2A       		.byte	42
 1112 0440 61       		.byte	97
 1113 0441 80       		.byte	-128
 1114 0442 62       		.byte	98
 1115 0443 80       		.byte	-128
 1116 0444 64       		.byte	100
 1117 0445 04       		.byte	4
 1118 0446 66       		.byte	102
 1119 0447 20       		.byte	32
 1120 0448 68       		.byte	104
 1121 0449 28       		.byte	40
 1122 044a 69       		.byte	105
 1123 044b 89       		.byte	-119
 1124 044c 6A       		.byte	106
 1125 044d 20       		.byte	32
 1126 044e 71       		.byte	113
 1127 044f 80       		.byte	-128
 1128 0450 72       		.byte	114
 1129 0451 28       		.byte	40
 1130 0452 73       		.byte	115
 1131 0453 40       		.byte	64
 1132 0454 78       		.byte	120
 1133 0455 04       		.byte	4
 1134 0456 79       		.byte	121
 1135 0457 01       		.byte	1
 1136 0458 7C       		.byte	124
 1137 0459 02       		.byte	2
 1138 045a 7E       		.byte	126
 1139 045b 10       		.byte	16
 1140 045c 7F       		.byte	127
ARM GAS  C:\Users\ben\AppData\Local\Temp\ccIxAz5C.s 			page 21


 1141 045d 80       		.byte	-128
 1142 045e 91       		.byte	-111
 1143 045f 42       		.byte	66
 1144 0460 92       		.byte	-110
 1145 0461 08       		.byte	8
 1146 0462 93       		.byte	-109
 1147 0463 10       		.byte	16
 1148 0464 95       		.byte	-107
 1149 0465 08       		.byte	8
 1150 0466 96       		.byte	-106
 1151 0467 04       		.byte	4
 1152 0468 98       		.byte	-104
 1153 0469 08       		.byte	8
 1154 046a 99       		.byte	-103
 1155 046b 40       		.byte	64
 1156 046c 9A       		.byte	-102
 1157 046d 40       		.byte	64
 1158 046e A0       		.byte	-96
 1159 046f 40       		.byte	64
 1160 0470 A2       		.byte	-94
 1161 0471 10       		.byte	16
 1162 0472 A3       		.byte	-93
 1163 0473 88       		.byte	-120
 1164 0474 A4       		.byte	-92
 1165 0475 20       		.byte	32
 1166 0476 A8       		.byte	-88
 1167 0477 04       		.byte	4
 1168 0478 B0       		.byte	-80
 1169 0479 02       		.byte	2
 1170 047a B2       		.byte	-78
 1171 047b 20       		.byte	32
 1172 047c C0       		.byte	-64
 1173 047d 98       		.byte	-104
 1174 047e C2       		.byte	-62
 1175 047f 2D       		.byte	45
 1176 0480 C4       		.byte	-60
 1177 0481 DA       		.byte	-38
 1178 0482 CA       		.byte	-54
 1179 0483 3A       		.byte	58
 1180 0484 CC       		.byte	-52
 1181 0485 88       		.byte	-120
 1182 0486 CE       		.byte	-50
 1183 0487 14       		.byte	20
 1184 0488 D6       		.byte	-42
 1185 0489 F0       		.byte	-16
 1186 048a DE       		.byte	-34
 1187 048b C3       		.byte	-61
 1188 048c E8       		.byte	-24
 1189 048d 04       		.byte	4
 1190 048e E8       		.byte	-24
 1191 048f 04       		.byte	4
 1192 0490 E4       		.byte	-28
 1193 0491 02       		.byte	2
 1194 0492 EC       		.byte	-20
 1195 0493 A0       		.byte	-96
 1196 0494 EE       		.byte	-18
 1197 0495 0C       		.byte	12
ARM GAS  C:\Users\ben\AppData\Local\Temp\ccIxAz5C.s 			page 22


 1198 0496 33       		.byte	51
 1199 0497 80       		.byte	-128
 1200 0498 36       		.byte	54
 1201 0499 80       		.byte	-128
 1202 049a 3B       		.byte	59
 1203 049b 02       		.byte	2
 1204 049c 3C       		.byte	60
 1205 049d 10       		.byte	16
 1206 049e 7C       		.byte	124
 1207 049f 10       		.byte	16
 1208 04a0 7F       		.byte	127
 1209 04a1 80       		.byte	-128
 1210 04a2 CC       		.byte	-52
 1211 04a3 30       		.byte	48
 1212 04a4 CE       		.byte	-50
 1213 04a5 60       		.byte	96
 1214 04a6 97       		.byte	-105
 1215 04a7 02       		.byte	2
 1216 04a8 A6       		.byte	-90
 1217 04a9 80       		.byte	-128
 1218 04aa A7       		.byte	-89
 1219 04ab 80       		.byte	-128
 1220 04ac 03       		.byte	3
 1221 04ad 10       		.byte	16
 1222 04ae 57       		.byte	87
 1223 04af 04       		.byte	4
 1224 04b0 87       		.byte	-121
 1225 04b1 80       		.byte	-128
 1226 04b2 97       		.byte	-105
 1227 04b3 02       		.byte	2
 1228 04b4 A3       		.byte	-93
 1229 04b5 04       		.byte	4
 1230 04b6 A6       		.byte	-90
 1231 04b7 80       		.byte	-128
 1232 04b8 A7       		.byte	-89
 1233 04b9 80       		.byte	-128
 1234 04ba AB       		.byte	-85
 1235 04bb 04       		.byte	4
 1236 04bc C0       		.byte	-64
 1237 04bd 10       		.byte	16
 1238 04be D4       		.byte	-44
 1239 04bf 40       		.byte	64
 1240 04c0 E6       		.byte	-26
 1241 04c1 10       		.byte	16
 1242 04c2 EE       		.byte	-18
 1243 04c3 20       		.byte	32
 1244 04c4 97       		.byte	-105
 1245 04c5 02       		.byte	2
 1246 04c6 A6       		.byte	-90
 1247 04c7 80       		.byte	-128
 1248 04c8 AB       		.byte	-85
 1249 04c9 10       		.byte	16
 1250 04ca E8       		.byte	-24
 1251 04cb 20       		.byte	32
 1252 04cc 1B       		.byte	27
 1253 04cd 01       		.byte	1
 1254 04ce 87       		.byte	-121
ARM GAS  C:\Users\ben\AppData\Local\Temp\ccIxAz5C.s 			page 23


 1255 04cf 01       		.byte	1
 1256 04d0 C6       		.byte	-58
 1257 04d1 08       		.byte	8
 1258 04d2 46       		.byte	70
 1259 04d3 08       		.byte	8
 1260 04d4 D0       		.byte	-48
 1261 04d5 04       		.byte	4
 1262 04d6 25       		.byte	37
 1263 04d7 02       		.byte	2
 1264 04d8 97       		.byte	-105
 1265 04d9 02       		.byte	2
 1266 04da A6       		.byte	-90
 1267 04db 80       		.byte	-128
 1268 04dc C8       		.byte	-56
 1269 04dd 80       		.byte	-128
 1270 04de 1A       		.byte	26
 1271 04df 02       		.byte	2
 1272 04e0 86       		.byte	-122
 1273 04e1 01       		.byte	1
 1274 04e2 AB       		.byte	-85
 1275 04e3 01       		.byte	1
 1276 04e4 AE       		.byte	-82
 1277 04e5 80       		.byte	-128
 1278 04e6 B1       		.byte	-79
 1279 04e7 02       		.byte	2
 1280 04e8 C6       		.byte	-58
 1281 04e9 40       		.byte	64
 1282 04ea E4       		.byte	-28
 1283 04eb 40       		.byte	64
 1284 04ec EE       		.byte	-18
 1285 04ed 30       		.byte	48
 1286 04ee 1F       		.byte	31
 1287 04ef 80       		.byte	-128
 1288 04f0 34       		.byte	52
 1289 04f1 01       		.byte	1
 1290 04f2 65       		.byte	101
 1291 04f3 01       		.byte	1
 1292 04f4 66       		.byte	102
 1293 04f5 40       		.byte	64
 1294 04f6 99       		.byte	-103
 1295 04f7 01       		.byte	1
 1296 04f8 9E       		.byte	-98
 1297 04f9 08       		.byte	8
 1298 04fa A9       		.byte	-87
 1299 04fb 01       		.byte	1
 1300 04fc C6       		.byte	-58
 1301 04fd 01       		.byte	1
 1302 04fe CC       		.byte	-52
 1303 04ff 01       		.byte	1
 1304 0500 D6       		.byte	-42
 1305 0501 01       		.byte	1
 1306 0502 D8       		.byte	-40
 1307 0503 01       		.byte	1
 1308 0504 86       		.byte	-122
 1309 0505 08       		.byte	8
 1310 0506 9E       		.byte	-98
 1311 0507 08       		.byte	8
ARM GAS  C:\Users\ben\AppData\Local\Temp\ccIxAz5C.s 			page 24


 1312 0508 AB       		.byte	-85
 1313 0509 80       		.byte	-128
 1314 050a AF       		.byte	-81
 1315 050b 80       		.byte	-128
 1316 050c B0       		.byte	-80
 1317 050d 01       		.byte	1
 1318 050e B2       		.byte	-78
 1319 050f 40       		.byte	64
 1320 0510 EC       		.byte	-20
 1321 0511 05       		.byte	5
 1322 0512 00       		.byte	0
 1323 0513 02       		.byte	2
 1324 0514 01       		.byte	1
 1325 0515 01       		.byte	1
 1326 0516 08       		.byte	8
 1327 0517 02       		.byte	2
 1328 0518 09       		.byte	9
 1329 0519 01       		.byte	1
 1330 051a 0A       		.byte	10
 1331 051b 02       		.byte	2
 1332 051c 0B       		.byte	11
 1333 051d 01       		.byte	1
 1334 051e 11       		.byte	17
 1335 051f 01       		.byte	1
 1336 0520 1B       		.byte	27
 1337 0521 01       		.byte	1
 1338 0522 00       		.byte	0
 1339 0523 0F       		.byte	15
 1340 0524 10       		.byte	16
 1341 0525 0A       		.byte	10
 1342 0526 00       		.byte	0
 1343 0527 00       		.byte	0
 1344 0528 00       		.byte	0
 1345 0529 00       		.byte	0
 1346 052a 00       		.byte	0
 1347 052b 00       		.byte	0
 1348 052c 31       		.byte	49
 1349 052d 00       		.byte	0
 1350 052e 04       		.byte	4
 1351 052f 00       		.byte	0
 1352 0530 38       		.byte	56
 1353 0531 00       		.byte	0
 1354 0532 46       		.byte	70
 1355 0533 00       		.byte	0
 1356 0534 35       		.byte	53
 1357 0535 00       		.byte	0
 1358 0536 00       		.byte	0
 1359 0537 00       		.byte	0
 1360 0538 30       		.byte	48
 1361 0539 00       		.byte	0
 1362 053a 00       		.byte	0
 1363 053b 00       		.byte	0
 1364 053c 26       		.byte	38
 1365 053d 4C       		.byte	76
 1366 053e 48       		.byte	72
 1367 053f 30       		.byte	48
 1368 0540 42       		.byte	66
ARM GAS  C:\Users\ben\AppData\Local\Temp\ccIxAz5C.s 			page 25


 1369 0541 19       		.byte	25
 1370 0542 30       		.byte	48
 1371 0543 62       		.byte	98
 1372 0544 35       		.byte	53
 1373 0545 10       		.byte	16
 1374 0546 00       		.byte	0
 1375 0547 68       		.byte	104
 1376 0548 30       		.byte	48
 1377 0549 00       		.byte	0
 1378 054a 05       		.byte	5
 1379 054b 00       		.byte	0
 1380 054c 04       		.byte	4
 1381 054d 2E       		.byte	46
 1382 054e 00       		.byte	0
 1383 054f 51       		.byte	81
 1384 0550 05       		.byte	5
 1385 0551 04       		.byte	4
 1386 0552 30       		.byte	48
 1387 0553 00       		.byte	0
 1388 0554 00       		.byte	0
 1389 0555 00       		.byte	0
 1390 0556 00       		.byte	0
 1391 0557 00       		.byte	0
 1392 0558 40       		.byte	64
 1393 0559 00       		.byte	0
 1394 055a 26       		.byte	38
 1395 055b 00       		.byte	0
 1396 055c 1E       		.byte	30
 1397 055d 07       		.byte	7
 1398 055e 01       		.byte	1
 1399 055f 78       		.byte	120
 1400 0560 00       		.byte	0
 1401 0561 00       		.byte	0
 1402 0562 20       		.byte	32
 1403 0563 A0       		.byte	-96
 1404 0564 00       		.byte	0
 1405 0565 00       		.byte	0
 1406 0566 41       		.byte	65
 1407 0567 00       		.byte	0
 1408 0568 26       		.byte	38
 1409 0569 03       		.byte	3
 1410 056a 10       		.byte	16
 1411 056b 00       		.byte	0
 1412 056c 05       		.byte	5
 1413 056d 0E       		.byte	14
 1414 056e CD       		.byte	-51
 1415 056f FB       		.byte	-5
 1416 0570 3D       		.byte	61
 1417 0571 FF       		.byte	-1
 1418 0572 FF       		.byte	-1
 1419 0573 FF       		.byte	-1
 1420 0574 23       		.byte	35
 1421 0575 00       		.byte	0
 1422 0576 F0       		.byte	-16
 1423 0577 08       		.byte	8
 1424 0578 04       		.byte	4
 1425 0579 00       		.byte	0
ARM GAS  C:\Users\ben\AppData\Local\Temp\ccIxAz5C.s 			page 26


 1426 057a 00       		.byte	0
 1427 057b 00       		.byte	0
 1428 057c 00       		.byte	0
 1429 057d 00       		.byte	0
 1430 057e 02       		.byte	2
 1431 057f 20       		.byte	32
 1432 0580 04       		.byte	4
 1433 0581 04       		.byte	4
 1434 0582 04       		.byte	4
 1435 0583 04       		.byte	4
 1436 0584 11       		.byte	17
 1437 0585 11       		.byte	17
 1438 0586 00       		.byte	0
 1439 0587 01       		.byte	1
 1440 0588 00       		.byte	0
 1441 0589 00       		.byte	0
 1442 058a C0       		.byte	-64
 1443 058b 00       		.byte	0
 1444 058c 40       		.byte	64
 1445 058d 01       		.byte	1
 1446 058e 10       		.byte	16
 1447 058f 11       		.byte	17
 1448 0590 C0       		.byte	-64
 1449 0591 01       		.byte	1
 1450 0592 00       		.byte	0
 1451 0593 11       		.byte	17
 1452 0594 40       		.byte	64
 1453 0595 01       		.byte	1
 1454 0596 40       		.byte	64
 1455 0597 01       		.byte	1
 1456 0598 00       		.byte	0
 1457 0599 00       		.byte	0
 1458 059a 00       		.byte	0
 1459 059b 00       		.byte	0
 1460 059c 00       		.byte	0
 1461 059d 00       		.byte	0
 1462 059e 00       		.byte	0
 1463 059f 00       		.byte	0
 1464 05a0 00       		.byte	0
 1465 05a1 00       		.byte	0
 1466 05a2 00       		.byte	0
 1467 05a3 00       		.byte	0
 1468 05a4 00       		.byte	0
 1469 05a5 00       		.byte	0
 1470 05a6 00       		.byte	0
 1471 05a7 00       		.byte	0
 1472 05a8 00       		.byte	0
 1473 05a9 00       		.byte	0
 1474 05aa 00       		.byte	0
 1475 05ab 00       		.byte	0
 1476 05ac 00       		.byte	0
 1477 05ad 00       		.byte	0
 1478 05ae 02       		.byte	2
 1479 05af 00       		.byte	0
 1480 05b0 04       		.byte	4
 1481 05b1 08       		.byte	8
 1482 05b2 08       		.byte	8
ARM GAS  C:\Users\ben\AppData\Local\Temp\ccIxAz5C.s 			page 27


 1483 05b3 00       		.byte	0
 1484 05b4 08       		.byte	8
 1485 05b5 00       		.byte	0
 1486 05b6 00       		.byte	0
 1487 05b7 00       		.byte	0
 1488 05b8 00       		.byte	0
 1489 05b9 00       		.byte	0
 1490 05ba 00       		.byte	0
 1491 05bb C0       		.byte	-64
 1492 05bc C0       		.byte	-64
 1493 05bd 00       		.byte	0
 1494 05be C0       		.byte	-64
 1495 05bf 00       		.byte	0
 1496 05c0 00       		.byte	0
 1497 05c1 00       		.byte	0
 1498 05c2 00       		.byte	0
 1499 05c3 00       		.byte	0
 1500 05c4 00       		.byte	0
 1501 05c5 7F       		.byte	127
 1502 05c6 7F       		.byte	127
 1503 05c7 00       		.byte	0
 1504 05c8 00       		.byte	0
 1505 05c9 00       		.byte	0
 1506 05ca 00       		.byte	0
 1507 05cb 00       		.byte	0
 1508 05cc 00       		.byte	0
 1509 05cd 00       		.byte	0
 1510 05ce 00       		.byte	0
 1511 05cf 00       		.byte	0
 1512 05d0 00       		.byte	0
 1513 05d1 00       		.byte	0
 1514 05d2 00       		.byte	0
 1515 05d3 00       		.byte	0
 1516 05d4 06       		.byte	6
 1517 05d5 00       		.byte	0
 1518 05d6 00       		.byte	0
 1519 05d7 00       		.byte	0
 1520              		.global	cy_meta_custnvl
 1521              		.section	.cycustnvl,"a",%progbits
 1522              		.align	2
 1523              		.type	cy_meta_custnvl, %object
 1524              		.size	cy_meta_custnvl, 4
 1525              	cy_meta_custnvl:
 1526 0000 08       		.byte	8
 1527 0001 02       		.byte	2
 1528 0002 40       		.byte	64
 1529 0003 07       		.byte	7
 1530              		.global	cy_meta_wonvl
 1531              		.section	.cywolatch,"a",%progbits
 1532              		.align	2
 1533              		.type	cy_meta_wonvl, %object
 1534              		.size	cy_meta_wonvl, 4
 1535              	cy_meta_wonvl:
 1536 0000 BC       		.byte	-68
 1537 0001 90       		.byte	-112
 1538 0002 AC       		.byte	-84
 1539 0003 AF       		.byte	-81
ARM GAS  C:\Users\ben\AppData\Local\Temp\ccIxAz5C.s 			page 28


 1540              		.global	cy_meta_flashprotect
 1541              		.section	.cyflashprotect,"a",%progbits
 1542              		.align	2
 1543              		.type	cy_meta_flashprotect, %object
 1544              		.size	cy_meta_flashprotect, 256
 1545              	cy_meta_flashprotect:
 1546 0000 00000000 		.space	256
 1546      00000000 
 1546      00000000 
 1546      00000000 
 1546      00000000 
 1547              		.global	cy_metadata
 1548              		.section	.cymeta,"a",%progbits
 1549              		.align	2
 1550              		.type	cy_metadata, %object
 1551              		.size	cy_metadata, 12
 1552              	cy_metadata:
 1553 0000 00       		.byte	0
 1554 0001 01       		.byte	1
 1555 0002 2E       		.byte	46
 1556 0003 12       		.byte	18
 1557 0004 30       		.byte	48
 1558 0005 69       		.byte	105
 1559 0006 00       		.byte	0
 1560 0007 01       		.byte	1
 1561 0008 00       		.byte	0
 1562 0009 00       		.byte	0
 1563 000a 00       		.byte	0
 1564 000b 00       		.byte	0
 1565              		.text
 1566              	.Letext0:
 1567              		.file 1 "Generated_Source\\PSoC5\\cymetadata.c"
 1568              		.file 2 "Generated_Source\\PSoC5\\cytypes.h"
 1569              		.section	.debug_info,"",%progbits
 1570              	.Ldebug_info0:
 1571 0000 39010000 		.4byte	0x139
 1572 0004 0400     		.2byte	0x4
 1573 0006 00000000 		.4byte	.Ldebug_abbrev0
 1574 000a 04       		.byte	0x4
 1575 000b 01       		.uleb128 0x1
 1576 000c 00000000 		.4byte	.LASF18
 1577 0010 01       		.byte	0x1
 1578 0011 BE010000 		.4byte	.LASF19
 1579 0015 5A010000 		.4byte	.LASF20
 1580 0019 00000000 		.4byte	.Ldebug_line0
 1581 001d 02       		.uleb128 0x2
 1582 001e 01       		.byte	0x1
 1583 001f 06       		.byte	0x6
 1584 0020 B2010000 		.4byte	.LASF0
 1585 0024 02       		.uleb128 0x2
 1586 0025 01       		.byte	0x1
 1587 0026 08       		.byte	0x8
 1588 0027 A0000000 		.4byte	.LASF1
 1589 002b 02       		.uleb128 0x2
 1590 002c 02       		.byte	0x2
 1591 002d 05       		.byte	0x5
 1592 002e 99010000 		.4byte	.LASF2
ARM GAS  C:\Users\ben\AppData\Local\Temp\ccIxAz5C.s 			page 29


 1593 0032 02       		.uleb128 0x2
 1594 0033 02       		.byte	0x2
 1595 0034 07       		.byte	0x7
 1596 0035 C0000000 		.4byte	.LASF3
 1597 0039 02       		.uleb128 0x2
 1598 003a 04       		.byte	0x4
 1599 003b 05       		.byte	0x5
 1600 003c A9010000 		.4byte	.LASF4
 1601 0040 02       		.uleb128 0x2
 1602 0041 04       		.byte	0x4
 1603 0042 07       		.byte	0x7
 1604 0043 AE000000 		.4byte	.LASF5
 1605 0047 02       		.uleb128 0x2
 1606 0048 08       		.byte	0x8
 1607 0049 05       		.byte	0x5
 1608 004a 4C010000 		.4byte	.LASF6
 1609 004e 02       		.uleb128 0x2
 1610 004f 08       		.byte	0x8
 1611 0050 07       		.byte	0x7
 1612 0051 09010000 		.4byte	.LASF7
 1613 0055 03       		.uleb128 0x3
 1614 0056 04       		.byte	0x4
 1615 0057 05       		.byte	0x5
 1616 0058 696E7400 		.ascii	"int\000"
 1617 005c 02       		.uleb128 0x2
 1618 005d 04       		.byte	0x4
 1619 005e 07       		.byte	0x7
 1620 005f FC000000 		.4byte	.LASF8
 1621 0063 04       		.uleb128 0x4
 1622 0064 A3010000 		.4byte	.LASF21
 1623 0068 02       		.byte	0x2
 1624 0069 9201     		.2byte	0x192
 1625 006b 24000000 		.4byte	0x24
 1626 006f 02       		.uleb128 0x2
 1627 0070 04       		.byte	0x4
 1628 0071 04       		.byte	0x4
 1629 0072 9A000000 		.4byte	.LASF9
 1630 0076 02       		.uleb128 0x2
 1631 0077 08       		.byte	0x8
 1632 0078 04       		.byte	0x4
 1633 0079 D3000000 		.4byte	.LASF10
 1634 007d 02       		.uleb128 0x2
 1635 007e 01       		.byte	0x1
 1636 007f 08       		.byte	0x8
 1637 0080 94010000 		.4byte	.LASF11
 1638 0084 05       		.uleb128 0x5
 1639 0085 63000000 		.4byte	0x63
 1640 0089 95000000 		.4byte	0x95
 1641 008d 06       		.uleb128 0x6
 1642 008e 95000000 		.4byte	0x95
 1643 0092 D705     		.2byte	0x5d7
 1644 0094 00       		.byte	0
 1645 0095 02       		.uleb128 0x2
 1646 0096 04       		.byte	0x4
 1647 0097 07       		.byte	0x7
 1648 0098 43010000 		.4byte	.LASF12
 1649 009c 07       		.uleb128 0x7
ARM GAS  C:\Users\ben\AppData\Local\Temp\ccIxAz5C.s 			page 30


 1650 009d EA000000 		.4byte	.LASF13
 1651 00a1 01       		.byte	0x1
 1652 00a2 1F       		.byte	0x1f
 1653 00a3 AD000000 		.4byte	0xad
 1654 00a7 05       		.uleb128 0x5
 1655 00a8 03       		.byte	0x3
 1656 00a9 00000000 		.4byte	cy_meta_configecc
 1657 00ad 08       		.uleb128 0x8
 1658 00ae 84000000 		.4byte	0x84
 1659 00b2 05       		.uleb128 0x5
 1660 00b3 63000000 		.4byte	0x63
 1661 00b7 C2000000 		.4byte	0xc2
 1662 00bb 09       		.uleb128 0x9
 1663 00bc 95000000 		.4byte	0x95
 1664 00c0 03       		.byte	0x3
 1665 00c1 00       		.byte	0
 1666 00c2 07       		.uleb128 0x7
 1667 00c3 DA000000 		.4byte	.LASF14
 1668 00c7 01       		.byte	0x1
 1669 00c8 E7       		.byte	0xe7
 1670 00c9 D3000000 		.4byte	0xd3
 1671 00cd 05       		.uleb128 0x5
 1672 00ce 03       		.byte	0x3
 1673 00cf 00000000 		.4byte	cy_meta_custnvl
 1674 00d3 08       		.uleb128 0x8
 1675 00d4 B2000000 		.4byte	0xb2
 1676 00d8 07       		.uleb128 0x7
 1677 00d9 35010000 		.4byte	.LASF15
 1678 00dd 01       		.byte	0x1
 1679 00de F5       		.byte	0xf5
 1680 00df E9000000 		.4byte	0xe9
 1681 00e3 05       		.uleb128 0x5
 1682 00e4 03       		.byte	0x3
 1683 00e5 00000000 		.4byte	cy_meta_wonvl
 1684 00e9 08       		.uleb128 0x8
 1685 00ea B2000000 		.4byte	0xb2
 1686 00ee 05       		.uleb128 0x5
 1687 00ef 63000000 		.4byte	0x63
 1688 00f3 FE000000 		.4byte	0xfe
 1689 00f7 09       		.uleb128 0x9
 1690 00f8 95000000 		.4byte	0x95
 1691 00fc FF       		.byte	0xff
 1692 00fd 00       		.byte	0
 1693 00fe 0A       		.uleb128 0xa
 1694 00ff 20010000 		.4byte	.LASF16
 1695 0103 01       		.byte	0x1
 1696 0104 0301     		.2byte	0x103
 1697 0106 10010000 		.4byte	0x110
 1698 010a 05       		.uleb128 0x5
 1699 010b 03       		.byte	0x3
 1700 010c 00000000 		.4byte	cy_meta_flashprotect
 1701 0110 08       		.uleb128 0x8
 1702 0111 EE000000 		.4byte	0xee
 1703 0115 05       		.uleb128 0x5
 1704 0116 63000000 		.4byte	0x63
 1705 011a 25010000 		.4byte	0x125
 1706 011e 09       		.uleb128 0x9
ARM GAS  C:\Users\ben\AppData\Local\Temp\ccIxAz5C.s 			page 31


 1707 011f 95000000 		.4byte	0x95
 1708 0123 0B       		.byte	0xb
 1709 0124 00       		.byte	0
 1710 0125 0A       		.uleb128 0xa
 1711 0126 8E000000 		.4byte	.LASF17
 1712 012a 01       		.byte	0x1
 1713 012b 3001     		.2byte	0x130
 1714 012d 37010000 		.4byte	0x137
 1715 0131 05       		.uleb128 0x5
 1716 0132 03       		.byte	0x3
 1717 0133 00000000 		.4byte	cy_metadata
 1718 0137 08       		.uleb128 0x8
 1719 0138 15010000 		.4byte	0x115
 1720 013c 00       		.byte	0
 1721              		.section	.debug_abbrev,"",%progbits
 1722              	.Ldebug_abbrev0:
 1723 0000 01       		.uleb128 0x1
 1724 0001 11       		.uleb128 0x11
 1725 0002 01       		.byte	0x1
 1726 0003 25       		.uleb128 0x25
 1727 0004 0E       		.uleb128 0xe
 1728 0005 13       		.uleb128 0x13
 1729 0006 0B       		.uleb128 0xb
 1730 0007 03       		.uleb128 0x3
 1731 0008 0E       		.uleb128 0xe
 1732 0009 1B       		.uleb128 0x1b
 1733 000a 0E       		.uleb128 0xe
 1734 000b 10       		.uleb128 0x10
 1735 000c 17       		.uleb128 0x17
 1736 000d 00       		.byte	0
 1737 000e 00       		.byte	0
 1738 000f 02       		.uleb128 0x2
 1739 0010 24       		.uleb128 0x24
 1740 0011 00       		.byte	0
 1741 0012 0B       		.uleb128 0xb
 1742 0013 0B       		.uleb128 0xb
 1743 0014 3E       		.uleb128 0x3e
 1744 0015 0B       		.uleb128 0xb
 1745 0016 03       		.uleb128 0x3
 1746 0017 0E       		.uleb128 0xe
 1747 0018 00       		.byte	0
 1748 0019 00       		.byte	0
 1749 001a 03       		.uleb128 0x3
 1750 001b 24       		.uleb128 0x24
 1751 001c 00       		.byte	0
 1752 001d 0B       		.uleb128 0xb
 1753 001e 0B       		.uleb128 0xb
 1754 001f 3E       		.uleb128 0x3e
 1755 0020 0B       		.uleb128 0xb
 1756 0021 03       		.uleb128 0x3
 1757 0022 08       		.uleb128 0x8
 1758 0023 00       		.byte	0
 1759 0024 00       		.byte	0
 1760 0025 04       		.uleb128 0x4
 1761 0026 16       		.uleb128 0x16
 1762 0027 00       		.byte	0
 1763 0028 03       		.uleb128 0x3
ARM GAS  C:\Users\ben\AppData\Local\Temp\ccIxAz5C.s 			page 32


 1764 0029 0E       		.uleb128 0xe
 1765 002a 3A       		.uleb128 0x3a
 1766 002b 0B       		.uleb128 0xb
 1767 002c 3B       		.uleb128 0x3b
 1768 002d 05       		.uleb128 0x5
 1769 002e 49       		.uleb128 0x49
 1770 002f 13       		.uleb128 0x13
 1771 0030 00       		.byte	0
 1772 0031 00       		.byte	0
 1773 0032 05       		.uleb128 0x5
 1774 0033 01       		.uleb128 0x1
 1775 0034 01       		.byte	0x1
 1776 0035 49       		.uleb128 0x49
 1777 0036 13       		.uleb128 0x13
 1778 0037 01       		.uleb128 0x1
 1779 0038 13       		.uleb128 0x13
 1780 0039 00       		.byte	0
 1781 003a 00       		.byte	0
 1782 003b 06       		.uleb128 0x6
 1783 003c 21       		.uleb128 0x21
 1784 003d 00       		.byte	0
 1785 003e 49       		.uleb128 0x49
 1786 003f 13       		.uleb128 0x13
 1787 0040 2F       		.uleb128 0x2f
 1788 0041 05       		.uleb128 0x5
 1789 0042 00       		.byte	0
 1790 0043 00       		.byte	0
 1791 0044 07       		.uleb128 0x7
 1792 0045 34       		.uleb128 0x34
 1793 0046 00       		.byte	0
 1794 0047 03       		.uleb128 0x3
 1795 0048 0E       		.uleb128 0xe
 1796 0049 3A       		.uleb128 0x3a
 1797 004a 0B       		.uleb128 0xb
 1798 004b 3B       		.uleb128 0x3b
 1799 004c 0B       		.uleb128 0xb
 1800 004d 49       		.uleb128 0x49
 1801 004e 13       		.uleb128 0x13
 1802 004f 3F       		.uleb128 0x3f
 1803 0050 19       		.uleb128 0x19
 1804 0051 02       		.uleb128 0x2
 1805 0052 18       		.uleb128 0x18
 1806 0053 00       		.byte	0
 1807 0054 00       		.byte	0
 1808 0055 08       		.uleb128 0x8
 1809 0056 26       		.uleb128 0x26
 1810 0057 00       		.byte	0
 1811 0058 49       		.uleb128 0x49
 1812 0059 13       		.uleb128 0x13
 1813 005a 00       		.byte	0
 1814 005b 00       		.byte	0
 1815 005c 09       		.uleb128 0x9
 1816 005d 21       		.uleb128 0x21
 1817 005e 00       		.byte	0
 1818 005f 49       		.uleb128 0x49
 1819 0060 13       		.uleb128 0x13
 1820 0061 2F       		.uleb128 0x2f
ARM GAS  C:\Users\ben\AppData\Local\Temp\ccIxAz5C.s 			page 33


 1821 0062 0B       		.uleb128 0xb
 1822 0063 00       		.byte	0
 1823 0064 00       		.byte	0
 1824 0065 0A       		.uleb128 0xa
 1825 0066 34       		.uleb128 0x34
 1826 0067 00       		.byte	0
 1827 0068 03       		.uleb128 0x3
 1828 0069 0E       		.uleb128 0xe
 1829 006a 3A       		.uleb128 0x3a
 1830 006b 0B       		.uleb128 0xb
 1831 006c 3B       		.uleb128 0x3b
 1832 006d 05       		.uleb128 0x5
 1833 006e 49       		.uleb128 0x49
 1834 006f 13       		.uleb128 0x13
 1835 0070 3F       		.uleb128 0x3f
 1836 0071 19       		.uleb128 0x19
 1837 0072 02       		.uleb128 0x2
 1838 0073 18       		.uleb128 0x18
 1839 0074 00       		.byte	0
 1840 0075 00       		.byte	0
 1841 0076 00       		.byte	0
 1842              		.section	.debug_aranges,"",%progbits
 1843 0000 14000000 		.4byte	0x14
 1844 0004 0200     		.2byte	0x2
 1845 0006 00000000 		.4byte	.Ldebug_info0
 1846 000a 04       		.byte	0x4
 1847 000b 00       		.byte	0
 1848 000c 0000     		.2byte	0
 1849 000e 0000     		.2byte	0
 1850 0010 00000000 		.4byte	0
 1851 0014 00000000 		.4byte	0
 1852              		.section	.debug_line,"",%progbits
 1853              	.Ldebug_line0:
 1854 0000 4D000000 		.section	.debug_str,"MS",%progbits,1
 1854      02004700 
 1854      00000201 
 1854      FB0E0D00 
 1854      01010101 
 1855              	.LASF18:
 1856 0000 474E5520 		.ascii	"GNU C 4.9.3 20150303 (release) [ARM/embedded-4_9-br"
 1856      4320342E 
 1856      392E3320 
 1856      32303135 
 1856      30333033 
 1857 0033 616E6368 		.ascii	"anch revision 221220] -mcpu=cortex-m3 -mthumb -g -O"
 1857      20726576 
 1857      6973696F 
 1857      6E203232 
 1857      31323230 
 1858 0066 30202D66 		.ascii	"0 -ffunction-sections -ffat-lto-objects\000"
 1858      66756E63 
 1858      74696F6E 
 1858      2D736563 
 1858      74696F6E 
 1859              	.LASF17:
 1860 008e 63795F6D 		.ascii	"cy_metadata\000"
 1860      65746164 
ARM GAS  C:\Users\ben\AppData\Local\Temp\ccIxAz5C.s 			page 34


 1860      61746100 
 1861              	.LASF9:
 1862 009a 666C6F61 		.ascii	"float\000"
 1862      7400
 1863              	.LASF1:
 1864 00a0 756E7369 		.ascii	"unsigned char\000"
 1864      676E6564 
 1864      20636861 
 1864      7200
 1865              	.LASF5:
 1866 00ae 6C6F6E67 		.ascii	"long unsigned int\000"
 1866      20756E73 
 1866      69676E65 
 1866      6420696E 
 1866      7400
 1867              	.LASF3:
 1868 00c0 73686F72 		.ascii	"short unsigned int\000"
 1868      7420756E 
 1868      7369676E 
 1868      65642069 
 1868      6E7400
 1869              	.LASF10:
 1870 00d3 646F7562 		.ascii	"double\000"
 1870      6C6500
 1871              	.LASF14:
 1872 00da 63795F6D 		.ascii	"cy_meta_custnvl\000"
 1872      6574615F 
 1872      63757374 
 1872      6E766C00 
 1873              	.LASF13:
 1874 00ea 63795F6D 		.ascii	"cy_meta_configecc\000"
 1874      6574615F 
 1874      636F6E66 
 1874      69676563 
 1874      6300
 1875              	.LASF8:
 1876 00fc 756E7369 		.ascii	"unsigned int\000"
 1876      676E6564 
 1876      20696E74 
 1876      00
 1877              	.LASF7:
 1878 0109 6C6F6E67 		.ascii	"long long unsigned int\000"
 1878      206C6F6E 
 1878      6720756E 
 1878      7369676E 
 1878      65642069 
 1879              	.LASF16:
 1880 0120 63795F6D 		.ascii	"cy_meta_flashprotect\000"
 1880      6574615F 
 1880      666C6173 
 1880      6870726F 
 1880      74656374 
 1881              	.LASF15:
 1882 0135 63795F6D 		.ascii	"cy_meta_wonvl\000"
 1882      6574615F 
 1882      776F6E76 
 1882      6C00
ARM GAS  C:\Users\ben\AppData\Local\Temp\ccIxAz5C.s 			page 35


 1883              	.LASF12:
 1884 0143 73697A65 		.ascii	"sizetype\000"
 1884      74797065 
 1884      00
 1885              	.LASF6:
 1886 014c 6C6F6E67 		.ascii	"long long int\000"
 1886      206C6F6E 
 1886      6720696E 
 1886      7400
 1887              	.LASF20:
 1888 015a 433A5C55 		.ascii	"C:\\Users\\ben\\Documents\\PSoC Creator\\DACTEST\\A"
 1888      73657273 
 1888      5C62656E 
 1888      5C446F63 
 1888      756D656E 
 1889 0187 44435F44 		.ascii	"DC_DAC.cydsn\000"
 1889      41432E63 
 1889      7964736E 
 1889      00
 1890              	.LASF11:
 1891 0194 63686172 		.ascii	"char\000"
 1891      00
 1892              	.LASF2:
 1893 0199 73686F72 		.ascii	"short int\000"
 1893      7420696E 
 1893      7400
 1894              	.LASF21:
 1895 01a3 75696E74 		.ascii	"uint8\000"
 1895      3800
 1896              	.LASF4:
 1897 01a9 6C6F6E67 		.ascii	"long int\000"
 1897      20696E74 
 1897      00
 1898              	.LASF0:
 1899 01b2 7369676E 		.ascii	"signed char\000"
 1899      65642063 
 1899      68617200 
 1900              	.LASF19:
 1901 01be 47656E65 		.ascii	"Generated_Source\\PSoC5\\cymetadata.c\000"
 1901      72617465 
 1901      645F536F 
 1901      75726365 
 1901      5C50536F 
 1902              		.ident	"GCC: (GNU Tools for ARM Embedded Processors) 4.9.3 20150303 (release) [ARM/embedded-4_9-br
