ARM GAS  C:\Users\ben\AppData\Local\Temp\cctG5YD4.s 			page 1


   1              		.syntax unified
   2              		.cpu cortex-m3
   3              		.fpu softvfp
   4              		.eabi_attribute 20, 1
   5              		.eabi_attribute 21, 1
   6              		.eabi_attribute 23, 3
   7              		.eabi_attribute 24, 1
   8              		.eabi_attribute 25, 1
   9              		.eabi_attribute 26, 1
  10              		.eabi_attribute 30, 6
  11              		.eabi_attribute 34, 1
  12              		.eabi_attribute 18, 4
  13              		.thumb
  14              		.file	"SPI_DAC_PM.c"
  15              		.text
  16              	.Ltext0:
  17              		.cfi_sections	.debug_frame
  18              		.data
  19              		.align	2
  20              		.type	SPI_DAC_backup, %object
  21              		.size	SPI_DAC_backup, 2
  22              	SPI_DAC_backup:
  23 0000 00       		.byte	0
  24 0001 1F       		.byte	31
  25 0002 0000     		.section	.text.SPI_DAC_SaveConfig,"ax",%progbits
  26              		.align	2
  27              		.global	SPI_DAC_SaveConfig
  28              		.thumb
  29              		.thumb_func
  30              		.type	SPI_DAC_SaveConfig, %function
  31              	SPI_DAC_SaveConfig:
  32              	.LFB0:
  33              		.file 1 "Generated_Source\\PSoC5\\SPI_DAC_PM.c"
   1:Generated_Source\PSoC5/SPI_DAC_PM.c **** /*******************************************************************************
   2:Generated_Source\PSoC5/SPI_DAC_PM.c **** * File Name: SPI_DAC_PM.c
   3:Generated_Source\PSoC5/SPI_DAC_PM.c **** * Version 2.50
   4:Generated_Source\PSoC5/SPI_DAC_PM.c **** *
   5:Generated_Source\PSoC5/SPI_DAC_PM.c **** * Description:
   6:Generated_Source\PSoC5/SPI_DAC_PM.c **** *  This file contains the setup, control and status commands to support
   7:Generated_Source\PSoC5/SPI_DAC_PM.c **** *  component operations in low power mode.
   8:Generated_Source\PSoC5/SPI_DAC_PM.c **** *
   9:Generated_Source\PSoC5/SPI_DAC_PM.c **** * Note:
  10:Generated_Source\PSoC5/SPI_DAC_PM.c **** *
  11:Generated_Source\PSoC5/SPI_DAC_PM.c **** ********************************************************************************
  12:Generated_Source\PSoC5/SPI_DAC_PM.c **** * Copyright 2008-2015, Cypress Semiconductor Corporation.  All rights reserved.
  13:Generated_Source\PSoC5/SPI_DAC_PM.c **** * You may use this file only in accordance with the license, terms, conditions,
  14:Generated_Source\PSoC5/SPI_DAC_PM.c **** * disclaimers, and limitations in the end user license agreement accompanying
  15:Generated_Source\PSoC5/SPI_DAC_PM.c **** * the software package with which this file was provided.
  16:Generated_Source\PSoC5/SPI_DAC_PM.c **** *******************************************************************************/
  17:Generated_Source\PSoC5/SPI_DAC_PM.c **** 
  18:Generated_Source\PSoC5/SPI_DAC_PM.c **** #include "SPI_DAC_PVT.h"
  19:Generated_Source\PSoC5/SPI_DAC_PM.c **** 
  20:Generated_Source\PSoC5/SPI_DAC_PM.c **** static SPI_DAC_BACKUP_STRUCT SPI_DAC_backup =
  21:Generated_Source\PSoC5/SPI_DAC_PM.c **** {
  22:Generated_Source\PSoC5/SPI_DAC_PM.c ****     SPI_DAC_DISABLED,
  23:Generated_Source\PSoC5/SPI_DAC_PM.c ****     SPI_DAC_BITCTR_INIT,
  24:Generated_Source\PSoC5/SPI_DAC_PM.c **** };
ARM GAS  C:\Users\ben\AppData\Local\Temp\cctG5YD4.s 			page 2


  25:Generated_Source\PSoC5/SPI_DAC_PM.c **** 
  26:Generated_Source\PSoC5/SPI_DAC_PM.c **** 
  27:Generated_Source\PSoC5/SPI_DAC_PM.c **** /*******************************************************************************
  28:Generated_Source\PSoC5/SPI_DAC_PM.c **** * Function Name: SPI_DAC_SaveConfig
  29:Generated_Source\PSoC5/SPI_DAC_PM.c **** ********************************************************************************
  30:Generated_Source\PSoC5/SPI_DAC_PM.c **** *
  31:Generated_Source\PSoC5/SPI_DAC_PM.c **** * Summary:
  32:Generated_Source\PSoC5/SPI_DAC_PM.c **** *  Empty function. Included for consistency with other components.
  33:Generated_Source\PSoC5/SPI_DAC_PM.c **** *
  34:Generated_Source\PSoC5/SPI_DAC_PM.c **** * Parameters:
  35:Generated_Source\PSoC5/SPI_DAC_PM.c **** *  None.
  36:Generated_Source\PSoC5/SPI_DAC_PM.c **** *
  37:Generated_Source\PSoC5/SPI_DAC_PM.c **** * Return:
  38:Generated_Source\PSoC5/SPI_DAC_PM.c **** *  None.
  39:Generated_Source\PSoC5/SPI_DAC_PM.c **** *
  40:Generated_Source\PSoC5/SPI_DAC_PM.c **** *******************************************************************************/
  41:Generated_Source\PSoC5/SPI_DAC_PM.c **** void SPI_DAC_SaveConfig(void) 
  42:Generated_Source\PSoC5/SPI_DAC_PM.c **** {
  34              		.loc 1 42 0
  35              		.cfi_startproc
  36              		@ args = 0, pretend = 0, frame = 0
  37              		@ frame_needed = 1, uses_anonymous_args = 0
  38              		@ link register save eliminated.
  39 0000 80B4     		push	{r7}
  40              		.cfi_def_cfa_offset 4
  41              		.cfi_offset 7, -4
  42 0002 00AF     		add	r7, sp, #0
  43              		.cfi_def_cfa_register 7
  43:Generated_Source\PSoC5/SPI_DAC_PM.c **** 
  44:Generated_Source\PSoC5/SPI_DAC_PM.c **** }
  44              		.loc 1 44 0
  45 0004 BD46     		mov	sp, r7
  46              		.cfi_def_cfa_register 13
  47              		@ sp needed
  48 0006 5DF8047B 		ldr	r7, [sp], #4
  49              		.cfi_restore 7
  50              		.cfi_def_cfa_offset 0
  51 000a 7047     		bx	lr
  52              		.cfi_endproc
  53              	.LFE0:
  54              		.size	SPI_DAC_SaveConfig, .-SPI_DAC_SaveConfig
  55              		.section	.text.SPI_DAC_RestoreConfig,"ax",%progbits
  56              		.align	2
  57              		.global	SPI_DAC_RestoreConfig
  58              		.thumb
  59              		.thumb_func
  60              		.type	SPI_DAC_RestoreConfig, %function
  61              	SPI_DAC_RestoreConfig:
  62              	.LFB1:
  45:Generated_Source\PSoC5/SPI_DAC_PM.c **** 
  46:Generated_Source\PSoC5/SPI_DAC_PM.c **** 
  47:Generated_Source\PSoC5/SPI_DAC_PM.c **** /*******************************************************************************
  48:Generated_Source\PSoC5/SPI_DAC_PM.c **** * Function Name: SPI_DAC_RestoreConfig
  49:Generated_Source\PSoC5/SPI_DAC_PM.c **** ********************************************************************************
  50:Generated_Source\PSoC5/SPI_DAC_PM.c **** *
  51:Generated_Source\PSoC5/SPI_DAC_PM.c **** * Summary:
  52:Generated_Source\PSoC5/SPI_DAC_PM.c **** *  Empty function. Included for consistency with other components.
ARM GAS  C:\Users\ben\AppData\Local\Temp\cctG5YD4.s 			page 3


  53:Generated_Source\PSoC5/SPI_DAC_PM.c **** *
  54:Generated_Source\PSoC5/SPI_DAC_PM.c **** * Parameters:
  55:Generated_Source\PSoC5/SPI_DAC_PM.c **** *  None.
  56:Generated_Source\PSoC5/SPI_DAC_PM.c **** *
  57:Generated_Source\PSoC5/SPI_DAC_PM.c **** * Return:
  58:Generated_Source\PSoC5/SPI_DAC_PM.c **** *  None.
  59:Generated_Source\PSoC5/SPI_DAC_PM.c **** *
  60:Generated_Source\PSoC5/SPI_DAC_PM.c **** *******************************************************************************/
  61:Generated_Source\PSoC5/SPI_DAC_PM.c **** void SPI_DAC_RestoreConfig(void) 
  62:Generated_Source\PSoC5/SPI_DAC_PM.c **** {
  63              		.loc 1 62 0
  64              		.cfi_startproc
  65              		@ args = 0, pretend = 0, frame = 0
  66              		@ frame_needed = 1, uses_anonymous_args = 0
  67              		@ link register save eliminated.
  68 0000 80B4     		push	{r7}
  69              		.cfi_def_cfa_offset 4
  70              		.cfi_offset 7, -4
  71 0002 00AF     		add	r7, sp, #0
  72              		.cfi_def_cfa_register 7
  63:Generated_Source\PSoC5/SPI_DAC_PM.c **** 
  64:Generated_Source\PSoC5/SPI_DAC_PM.c **** }
  73              		.loc 1 64 0
  74 0004 BD46     		mov	sp, r7
  75              		.cfi_def_cfa_register 13
  76              		@ sp needed
  77 0006 5DF8047B 		ldr	r7, [sp], #4
  78              		.cfi_restore 7
  79              		.cfi_def_cfa_offset 0
  80 000a 7047     		bx	lr
  81              		.cfi_endproc
  82              	.LFE1:
  83              		.size	SPI_DAC_RestoreConfig, .-SPI_DAC_RestoreConfig
  84              		.section	.text.SPI_DAC_Sleep,"ax",%progbits
  85              		.align	2
  86              		.global	SPI_DAC_Sleep
  87              		.thumb
  88              		.thumb_func
  89              		.type	SPI_DAC_Sleep, %function
  90              	SPI_DAC_Sleep:
  91              	.LFB2:
  65:Generated_Source\PSoC5/SPI_DAC_PM.c **** 
  66:Generated_Source\PSoC5/SPI_DAC_PM.c **** 
  67:Generated_Source\PSoC5/SPI_DAC_PM.c **** /*******************************************************************************
  68:Generated_Source\PSoC5/SPI_DAC_PM.c **** * Function Name: SPI_DAC_Sleep
  69:Generated_Source\PSoC5/SPI_DAC_PM.c **** ********************************************************************************
  70:Generated_Source\PSoC5/SPI_DAC_PM.c **** *
  71:Generated_Source\PSoC5/SPI_DAC_PM.c **** * Summary:
  72:Generated_Source\PSoC5/SPI_DAC_PM.c **** *  Prepare SPIM Component goes to sleep.
  73:Generated_Source\PSoC5/SPI_DAC_PM.c **** *
  74:Generated_Source\PSoC5/SPI_DAC_PM.c **** * Parameters:
  75:Generated_Source\PSoC5/SPI_DAC_PM.c **** *  None.
  76:Generated_Source\PSoC5/SPI_DAC_PM.c **** *
  77:Generated_Source\PSoC5/SPI_DAC_PM.c **** * Return:
  78:Generated_Source\PSoC5/SPI_DAC_PM.c **** *  None.
  79:Generated_Source\PSoC5/SPI_DAC_PM.c **** *
  80:Generated_Source\PSoC5/SPI_DAC_PM.c **** * Global Variables:
ARM GAS  C:\Users\ben\AppData\Local\Temp\cctG5YD4.s 			page 4


  81:Generated_Source\PSoC5/SPI_DAC_PM.c **** *  SPI_DAC_backup - modified when non-retention registers are saved.
  82:Generated_Source\PSoC5/SPI_DAC_PM.c **** *
  83:Generated_Source\PSoC5/SPI_DAC_PM.c **** * Reentrant:
  84:Generated_Source\PSoC5/SPI_DAC_PM.c **** *  No.
  85:Generated_Source\PSoC5/SPI_DAC_PM.c **** *
  86:Generated_Source\PSoC5/SPI_DAC_PM.c **** *******************************************************************************/
  87:Generated_Source\PSoC5/SPI_DAC_PM.c **** void SPI_DAC_Sleep(void) 
  88:Generated_Source\PSoC5/SPI_DAC_PM.c **** {
  92              		.loc 1 88 0
  93              		.cfi_startproc
  94              		@ args = 0, pretend = 0, frame = 0
  95              		@ frame_needed = 1, uses_anonymous_args = 0
  96 0000 80B5     		push	{r7, lr}
  97              		.cfi_def_cfa_offset 8
  98              		.cfi_offset 7, -8
  99              		.cfi_offset 14, -4
 100 0002 00AF     		add	r7, sp, #0
 101              		.cfi_def_cfa_register 7
  89:Generated_Source\PSoC5/SPI_DAC_PM.c ****     /* Save components enable state */
  90:Generated_Source\PSoC5/SPI_DAC_PM.c ****     SPI_DAC_backup.enableState = ((uint8) SPI_DAC_IS_ENABLED);
 102              		.loc 1 90 0
 103 0004 074B     		ldr	r3, .L4
 104 0006 1B78     		ldrb	r3, [r3]
 105 0008 DBB2     		uxtb	r3, r3
 106 000a 03F01003 		and	r3, r3, #16
 107 000e 002B     		cmp	r3, #0
 108 0010 14BF     		ite	ne
 109 0012 0123     		movne	r3, #1
 110 0014 0023     		moveq	r3, #0
 111 0016 DBB2     		uxtb	r3, r3
 112 0018 1A46     		mov	r2, r3
 113 001a 034B     		ldr	r3, .L4+4
 114 001c 1A70     		strb	r2, [r3]
  91:Generated_Source\PSoC5/SPI_DAC_PM.c **** 
  92:Generated_Source\PSoC5/SPI_DAC_PM.c ****     SPI_DAC_Stop();
 115              		.loc 1 92 0
 116 001e FFF7FEFF 		bl	SPI_DAC_Stop
  93:Generated_Source\PSoC5/SPI_DAC_PM.c **** }
 117              		.loc 1 93 0
 118 0022 80BD     		pop	{r7, pc}
 119              	.L5:
 120              		.align	2
 121              	.L4:
 122 0024 97640040 		.word	1073767575
 123 0028 00000000 		.word	SPI_DAC_backup
 124              		.cfi_endproc
 125              	.LFE2:
 126              		.size	SPI_DAC_Sleep, .-SPI_DAC_Sleep
 127              		.section	.text.SPI_DAC_Wakeup,"ax",%progbits
 128              		.align	2
 129              		.global	SPI_DAC_Wakeup
 130              		.thumb
 131              		.thumb_func
 132              		.type	SPI_DAC_Wakeup, %function
 133              	SPI_DAC_Wakeup:
 134              	.LFB3:
  94:Generated_Source\PSoC5/SPI_DAC_PM.c **** 
ARM GAS  C:\Users\ben\AppData\Local\Temp\cctG5YD4.s 			page 5


  95:Generated_Source\PSoC5/SPI_DAC_PM.c **** 
  96:Generated_Source\PSoC5/SPI_DAC_PM.c **** /*******************************************************************************
  97:Generated_Source\PSoC5/SPI_DAC_PM.c **** * Function Name: SPI_DAC_Wakeup
  98:Generated_Source\PSoC5/SPI_DAC_PM.c **** ********************************************************************************
  99:Generated_Source\PSoC5/SPI_DAC_PM.c **** *
 100:Generated_Source\PSoC5/SPI_DAC_PM.c **** * Summary:
 101:Generated_Source\PSoC5/SPI_DAC_PM.c **** *  Prepare SPIM Component to wake up.
 102:Generated_Source\PSoC5/SPI_DAC_PM.c **** *
 103:Generated_Source\PSoC5/SPI_DAC_PM.c **** * Parameters:
 104:Generated_Source\PSoC5/SPI_DAC_PM.c **** *  None.
 105:Generated_Source\PSoC5/SPI_DAC_PM.c **** *
 106:Generated_Source\PSoC5/SPI_DAC_PM.c **** * Return:
 107:Generated_Source\PSoC5/SPI_DAC_PM.c **** *  None.
 108:Generated_Source\PSoC5/SPI_DAC_PM.c **** *
 109:Generated_Source\PSoC5/SPI_DAC_PM.c **** * Global Variables:
 110:Generated_Source\PSoC5/SPI_DAC_PM.c **** *  SPI_DAC_backup - used when non-retention registers are restored.
 111:Generated_Source\PSoC5/SPI_DAC_PM.c **** *  SPI_DAC_txBufferWrite - modified every function call - resets to
 112:Generated_Source\PSoC5/SPI_DAC_PM.c **** *  zero.
 113:Generated_Source\PSoC5/SPI_DAC_PM.c **** *  SPI_DAC_txBufferRead - modified every function call - resets to
 114:Generated_Source\PSoC5/SPI_DAC_PM.c **** *  zero.
 115:Generated_Source\PSoC5/SPI_DAC_PM.c **** *  SPI_DAC_rxBufferWrite - modified every function call - resets to
 116:Generated_Source\PSoC5/SPI_DAC_PM.c **** *  zero.
 117:Generated_Source\PSoC5/SPI_DAC_PM.c **** *  SPI_DAC_rxBufferRead - modified every function call - resets to
 118:Generated_Source\PSoC5/SPI_DAC_PM.c **** *  zero.
 119:Generated_Source\PSoC5/SPI_DAC_PM.c **** *
 120:Generated_Source\PSoC5/SPI_DAC_PM.c **** * Reentrant:
 121:Generated_Source\PSoC5/SPI_DAC_PM.c **** *  No.
 122:Generated_Source\PSoC5/SPI_DAC_PM.c **** *
 123:Generated_Source\PSoC5/SPI_DAC_PM.c **** *******************************************************************************/
 124:Generated_Source\PSoC5/SPI_DAC_PM.c **** void SPI_DAC_Wakeup(void) 
 125:Generated_Source\PSoC5/SPI_DAC_PM.c **** {
 135              		.loc 1 125 0
 136              		.cfi_startproc
 137              		@ args = 0, pretend = 0, frame = 0
 138              		@ frame_needed = 1, uses_anonymous_args = 0
 139 0000 80B5     		push	{r7, lr}
 140              		.cfi_def_cfa_offset 8
 141              		.cfi_offset 7, -8
 142              		.cfi_offset 14, -4
 143 0002 00AF     		add	r7, sp, #0
 144              		.cfi_def_cfa_register 7
 126:Generated_Source\PSoC5/SPI_DAC_PM.c ****     #if(SPI_DAC_RX_SOFTWARE_BUF_ENABLED)
 127:Generated_Source\PSoC5/SPI_DAC_PM.c ****         SPI_DAC_rxBufferFull  = 0u;
 128:Generated_Source\PSoC5/SPI_DAC_PM.c ****         SPI_DAC_rxBufferRead  = 0u;
 129:Generated_Source\PSoC5/SPI_DAC_PM.c ****         SPI_DAC_rxBufferWrite = 0u;
 130:Generated_Source\PSoC5/SPI_DAC_PM.c ****     #endif /* (SPI_DAC_RX_SOFTWARE_BUF_ENABLED) */
 131:Generated_Source\PSoC5/SPI_DAC_PM.c **** 
 132:Generated_Source\PSoC5/SPI_DAC_PM.c ****     #if(SPI_DAC_TX_SOFTWARE_BUF_ENABLED)
 133:Generated_Source\PSoC5/SPI_DAC_PM.c ****         SPI_DAC_txBufferFull  = 0u;
 134:Generated_Source\PSoC5/SPI_DAC_PM.c ****         SPI_DAC_txBufferRead  = 0u;
 135:Generated_Source\PSoC5/SPI_DAC_PM.c ****         SPI_DAC_txBufferWrite = 0u;
 136:Generated_Source\PSoC5/SPI_DAC_PM.c ****     #endif /* (SPI_DAC_TX_SOFTWARE_BUF_ENABLED) */
 137:Generated_Source\PSoC5/SPI_DAC_PM.c **** 
 138:Generated_Source\PSoC5/SPI_DAC_PM.c ****     /* Clear any data from the RX and TX FIFO */
 139:Generated_Source\PSoC5/SPI_DAC_PM.c ****     SPI_DAC_ClearFIFO();
 145              		.loc 1 139 0
 146 0004 FFF7FEFF 		bl	SPI_DAC_ClearFIFO
ARM GAS  C:\Users\ben\AppData\Local\Temp\cctG5YD4.s 			page 6


 140:Generated_Source\PSoC5/SPI_DAC_PM.c **** 
 141:Generated_Source\PSoC5/SPI_DAC_PM.c ****     /* Restore components block enable state */
 142:Generated_Source\PSoC5/SPI_DAC_PM.c ****     if(0u != SPI_DAC_backup.enableState)
 147              		.loc 1 142 0
 148 0008 034B     		ldr	r3, .L8
 149 000a 1B78     		ldrb	r3, [r3]	@ zero_extendqisi2
 150 000c 002B     		cmp	r3, #0
 151 000e 01D0     		beq	.L6
 143:Generated_Source\PSoC5/SPI_DAC_PM.c ****     {
 144:Generated_Source\PSoC5/SPI_DAC_PM.c ****         SPI_DAC_Enable();
 152              		.loc 1 144 0
 153 0010 FFF7FEFF 		bl	SPI_DAC_Enable
 154              	.L6:
 145:Generated_Source\PSoC5/SPI_DAC_PM.c ****     }
 146:Generated_Source\PSoC5/SPI_DAC_PM.c **** }
 155              		.loc 1 146 0
 156 0014 80BD     		pop	{r7, pc}
 157              	.L9:
 158 0016 00BF     		.align	2
 159              	.L8:
 160 0018 00000000 		.word	SPI_DAC_backup
 161              		.cfi_endproc
 162              	.LFE3:
 163              		.size	SPI_DAC_Wakeup, .-SPI_DAC_Wakeup
 164              		.text
 165              	.Letext0:
 166              		.file 2 "Generated_Source\\PSoC5\\cytypes.h"
 167              		.file 3 "Generated_Source\\PSoC5\\SPI_DAC.h"
 168              		.section	.debug_info,"",%progbits
 169              	.Ldebug_info0:
 170 0000 22010000 		.4byte	0x122
 171 0004 0400     		.2byte	0x4
 172 0006 00000000 		.4byte	.Ldebug_abbrev0
 173 000a 04       		.byte	0x4
 174 000b 01       		.uleb128 0x1
 175 000c 29010000 		.4byte	.LASF22
 176 0010 01       		.byte	0x1
 177 0011 35000000 		.4byte	.LASF23
 178 0015 97000000 		.4byte	.LASF24
 179 0019 00000000 		.4byte	.Ldebug_ranges0+0
 180 001d 00000000 		.4byte	0
 181 0021 00000000 		.4byte	.Ldebug_line0
 182 0025 02       		.uleb128 0x2
 183 0026 01       		.byte	0x1
 184 0027 06       		.byte	0x6
 185 0028 F2010000 		.4byte	.LASF0
 186 002c 02       		.uleb128 0x2
 187 002d 01       		.byte	0x1
 188 002e 08       		.byte	0x8
 189 002f FC000000 		.4byte	.LASF1
 190 0033 02       		.uleb128 0x2
 191 0034 02       		.byte	0x2
 192 0035 05       		.byte	0x5
 193 0036 17020000 		.4byte	.LASF2
 194 003a 02       		.uleb128 0x2
 195 003b 02       		.byte	0x2
 196 003c 07       		.byte	0x7
ARM GAS  C:\Users\ben\AppData\Local\Temp\cctG5YD4.s 			page 7


 197 003d DF010000 		.4byte	.LASF3
 198 0041 02       		.uleb128 0x2
 199 0042 04       		.byte	0x4
 200 0043 05       		.byte	0x5
 201 0044 20010000 		.4byte	.LASF4
 202 0048 02       		.uleb128 0x2
 203 0049 04       		.byte	0x4
 204 004a 07       		.byte	0x7
 205 004b 5F000000 		.4byte	.LASF5
 206 004f 02       		.uleb128 0x2
 207 0050 08       		.byte	0x8
 208 0051 05       		.byte	0x5
 209 0052 00000000 		.4byte	.LASF6
 210 0056 02       		.uleb128 0x2
 211 0057 08       		.byte	0x8
 212 0058 07       		.byte	0x7
 213 0059 80000000 		.4byte	.LASF7
 214 005d 03       		.uleb128 0x3
 215 005e 04       		.byte	0x4
 216 005f 05       		.byte	0x5
 217 0060 696E7400 		.ascii	"int\000"
 218 0064 02       		.uleb128 0x2
 219 0065 04       		.byte	0x4
 220 0066 07       		.byte	0x7
 221 0067 1A000000 		.4byte	.LASF8
 222 006b 04       		.uleb128 0x4
 223 006c 59000000 		.4byte	.LASF12
 224 0070 02       		.byte	0x2
 225 0071 9201     		.2byte	0x192
 226 0073 2C000000 		.4byte	0x2c
 227 0077 02       		.uleb128 0x2
 228 0078 04       		.byte	0x4
 229 0079 04       		.byte	0x4
 230 007a 11020000 		.4byte	.LASF9
 231 007e 02       		.uleb128 0x2
 232 007f 08       		.byte	0x8
 233 0080 04       		.byte	0x4
 234 0081 CD010000 		.4byte	.LASF10
 235 0085 02       		.uleb128 0x2
 236 0086 01       		.byte	0x1
 237 0087 08       		.byte	0x8
 238 0088 F7000000 		.4byte	.LASF11
 239 008c 04       		.uleb128 0x4
 240 008d 21020000 		.4byte	.LASF13
 241 0091 02       		.byte	0x2
 242 0092 3C02     		.2byte	0x23c
 243 0094 98000000 		.4byte	0x98
 244 0098 05       		.uleb128 0x5
 245 0099 6B000000 		.4byte	0x6b
 246 009d 02       		.uleb128 0x2
 247 009e 04       		.byte	0x4
 248 009f 07       		.byte	0x7
 249 00a0 26020000 		.4byte	.LASF14
 250 00a4 06       		.uleb128 0x6
 251 00a5 02       		.byte	0x2
 252 00a6 03       		.byte	0x3
 253 00a7 46       		.byte	0x46
ARM GAS  C:\Users\ben\AppData\Local\Temp\cctG5YD4.s 			page 8


 254 00a8 C5000000 		.4byte	0xc5
 255 00ac 07       		.uleb128 0x7
 256 00ad 0E000000 		.4byte	.LASF15
 257 00b1 03       		.byte	0x3
 258 00b2 48       		.byte	0x48
 259 00b3 6B000000 		.4byte	0x6b
 260 00b7 00       		.byte	0
 261 00b8 07       		.uleb128 0x7
 262 00b9 D4010000 		.4byte	.LASF16
 263 00bd 03       		.byte	0x3
 264 00be 49       		.byte	0x49
 265 00bf 6B000000 		.4byte	0x6b
 266 00c3 01       		.byte	0x1
 267 00c4 00       		.byte	0
 268 00c5 08       		.uleb128 0x8
 269 00c6 B7010000 		.4byte	.LASF17
 270 00ca 03       		.byte	0x3
 271 00cb 4A       		.byte	0x4a
 272 00cc A4000000 		.4byte	0xa4
 273 00d0 09       		.uleb128 0x9
 274 00d1 FE010000 		.4byte	.LASF18
 275 00d5 01       		.byte	0x1
 276 00d6 29       		.byte	0x29
 277 00d7 00000000 		.4byte	.LFB0
 278 00db 0C000000 		.4byte	.LFE0-.LFB0
 279 00df 01       		.uleb128 0x1
 280 00e0 9C       		.byte	0x9c
 281 00e1 09       		.uleb128 0x9
 282 00e2 0A010000 		.4byte	.LASF19
 283 00e6 01       		.byte	0x1
 284 00e7 3D       		.byte	0x3d
 285 00e8 00000000 		.4byte	.LFB1
 286 00ec 0C000000 		.4byte	.LFE1-.LFB1
 287 00f0 01       		.uleb128 0x1
 288 00f1 9C       		.byte	0x9c
 289 00f2 0A       		.uleb128 0xa
 290 00f3 27000000 		.4byte	.LASF20
 291 00f7 01       		.byte	0x1
 292 00f8 57       		.byte	0x57
 293 00f9 00000000 		.4byte	.LFB2
 294 00fd 2C000000 		.4byte	.LFE2-.LFB2
 295 0101 01       		.uleb128 0x1
 296 0102 9C       		.byte	0x9c
 297 0103 0A       		.uleb128 0xa
 298 0104 71000000 		.4byte	.LASF21
 299 0108 01       		.byte	0x1
 300 0109 7C       		.byte	0x7c
 301 010a 00000000 		.4byte	.LFB3
 302 010e 1C000000 		.4byte	.LFE3-.LFB3
 303 0112 01       		.uleb128 0x1
 304 0113 9C       		.byte	0x9c
 305 0114 0B       		.uleb128 0xb
 306 0115 2F020000 		.4byte	.LASF25
 307 0119 01       		.byte	0x1
 308 011a 14       		.byte	0x14
 309 011b C5000000 		.4byte	0xc5
 310 011f 05       		.uleb128 0x5
ARM GAS  C:\Users\ben\AppData\Local\Temp\cctG5YD4.s 			page 9


 311 0120 03       		.byte	0x3
 312 0121 00000000 		.4byte	SPI_DAC_backup
 313 0125 00       		.byte	0
 314              		.section	.debug_abbrev,"",%progbits
 315              	.Ldebug_abbrev0:
 316 0000 01       		.uleb128 0x1
 317 0001 11       		.uleb128 0x11
 318 0002 01       		.byte	0x1
 319 0003 25       		.uleb128 0x25
 320 0004 0E       		.uleb128 0xe
 321 0005 13       		.uleb128 0x13
 322 0006 0B       		.uleb128 0xb
 323 0007 03       		.uleb128 0x3
 324 0008 0E       		.uleb128 0xe
 325 0009 1B       		.uleb128 0x1b
 326 000a 0E       		.uleb128 0xe
 327 000b 55       		.uleb128 0x55
 328 000c 17       		.uleb128 0x17
 329 000d 11       		.uleb128 0x11
 330 000e 01       		.uleb128 0x1
 331 000f 10       		.uleb128 0x10
 332 0010 17       		.uleb128 0x17
 333 0011 00       		.byte	0
 334 0012 00       		.byte	0
 335 0013 02       		.uleb128 0x2
 336 0014 24       		.uleb128 0x24
 337 0015 00       		.byte	0
 338 0016 0B       		.uleb128 0xb
 339 0017 0B       		.uleb128 0xb
 340 0018 3E       		.uleb128 0x3e
 341 0019 0B       		.uleb128 0xb
 342 001a 03       		.uleb128 0x3
 343 001b 0E       		.uleb128 0xe
 344 001c 00       		.byte	0
 345 001d 00       		.byte	0
 346 001e 03       		.uleb128 0x3
 347 001f 24       		.uleb128 0x24
 348 0020 00       		.byte	0
 349 0021 0B       		.uleb128 0xb
 350 0022 0B       		.uleb128 0xb
 351 0023 3E       		.uleb128 0x3e
 352 0024 0B       		.uleb128 0xb
 353 0025 03       		.uleb128 0x3
 354 0026 08       		.uleb128 0x8
 355 0027 00       		.byte	0
 356 0028 00       		.byte	0
 357 0029 04       		.uleb128 0x4
 358 002a 16       		.uleb128 0x16
 359 002b 00       		.byte	0
 360 002c 03       		.uleb128 0x3
 361 002d 0E       		.uleb128 0xe
 362 002e 3A       		.uleb128 0x3a
 363 002f 0B       		.uleb128 0xb
 364 0030 3B       		.uleb128 0x3b
 365 0031 05       		.uleb128 0x5
 366 0032 49       		.uleb128 0x49
 367 0033 13       		.uleb128 0x13
ARM GAS  C:\Users\ben\AppData\Local\Temp\cctG5YD4.s 			page 10


 368 0034 00       		.byte	0
 369 0035 00       		.byte	0
 370 0036 05       		.uleb128 0x5
 371 0037 35       		.uleb128 0x35
 372 0038 00       		.byte	0
 373 0039 49       		.uleb128 0x49
 374 003a 13       		.uleb128 0x13
 375 003b 00       		.byte	0
 376 003c 00       		.byte	0
 377 003d 06       		.uleb128 0x6
 378 003e 13       		.uleb128 0x13
 379 003f 01       		.byte	0x1
 380 0040 0B       		.uleb128 0xb
 381 0041 0B       		.uleb128 0xb
 382 0042 3A       		.uleb128 0x3a
 383 0043 0B       		.uleb128 0xb
 384 0044 3B       		.uleb128 0x3b
 385 0045 0B       		.uleb128 0xb
 386 0046 01       		.uleb128 0x1
 387 0047 13       		.uleb128 0x13
 388 0048 00       		.byte	0
 389 0049 00       		.byte	0
 390 004a 07       		.uleb128 0x7
 391 004b 0D       		.uleb128 0xd
 392 004c 00       		.byte	0
 393 004d 03       		.uleb128 0x3
 394 004e 0E       		.uleb128 0xe
 395 004f 3A       		.uleb128 0x3a
 396 0050 0B       		.uleb128 0xb
 397 0051 3B       		.uleb128 0x3b
 398 0052 0B       		.uleb128 0xb
 399 0053 49       		.uleb128 0x49
 400 0054 13       		.uleb128 0x13
 401 0055 38       		.uleb128 0x38
 402 0056 0B       		.uleb128 0xb
 403 0057 00       		.byte	0
 404 0058 00       		.byte	0
 405 0059 08       		.uleb128 0x8
 406 005a 16       		.uleb128 0x16
 407 005b 00       		.byte	0
 408 005c 03       		.uleb128 0x3
 409 005d 0E       		.uleb128 0xe
 410 005e 3A       		.uleb128 0x3a
 411 005f 0B       		.uleb128 0xb
 412 0060 3B       		.uleb128 0x3b
 413 0061 0B       		.uleb128 0xb
 414 0062 49       		.uleb128 0x49
 415 0063 13       		.uleb128 0x13
 416 0064 00       		.byte	0
 417 0065 00       		.byte	0
 418 0066 09       		.uleb128 0x9
 419 0067 2E       		.uleb128 0x2e
 420 0068 00       		.byte	0
 421 0069 3F       		.uleb128 0x3f
 422 006a 19       		.uleb128 0x19
 423 006b 03       		.uleb128 0x3
 424 006c 0E       		.uleb128 0xe
ARM GAS  C:\Users\ben\AppData\Local\Temp\cctG5YD4.s 			page 11


 425 006d 3A       		.uleb128 0x3a
 426 006e 0B       		.uleb128 0xb
 427 006f 3B       		.uleb128 0x3b
 428 0070 0B       		.uleb128 0xb
 429 0071 27       		.uleb128 0x27
 430 0072 19       		.uleb128 0x19
 431 0073 11       		.uleb128 0x11
 432 0074 01       		.uleb128 0x1
 433 0075 12       		.uleb128 0x12
 434 0076 06       		.uleb128 0x6
 435 0077 40       		.uleb128 0x40
 436 0078 18       		.uleb128 0x18
 437 0079 9742     		.uleb128 0x2117
 438 007b 19       		.uleb128 0x19
 439 007c 00       		.byte	0
 440 007d 00       		.byte	0
 441 007e 0A       		.uleb128 0xa
 442 007f 2E       		.uleb128 0x2e
 443 0080 00       		.byte	0
 444 0081 3F       		.uleb128 0x3f
 445 0082 19       		.uleb128 0x19
 446 0083 03       		.uleb128 0x3
 447 0084 0E       		.uleb128 0xe
 448 0085 3A       		.uleb128 0x3a
 449 0086 0B       		.uleb128 0xb
 450 0087 3B       		.uleb128 0x3b
 451 0088 0B       		.uleb128 0xb
 452 0089 27       		.uleb128 0x27
 453 008a 19       		.uleb128 0x19
 454 008b 11       		.uleb128 0x11
 455 008c 01       		.uleb128 0x1
 456 008d 12       		.uleb128 0x12
 457 008e 06       		.uleb128 0x6
 458 008f 40       		.uleb128 0x40
 459 0090 18       		.uleb128 0x18
 460 0091 9642     		.uleb128 0x2116
 461 0093 19       		.uleb128 0x19
 462 0094 00       		.byte	0
 463 0095 00       		.byte	0
 464 0096 0B       		.uleb128 0xb
 465 0097 34       		.uleb128 0x34
 466 0098 00       		.byte	0
 467 0099 03       		.uleb128 0x3
 468 009a 0E       		.uleb128 0xe
 469 009b 3A       		.uleb128 0x3a
 470 009c 0B       		.uleb128 0xb
 471 009d 3B       		.uleb128 0x3b
 472 009e 0B       		.uleb128 0xb
 473 009f 49       		.uleb128 0x49
 474 00a0 13       		.uleb128 0x13
 475 00a1 02       		.uleb128 0x2
 476 00a2 18       		.uleb128 0x18
 477 00a3 00       		.byte	0
 478 00a4 00       		.byte	0
 479 00a5 00       		.byte	0
 480              		.section	.debug_aranges,"",%progbits
 481 0000 34000000 		.4byte	0x34
ARM GAS  C:\Users\ben\AppData\Local\Temp\cctG5YD4.s 			page 12


 482 0004 0200     		.2byte	0x2
 483 0006 00000000 		.4byte	.Ldebug_info0
 484 000a 04       		.byte	0x4
 485 000b 00       		.byte	0
 486 000c 0000     		.2byte	0
 487 000e 0000     		.2byte	0
 488 0010 00000000 		.4byte	.LFB0
 489 0014 0C000000 		.4byte	.LFE0-.LFB0
 490 0018 00000000 		.4byte	.LFB1
 491 001c 0C000000 		.4byte	.LFE1-.LFB1
 492 0020 00000000 		.4byte	.LFB2
 493 0024 2C000000 		.4byte	.LFE2-.LFB2
 494 0028 00000000 		.4byte	.LFB3
 495 002c 1C000000 		.4byte	.LFE3-.LFB3
 496 0030 00000000 		.4byte	0
 497 0034 00000000 		.4byte	0
 498              		.section	.debug_ranges,"",%progbits
 499              	.Ldebug_ranges0:
 500 0000 00000000 		.4byte	.LFB0
 501 0004 0C000000 		.4byte	.LFE0
 502 0008 00000000 		.4byte	.LFB1
 503 000c 0C000000 		.4byte	.LFE1
 504 0010 00000000 		.4byte	.LFB2
 505 0014 2C000000 		.4byte	.LFE2
 506 0018 00000000 		.4byte	.LFB3
 507 001c 1C000000 		.4byte	.LFE3
 508 0020 00000000 		.4byte	0
 509 0024 00000000 		.4byte	0
 510              		.section	.debug_line,"",%progbits
 511              	.Ldebug_line0:
 512 0000 A3000000 		.section	.debug_str,"MS",%progbits,1
 512      02005400 
 512      00000201 
 512      FB0E0D00 
 512      01010101 
 513              	.LASF6:
 514 0000 6C6F6E67 		.ascii	"long long int\000"
 514      206C6F6E 
 514      6720696E 
 514      7400
 515              	.LASF15:
 516 000e 656E6162 		.ascii	"enableState\000"
 516      6C655374 
 516      61746500 
 517              	.LASF8:
 518 001a 756E7369 		.ascii	"unsigned int\000"
 518      676E6564 
 518      20696E74 
 518      00
 519              	.LASF20:
 520 0027 5350495F 		.ascii	"SPI_DAC_Sleep\000"
 520      4441435F 
 520      536C6565 
 520      7000
 521              	.LASF23:
 522 0035 47656E65 		.ascii	"Generated_Source\\PSoC5\\SPI_DAC_PM.c\000"
 522      72617465 
ARM GAS  C:\Users\ben\AppData\Local\Temp\cctG5YD4.s 			page 13


 522      645F536F 
 522      75726365 
 522      5C50536F 
 523              	.LASF12:
 524 0059 75696E74 		.ascii	"uint8\000"
 524      3800
 525              	.LASF5:
 526 005f 6C6F6E67 		.ascii	"long unsigned int\000"
 526      20756E73 
 526      69676E65 
 526      6420696E 
 526      7400
 527              	.LASF21:
 528 0071 5350495F 		.ascii	"SPI_DAC_Wakeup\000"
 528      4441435F 
 528      57616B65 
 528      757000
 529              	.LASF7:
 530 0080 6C6F6E67 		.ascii	"long long unsigned int\000"
 530      206C6F6E 
 530      6720756E 
 530      7369676E 
 530      65642069 
 531              	.LASF24:
 532 0097 433A5C55 		.ascii	"C:\\Users\\ben\\Documents\\PSoC Creator\\New Pedal "
 532      73657273 
 532      5C62656E 
 532      5C446F63 
 532      756D656E 
 533 00c5 5468696E 		.ascii	"Thingz\\PSOC_BIT_MANGLER\\BIT-MANGLER\\ADC_DAC.cyds"
 533      677A5C50 
 533      534F435F 
 533      4249545F 
 533      4D414E47 
 534 00f5 6E00     		.ascii	"n\000"
 535              	.LASF11:
 536 00f7 63686172 		.ascii	"char\000"
 536      00
 537              	.LASF1:
 538 00fc 756E7369 		.ascii	"unsigned char\000"
 538      676E6564 
 538      20636861 
 538      7200
 539              	.LASF19:
 540 010a 5350495F 		.ascii	"SPI_DAC_RestoreConfig\000"
 540      4441435F 
 540      52657374 
 540      6F726543 
 540      6F6E6669 
 541              	.LASF4:
 542 0120 6C6F6E67 		.ascii	"long int\000"
 542      20696E74 
 542      00
 543              	.LASF22:
 544 0129 474E5520 		.ascii	"GNU C 4.9.3 20150303 (release) [ARM/embedded-4_9-br"
 544      4320342E 
 544      392E3320 
ARM GAS  C:\Users\ben\AppData\Local\Temp\cctG5YD4.s 			page 14


 544      32303135 
 544      30333033 
 545 015c 616E6368 		.ascii	"anch revision 221220] -mcpu=cortex-m3 -mthumb -g -O"
 545      20726576 
 545      6973696F 
 545      6E203232 
 545      31323230 
 546 018f 30202D66 		.ascii	"0 -ffunction-sections -ffat-lto-objects\000"
 546      66756E63 
 546      74696F6E 
 546      2D736563 
 546      74696F6E 
 547              	.LASF17:
 548 01b7 5350495F 		.ascii	"SPI_DAC_BACKUP_STRUCT\000"
 548      4441435F 
 548      4241434B 
 548      55505F53 
 548      54525543 
 549              	.LASF10:
 550 01cd 646F7562 		.ascii	"double\000"
 550      6C6500
 551              	.LASF16:
 552 01d4 636E7472 		.ascii	"cntrPeriod\000"
 552      50657269 
 552      6F6400
 553              	.LASF3:
 554 01df 73686F72 		.ascii	"short unsigned int\000"
 554      7420756E 
 554      7369676E 
 554      65642069 
 554      6E7400
 555              	.LASF0:
 556 01f2 7369676E 		.ascii	"signed char\000"
 556      65642063 
 556      68617200 
 557              	.LASF18:
 558 01fe 5350495F 		.ascii	"SPI_DAC_SaveConfig\000"
 558      4441435F 
 558      53617665 
 558      436F6E66 
 558      696700
 559              	.LASF9:
 560 0211 666C6F61 		.ascii	"float\000"
 560      7400
 561              	.LASF2:
 562 0217 73686F72 		.ascii	"short int\000"
 562      7420696E 
 562      7400
 563              	.LASF13:
 564 0221 72656738 		.ascii	"reg8\000"
 564      00
 565              	.LASF14:
 566 0226 73697A65 		.ascii	"sizetype\000"
 566      74797065 
 566      00
 567              	.LASF25:
 568 022f 5350495F 		.ascii	"SPI_DAC_backup\000"
ARM GAS  C:\Users\ben\AppData\Local\Temp\cctG5YD4.s 			page 15


 568      4441435F 
 568      6261636B 
 568      757000
 569              		.ident	"GCC: (GNU Tools for ARM Embedded Processors) 4.9.3 20150303 (release) [ARM/embedded-4_9-br
