#***************************************************************************

#sjplacer

#Version:            1.1

#Build Date:         Apr 29 2016 09:00:55

#File Generated:     Apr 10 2017 10:20:49

#Purpose:            

#Copyright (C) 2010-2011 by Softjin Technologies Pvt Ltd. All rights reserved.

#***************************************************************************

Executing : C:\Program Files (x86)\Cypress\PSoC Creator\4.0\PSoC Creator\bin/sjplacer.exe --proj-name ADC_DAC --netlist-vh2 ADC_DAC_p.vh2 --arch-file C:\Program Files (x86)\Cypress\PSoC Creator\4.0\PSoC Creator\dev/arch/p35_udb4x6.ark --rrg-file C:\Program Files (x86)\Cypress\PSoC Creator\4.0\PSoC Creator\dev/psoc5/psoc5lp/route_arch-rrg.cydata --irq-file C:\Program Files (x86)\Cypress\PSoC Creator\4.0\PSoC Creator\dev/psoc5/psoc5lp/irqconn.cydata --drq-file C:\Program Files (x86)\Cypress\PSoC Creator\4.0\PSoC Creator\dev/psoc5/psoc5lp/dmaconn.cydata --dsi-conn-file C:\Program Files (x86)\Cypress\PSoC Creator\4.0\PSoC Creator\dev/psoc5/psoc5lp/dsiconn.cydata --pins-file pins_100-TQFP.xml --lib-file ADC_DAC_p.lib --sdc-file ADC_DAC.sdc --io-pcf ADC_DAC.pci --outdir .

		Softjin Techologies Placer, Version 1.1

Build Date : Apr 29 2016	08:58:44

D2004: Option and Settings Summary
=============================================================
Netlist vh2 file          - ADC_DAC_p.vh2
Architecture file         - C:\Program Files (x86)\Cypress\PSoC Creator\4.0\PSoC Creator\dev/arch/p35_udb4x6.ark
Package                   - 
Defparam file             - 
SDC file                  - ADC_DAC.sdc
Output directory          - .
Timing library            - ADC_DAC_p.lib
IO Placement file         - ADC_DAC.pci

D2050: Starting reading inputs for placer
=============================================================
D2065: Reading netlist file : "ADC_DAC_p.vh2"
D2065: Reading arch file : "C:\Program Files (x86)\Cypress\PSoC Creator\4.0\PSoC Creator\dev/arch/p35_udb4x6.ark"
D2051: Reading of inputs for placer completed successfully

D2053: Starting placement of the design
=============================================================

Phase 2
Phase 3

Design Statistics after Packing
    Number of Combinational MCs 	:	28
    Number of Sequential MCs    	:	118
    Number of DPs               	:	10
    Number of Controls          	:	15
    Number of Status            	:	13
    Number of SyncCells         	:	1
    Number of count7cells       	:	2

Device Utilization Summary after Packing
    Macrocells                  :	146/192
    UDBS                        :	22/24
    IOs                         :	20/72


D2088: Phase 3, elapsed time : 0.0 (sec)

Phase 4
D2088: Phase 4, elapsed time : 0.0 (sec)

Phase 5
D2088: Phase 5, elapsed time : 0.0 (sec)

Phase 6

######################################################################
Placement Timing Summary

The timing summary is based on estimated routing delays after
placement. For final timing report, please carry out the timing
analysis after routing.
======================================================================

######################################################################
                     Clock Summary 
======================================================================
Number of clocks: 10
Clock: ADC_REG_CLOCK        | Frequency:  29.6 MHz | Target:   1.3 MHz
Clock: ADC_REG_CLOCK(fixed-function) | Frequency: N/A       | Target:   1.3 MHz
Clock: ADC_REG_CLOCK(routed) | Frequency: N/A       | Target:   1.3 MHz
Clock: Clock_2              | Frequency: N/A       | Target:  12.0 MHz
Clock: CyBUS_CLK            | Frequency:  53.6 MHz | Target:  48.0 MHz
Clock: CyILO                | Frequency: N/A       | Target:   0.0 MHz
Clock: CyIMO                | Frequency: N/A       | Target:  48.0 MHz
Clock: CyMASTER_CLK         | Frequency: N/A       | Target:  48.0 MHz
Clock: CyPLL_OUT            | Frequency: N/A       | Target:  48.0 MHz
Clock: SPI_DAC_IntClock     | Frequency:  54.7 MHz | Target:  24.0 MHz

======================================================================
                     End of Clock Summary
######################################################################

D2088: Phase 6, elapsed time : 0.1 (sec)

Phase 7
######################################################################
                     Clock Summary 
======================================================================
Number of clocks: 10
Clock: ADC_REG_CLOCK        | Frequency:   5.9 MHz | Target:   1.3 MHz
Clock: ADC_REG_CLOCK(fixed-function) | Frequency: N/A       | Target:   1.3 MHz
Clock: ADC_REG_CLOCK(routed) | Frequency: N/A       | Target:   1.3 MHz
Clock: Clock_2              | Frequency: N/A       | Target:  12.0 MHz
Clock: CyBUS_CLK            | Frequency:   5.9 MHz | Target:  48.0 MHz
Clock: CyILO                | Frequency: N/A       | Target:   0.0 MHz
Clock: CyIMO                | Frequency: N/A       | Target:  48.0 MHz
Clock: CyMASTER_CLK         | Frequency: N/A       | Target:  48.0 MHz
Clock: CyPLL_OUT            | Frequency: N/A       | Target:  48.0 MHz
Clock: SPI_DAC_IntClock     | Frequency:  62.8 MHz | Target:  24.0 MHz

======================================================================
                     End of Clock Summary
######################################################################
D2088: Phase 7, elapsed time : 1.9 (sec)

Final Design Statistics
    Number of Combinational MCs 	:	28
    Number of Sequential MCs    	:	118
    Number of DPs               	:	10
    Number of Controls          	:	15
    Number of Status            	:	13
    Number of SyncCells         	:	1
    Number of count7cells       	:	2
    Number of IOs       	:	20

Device Utilization Summary
    Macrocells                  :	146/192
    IOs                         :	20/72



######################################################################
Placement Timing Summary

The timing summary is based on estimated routing delays after
placement. For final timing report, please carry out the timing
analysis after routing.
======================================================================


######################################################################
                     Clock Summary 
======================================================================
Number of clocks: 10
Clock: ADC_REG_CLOCK        | Frequency:   5.9 MHz | Target:   1.3 MHz
Clock: ADC_REG_CLOCK(fixed-function) | Frequency: N/A       | Target:   1.3 MHz
Clock: ADC_REG_CLOCK(routed) | Frequency: N/A       | Target:   1.3 MHz
Clock: Clock_2              | Frequency: N/A       | Target:  12.0 MHz
Clock: CyBUS_CLK            | Frequency:   5.9 MHz | Target:  48.0 MHz
Clock: CyILO                | Frequency: N/A       | Target:   0.0 MHz
Clock: CyIMO                | Frequency: N/A       | Target:  48.0 MHz
Clock: CyMASTER_CLK         | Frequency: N/A       | Target:  48.0 MHz
Clock: CyPLL_OUT            | Frequency: N/A       | Target:  48.0 MHz
Clock: SPI_DAC_IntClock     | Frequency:  62.8 MHz | Target:  24.0 MHz

======================================================================
                     End of Clock Summary
######################################################################

Phase 6

######################################################################
Placement Timing Summary

The timing summary is based on estimated routing delays after
placement. For final timing report, please carry out the timing
analysis after routing.
======================================================================

######################################################################
                     Clock Summary 
======================================================================
Number of clocks: 10
Clock: ADC_REG_CLOCK        | Frequency:   3.8 MHz | Target:   1.3 MHz
Clock: ADC_REG_CLOCK(fixed-function) | Frequency: N/A       | Target:   1.3 MHz
Clock: ADC_REG_CLOCK(routed) | Frequency: N/A       | Target:   1.3 MHz
Clock: Clock_2              | Frequency: N/A       | Target:  12.0 MHz
Clock: CyBUS_CLK            | Frequency:   3.8 MHz | Target:  48.0 MHz
Clock: CyILO                | Frequency: N/A       | Target:   0.0 MHz
Clock: CyIMO                | Frequency: N/A       | Target:  48.0 MHz
Clock: CyMASTER_CLK         | Frequency: N/A       | Target:  48.0 MHz
Clock: CyPLL_OUT            | Frequency: N/A       | Target:  48.0 MHz
Clock: SPI_DAC_IntClock     | Frequency:  52.3 MHz | Target:  24.0 MHz

======================================================================
                     End of Clock Summary
######################################################################

D2088: Phase 6, elapsed time : 0.1 (sec)

Phase 7
######################################################################
                     Clock Summary 
======================================================================
Number of clocks: 10
Clock: ADC_REG_CLOCK        | Frequency:   5.9 MHz | Target:   1.3 MHz
Clock: ADC_REG_CLOCK(fixed-function) | Frequency: N/A       | Target:   1.3 MHz
Clock: ADC_REG_CLOCK(routed) | Frequency: N/A       | Target:   1.3 MHz
Clock: Clock_2              | Frequency: N/A       | Target:  12.0 MHz
Clock: CyBUS_CLK            | Frequency:   5.9 MHz | Target:  48.0 MHz
Clock: CyILO                | Frequency: N/A       | Target:   0.0 MHz
Clock: CyIMO                | Frequency: N/A       | Target:  48.0 MHz
Clock: CyMASTER_CLK         | Frequency: N/A       | Target:  48.0 MHz
Clock: CyPLL_OUT            | Frequency: N/A       | Target:  48.0 MHz
Clock: SPI_DAC_IntClock     | Frequency:  48.4 MHz | Target:  24.0 MHz

======================================================================
                     End of Clock Summary
######################################################################
D2088: Phase 7, elapsed time : 7.4 (sec)

Final Design Statistics
    Number of Combinational MCs 	:	28
    Number of Sequential MCs    	:	118
    Number of DPs               	:	10
    Number of Controls          	:	15
    Number of Status            	:	13
    Number of SyncCells         	:	1
    Number of count7cells       	:	2
    Number of IOs       	:	20

Device Utilization Summary
    Macrocells                  :	146/192
    IOs                         :	20/72



######################################################################
Placement Timing Summary

The timing summary is based on estimated routing delays after
placement. For final timing report, please carry out the timing
analysis after routing.
======================================================================


######################################################################
                     Clock Summary 
======================================================================
Number of clocks: 10
Clock: ADC_REG_CLOCK        | Frequency:   5.9 MHz | Target:   1.3 MHz
Clock: ADC_REG_CLOCK(fixed-function) | Frequency: N/A       | Target:   1.3 MHz
Clock: ADC_REG_CLOCK(routed) | Frequency: N/A       | Target:   1.3 MHz
Clock: Clock_2              | Frequency: N/A       | Target:  12.0 MHz
Clock: CyBUS_CLK            | Frequency:   5.9 MHz | Target:  48.0 MHz
Clock: CyILO                | Frequency: N/A       | Target:   0.0 MHz
Clock: CyIMO                | Frequency: N/A       | Target:  48.0 MHz
Clock: CyMASTER_CLK         | Frequency: N/A       | Target:  48.0 MHz
Clock: CyPLL_OUT            | Frequency: N/A       | Target:  48.0 MHz
Clock: SPI_DAC_IntClock     | Frequency:  47.8 MHz | Target:  24.0 MHz

======================================================================
                     End of Clock Summary
######################################################################

Phase 8
D2088: Phase 8, elapsed time : 0.0 (sec)

D2054: Placement of the design completed successfully

I2076: Total run-time: 10.7 sec.

